3.564504589725772554e+00 0.000000000000000000e+00
1.212289266013226174e-01 8.257914975563648841e-03
6.314638040344311420e-02 1.651582995112729768e-02
4.110701177250347671e-02 2.477374492669094999e-02
2.835613864571848858e-02 3.303165990225459536e-02
2.068488845591971714e-02 4.128957487781824420e-02
1.588218271320361238e-02 4.954748985338189304e-02
1.271076172072536058e-02 5.780540482894554882e-02
1.050233408372986191e-02 6.606331980450919072e-02
8.895736706789090370e-03 7.432123478007283957e-02
7.689415265423235266e-03 8.257914975563648841e-02
6.764019946617356137e-03 9.083706473120013725e-02
6.043221769557574445e-03 9.909497970676378609e-02
5.474644390460835404e-03 1.073528946823274488e-01
5.020579892607510315e-03 1.156108096578910976e-01
4.653142507921726248e-03 1.238687246334547465e-01
4.351442005843058312e-03 1.321266396090183814e-01
4.099747518013265035e-03 1.403845545845820442e-01
3.886198581726689819e-03 1.486424695601456791e-01
3.701858544676992022e-03 1.569003845357093418e-01
3.540003261297618858e-03 1.651582995112729768e-01
3.395581143394132018e-03 1.734162144868366395e-01
3.264802063311339052e-03 1.816741294624002745e-01
3.144824637679362930e-03 1.899320444379639372e-01
3.033518994649736511e-03 1.981899594135275722e-01
2.929287417024362995e-03 2.064478743890912349e-01
2.830929220513460180e-03 2.147057893646548976e-01
2.737539305272349271e-03 2.229637043402185603e-01
2.648432233524165760e-03 2.312216193157822508e-01
2.563085578721276299e-03 2.394795342913459135e-01
2.481097768628947632e-03 2.477374492669095762e-01
2.402156790559287214e-03 2.559953642424732667e-01
2.326017010571301748e-03 2.642532792180369294e-01
2.252482035822427585e-03 2.725111941936005922e-01
2.181392065602060556e-03 2.807691091691642549e-01
2.112614568286351208e-03 2.890270241447279176e-01
2.046037417212013317e-03 2.972849391202915803e-01
1.981563840847955053e-03 3.055428540958552985e-01
1.919108709265855564e-03 3.138007690714189613e-01
1.858595803306540640e-03 3.220586840469826240e-01
1.799955805414618464e-03 3.303165990225462867e-01
1.743124819852638011e-03 3.385745139981099494e-01
1.688043280878644527e-03 3.468324289736736121e-01
1.634655145048945560e-03 3.550903439492372748e-01
1.582907291509291466e-03 3.633482589248009931e-01
1.532749074522526305e-03 3.716061739003646558e-01
1.484131987434005951e-03 3.798640888759283185e-01
1.437009408254909205e-03 3.881220038514919812e-01
1.391336405085747676e-03 3.963799188270556439e-01
1.347069585461012136e-03 4.046378338026193067e-01
1.304166978014106165e-03 4.128957487781829694e-01
1.262587937975326010e-03 4.211536637537466876e-01
1.222293070309247737e-03 4.294115787293103503e-01
1.183244165965989178e-03 4.376694937048740131e-01
1.145404147943031997e-03 4.459274086804376758e-01
1.108737024727222053e-03 4.541853236560013385e-01
1.073207849334701161e-03 4.624432386315650012e-01
1.038782682651630349e-03 4.707011536071287194e-01
1.005428560101369198e-03 4.789590685826923822e-01
9.731134609355980179e-04 4.872169835582560449e-01
9.418062796136331388e-04 4.954748985338197076e-01
9.114767988785737931e-04 5.037328135093833703e-01
8.820956642319134535e-04 5.119907284849470885e-01
8.536343595928224575e-04 5.202486434605106957e-01
8.260651839614005423e-04 5.285065584360744140e-01
7.993612289680627776e-04 5.367644734116380212e-01
7.734963571985004147e-04 5.450223883872017394e-01
7.484451812280121241e-04 5.532803033627653466e-01
7.241830432962785514e-04 5.615382183383290648e-01
7.006859955751634783e-04 5.697961333138927831e-01
6.779307809921868112e-04 5.780540482894563903e-01
6.558948145794656938e-04 5.863119632650201085e-01
6.345561653154770066e-04 5.945698782405837157e-01
6.138935384412415840e-04 6.028277932161474340e-01
5.938862582331673381e-04 6.110857081917110412e-01
5.745142512095657720e-04 6.193436231672747594e-01
5.557580297701907078e-04 6.276015381428384776e-01
5.375986762324176356e-04 6.358594531184020848e-01
5.200178272772251363e-04 6.441173680939658031e-01
5.029976587786412663e-04 6.523752830695294103e-01
4.865208710091650725e-04 6.606331980450931285e-01
4.705706742194810423e-04 6.688911130206567357e-01
4.551307745690770512e-04 6.771490279962204539e-01
4.401853604171291397e-04 6.854069429717841722e-01
4.257190889489356408e-04 6.936648579473477794e-01
4.117170731439250280e-04 7.019227729229114976e-01
3.981648690676942246e-04 7.101806878984751048e-01
3.850484634860455811e-04 7.184386028740388230e-01
3.723542617930805741e-04 7.266965178496024302e-01
3.600690762468130874e-04 7.349544328251661485e-01
3.481801145040964887e-04 7.432123478007298667e-01
3.366749684488708162e-04 7.514702627762934739e-01
3.255416033083212077e-04 7.597281777518571921e-01
3.147683470538392724e-04 7.679860927274207993e-01
3.043438800660938897e-04 7.762440077029845176e-01
2.942572250838859627e-04 7.845019226785481248e-01
2.844977374027790129e-04 7.927598376541118430e-01
2.750550953383140815e-04 8.010177526296755612e-01
2.659192909361579094e-04 8.092756676052391684e-01
2.570806209311796002e-04 8.175335825808028867e-01
2.485296779443510397e-04 8.257914975563664939e-01
2.402573419138762133e-04 8.340494125319302121e-01
2.322547717574194889e-04 8.423073275074938193e-01
2.245133972547503048e-04 8.505652424830575375e-01
2.170249111524221895e-04 8.588231574586212558e-01
2.097812614805309424e-04 8.670810724341848630e-01
2.027746440741186578e-04 8.753389874097485812e-01
1.959974953061666874e-04 8.835969023853121884e-01
1.894424850094607684e-04 8.918548173608759067e-01
1.831025096003464686e-04 9.001127323364395139e-01
1.769706853870223185e-04 9.083706473120032321e-01
1.710403420613354627e-04 9.166285622875669503e-01
1.653050163755529086e-04 9.248864772631305575e-01
1.597584459890225386e-04 9.331443922386942758e-01
1.543945634913213656e-04 9.414023072142578830e-01
1.492074905840978100e-04 9.496602221898216012e-01
1.441915324365117116e-04 9.579181371653852084e-01
1.393411721902835631e-04 9.661760521409489266e-01
1.346510656232503594e-04 9.744339671165126449e-01
1.301160359643320160e-04 9.826918820920762521e-01
1.257310688505889869e-04 9.909497970676399703e-01
1.214913074349226321e-04 9.992077120432035775e-01
1.173920476239572174e-04 1.007465627018767185e+00
1.134287334606642460e-04 1.015723541994330903e+00
1.095969526333224586e-04 1.023981456969894621e+00
1.058924321136364124e-04 1.032239371945458339e+00
1.023110339233464894e-04 1.040497286921022058e+00
9.884875101965867985e-05 1.048755201896585554e+00
9.550170330196597411e-05 1.057013116872149272e+00
9.226613373190662554e-05 1.065271031847712990e+00
8.913840456759088040e-05 1.073528946823276708e+00
8.611499370720573649e-05 1.081786861798840427e+00
8.319249113880577138e-05 1.090044776774403923e+00
8.036759549420292392e-05 1.098302691749967641e+00
7.763711070265754658e-05 1.106560606725531359e+00
7.499794274565312275e-05 1.114818521701095078e+00
7.244709650314898395e-05 1.123076436676658574e+00
6.998167269595305189e-05 1.131334351652222292e+00
6.759886491733992336e-05 1.139592266627786010e+00
6.529595675194889708e-05 1.147850181603349728e+00
6.307031898095417639e-05 1.156108096578913447e+00
6.091940687014527929e-05 1.164366011554476943e+00
5.884075753812238600e-05 1.172623926530040661e+00
5.683198740397818667e-05 1.180881841505604379e+00
5.489078971053197126e-05 1.189139756481168098e+00
5.301493212205754979e-05 1.197397671456731816e+00
5.120225439391194386e-05 1.205655586432295312e+00
4.945066611246167338e-05 1.213913501407859030e+00
4.775814450211808831e-05 1.222171416383422748e+00
4.612273230093002227e-05 1.230429331358986467e+00
4.454253569657947039e-05 1.238687246334549963e+00
4.301572232929238188e-05 1.246945161310113681e+00
4.154051935091087456e-05 1.255203076285677399e+00
4.011521154658668321e-05 1.263460991261241118e+00
3.873813951116371709e-05 1.271718906236804836e+00
3.740769788282103400e-05 1.279976821212368332e+00
3.612233362856150169e-05 1.288234736187932050e+00
3.488054438482621043e-05 1.296492651163495768e+00
3.368087684665479011e-05 1.304750566139059487e+00
3.252192520781972961e-05 1.313008481114623205e+00
3.140232964652457025e-05 1.321266396090186701e+00
3.032077486133826817e-05 1.329524311065750419e+00
2.927598864942625192e-05 1.337782226041314138e+00
2.826674052860253305e-05 1.346040141016877856e+00
2.729184040396714759e-05 1.354298055992441352e+00
2.635013727457664461e-05 1.362555970968005070e+00
2.544051797908374179e-05 1.370813885943568788e+00
2.456190598310582199e-05 1.379071800919132507e+00
2.371326020128325076e-05 1.387329715894696225e+00
2.289357385841476271e-05 1.395587630870259721e+00
2.210187338457252323e-05 1.403845545845823439e+00
2.133721734514588126e-05 1.412103460821387158e+00
2.059869540449238415e-05 1.420361375796950876e+00
1.988542732176519571e-05 1.428619290772514594e+00
1.919656197866456264e-05 1.436877205748078090e+00
1.853127643696165217e-05 1.445135120723641808e+00
1.788877502645283099e-05 1.453393035699205527e+00
1.726828846058641909e-05 1.461650950674769245e+00
1.666907298117749694e-05 1.469908865650332741e+00
1.609040952893481518e-05 1.478166780625896459e+00
1.553160294095356402e-05 1.486424695601460177e+00
1.499198117361637993e-05 1.494682610577023896e+00
1.447089454888124539e-05 1.502940525552587614e+00
1.396771502611162813e-05 1.511198440528151110e+00
1.348183549626048745e-05 1.519456355503714828e+00
1.301266909827444659e-05 1.527714270479278547e+00
1.255964855704425224e-05 1.535972185454842265e+00
1.212222554367033231e-05 1.544230100430405983e+00
1.169987005447289468e-05 1.552488015405969479e+00
1.129206981091984837e-05 1.560745930381533197e+00
1.089832967859789239e-05 1.569003845357096916e+00
1.051817110417406585e-05 1.577261760332660634e+00
1.015113157087948792e-05 1.585519675308224130e+00
9.796764071827274801e-06 1.593777590283787848e+00
9.454636598926811656e-06 1.602035505259351567e+00
9.124331649608647348e-06 1.610293420234915285e+00
8.805445748803863006e-06 1.618551335210478781e+00
8.497588985810291970e-06 1.626809250186042499e+00
8.200384567334627887e-06 1.635067165161605995e+00
7.913468383274164128e-06 1.643325080137169714e+00
7.636488588676696492e-06 1.651582995112733432e+00
7.369105196796386405e-06 1.659840910088297150e+00
7.110989687030397200e-06 1.668098825063860868e+00
6.861824625192419587e-06 1.676356740039424364e+00
6.621303295426921777e-06 1.684614655014988083e+00
6.389129344705902951e-06 1.692872569990551801e+00
6.165016438978515298e-06 1.701130484966115519e+00
5.948687929993271542e-06 1.709388399941679015e+00
5.739876533014285410e-06 1.717646314917242734e+00
5.538324015404308688e-06 1.725904229892806452e+00
5.343780895330463368e-06 1.734162144868370170e+00
5.156006149700253596e-06 1.742420059843933888e+00
4.974766932349106434e-06 1.750677974819497384e+00
4.799838300871018167e-06 1.758935889795061103e+00
4.631002953121640941e-06 1.767193804770624821e+00
4.468050971384807669e-06 1.775451719746188539e+00
4.310779575393219381e-06 1.783709634721752257e+00
4.158992884105751567e-06 1.791967549697315754e+00
4.012501683748355708e-06 1.800225464672879472e+00
3.871123205048768223e-06 1.808483379648443190e+00
3.734680906851839422e-06 1.816741294624006908e+00
3.603004267265296202e-06 1.824999209599570404e+00
3.475928581362162342e-06 1.833257124575134123e+00
3.353294765816174802e-06 1.841515039550697841e+00
3.234949170019661328e-06 1.849772954526261559e+00
3.120743393222152394e-06 1.858030869501825277e+00
3.010534107423051844e-06 1.866288784477388774e+00
2.904182887454785906e-06 1.874546699452952492e+00
2.801556044490319207e-06 1.882804614428516210e+00
2.702524467317541945e-06 1.891062529404079928e+00
2.606963467353901293e-06 1.899320444379643646e+00
2.514752629395356913e-06 1.907578359355207143e+00
2.425775667202397317e-06 1.915836274330770861e+00
2.339920283889757526e-06 1.924094189306334579e+00
2.257078037190013854e-06 1.932352104281898297e+00
2.177144208673366355e-06 1.940610019257461794e+00
2.100017677639228526e-06 1.948867934233025512e+00
2.025600799447359782e-06 1.957125849208589230e+00
1.953799287440194016e-06 1.965383764184152948e+00
1.884522099085234100e-06 1.973641679159716666e+00
1.817681325700703026e-06 1.981899594135280163e+00
1.753192086308608078e-06 1.990157509110843881e+00
1.690972424372718332e-06 1.998415424086407599e+00
