4.532307402644046412e+00 0.000000000000000000e+00
2.688567996693607687e-01 8.257914975563648841e-03
1.171262285988548674e-01 1.651582995112729768e-02
6.911690494543254459e-02 2.477374492669094999e-02
4.699062942572732743e-02 3.303165990225459536e-02
3.486142856590549594e-02 4.128957487781824420e-02
2.758437777879082717e-02 4.954748985338189304e-02
2.298482653298535017e-02 5.780540482894554882e-02
1.995533944044799307e-02 6.606331980450919072e-02
1.786525457917016030e-02 7.432123478007283957e-02
1.633828901467578032e-02 8.257914975563648841e-02
1.514847303636578622e-02 9.083706473120013725e-02
1.416183621452540842e-02 9.909497970676378609e-02
1.330061566175243584e-02 1.073528946823274488e-01
1.252078345114516870e-02 1.156108096578910976e-01
1.179806548251374244e-02 1.238687246334547465e-01
1.111942047077802039e-02 1.321266396090183814e-01
1.047797256068213820e-02 1.403845545845820442e-01
9.870078891887918565e-03 1.486424695601456791e-01
9.293685775004867020e-03 1.569003845357093418e-01
8.747443771529613346e-03 1.651582995112729768e-01
8.230257786122061048e-03 1.734162144868366395e-01
7.741078470564084421e-03 1.816741294624002745e-01
7.278821730538299548e-03 1.899320444379639372e-01
6.842351896134015940e-03 1.981899594135275722e-01
6.430493089934018365e-03 2.064478743890912349e-01
6.042050171754679254e-03 2.147057893646548976e-01
5.675830180682205940e-03 2.229637043402185603e-01
5.330660415365396677e-03 2.312216193157822508e-01
5.005402009572839858e-03 2.394795342913459135e-01
4.698959162088860511e-03 2.477374492669095762e-01
4.410284712092108796e-03 2.559953642424732667e-01
4.138382885669610045e-03 2.642532792180369294e-01
3.882309985755544052e-03 2.725111941936005922e-01
3.641173670675506169e-03 2.807691091691642549e-01
3.414131323896348047e-03 2.890270241447279176e-01
3.200387886749745097e-03 2.972849391202915803e-01
2.999193417313912417e-03 3.055428540958552985e-01
2.809840553785565229e-03 3.138007690714189613e-01
2.631661997447846089e-03 3.220586840469826240e-01
2.464028085009263135e-03 3.303165990225462867e-01
2.306344488622065220e-03 3.385745139981099494e-01
2.158050060997598798e-03 3.468324289736736121e-01
2.018614829610714499e-03 3.550903439492372748e-01
1.887538135938101290e-03 3.633482589248009931e-01
1.764346911213517154e-03 3.716061739003646558e-01
1.648594078086677286e-03 3.798640888759283185e-01
1.539857066964281937e-03 3.881220038514919812e-01
1.437736436141806269e-03 3.963799188270556439e-01
1.341854585535486814e-03 4.046378338026193067e-01
1.251854554885558669e-03 4.128957487781829694e-01
1.167398898311232305e-03 4.211536637537466876e-01
1.088168628119554450e-03 4.294115787293103503e-01
1.013862221723141723e-03 4.376694937048740131e-01
9.441946863039217671e-04 4.459274086804376758e-01
8.788966766097352492e-04 4.541853236560013385e-01
8.177136618446363562e-04 4.624432386315650012e-01
7.604051381372020028e-04 4.707011536071287194e-01
7.067438834787763760e-04 4.789590685826923822e-01
6.565152523950722749e-04 4.872169835582560449e-01
6.095165078773665153e-04 4.954748985338197076e-01
5.655561883651651989e-04 5.037328135093833703e-01
5.244535077754072534e-04 5.119907284849470885e-01
4.860377867089586473e-04 5.202486434605106957e-01
4.501479131673103481e-04 5.285065584360744140e-01
4.166318311811034801e-04 5.367644734116380212e-01
3.853460558942148275e-04 5.450223883872017394e-01
3.561552137212183294e-04 5.532803033627653466e-01
3.289316063009667607e-04 5.615382183383290648e-01
3.035547970168758791e-04 5.697961333138927831e-01
2.799112189491875400e-04 5.780540482894563903e-01
2.578938031622886621e-04 5.863119632650201085e-01
2.374016263098584537e-04 5.945698782405837157e-01
2.183395765758743771e-04 6.028277932161474340e-01
2.006180370299353341e-04 6.110857081917110412e-01
1.841525855142545206e-04 6.193436231672747594e-01
1.688637102343576533e-04 6.276015381428384776e-01
1.546765402505668248e-04 6.358594531184020848e-01
1.415205901269400040e-04 6.441173680939658031e-01
1.293295180122308694e-04 6.523752830695294103e-01
1.180408964721903334e-04 6.606331980450931285e-01
1.075959954311669811e-04 6.688911130206567357e-01
9.793957660024648379e-05 6.771490279962204539e-01
8.901969880722613790e-05 6.854069429717841722e-01
8.078753367583165986e-05 6.936648579473477794e-01
7.319719111785617089e-05 7.019227729229114976e-01
6.620555414198142717e-05 7.101806878984751048e-01
5.977212249448627773e-05 7.184386028740388230e-01
5.385886468378947979e-05 7.266965178496024302e-01
4.843007795076183469e-05 7.349544328251661485e-01
4.345225577864676063e-05 7.432123478007298667e-01
3.889396255158858033e-05 7.514702627762934739e-01
3.472571499036104927e-05 7.597281777518571921e-01
3.091987001455414680e-05 7.679860927274207993e-01
2.745051869610940623e-05 7.762440077029845176e-01
2.429338598888309430e-05 7.845019226785481248e-01
2.142573592962113255e-05 7.927598376541118430e-01
1.882628202691310351e-05 8.010177526296755612e-01
1.647510256533653457e-05 8.092756676052391684e-01
1.435356056659106339e-05 8.175335825808028867e-01
1.244422816321947978e-05 8.257914975563664939e-01
1.073081515217108513e-05 8.340494125319302121e-01
9.198101508218293137e-06 8.423073275074938193e-01
7.831873645504782864e-06 8.505652424830575375e-01
6.618864233265255587e-06 8.588231574586212558e-01
5.546695371156150544e-06 8.670810724341848630e-01
4.603824950267424346e-06 8.753389874097485812e-01
3.779496027522153536e-06 8.835969023853121884e-01
3.063689052815709757e-06 8.918548173608759067e-01
2.447076796714380325e-06 9.001127323364395139e-01
1.920981833588036496e-06 9.083706473120032321e-01
1.477336442318322476e-06 9.166285622875669503e-01
1.108644795336680386e-06 9.248864772631305575e-01
8.079473109277769069e-07 9.331443922386942758e-01
5.687870534576401522e-07 9.414023072142578830e-01
3.851780688321314589e-07 9.496602221898216012e-01
2.515755510029736562e-07 9.579181371653852084e-01
1.628477392471719528e-07 9.661760521409489266e-01
1.142494516528554891e-07 9.744339671165126449e-01
1.013971654412128259e-07 9.826918820920762521e-01
1.202455588939653636e-07 9.909497970676399703e-01
1.670654345736641082e-07 9.992077120432035775e-01
2.384229476061222020e-07 1.007465627018767185e+00
3.311600666725018978e-07 1.015723541994330903e+00
4.423761994155740549e-07 1.023981456969894621e+00
5.694109175926415363e-07 1.032239371945458339e+00
7.098277201340986946e-07 1.040497286921022058e+00
8.613987766374917441e-07 1.048755201896585554e+00
1.022090595903817828e-06 1.057013116872149272e+00
1.190050567464768445e-06 1.065271031847712990e+00
1.363594326951820365e-06 1.073528946823276708e+00
1.541193898551038823e-06 1.081786861798840427e+00
1.721466570434091489e-06 1.090044776774403923e+00
1.903164461530585448e-06 1.098302691749967641e+00
2.085164739668847341e-06 1.106560606725531359e+00
2.266460454153335132e-06 1.114818521701095078e+00
2.446151947678396991e-06 1.123076436676658574e+00
2.623438812864975987e-06 1.131334351652222292e+00
2.797612363623180103e-06 1.139592266627786010e+00
2.968048589698973463e-06 1.147850181603349728e+00
3.134201567608751846e-06 1.156108096578913447e+00
3.295597299998738976e-06 1.164366011554476943e+00
3.451827958989858495e-06 1.172623926530040661e+00
3.602546509724537019e-06 1.180881841505604379e+00
3.747461690673392315e-06 1.189139756481168098e+00
3.886333330508250211e-06 1.197397671456731816e+00
4.018967980852178116e-06 1.205655586432295312e+00
4.145214845802042890e-06 1.213913501407859030e+00
4.264961990510058050e-06 1.222171416383422748e+00
4.378132812566930665e-06 1.230429331358986467e+00
4.484682758371978701e-06 1.238687246334549963e+00
4.584596271795832172e-06 1.246945161310113681e+00
4.677883959044336747e-06 1.255203076285677399e+00
4.764579956873714285e-06 1.263460991261241118e+00
4.844739492307266357e-06 1.271718906236804836e+00
4.918436620585566221e-06 1.279976821212368332e+00
4.985762131085413677e-06 1.288234736187932050e+00
5.046821610162574363e-06 1.296492651163495768e+00
5.101733651241753361e-06 1.304750566139059487e+00
5.150628202400420315e-06 1.313008481114623205e+00
5.193645042638087962e-06 1.321266396090186701e+00
5.230932379059823399e-06 1.329524311065750419e+00
5.262645556078446154e-06 1.337782226041314138e+00
5.288945870149922333e-06 1.346040141016877856e+00
5.309999482913005388e-06 1.354298055992441352e+00
5.325976425383107760e-06 1.362555970968005070e+00
5.337049688468758762e-06 1.370813885943568788e+00
5.343394392699479320e-06 1.379071800919132507e+00
5.345187032532580067e-06 1.387329715894696225e+00
5.342604789667169528e-06 1.395587630870259721e+00
5.335824910841371969e-06 1.403845545845823439e+00
5.325024145484894673e-06 1.412103460821387158e+00
5.310378239180855464e-06 1.420361375796950876e+00
5.292061478686516746e-06 1.428619290772514594e+00
5.270246284450323088e-06 1.436877205748078090e+00
5.245102848474800227e-06 1.445135120723641808e+00
5.216798812575907971e-06 1.453393035699205527e+00
5.185498985100304553e-06 1.461650950674769245e+00
5.151365092670067787e-06 1.469908865650332741e+00
5.114555564780983306e-06 1.478166780625896459e+00
5.075225347632541190e-06 1.486424695601460177e+00
5.033525746772375644e-06 1.494682610577023896e+00
4.989604293687572914e-06 1.502940525552587614e+00
4.943604637431177221e-06 1.511198440528151110e+00
4.895666456081529315e-06 1.519456355503714828e+00
4.845925388842967859e-06 1.527714270479278547e+00
4.794512985819268469e-06 1.535972185454842265e+00
4.741556673979380479e-06 1.544230100430405983e+00
4.687179738289641828e-06 1.552488015405969479e+00
4.631501316457385665e-06 1.560745930381533197e+00
4.574636405355393031e-06 1.569003845357096916e+00
4.516695879615472217e-06 1.577261760332660634e+00
4.457786519193366427e-06 1.585519675308224130e+00
4.398011046447928508e-06 1.593777590283787848e+00
4.337468171262257736e-06 1.602035505259351567e+00
4.276252643289271372e-06 1.610293420234915285e+00
4.214455310044390390e-06 1.618551335210478781e+00
4.152163181797583147e-06 1.626809250186042499e+00
4.089459500080579540e-06 1.635067165161605995e+00
4.026423811198241476e-06 1.643325080137169714e+00
3.963132043129758345e-06 1.651582995112733432e+00
3.899656585663014689e-06 1.659840910088297150e+00
3.836066373073120427e-06 1.668098825063860868e+00
3.772426968995868572e-06 1.676356740039424364e+00
3.708800652997863469e-06 1.684614655014988083e+00
3.645246508438779153e-06 1.692872569990551801e+00
3.581820511514482441e-06 1.701130484966115519e+00
3.518575620496719330e-06 1.709388399941679015e+00
3.455561865697279689e-06 1.717646314917242734e+00
3.392826439593860120e-06 1.725904229892806452e+00
3.330413786484626669e-06 1.734162144868370170e+00
3.268365691761405192e-06 1.742420059843933888e+00
3.206721370982205804e-06 1.750677974819497384e+00
3.145517557484347677e-06 1.758935889795061103e+00
3.084788589973862678e-06 1.767193804770624821e+00
3.024566498009694755e-06 1.775451719746188539e+00
2.964881087289654228e-06 1.783709634721752257e+00
2.905760022733820027e-06 1.791967549697315754e+00
2.847228910920466127e-06 1.800225464672879472e+00
2.789311380238693365e-06 1.808483379648443190e+00
2.732029160287637311e-06 1.816741294624006908e+00
2.675402158683157306e-06 1.824999209599570404e+00
2.619448537196816212e-06 1.833257124575134123e+00
2.564184785303610618e-06 1.841515039550697841e+00
2.509625792447188122e-06 1.849772954526261559e+00
2.455784918237646936e-06 1.858030869501825277e+00
2.402674060908652706e-06 1.866288784477388774e+00
2.350303724034269820e-06 1.874546699452952492e+00
2.298683081124875149e-06 1.882804614428516210e+00
2.247820038753005037e-06 1.891062529404079928e+00
2.197721297325244778e-06 1.899320444379643646e+00
2.148392410599126564e-06 1.907578359355207143e+00
2.099837842678661480e-06 1.915836274330770861e+00
2.052061023951485634e-06 1.924094189306334579e+00
2.005064404557557449e-06 1.932352104281898297e+00
1.958849506291979882e-06 1.940610019257461794e+00
1.913416973176352069e-06 1.948867934233025512e+00
1.868766619421962527e-06 1.957125849208589230e+00
1.824897476373768580e-06 1.965383764184152948e+00
1.781807837817408374e-06 1.973641679159716666e+00
1.739495302897280778e-06 1.981899594135280163e+00
1.697956818336321569e-06 1.990157509110843881e+00
1.657188718463776730e-06 1.998415424086407599e+00
