3.555844141647421797e+00 0.000000000000000000e+00
1.093288129055917518e-01 8.257914975563648841e-03
4.658521847925686105e-02 1.651582995112729768e-02
2.951642441901908276e-02 2.477374492669094999e-02
2.131255025929752051e-02 3.303165990225459536e-02
1.637822521745737475e-02 4.128957487781824420e-02
1.311777184898799999e-02 4.954748985338189304e-02
1.085261843253793740e-02 5.780540482894554882e-02
9.223957936982786140e-03 6.606331980450919072e-02
8.020210032345325910e-03 7.432123478007283957e-02
7.108419176908492565e-03 8.257914975563648841e-02
6.401608401835250442e-03 9.083706473120013725e-02
5.841401288978404979e-03 9.909497970676378609e-02
5.387833785385998282e-03 1.073528946823274488e-01
5.013024664696256842e-03 1.156108096578910976e-01
4.697169089538134890e-03 1.238687246334547465e-01
4.425982599324774884e-03 1.321266396090183814e-01
4.189042734386605807e-03 1.403845545845820442e-01
3.978682864542166034e-03 1.486424695601456791e-01
3.789231159079311032e-03 1.569003845357093418e-01
3.616472847296844581e-03 1.651582995112729768e-01
3.457262921929901353e-03 1.734162144868366395e-01
3.309243871573727160e-03 1.816741294624002745e-01
3.170638632848039092e-03 1.899320444379639372e-01
3.040098269892608888e-03 1.981899594135275722e-01
2.916589812392334641e-03 2.064478743890912349e-01
2.799313676584572110e-03 2.147057893646548976e-01
2.687642905137746507e-03 2.229637043402185603e-01
2.581078495890920879e-03 2.312216193157822508e-01
2.479216583111668124e-03 2.394795342913459135e-01
2.381724339605791399e-03 2.477374492669095762e-01
2.288322286948147721e-03 2.559953642424732667e-01
2.198771308424694176e-03 2.642532792180369294e-01
2.112863109071271093e-03 2.725111941936005922e-01
2.030413199900426516e-03 2.807691091691642549e-01
1.951255728959515627e-03 2.890270241447279176e-01
1.875239662816723715e-03 2.972849391202915803e-01
1.802225955151463962e-03 3.055428540958552985e-01
1.732085436849224724e-03 3.138007690714189613e-01
1.664697233608917071e-03 3.220586840469826240e-01
1.599947569521974937e-03 3.303165990225462867e-01
1.537728853396062292e-03 3.385745139981099494e-01
1.477938972594577396e-03 3.468324289736736121e-01
1.420480739553902716e-03 3.550903439492372748e-01
1.365261451033372752e-03 3.633482589248009931e-01
1.312192530974014759e-03 3.716061739003646558e-01
1.261189235717942577e-03 3.798640888759283185e-01
1.212170406086099687e-03 3.881220038514919812e-01
1.165058254973784123e-03 3.963799188270556439e-01
1.119778182148721329e-03 4.046378338026193067e-01
1.076258610153493995e-03 4.128957487781829694e-01
1.034430836812824791e-03 4.211536637537466876e-01
9.942289010137991562e-04 4.294115787293103503e-01
9.555894592762079545e-04 4.376694937048740131e-01
9.184516712603845497e-04 4.459274086804376758e-01
8.827570928067495545e-04 4.541853236560013385e-01
8.484495754329702969e-04 4.624432386315650012e-01
8.154751714739918739e-04 4.707011536071287194e-01
7.837820442109992396e-04 4.789590685826923822e-01
7.533203824825778676e-04 4.872169835582560449e-01
7.240423193716557940e-04 4.954748985338197076e-01
6.959018546258191867e-04 5.037328135093833703e-01
6.688547805417413518e-04 5.119907284849470885e-01
6.428586110686066888e-04 5.202486434605106957e-01
6.178725139399807382e-04 5.285065584360744140e-01
5.938572456442318872e-04 5.367644734116380212e-01
5.707750890929609100e-04 5.450223883872017394e-01
5.485897938348780834e-04 5.532803033627653466e-01
5.272665186975771618e-04 5.615382183383290648e-01
5.067717767389037092e-04 5.697961333138927831e-01
4.870733823985572944e-04 5.780540482894563903e-01
4.681404007583774116e-04 5.863119632650201085e-01
4.499430988117809264e-04 5.945698782405837157e-01
4.324528986612526712e-04 6.028277932161474340e-01
4.156423325587006051e-04 6.110857081917110412e-01
3.994849997152206261e-04 6.193436231672747594e-01
3.839555248043592097e-04 6.276015381428384776e-01
3.690295180904846779e-04 6.358594531184020848e-01
3.546835371184268895e-04 6.441173680939658031e-01
3.408950498986857910e-04 6.523752830695294103e-01
3.276423995295887795e-04 6.606331980450931285e-01
3.149047701994387512e-04 6.688911130206567357e-01
3.026621545132837697e-04 6.771490279962204539e-01
2.908953220920245460e-04 6.854069429717841722e-01
2.795857893939961885e-04 6.936648579473477794e-01
2.687157907106446295e-04 7.019227729229114976e-01
2.582682502902506304e-04 7.101806878984751048e-01
2.482267555446124882e-04 7.184386028740388230e-01
2.385755312986328678e-04 7.266965178496024302e-01
2.292994150395622356e-04 7.349544328251661485e-01
2.203838331284026588e-04 7.432123478007298667e-01
2.118147779340876738e-04 7.514702627762934739e-01
2.035787858579327049e-04 7.597281777518571921e-01
1.956629162101017219e-04 7.679860927274207993e-01
1.880547309055609546e-04 7.762440077029845176e-01
1.807422749512513675e-04 7.845019226785481248e-01
1.737140576875763928e-04 7.927598376541118430e-01
1.669590347604449278e-04 8.010177526296755612e-01
1.604665907922378358e-04 8.092756676052391684e-01
1.542265227251995616e-04 8.175335825808028867e-01
1.482290238133300716e-04 8.257914975563664939e-01
1.424646682325270348e-04 8.340494125319302121e-01
1.369243962910862559e-04 8.423073275074938193e-01
1.315995002129811823e-04 8.505652424830575375e-01
1.264816104726402234e-04 8.588231574586212558e-01
1.215626826610213931e-04 8.670810724341848630e-01
1.168349848616116293e-04 8.753389874097485812e-01
1.122910855150193273e-04 8.835969023853121884e-01
1.079238417565776522e-04 8.918548173608759067e-01
1.037263882049598121e-04 9.001127323364395139e-01
9.969212618757557318e-05 9.083706473120032321e-01
9.581471338241309352e-05 9.166285622875669503e-01
9.208805386396502226e-05 9.248864772631305575e-01
8.850628853364633927e-05 9.331443922386942758e-01
8.506378592326714844e-05 9.414023072142578830e-01
8.175513335444648270e-05 9.496602221898216012e-01
7.857512844192457565e-05 9.579181371653852084e-01
7.551877092635194896e-05 9.661760521409489266e-01
7.258125482397519590e-05 9.744339671165126449e-01
6.975796088205440113e-05 9.826918820920762521e-01
6.704444932549642375e-05 9.909497970676399703e-01
6.443645288676014857e-05 9.992077120432035775e-01
6.192987010525951316e-05 1.007465627018767185e+00
5.952075888796270364e-05 1.015723541994330903e+00
5.720533031881339748e-05 1.023981456969894621e+00
5.497994270910323388e-05 1.032239371945458339e+00
5.284109587858326873e-05 1.040497286921022058e+00
5.078542566002452362e-05 1.048755201896585554e+00
4.880969861426788926e-05 1.057013116872149272e+00
4.691080695348690417e-05 1.065271031847712990e+00
4.508576365993418412e-05 1.073528946823276708e+00
4.333169779405778791e-05 1.081786861798840427e+00
4.164584998598013806e-05 1.090044776774403923e+00
4.002556810106756900e-05 1.098302691749967641e+00
3.846830307430276741e-05 1.106560606725531359e+00
3.697160490599481024e-05 1.114818521701095078e+00
3.553311881334783227e-05 1.123076436676658574e+00
3.415058153135279309e-05 1.131334351652222292e+00
3.282181775732326555e-05 1.139592266627786010e+00
3.154473673386662977e-05 1.147850181603349728e+00
3.031732896332167893e-05 1.156108096578913447e+00
2.913766305173968554e-05 1.164366011554476943e+00
2.800388267358826927e-05 1.172623926530040661e+00
2.691420365562703729e-05 1.180881841505604379e+00
2.586691117321918441e-05 1.189139756481168098e+00
2.486035705600819261e-05 1.197397671456731816e+00
2.389295719802942057e-05 1.205655586432295312e+00
2.296318906848668009e-05 1.213913501407859030e+00
2.206958931918056403e-05 1.222171416383422748e+00
2.121075148484212952e-05 1.230429331358986467e+00
2.038532377294738235e-05 1.238687246334549963e+00
1.959200693916154069e-05 1.246945161310113681e+00
1.882955224518076994e-05 1.255203076285677399e+00
1.809675949679383984e-05 1.263460991261241118e+00
1.739247515666262118e-05 1.271718906236804836e+00
1.671559053162602188e-05 1.279976821212368332e+00
1.606504003029108973e-05 1.288234736187932050e+00
1.543979948737092452e-05 1.296492651163495768e+00
1.483888455424702107e-05 1.304750566139059487e+00
1.426134915160546448e-05 1.313008481114623205e+00
1.370628398204391197e-05 1.321266396090186701e+00
1.317281510041820689e-05 1.329524311065750419e+00
1.266010254026399182e-05 1.337782226041314138e+00
1.216733899302011942e-05 1.346040141016877856e+00
1.169374853858812637e-05 1.354298055992441352e+00
1.123858542569449187e-05 1.362555970968005070e+00
1.080113289918467079e-05 1.370813885943568788e+00
1.038070207296288533e-05 1.379071800919132507e+00
9.976630846934983547e-06 1.387329715894696225e+00
9.588282865664233236e-06 1.395587630870259721e+00
9.215046517845633587e-06 1.403845545845823439e+00
8.856333974445198840e-06 1.412103460821387158e+00
8.511580264388390380e-06 1.420361375796950876e+00
8.180242385951356869e-06 1.428619290772514594e+00
7.861798452632544457e-06 1.436877205748078090e+00
7.555746872629099119e-06 1.445135120723641808e+00
7.261605559826782516e-06 1.453393035699205527e+00
6.978911175414814682e-06 1.461650950674769245e+00
6.707218399408616593e-06 1.469908865650332741e+00
6.446099229784283535e-06 1.478166780625896459e+00
6.195142309586772165e-06 1.486424695601460177e+00
5.953952279615982989e-06 1.494682610577023896e+00
5.722149156570080105e-06 1.502940525552587614e+00
5.499367735324098290e-06 1.511198440528151110e+00
5.285257014392221314e-06 1.519456355503714828e+00
5.079479643555954504e-06 1.527714270479278547e+00
4.881711393383042196e-06 1.535972185454842265e+00
4.691640644835215728e-06 1.544230100430405983e+00
4.508967899154601370e-06 1.552488015405969479e+00
4.333405306611635148e-06 1.560745930381533197e+00
4.164676213498277422e-06 1.569003845357096916e+00
4.002514726847185899e-06 1.577261760332660634e+00
3.846665296069126627e-06 1.585519675308224130e+00
3.696882310721330415e-06 1.593777590283787848e+00
3.552929714148815119e-06 1.602035505259351567e+00
3.414580631812792097e-06 1.610293420234915285e+00
3.281617014418583507e-06 1.618551335210478781e+00
3.153829294637230455e-06 1.626809250186042499e+00
3.031016057278023725e-06 1.635067165161605995e+00
2.912983722430552701e-06 1.643325080137169714e+00
2.799546240532097697e-06 1.651582995112733432e+00
2.690524799773839320e-06 1.659840910088297150e+00
2.585747544411773805e-06 1.668098825063860868e+00
2.485049304511018839e-06 1.676356740039424364e+00
2.388271335686843727e-06 1.684614655014988083e+00
2.295261069436831395e-06 1.692872569990551801e+00
2.205871872777987010e-06 1.701130484966115519e+00
2.119962817538220551e-06 1.709388399941679015e+00
2.037398458390288944e-06 1.717646314917242734e+00
1.958048619728209478e-06 1.725904229892806452e+00
1.881788190613557702e-06 1.734162144868370170e+00
1.808496927814701168e-06 1.742420059843933888e+00
1.738059266532135080e-06 1.750677974819497384e+00
1.670364138437158216e-06 1.758935889795061103e+00
1.605304796656956148e-06 1.767193804770624821e+00
1.542778647843471614e-06 1.775451719746188539e+00
1.482687090560826208e-06 1.783709634721752257e+00
1.424935360014759605e-06 1.791967549697315754e+00
1.369432378761238566e-06 1.800225464672879472e+00
1.316090613402223681e-06 1.808483379648443190e+00
1.264825936589761942e-06 1.816741294624006908e+00
1.215557494649570538e-06 1.824999209599570404e+00
1.168207580213412134e-06 1.833257124575134123e+00
1.122701509742623573e-06 1.841515039550697841e+00
1.078967506005690194e-06 1.849772954526261559e+00
1.036936584974270970e-06 1.858030869501825277e+00
9.965424471333039651e-07 1.866288784477388774e+00
9.577213731289225239e-07 1.874546699452952492e+00
9.204121233404902441e-07 1.882804614428516210e+00
8.845558413730365678e-07 1.891062529404079928e+00
8.500959614621555574e-07 1.899320444379643646e+00
8.169781191771674295e-07 1.907578359355207143e+00
7.851500659774806108e-07 1.915836274330770861e+00
7.545615867622017879e-07 1.924094189306334579e+00
7.251644207449998440e-07 1.932352104281898297e+00
6.969121855825911635e-07 1.940610019257461794e+00
6.697603040729505282e-07 1.948867934233025512e+00
6.436659340512195134e-07 1.957125849208589230e+00
6.185879008724128482e-07 1.965383764184152948e+00
5.944866325004424012e-07 1.973641679159716666e+00
5.713240971684254033e-07 1.981899594135280163e+00
5.490637434157263578e-07 1.990157509110843881e+00
5.276704425409324734e-07 1.998415424086407599e+00
