3.207189238674235110e+00 0.000000000000000000e+00
9.920143175292320259e-02 8.257914975563648841e-03
6.751761756222762756e-02 1.651582995112729768e-02
4.759170348434763748e-02 2.477374492669094999e-02
3.218162864298191456e-02 3.303165990225459536e-02
2.223508473989679185e-02 4.128957487781824420e-02
1.623470581961113449e-02 4.954748985338189304e-02
1.259396033971248857e-02 5.780540482894554882e-02
1.027235950890882307e-02 6.606331980450919072e-02
8.695224709373755578e-03 7.432123478007283957e-02
7.565966930225805596e-03 8.257914975563648841e-02
6.727350593798555461e-03 9.083706473120013725e-02
6.087442358860011352e-03 9.909497970676378609e-02
5.587020940083292295e-03 1.073528946823274488e-01
5.185744590241746048e-03 1.156108096578910976e-01
4.855497314774556532e-03 1.238687246334547465e-01
4.576596217685513328e-03 1.321266396090183814e-01
4.335286317331835983e-03 1.403845545845820442e-01
4.121955735259365608e-03 1.486424695601456791e-01
3.929866522301315654e-03 1.569003845357093418e-01
3.754272147667301902e-03 1.651582995112729768e-01
3.591809245795750567e-03 1.734162144868366395e-01
3.440076895980194796e-03 1.816741294624002745e-01
3.297344254191194365e-03 1.899320444379639372e-01
3.162347402890719299e-03 1.981899594135275722e-01
3.034148591605048770e-03 2.064478743890912349e-01
2.912038825320675990e-03 2.147057893646548976e-01
2.795470342007902453e-03 2.229637043402185603e-01
2.684009681891734705e-03 2.312216193157822508e-01
2.577305002489577775e-03 2.394795342913459135e-01
2.475063286100422436e-03 2.477374492669095762e-01
2.377034422631781659e-03 2.559953642424732667e-01
2.283000067283265204e-03 2.642532792180369294e-01
2.192765813245186202e-03 2.725111941936005922e-01
2.106155667848218747e-03 2.807691091691642549e-01
2.023008131763919405e-03 2.890270241447279176e-01
1.943173395848424648e-03 2.972849391202915803e-01
1.866511318652039602e-03 3.055428540958552985e-01
1.792889950481683361e-03 3.138007690714189613e-01
1.722184441186207660e-03 3.220586840469826240e-01
1.654276218352654848e-03 3.303165990225462867e-01
1.589052356952778185e-03 3.385745139981099494e-01
1.526405085315579897e-03 3.468324289736736121e-01
1.466231388902350776e-03 3.550903439492372748e-01
1.408432684847544603e-03 3.633482589248009931e-01
1.352914548292681856e-03 3.716061739003646558e-01
1.299586477115552939e-03 3.798640888759283185e-01
1.248361685558762018e-03 3.881220038514919812e-01
1.199156920022488582e-03 3.963799188270556439e-01
1.151892292168102926e-03 4.046378338026193067e-01
1.106491125851201667e-03 4.128957487781829694e-01
1.062879815340566194e-03 4.211536637537466876e-01
1.020987692956080864e-03 4.294115787293103503e-01
9.807469047257569902e-04 4.376694937048740131e-01
9.420922930199693507e-04 4.459274086804376758e-01
9.049612853457623431e-04 4.541853236560013385e-01
8.692937886774445731e-04 4.624432386315650012e-01
8.350320888146308719e-04 4.707011536071287194e-01
8.021207543640667889e-04 4.789590685826923822e-01
7.705065450051303390e-04 4.872169835582560449e-01
7.401383237560366221e-04 4.954748985338197076e-01
7.109669729910416281e-04 5.037328135093833703e-01
6.829453139998661621e-04 5.119907284849470885e-01
6.560280298957678422e-04 5.202486434605106957e-01
6.301715917032115009e-04 5.285065584360744140e-01
6.053341874687251292e-04 5.367644734116380212e-01
5.814756542528038688e-04 5.450223883872017394e-01
5.585574128709118284e-04 5.532803033627653466e-01
5.365424052640050670e-04 5.615382183383290648e-01
5.153950343791838338e-04 5.697961333138927831e-01
4.950811064543169044e-04 5.780540482894563903e-01
4.755677756074052688e-04 5.863119632650201085e-01
4.568234906308550895e-04 5.945698782405837157e-01
4.388179439003949485e-04 6.028277932161474340e-01
4.215220223134034786e-04 6.110857081917110412e-01
4.049077601703916719e-04 6.193436231672747594e-01
3.889482939255541061e-04 6.276015381428384776e-01
3.736178187238949110e-04 6.358594531184020848e-01
3.588915466618894379e-04 6.441173680939658031e-01
3.447456666938341794e-04 6.523752830695294103e-01
3.311573061256928839e-04 6.606331980450931285e-01
3.181044936260299600e-04 6.688911130206567357e-01
3.055661236999242811e-04 6.771490279962204539e-01
2.935219225619031575e-04 6.854069429717841722e-01
2.819524153589917487e-04 6.936648579473477794e-01
2.708388946832278646e-04 7.019227729229114976e-01
2.601633903279773467e-04 7.101806878984751048e-01
2.499086402362062477e-04 7.184386028740388230e-01
2.400580625940577288e-04 7.266965178496024302e-01
2.305957290251208945e-04 7.349544328251661485e-01
2.215063388394946872e-04 7.432123478007298667e-01
2.127751943018344502e-04 7.514702627762934739e-01
2.043881768686469616e-04 7.597281777518571921e-01
1.963317243677686766e-04 7.679860927274207993e-01
1.885928090732216268e-04 7.762440077029845176e-01
1.811589166449813844e-04 7.845019226785481248e-01
1.740180259008262563e-04 7.927598376541118430e-01
1.671585893814113118e-04 8.010177526296755612e-01
1.605695146857133199e-04 8.092756676052391684e-01
1.542401465374805959e-04 8.175335825808028867e-01
1.481602495617372062e-04 8.257914975563664939e-01
1.423199917382995461e-04 8.340494125319302121e-01
1.367099285076603203e-04 8.423073275074938193e-01
1.313209875031616362e-04 8.505652424830575375e-01
1.261444538846610201e-04 8.588231574586212558e-01
1.211719562505011419e-04 8.670810724341848630e-01
1.163954531041024688e-04 8.753389874097485812e-01
1.118072198535041716e-04 8.835969023853121884e-01
1.073998363247222909e-04 8.918548173608759067e-01
1.031661747647140474e-04 9.001127323364395139e-01
9.909938831943111595e-05 9.083706473120032321e-01
9.519289996407946175e-05 9.166285622875669503e-01
9.144039187096743011e-05 9.248864772631305575e-01
8.783579519460306493e-05 9.331443922386942758e-01
8.437328026122281220e-05 9.414023072142578830e-01
8.104724714370930465e-05 9.496602221898216012e-01
7.785231660731111412e-05 9.579181371653852084e-01
7.478332141402758721e-05 9.661760521409489266e-01
7.183529796825656043e-05 9.744339671165126449e-01
6.900347829115932629e-05 9.826918820920762521e-01
6.628328231304147665e-05 9.909497970676399703e-01
6.367031046758503637e-05 9.992077120432035775e-01
6.116033657911325782e-05 1.007465627018767185e+00
5.874930102989639328e-05 1.015723541994330903e+00
5.643330419598806036e-05 1.023981456969894621e+00
5.420860014249232221e-05 1.032239371945458339e+00
5.207159056739274868e-05 1.040497286921022058e+00
5.001881898319164241e-05 1.048755201896585554e+00
4.804696512791646287e-05 1.057013116872149272e+00
4.615283959787482075e-05 1.065271031847712990e+00
4.433337868966909744e-05 1.073528946823276708e+00
4.258563944690071652e-05 1.081786861798840427e+00
4.090679490204773345e-05 1.090044776774403923e+00
3.929412950474332126e-05 1.098302691749967641e+00
3.774503473159670017e-05 1.106560606725531359e+00
3.625700486812222408e-05 1.114818521701095078e+00
3.482763295696334220e-05 1.123076436676658574e+00
3.345460690625210338e-05 1.131334351652222292e+00
3.213570575083430242e-05 1.139592266627786010e+00
3.086879606081993432e-05 1.147850181603349728e+00
2.965182849231894012e-05 1.156108096578913447e+00
2.848283447290478700e-05 1.164366011554476943e+00
2.735992301922868296e-05 1.172623926530040661e+00
2.628127767856697333e-05 1.180881841505604379e+00
2.524515359190849538e-05 1.189139756481168098e+00
2.424987467209183630e-05 1.197397671456731816e+00
2.329383089399829419e-05 1.205655586432295312e+00
2.237547569018346651e-05 1.213913501407859030e+00
2.149332345082625846e-05 1.222171416383422748e+00
2.064594712063225060e-05 1.230429331358986467e+00
1.983197589157038428e-05 1.238687246334549963e+00
1.905009298594883806e-05 1.246945161310113681e+00
1.829903352691197190e-05 1.255203076285677399e+00
1.757758249286501935e-05 1.263460991261241118e+00
1.688457275300846931e-05 1.271718906236804836e+00
1.621888317935178456e-05 1.279976821212368332e+00
1.557943683411569863e-05 1.288234736187932050e+00
1.496519922756417407e-05 1.296492651163495768e+00
1.437517664557939500e-05 1.304750566139059487e+00
1.380841454229931882e-05 1.313008481114623205e+00
1.326399599638171525e-05 1.321266396090186701e+00
1.274104022819765375e-05 1.329524311065750419e+00
1.223870117532148453e-05 1.337782226041314138e+00
1.175616612434885108e-05 1.346040141016877856e+00
1.129265439631749723e-05 1.354298055992441352e+00
1.084741608414696276e-05 1.362555970968005070e+00
1.041973084010484956e-05 1.370813885943568788e+00
1.000890671025920986e-05 1.379071800919132507e+00
9.614279015936026684e-06 1.387329715894696225e+00
9.235209278142818322e-06 1.395587630870259721e+00
8.871084185373889010e-06 1.403845545845823439e+00
8.521314601402964884e-06 1.412103460821387158e+00
8.185334612518662827e-06 1.420361375796950876e+00
7.862600612249742588e-06 1.428619290772514594e+00
7.552590421975131639e-06 1.436877205748078090e+00
7.254802446558680232e-06 1.445135120723641808e+00
6.968754863047228381e-06 1.453393035699205527e+00
6.693984841042359432e-06 1.461650950674769245e+00
6.430047794438828077e-06 1.469908865650332741e+00
6.176516662207804025e-06 1.478166780625896459e+00
5.932981217644163196e-06 1.486424695601460177e+00
5.699047404807488785e-06 1.494682610577023896e+00
5.474336701164522049e-06 1.502940525552587614e+00
5.258485505290522950e-06 1.511198440528151110e+00
5.051144548812839960e-06 1.519456355503714828e+00
4.851978331317894583e-06 1.527714270479278547e+00
4.660664577846452570e-06 1.535972185454842265e+00
4.476893717420414049e-06 1.544230100430405983e+00
4.300368382508265740e-06 1.552488015405969479e+00
4.130802927750943453e-06 1.560745930381533197e+00
3.967922968084025712e-06 1.569003845357096916e+00
3.811464934818765250e-06 1.577261760332660634e+00
3.661175649353103324e-06 1.585519675308224130e+00
3.516811913621610647e-06 1.593777590283787848e+00
3.378140116520587022e-06 1.602035505259351567e+00
3.244935856188503471e-06 1.610293420234915285e+00
3.116983577071496365e-06 1.618551335210478781e+00
2.994076220984573714e-06 1.626809250186042499e+00
2.876014892287925445e-06 1.635067165161605995e+00
2.762608536206023052e-06 1.643325080137169714e+00
2.653673629555584634e-06 1.651582995112733432e+00
2.549033884072120789e-06 1.659840910088297150e+00
2.448519961131590620e-06 1.668098825063860868e+00
2.351969197732750053e-06 1.676356740039424364e+00
2.259225343539661667e-06 1.684614655014988083e+00
2.170138307830837600e-06 1.692872569990551801e+00
2.084563917012261431e-06 1.701130484966115519e+00
2.002363681067203545e-06 1.709388399941679015e+00
1.923404569715837319e-06 1.717646314917242734e+00
1.847558797137568989e-06 1.725904229892806452e+00
1.774703615150828206e-06 1.734162144868370170e+00
1.704721114809260465e-06 1.742420059843933888e+00
1.637498035455890454e-06 1.750677974819497384e+00
1.572925581603640943e-06 1.758935889795061103e+00
1.510899246890675712e-06 1.767193804770624821e+00
1.451318644959186733e-06 1.775451719746188539e+00
1.394087347079280242e-06 1.783709634721752257e+00
1.339112726202033048e-06 1.791967549697315754e+00
1.286305806904809450e-06 1.800225464672879472e+00
1.235581121667313831e-06 1.808483379648443190e+00
1.186856572443995858e-06 1.816741294624006908e+00
1.140053297850668403e-06 1.824999209599570404e+00
1.095095545629727854e-06 1.833257124575134123e+00
1.051910550044747252e-06 1.841515039550697841e+00
1.010428414101158015e-06 1.849772954526261559e+00
9.705819965562346654e-07 1.858030869501825277e+00
9.323068032325923473e-07 1.866288784477388774e+00
8.955408826047058280e-07 1.874546699452952492e+00
8.602247256824642363e-07 1.882804614428516210e+00
8.263011696130365349e-07 1.891062529404079928e+00
7.937153052805382172e-07 1.899320444379643646e+00
7.624143883943210395e-07 1.907578359355207143e+00
7.323477541524363591e-07 1.915836274330770861e+00
7.034667352705345414e-07 1.924094189306334579e+00
6.757245832500805155e-07 1.932352104281898297e+00
6.490763927365147095e-07 1.940610019257461794e+00
6.234790288455821813e-07 1.948867934233025512e+00
5.988910573181731639e-07 1.957125849208589230e+00
5.752726775642559860e-07 1.965383764184152948e+00
5.525856581827752832e-07 1.973641679159716666e+00
5.307932751512119234e-07 1.981899594135280163e+00
5.098602523676849339e-07 1.990157509110843881e+00
4.897527045697642457e-07 1.998415424086407599e+00
