3.375239078358742706e+00 0.000000000000000000e+00
1.069837438836810650e-01 8.257914975563648841e-03
5.551831813342630179e-02 1.651582995112729768e-02
3.635135108283159278e-02 2.477374492669094999e-02
2.533581040164226139e-02 3.303165990225459536e-02
1.863994628769983369e-02 4.128957487781824420e-02
1.442125185036330186e-02 4.954748985338189304e-02
1.164022459797006172e-02 5.780540482894554882e-02
9.722417525316072451e-03 6.606331980450919072e-02
8.348081571003295245e-03 7.432123478007283957e-02
7.331899777035259282e-03 8.257914975563648841e-02
6.560516825555740700e-03 9.083706473120013725e-02
5.960876400999095409e-03 9.909497970676378609e-02
5.483901970185064458e-03 1.073528946823274488e-01
5.095694680970656171e-03 1.156108096578910976e-01
4.772442971775535912e-03 1.238687246334547465e-01
4.497255520558922706e-03 1.321266396090183814e-01
4.258075985195661217e-03 1.403845545845820442e-01
4.046259810823365881e-03 1.486424695601456791e-01
3.855583210770365237e-03 1.569003845357093418e-01
3.681545682514937405e-03 1.651582995112729768e-01
3.520876187253312289e-03 1.734162144868366395e-01
3.371182272686869957e-03 1.816741294624002745e-01
3.230700228044820418e-03 1.899320444379639372e-01
3.098116968084096545e-03 1.981899594135275722e-01
2.972442971733383916e-03 2.064478743890912349e-01
2.852921603577937646e-03 2.147057893646548976e-01
2.738964374686247288e-03 2.229637043402185603e-01
2.630104700019953758e-03 2.312216193157822508e-01
2.525964846144295155e-03 2.394795342913459135e-01
2.426232285716514205e-03 2.477374492669095762e-01
2.330642760982390340e-03 2.559953642424732667e-01
2.238968132830163136e-03 2.642532792180369294e-01
2.151007644130645009e-03 2.725111941936005922e-01
2.066581619887833832e-03 2.807691091691642549e-01
1.985526907457559227e-03 2.890270241447279176e-01
1.907693560200947715e-03 2.972849391202915803e-01
1.832942410567201278e-03 3.055428540958552985e-01
1.761143280213018974e-03 3.138007690714189613e-01
1.692173647173551235e-03 3.220586840469826240e-01
1.625917641675963176e-03 3.303165990225462867e-01
1.562265278949876400e-03 3.385745139981099494e-01
1.501111863549242165e-03 3.468324289736736121e-01
1.442357518383791419e-03 3.550903439492372748e-01
1.385906804942546979e-03 3.633482589248009931e-01
1.331668410681073611e-03 3.716061739003646558e-01
1.279554886309084306e-03 3.798640888759283185e-01
1.229482420547112383e-03 3.881220038514919812e-01
1.181370643369785778e-03 3.963799188270556439e-01
1.135142451229065623e-03 4.046378338026193067e-01
1.090723849506528313e-03 4.128957487781829694e-01
1.048043808729942628e-03 4.211536637537466876e-01
1.007034131981519431e-03 4.294115787293103503e-01
9.676293316014572456e-04 4.376694937048740131e-01
9.297665137505512715e-04 4.459274086804376758e-01
8.933852697507657908e-04 4.541853236560013385e-01
8.584275733634057302e-04 4.624432386315650012e-01
8.248376833564169484e-04 4.707011536071287194e-01
7.925620508449184639e-04 4.789590685826923822e-01
7.615492309823061268e-04 4.872169835582560449e-01
7.317497986693577167e-04 4.954748985338197076e-01
7.031162679869040928e-04 5.037328135093833703e-01
6.756030151117571039e-04 5.119907284849470885e-01
6.491662045072795579e-04 5.202486434605106957e-01
6.237637182026514824e-04 5.285065584360744140e-01
5.993550879961090806e-04 5.367644734116380212e-01
5.759014304366395385e-04 5.450223883872017394e-01
5.533653844460485619e-04 5.532803033627653466e-01
5.317110514615827491e-04 5.615382183383290648e-01
5.109039379798468398e-04 5.697961333138927831e-01
4.909109004009934571e-04 5.780540482894563903e-01
4.717000920699040826e-04 5.863119632650201085e-01
4.532409124200466799e-04 5.945698782405837157e-01
4.355039581324784753e-04 6.028277932161474340e-01
4.184609762286455037e-04 6.110857081917110412e-01
4.020848190107786653e-04 6.193436231672747594e-01
3.863494007817595290e-04 6.276015381428384776e-01
3.712296562671732469e-04 6.358594531184020848e-01
3.567015006718635725e-04 6.441173680939658031e-01
3.427417913084340110e-04 6.523752830695294103e-01
3.293282907282972191e-04 6.606331980450931285e-01
3.164396313037197601e-04 6.688911130206567357e-01
3.040552811946348123e-04 6.771490279962204539e-01
2.921555116538113845e-04 6.854069429717841722e-01
2.807213656079560714e-04 6.936648579473477794e-01
2.697346274744196349e-04 7.019227729229114976e-01
2.591777941581090410e-04 7.101806878984751048e-01
2.490340471809222292e-04 7.184386028740388230e-01
2.392872259074156865e-04 7.266965178496024302e-01
2.299218018142468168e-04 7.349544328251661485e-01
2.209228537676224057e-04 7.432123478007298667e-01
2.122760442691216649e-04 7.514702627762934739e-01
2.039675966291620846e-04 7.597281777518571921e-01
1.959842730339675452e-04 7.679860927274207993e-01
1.883133534707785912e-04 7.762440077029845176e-01
1.809426154782661886e-04 7.845019226785481248e-01
1.738603146853510929e-04 7.927598376541118430e-01
1.670551661159961948e-04 8.010177526296755612e-01
1.605163262219290877e-04 8.092756676052391684e-01
1.542333756181320150e-04 8.175335825808028867e-01
1.481963024950927921e-04 8.257914975563664939e-01
1.423954866784450158e-04 8.340494125319302121e-01
1.368216843119862507e-04 8.423073275074938193e-01
1.314660131410583688e-04 8.505652424830575375e-01
1.263199383686423730e-04 8.588231574586212558e-01
1.213752590678195744e-04 8.670810724341848630e-01
1.166240951230191892e-04 8.753389874097485812e-01
1.120588746832146010e-04 8.835969023853121884e-01
1.076723221046773439e-04 8.918548173608759067e-01
1.034574463674234470e-04 9.001127323364395139e-01
9.940752994126284784e-05 9.083706473120032321e-01
9.551611809089831861e-05 9.166285622875669503e-01
9.177700859582449064e-05 9.248864772631305575e-01
8.818424187487537485e-05 9.331443922386942758e-01
8.473209149521026737e-05 9.414023072142578830e-01
8.141505505361705281e-05 9.496602221898216012e-01
7.822784541372778799e-05 9.579181371653852084e-01
7.516538228598048928e-05 9.661760521409489266e-01
7.222278413720025414e-05 9.744339671165126449e-01
6.939536041591179178e-05 9.826918820920762521e-01
6.667860408280117026e-05 9.909497970676399703e-01
6.406818443169040307e-05 9.992077120432035775e-01
6.155994019268101790e-05 1.007465627018767185e+00
5.914987290459868636e-05 1.015723541994330903e+00
5.683414054619100985e-05 1.023981456969894621e+00
5.460905141695220337e-05 1.032239371945458339e+00
5.247105825686627668e-05 1.040497286921022058e+00
5.041675259652655489e-05 1.048755201896585554e+00
4.844285932729609003e-05 1.057013116872149272e+00
4.654623148547760097e-05 1.065271031847712990e+00
4.472384523854557590e-05 1.073528946823276708e+00
4.297279506932909373e-05 1.081786861798840427e+00
4.129028914668158651e-05 1.090044776774403923e+00
3.967364487871589561e-05 1.098302691749967641e+00
3.812028463950510923e-05 1.106560606725531359e+00
3.662773166238998993e-05 1.114818521701095078e+00
3.519360609458018445e-05 1.123076436676658574e+00
3.381562120539350865e-05 1.131334351652222292e+00
3.249157974391540864e-05 1.139592266627786010e+00
3.121937043798316539e-05 1.147850181603349728e+00
2.999696463033497943e-05 1.156108096578913447e+00
2.882241304720949238e-05 1.164366011554476943e+00
2.769384269167760162e-05 1.172623926530040661e+00
2.660945386041832571e-05 1.180881841505604379e+00
2.556751727582699436e-05 1.189139756481168098e+00
2.456637133063601072e-05 1.197397671456731816e+00
2.360441944047427567e-05 1.205655586432295312e+00
2.268012749983531153e-05 1.213913501407859030e+00
2.179202143778785207e-05 1.222171416383422748e+00
2.093868486907229682e-05 1.230429331358986467e+00
2.011875683682382604e-05 1.238687246334549963e+00
1.933092964436391355e-05 1.246945161310113681e+00
1.857394677097358749e-05 1.255203076285677399e+00
1.784660086992136265e-05 1.263460991261241118e+00
1.714773184407294992e-05 1.271718906236804836e+00
1.647622499748956201e-05 1.279976821212368332e+00
1.583100925855255775e-05 1.288234736187932050e+00
1.521105547360204951e-05 1.296492651163495768e+00
1.461537476649140279e-05 1.304750566139059487e+00
1.404301696244149090e-05 1.313008481114623205e+00
1.349306907400436040e-05 1.321266396090186701e+00
1.296465384568147179e-05 1.329524311065750419e+00
1.245692835605124725e-05 1.337782226041314138e+00
1.196908267405352818e-05 1.346040141016877856e+00
1.150033856805359089e-05 1.354298055992441352e+00
1.104994826574765812e-05 1.362555970968005070e+00
1.061719326185660164e-05 1.370813885943568788e+00
1.020138317314729576e-05 1.379071800919132507e+00
9.801854637817948164e-06 1.387329715894696225e+00
9.417970258242617105e-06 1.395587630870259721e+00
9.049117584914160884e-06 1.403845545845823439e+00
8.694708139992923294e-06 1.412103460821387158e+00
8.354176479455464340e-06 1.420361375796950876e+00
8.026979291597021774e-06 1.428619290772514594e+00
7.712594530868031661e-06 1.436877205748078090e+00
7.410520585861728180e-06 1.445135120723641808e+00
7.120275479383560157e-06 1.453393035699205527e+00
6.841396100153637467e-06 1.461650950674769245e+00
6.573437464656320922e-06 1.469908865650332741e+00
6.315972007459057934e-06 1.478166780625896459e+00
6.068588899732176421e-06 1.486424695601460177e+00
5.830893394184388815e-06 1.494682610577023896e+00
5.602506195679207623e-06 1.502940525552587614e+00
5.383062856503497678e-06 1.511198440528151110e+00
5.172213195279946837e-06 1.519456355503714828e+00
4.969620738695493119e-06 1.527714270479278547e+00
4.774962184869658108e-06 1.535972185454842265e+00
4.587926887961631806e-06 1.544230100430405983e+00
4.408216362815257619e-06 1.552488015405969479e+00
4.235543808978311226e-06 1.560745930381533197e+00
4.069633653323917221e-06 1.569003845357096916e+00
3.910221110875531351e-06 1.577261760332660634e+00
3.757051762240905198e-06 1.585519675308224130e+00
3.609881148021076891e-06 1.593777590283787848e+00
3.468474379150127099e-06 1.602035505259351567e+00
3.332605761992903995e-06 1.610293420234915285e+00
3.202058438707361892e-06 1.618551335210478781e+00
3.076624041292398074e-06 1.626809250186042499e+00
2.956102359201569001e-06 1.635067165161605995e+00
2.840301020198407764e-06 1.643325080137169714e+00
2.729035183398175240e-06 1.651582995112733432e+00
2.622127244680810351e-06 1.659840910088297150e+00
2.519406553166018797e-06 1.668098825063860868e+00
2.420709139205555602e-06 1.676356740039424364e+00
2.325877452899833581e-06 1.684614655014988083e+00
2.234760112606871913e-06 1.692872569990551801e+00
2.147211663698864457e-06 1.701130484966115519e+00
2.063092346439825425e-06 1.709388399941679015e+00
1.982267873024292788e-06 1.717646314917242734e+00
1.904609213579013945e-06 1.725904229892806452e+00
1.829992390135247423e-06 1.734162144868370170e+00
1.758298278844585514e-06 1.742420059843933888e+00
1.689412420205359567e-06 1.750677974819497384e+00
1.623224836199917000e-06 1.758935889795061103e+00
1.559629855050141016e-06 1.767193804770624821e+00
1.498525942475090625e-06 1.775451719746188539e+00
1.439815539914796962e-06 1.783709634721752257e+00
1.383404908756211510e-06 1.791967549697315754e+00
1.329203980737450127e-06 1.800225464672879472e+00
1.277126214461449818e-06 1.808483379648443190e+00
1.227088457115056535e-06 1.816741294624006908e+00
1.179010811963043848e-06 1.824999209599570404e+00
1.132816510778158946e-06 1.833257124575134123e+00
1.088431791380029218e-06 1.841515039550697841e+00
1.045785779990619627e-06 1.849772954526261559e+00
1.004810378109923758e-06 1.858030869501825277e+00
9.654401539233143725e-07 1.866288784477388774e+00
9.276122377819264425e-07 1.874546699452952492e+00
8.912662219955354147e-07 1.882804614428516210e+00
8.563440644304872658e-07 1.891062529404079928e+00
8.227899958340016691e-07 1.899320444379643646e+00
7.905504309199479452e-07 1.907578359355207143e+00
7.595738827932233973e-07 1.915836274330770861e+00
7.298108808492283087e-07 1.924094189306334579e+00
7.012138917881278904e-07 1.932352104281898297e+00
6.737372438294617793e-07 1.940610019257461794e+00
6.473370537035777287e-07 1.948867934233025512e+00
6.219711567563456970e-07 1.957125849208589230e+00
5.975990395631143978e-07 1.965383764184152948e+00
5.741817753353019134e-07 1.973641679159716666e+00
5.516819617810357867e-07 1.981899594135280163e+00
5.300636613494696098e-07 1.990157509110843881e+00
5.092923440189893230e-07 1.998415424086407599e+00
