4.380073719068349192e+00 0.000000000000000000e+00
2.695836056161732830e-01 8.257914975563648841e-03
1.183391655936307657e-01 1.651582995112729768e-02
7.010500793298043987e-02 2.477374492669094999e-02
4.783235754458119160e-02 3.303165990225459536e-02
3.566475548368368276e-02 4.128957487781824420e-02
2.842919949163712212e-02 4.954748985338189304e-02
2.391182411365121163e-02 5.780540482894554882e-02
2.096885510809074621e-02 6.606331980450919072e-02
1.894438662854498745e-02 7.432123478007283957e-02
1.744973014377605366e-02 8.257914975563648841e-02
1.625674671516917635e-02 9.083706473120013725e-02
1.523559011773847893e-02 9.909497970676378609e-02
1.431547918989464936e-02 1.073528946823274488e-01
1.345990541299419037e-02 1.156108096578910976e-01
1.265137378375500929e-02 1.238687246334547465e-01
1.188234548276930272e-02 1.321266396090183814e-01
1.115007899241254700e-02 1.403845545845820442e-01
1.045383221022955569e-02 1.486424695601456791e-01
9.793441589562079663e-03 1.569003845357093418e-01
9.168672259546307296e-03 1.651582995112729768e-01
8.578978630959032542e-03 1.734162144868366395e-01
8.023468356192142367e-03 1.816741294624002745e-01
7.500955211054686003e-03 1.899320444379639372e-01
7.010040844732446687e-03 1.981899594135275722e-01
6.549196256587432909e-03 2.064478743890912349e-01
6.116830774727362308e-03 2.147057893646548976e-01
5.711345091890601515e-03 2.229637043402185603e-01
5.331169101480534231e-03 2.312216193157822508e-01
4.974786966077780412e-03 2.394795342913459135e-01
4.640752254347132490e-03 2.477374492669095762e-01
4.327695781313128237e-03 2.559953642424732667e-01
4.034328351019546982e-03 2.642532792180369294e-01
3.759440118170629275e-03 2.725111941936005922e-01
3.501897844582622064e-03 2.807691091691642549e-01
3.260640960037360352e-03 2.890270241447279176e-01
3.034677050621395911e-03 2.972849391202915803e-01
2.823077183274225882e-03 3.055428540958552985e-01
2.624971320618084848e-03 3.138007690714189613e-01
2.439543972340437947e-03 3.220586840469826240e-01
2.266030156787798063e-03 3.303165990225462867e-01
2.103711699475689038e-03 3.385745139981099494e-01
1.951913866318538823e-03 3.468324289736736121e-01
1.810002312879193699e-03 3.550903439492372748e-01
1.677380322648144330e-03 3.633482589248009931e-01
1.553486304316914306e-03 3.716061739003646558e-01
1.437791518120635267e-03 3.798640888759283185e-01
1.329798003273235506e-03 3.881220038514919812e-01
1.229036681274886956e-03 3.963799188270556439e-01
1.135065613002159005e-03 4.046378338026193067e-01
1.047468390524984279e-03 4.128957487781829694e-01
9.658526474492428815e-04 4.211536637537466876e-01
8.898486740851767243e-04 4.294115787293103503e-01
8.191081259240805485e-04 4.376694937048740131e-01
7.533028157505613576e-04 4.459274086804376758e-01
6.921235812371879376e-04 4.541853236560013385e-01
6.352792211537707390e-04 4.624432386315650012e-01
5.824954943358900787e-04 4.707011536071287194e-01
5.335141764181611278e-04 4.789590685826923822e-01
4.880921700054221494e-04 4.872169835582560449e-01
4.460006645195178617e-04 4.954748985338197076e-01
4.070243424022449287e-04 5.037328135093833703e-01
3.709606287232895079e-04 5.119907284849470885e-01
3.376189815426683025e-04 5.202486434605106957e-01
3.068202206288055556e-04 5.285065584360744140e-01
2.783958923304653442e-04 5.367644734116380212e-01
2.521876685883750555e-04 5.450223883872017394e-01
2.280467782143906117e-04 5.532803033627653466e-01
2.058334686924560950e-04 5.615382183383290648e-01
1.854164968775179052e-04 5.697961333138927831e-01
1.666726470609925209e-04 5.780540482894563903e-01
1.494862749629414925e-04 5.863119632650201085e-01
1.337488762986704211e-04 5.945698782405837157e-01
1.193586786333620755e-04 6.028277932161474340e-01
1.062202553120036446e-04 6.110857081917110412e-01
9.424416031814064046e-05 6.193436231672747594e-01
8.334658296794306847e-05 6.276015381428384776e-01
7.344902141053490606e-05 6.358594531184020848e-01
6.447797395145372001e-05 6.441173680939658031e-01
5.636464726839454013e-05 6.523752830695294103e-01
4.904468063888570693e-05 6.606331980450931285e-01
4.245788533720328554e-05 6.688911130206567357e-01
3.654799840806091172e-05 6.771490279962204539e-01
3.126245005804105314e-05 6.854069429717841722e-01
2.655214395009342841e-05 6.936648579473477794e-01
2.237124971615003042e-05 7.019227729229114976e-01
1.867700704516152675e-05 7.101806878984751048e-01
1.542954072939222207e-05 7.184386028740388230e-01
1.259168608799119044e-05 7.266965178496024302e-01
1.012882421476051559e-05 7.349544328251661485e-01
8.008726525266368624e-06 7.432123478007298667e-01
6.201408105596459958e-06 7.514702627762934739e-01
4.678989390692263361e-06 7.597281777518571921e-01
3.415565724151563978e-06 7.679860927274207993e-01
2.387084374945037461e-06 7.762440077029845176e-01
1.571228607926614655e-06 7.845019226785481248e-01
9.473084261186401842e-07 7.927598376541118430e-01
4.961576227343155402e-07 8.010177526296755612e-01
2.000367993782301403e-07 8.092756676052391684e-01
4.254202493322994397e-08 8.175335825808028867e-01
8.518826570109131448e-09 8.257914975563664939e-01
8.398122058692541473e-08 8.340494125319302121e-01
2.560355058198038637e-07 8.423073275074938193e-01
5.128085572359141382e-07 8.505652424830575375e-01
8.433803707998393330e-07 8.588231574586212558e-01
1.237720624153503422e-06 8.670810724341848630e-01
1.686629029847304455e-06 8.753389874097485812e-01
2.181679269643969378e-06 8.835969023853121884e-01
2.715166309933348077e-06 8.918548173608759067e-01
3.280056908541578584e-06 9.001127323364395139e-01
3.869943133637890850e-06 9.083706473120032321e-01
4.478998724790885511e-06 9.166285622875669503e-01
5.101938135313353243e-06 9.248864772631305575e-01
5.733978103989602514e-06 9.331443922386942758e-01
6.370801612050758849e-06 9.414023072142578830e-01
7.008524088974790113e-06 9.496602221898216012e-01
7.643661738709130147e-06 9.579181371653852084e-01
8.273101863721798405e-06 9.661760521409489266e-01
8.894075072524116349e-06 9.744339671165126449e-01
9.504129260371065686e-06 9.826918820920762521e-01
1.010110526149697633e-05 9.909497970676399703e-01
1.068311407416335482e-05 9.992077120432035775e-01
1.124851556714895519e-05 1.007465627018767185e+00
1.179589858003828371e-05 1.015723541994330903e+00
1.232406233614160702e-05 1.023981456969894621e+00
1.283199908845451978e-05 1.032239371945458339e+00
1.331887792716354909e-05 1.040497286921022058e+00
1.378402967812742505e-05 1.048755201896585554e+00
1.422693282707688335e-05 1.057013116872149272e+00
1.464720040809353438e-05 1.065271031847712990e+00
1.504456779732526223e-05 1.073528946823276708e+00
1.541888135743711634e-05 1.081786861798840427e+00
1.577008788039022393e-05 1.090044776774403923e+00
1.609822477970354184e-05 1.098302691749967641e+00
1.640341098551184324e-05 1.106560606725531359e+00
1.668583849970431507e-05 1.114818521701095078e+00
1.694576456869600087e-05 1.123076436676658574e+00
1.718350443601819204e-05 1.131334351652222292e+00
1.739942463760588449e-05 1.139592266627786010e+00
1.759393680569810487e-05 1.147850181603349728e+00
1.776749194830600648e-05 1.156108096578913447e+00
1.792057517441999530e-05 1.164366011554476943e+00
1.805370083538194431e-05 1.172623926530040661e+00
1.816740805558250541e-05 1.180881841505604379e+00
1.826225662735885815e-05 1.189139756481168098e+00
1.833882324533151346e-05 1.197397671456731816e+00
1.839769805780138898e-05 1.205655586432295312e+00
1.843948151467166566e-05 1.213913501407859030e+00
1.846478149042371234e-05 1.222171416383422748e+00
1.847421066505043331e-05 1.230429331358986467e+00
1.846838414330640807e-05 1.238687246334549963e+00
1.844791729837428764e-05 1.246945161310113681e+00
1.841342382117408356e-05 1.255203076285677399e+00
1.836551396324349709e-05 1.263460991261241118e+00
1.830479295797730177e-05 1.271718906236804836e+00
1.823185960858155323e-05 1.279976821212368332e+00
1.814730502871124076e-05 1.288234736187932050e+00
1.805171152675481307e-05 1.296492651163495768e+00
1.794565162148251288e-05 1.304750566139059487e+00
1.782968717970520313e-05 1.313008481114623205e+00
1.770436866680893246e-05 1.321266396090186701e+00
1.757023450066814735e-05 1.329524311065750419e+00
1.742781050206805275e-05 1.337782226041314138e+00
1.727760943236338040e-05 1.346040141016877856e+00
1.712013061284408641e-05 1.354298055992441352e+00
1.695585961804395888e-05 1.362555970968005070e+00
1.678526803698746479e-05 1.370813885943568788e+00
1.660881329680697344e-05 1.379071800919132507e+00
1.642693854334840070e-05 1.387329715894696225e+00
1.624007257315239995e-05 1.395587630870259721e+00
1.604862981298960225e-05 1.403845545845823439e+00
1.585301034125406988e-05 1.412103460821387158e+00
1.565359994888836028e-05 1.420361375796950876e+00
1.545077023423983544e-05 1.428619290772514594e+00
1.524487872967321391e-05 1.436877205748078090e+00
1.503626905574728086e-05 1.445135120723641808e+00
1.482527110063168408e-05 1.453393035699205527e+00
1.461220122168739744e-05 1.461650950674769245e+00
1.439736246593705572e-05 1.469908865650332741e+00
1.418104480830945265e-05 1.478166780625896459e+00
1.396352540430809346e-05 1.486424695601460177e+00
1.374506885560597342e-05 1.494682610577023896e+00
1.352592748627251202e-05 1.502940525552587614e+00
1.330634162870963128e-05 1.511198440528151110e+00
1.308653991643694739e-05 1.519456355503714828e+00
1.286673958319676501e-05 1.527714270479278547e+00
1.264714676700285570e-05 1.535972185454842265e+00
1.242795681708627010e-05 1.544230100430405983e+00
1.220935460340920343e-05 1.552488015405969479e+00
1.199151482789686218e-05 1.560745930381533197e+00
1.177460233510239992e-05 1.569003845357096916e+00
1.155877242308052128e-05 1.577261760332660634e+00
1.134417115257440281e-05 1.585519675308224130e+00
1.113093565455821289e-05 1.593777590283787848e+00
1.091919443464641778e-05 1.602035505259351567e+00
1.070906767492276948e-05 1.610293420234915285e+00
1.050066753149687986e-05 1.618551335210478781e+00
1.029409842847171101e-05 1.626809250186042499e+00
1.008945734674040567e-05 1.635067165161605995e+00
9.886834108708655289e-06 1.643325080137169714e+00
9.686311656881866169e-06 1.651582995112733432e+00
9.487966328107624303e-06 1.659840910088297150e+00
9.291868120976017753e-06 1.668098825063860868e+00
9.098080958331040738e-06 1.676356740039424364e+00
8.906662943293923540e-06 1.684614655014988083e+00
8.717666609144157262e-06 1.692872569990551801e+00
8.531139163002021252e-06 1.701130484966115519e+00
8.347122723642808685e-06 1.709388399941679015e+00
8.165654551907601313e-06 1.717646314917242734e+00
7.986767275964014448e-06 1.725904229892806452e+00
7.810489109071801499e-06 1.734162144868370170e+00
7.636844061647465995e-06 1.742420059843933888e+00
7.465852146649332714e-06 1.750677974819497384e+00
7.297529578778363507e-06 1.758935889795061103e+00
7.131888966961638471e-06 1.767193804770624821e+00
6.968939501230746521e-06 1.775451719746188539e+00
6.808687132901205829e-06 1.783709634721752257e+00
6.651134748830274393e-06 1.791967549697315754e+00
6.496282339841110865e-06 1.800225464672879472e+00
6.344127162891534384e-06 1.808483379648443190e+00
6.194663897627671708e-06 1.816741294624006908e+00
6.047884797348033933e-06 1.824999209599570404e+00
5.903779833945299912e-06 1.833257124575134123e+00
5.762336838048065612e-06 1.841515039550697841e+00
5.623541632987499663e-06 1.849772954526261559e+00
5.487378164165742493e-06 1.858030869501825277e+00
5.353828623027241062e-06 1.866288784477388774e+00
5.222873565984174500e-06 1.874546699452952492e+00
5.094492028623277737e-06 1.882804614428516210e+00
4.968661635065947681e-06 1.891062529404079928e+00
4.845358702835961090e-06 1.899320444379643646e+00
4.724558343012210642e-06 1.907578359355207143e+00
4.606234556179247031e-06 1.915836274330770861e+00
4.490360324222625557e-06 1.924094189306334579e+00
4.376907697901619820e-06 1.932352104281898297e+00
4.265847880254589230e-06 1.940610019257461794e+00
4.157151306525954896e-06 1.948867934233025512e+00
4.050787720206275987e-06 1.957125849208589230e+00
3.946726245247181223e-06 1.965383764184152948e+00
3.844935455039154728e-06 1.973641679159716666e+00
3.745383437925037183e-06 1.981899594135280163e+00
3.648037859536150955e-06 1.990157509110843881e+00
3.552866021646172414e-06 1.998415424086407599e+00
