-7.373961692455921653e-03 -1.746122719680280252e-02 -5.671400617201861720e-03 1.000000000000000021e-02
-8.592205398685201501e-03 -2.705026579694664798e-02 -1.180834531836023708e-02 2.000000000000000042e-02
-9.189228746763001068e-03 -3.309509944769845752e-02 -1.822776906280481821e-02 3.000000000000000236e-02
-9.580569344712786678e-03 -3.739188245850594283e-02 -2.483637294782017543e-02 4.000000000000000083e-02
-9.871368730165121230e-03 -4.070221692168142502e-02 -3.156072575923940526e-02 4.999999999999999584e-02
-1.010304786439535259e-02 -4.339237745651959577e-02 -3.833585145442425929e-02 5.999999999999999778e-02
-1.029596904363325356e-02 -4.566055389166955025e-02 -4.510398357855190110e-02 6.999999999999999278e-02
-1.046158636567513442e-02 -4.762440523220343169e-02 -5.181526450659944966e-02 7.999999999999998779e-02
-1.060695548127368881e-02 -4.935889772611237736e-02 -5.842825431508664319e-02 8.999999999999999667e-02
-1.073671521183400951e-02 -5.091445594770569599e-02 -6.490981707255862043e-02 9.999999999999999167e-02
-1.085406765714071534e-02 -5.232645781414034525e-02 -7.123448700079740292e-02 1.100000000000000006e-01
-1.096130771358476419e-02 -5.362056657477280719e-02 -7.738353488467417107e-02 1.199999999999999956e-01
-1.106012960253860075e-02 -5.481590577211958165e-02 -8.334392721038347274e-02 1.300000000000000044e-01
-1.115181450217662268e-02 -5.592704490953962632e-02 -8.910730727282534236e-02 1.399999999999999856e-01
-1.123735082391189022e-02 -5.696529390072552212e-02 -9.466907000107373238e-02 1.499999999999999944e-01
-1.131751434028839022e-02 -5.793957704113993079e-02 -1.000275612801726638e-01 1.599999999999999756e-01
-1.139292331116750420e-02 -5.885704075245593719e-02 -1.051834072362813205e-01 1.699999999999999845e-01
-1.146407743528421799e-02 -5.972348670363886169e-02 -1.101389652042691625e-01 1.799999999999999933e-01
-1.153138598323365932e-02 -6.054368678087302530e-02 -1.148978818516965816e-01 1.900000000000000022e-01
-1.159518848226255561e-02 -6.132161593084749229e-02 -1.194647421131711518e-01 1.999999999999999833e-01
-1.165577014506120369e-02 -6.206062658880320132e-02 -1.238447931395328799e-01 2.099999999999999922e-01
-1.171337351181848604e-02 -6.276358074820061195e-02 -1.280437291242775555e-01 2.200000000000000011e-01
-1.176820731702458121e-02 -6.343295082469879720e-02 -1.320675249111543659e-01 2.299999999999999822e-01
-1.182045329390796207e-02 -6.407089723420619776e-02 -1.359223083273379817e-01 2.399999999999999911e-01
-1.187027142915776830e-02 -6.467932841606914562e-02 -1.396142630430279585e-01 2.499999999999999722e-01
-1.191780404285250686e-02 -6.525994751426388019e-02 -1.431495553613190141e-01 2.600000000000000089e-01
-1.196317897160176745e-02 -6.581428885334238144e-02 -1.465342796823226601e-01 2.699999999999999623e-01
-1.200651206334726710e-02 -6.634374656871173948e-02 -1.497744184823973090e-01 2.799999999999999711e-01
-1.204790914149755227e-02 -6.684959718065970613e-02 -1.528758135342043745e-01 2.899999999999999800e-01
-1.208746755849098541e-02 -6.733301747775924384e-02 -1.558441457999323598e-01 2.999999999999999889e-01
-1.212527743075185113e-02 -6.779509875702295629e-02 -1.586849219902225494e-01 3.099999999999999978e-01
-1.216142262575735031e-02 -6.823685822715519489e-02 -1.614034662231368933e-01 3.199999999999999512e-01
-1.219598155577145820e-02 -6.865924819754848363e-02 -1.640049155645789958e-01 3.299999999999999600e-01
-1.222902782044125308e-02 -6.906316353494956761e-02 -1.664942185034555544e-01 3.399999999999999689e-01
-1.226063073095612008e-02 -6.944944776150173416e-02 -1.688761356273825731e-01 3.499999999999999778e-01
-1.229085574115576854e-02 -6.981889808441256451e-02 -1.711552419305664985e-01 3.599999999999999867e-01
-1.231976480532053636e-02 -7.017226958297724526e-02 -1.733359303147276320e-01 3.700000000000000511e-01
-1.234741667800458471e-02 -7.051027872872879521e-02 -1.754224159445322284e-01 3.800000000000000600e-01
-1.237386716788219793e-02 -7.083360637574667718e-02 -1.774187411972321660e-01 3.900000000000001243e-01
-1.239916935494691369e-02 -7.114290032808738562e-02 -1.793287810070148258e-01 4.000000000000001332e-01
-1.242337377836025269e-02 -7.143877756793609590e-02 -1.811562484517516836e-01 4.100000000000001976e-01
-1.244652860065818302e-02 -7.172182620991586488e-02 -1.829047004664468568e-01 4.200000000000002065e-01
-1.246867975278908094e-02 -7.199260723286267372e-02 -1.845775435960581856e-01 4.300000000000002709e-01
-1.248987106349453736e-02 -7.225165602937046183e-02 -1.861780397223136985e-01 4.400000000000002798e-01
-1.251014437579646942e-02 -7.249948380484630417e-02 -1.877093117161210412e-01 4.500000000000003442e-01
-1.252953965277003867e-02 -7.273657885113553323e-02 -1.891743489802663325e-01 4.600000000000003531e-01
-1.254809507432732771e-02 -7.296340771456769070e-02 -1.905760128571798162e-01 4.700000000000004174e-01
-1.256584712638148492e-02 -7.318041627421220663e-02 -1.919170418843049453e-01 4.800000000000004263e-01
-1.258283068348362878e-02 -7.338803074294887596e-02 -1.932000568855280209e-01 4.900000000000004907e-01
-1.259907908580842201e-02 -7.358665860148140558e-02 -1.944275658916665150e-01 5.000000000000005551e-01
-1.261462421119396299e-02 -7.377668947347096329e-02 -1.956019688864461537e-01 5.100000000000005640e-01
-1.262949654280897706e-02 -7.395849594844047803e-02 -1.967255623769797734e-01 5.200000000000005729e-01
-1.264372523291536904e-02 -7.413243435790359270e-02 -1.978005437897178420e-01 5.300000000000005818e-01
-1.265733816311253972e-02 -7.429884550922315201e-02 -1.988290156942504328e-01 5.400000000000007017e-01
-1.267036200138390092e-02 -7.445805538095942588e-02 -1.998129898584054820e-01 5.500000000000007105e-01
-1.268282225621589383e-02 -7.461037578287706140e-02 -2.007543911388149360e-01 5.600000000000007194e-01
-1.269474332801780181e-02 -7.475610498330553799e-02 -2.016550612116401187e-01 5.700000000000007283e-01
-1.270614855803886729e-02 -7.489552830617725310e-02 -2.025167621484881275e-01 5.800000000000008482e-01
-1.271706027495253868e-02 -7.502891869975865380e-02 -2.033411798427453843e-01 5.900000000000008571e-01
-1.272749983925715311e-02 -7.515653727885200641e-02 -2.041299272916582142e-01 6.000000000000008660e-01
-1.273748768562447259e-02 -7.527863384203913044e-02 -2.048845477395140058e-01 6.100000000000008749e-01
-1.274704336331444927e-02 -7.539544736538385250e-02 -2.056065176872440003e-01 6.200000000000009948e-01
-1.275618557476191142e-02 -7.550720647386646722e-02 -2.062972497736852706e-01 6.300000000000010036e-01
-1.276493221243236650e-02 -7.561412989171677201e-02 -2.069580955336398354e-01 6.400000000000010125e-01
-1.277330039403516346e-02 -7.571642687271544492e-02 -2.075903480377398191e-01 6.500000000000010214e-01
-1.278130649617590688e-02 -7.581429761145018487e-02 -2.081952444189714424e-01 6.600000000000011413e-01
-1.278896618652375014e-02 -7.590793363644783576e-02 -2.087739682905707106e-01 6.700000000000011502e-01
-1.279629445456450382e-02 -7.599751818603805997e-02 -2.093276520598413570e-01 6.800000000000011591e-01
-1.280330564100538859e-02 -7.608322656775340365e-02 -2.098573791422700119e-01 6.900000000000011680e-01
-1.281001346589414301e-02 -7.616522650202491029e-02 -2.103641860801666874e-01 7.000000000000011768e-01
-1.281643105551065996e-02 -7.624367845088352025e-02 -2.108490645698899157e-01 7.100000000000011857e-01
-1.282257096808699613e-02 -7.631873593234635156e-02 -2.113129634015519787e-01 7.200000000000011946e-01
-1.282844521840802686e-02 -7.639054582112589364e-02 -2.117567903149489561e-01 7.300000000000013145e-01
-1.283406530134270640e-02 -7.645924863627194534e-02 -2.121814137753092744e-01 7.400000000000013234e-01
-1.283944221435334189e-02 -7.652497881632308596e-02 -2.125876646722991981e-01 7.500000000000013323e-01
-1.284458647902792135e-02 -7.658786498251830832e-02 -2.129763379455897887e-01 7.600000000000013411e-01
-1.284950816167837462e-02 -7.664803019059361622e-02 -2.133481941401423887e-01 7.700000000000014611e-01
-1.285421689304584204e-02 -7.670559217166283972e-02 -2.137039608942456759e-01 7.800000000000014699e-01
-1.285872188715185549e-02 -7.676066356265962010e-02 -2.140443343631997786e-01 7.900000000000014788e-01
-1.286303195933286535e-02 -7.681335212679638036e-02 -2.143699805814305026e-01 8.000000000000014877e-01
-1.286715554349337522e-02 -7.686376096447428141e-02 -2.146815367656821349e-01 8.100000000000016076e-01
-1.287110070861225732e-02 -7.691198871506031709e-02 -2.149796125618467224e-01 8.200000000000016165e-01
-1.287487517453393335e-02 -7.695812974992778666e-02 -2.152647912378529427e-01 8.300000000000016254e-01
-1.287848632707625819e-02 -7.700227435713970225e-02 -2.155376308249523643e-01 8.400000000000016342e-01
-1.288194123248417519e-02 -7.704450891813748037e-02 -2.157986652096319513e-01 8.500000000000017542e-01
-1.288524665125789261e-02 -7.708491607678247259e-02 -2.160484051782879389e-01 8.600000000000017630e-01
-1.288840905138246076e-02 -7.712357490108091851e-02 -2.162873394167036112e-01 8.700000000000017719e-01
-1.289143462098475690e-02 -7.716056103790937259e-02 -2.165159354662830049e-01 8.800000000000017808e-01
-1.289432928044287850e-02 -7.719594686104483405e-02 -2.167346406389169255e-01 8.900000000000017897e-01
-1.289709869397131017e-02 -7.722980161278832079e-02 -2.169438828922626017e-01 9.000000000000019096e-01
-1.289974828070486121e-02 -7.726219153946013718e-02 -2.171440716671579063e-01 9.100000000000019185e-01
-1.290228322530296776e-02 -7.729318002103241492e-02 -2.173355986887988422e-01 9.200000000000019273e-01
-1.290470848809506868e-02 -7.732282769515100296e-02 -2.175188387332565310e-01 9.300000000000019362e-01
-1.290702881478700270e-02 -7.735119257579183005e-02 -2.176941503608274819e-01 9.400000000000020561e-01
-1.290924874574747236e-02 -7.737833016678297149e-02 -2.178618766176550481e-01 9.500000000000020650e-01
-1.291137262489258815e-02 -7.740429357041413161e-02 -2.180223457069918047e-01 9.600000000000020739e-01
-1.291340460818601356e-02 -7.742913359134652451e-02 -2.181758716314214641e-01 9.700000000000020828e-01
-1.291534867177130362e-02 -7.745289883602747560e-02 -2.183227548072881607e-01 9.800000000000022027e-01
-1.291720861975247103e-02 -7.747563580780286729e-02 -2.184632826525481353e-01 9.900000000000022116e-01
-1.291898809163770541e-02 -7.749738899791393243e-02 -2.185977301491799363e-01 1.000000000000002220e+00
-1.292069056946113480e-02 -7.751820097255740505e-02 -2.187263603812613921e-01 1.010000000000002229e+00
-1.292231938459645520e-02 -7.753811245617829584e-02 -2.188494250497716176e-01 1.020000000000002238e+00
-1.292387772427568138e-02 -7.755716241115878651e-02 -2.189671649651090957e-01 1.030000000000002247e+00
-1.292536863782586982e-02 -7.757538811405907675e-02 -2.190798105183064393e-01 1.040000000000002478e+00
-1.292679504263600024e-02 -7.759282522855961983e-02 -2.191875821318550743e-01 1.050000000000002487e+00
-1.292815972986561916e-02 -7.760950787524714678e-02 -2.192906906910209730e-01 1.060000000000002496e+00
-1.292946536990662032e-02 -7.762546869838124475e-02 -2.193893379565044210e-01 1.070000000000002505e+00
-1.293071451760850060e-02 -7.764073892977137181e-02 -2.194837169592358805e-01 1.080000000000002514e+00
-1.293190961727778802e-02 -7.765534844989196994e-02 -2.195740123780995090e-01 1.090000000000002522e+00
-1.293305300746081833e-02 -7.766932584635043157e-02 -2.196604009013057024e-01 1.100000000000002531e+00
-1.293414692551997543e-02 -7.768269846982819860e-02 -2.197430515721342792e-01 1.110000000000002540e+00
-1.293519351201153494e-02 -7.769549248759899385e-02 -2.198221261197102760e-01 1.120000000000002771e+00
-1.293619481487437092e-02 -7.770773293473287602e-02 -2.198977792754766569e-01 1.130000000000002780e+00
-1.293715279343725204e-02 -7.771944376308424773e-02 -2.199701590759666203e-01 1.140000000000002789e+00
-1.293806932225286324e-02 -7.773064788816042014e-02 -2.200394071524792439e-01 1.150000000000002798e+00
-1.293894619476588376e-02 -7.774136723396204984e-02 -2.201056590082212383e-01 1.160000000000002807e+00
-1.293978512682236563e-02 -7.775162277588397453e-02 -2.201690442834567663e-01 1.170000000000002816e+00
-1.294058776002722511e-02 -7.776143458175896472e-02 -2.202296870091837722e-01 1.180000000000002824e+00
-1.294135566495656364e-02 -7.777082185112606239e-02 -2.202877058498357576e-01 1.190000000000002833e+00
-1.294209034423090231e-02 -7.777980295280054190e-02 -2.203432143354829564e-01 1.200000000000003064e+00
-1.294279323545548081e-02 -7.778839546081658951e-02 -2.203963210839842701e-01 1.210000000000003073e+00
-1.294346571403333021e-02 -7.779661618881662799e-02 -2.204471300135289746e-01 1.220000000000003082e+00
-1.294410909585666167e-02 -7.780448122295152702e-02 -2.204957405459809228e-01 1.230000000000003091e+00
-1.294472463988176510e-02 -7.781200595335777126e-02 -2.205422478014278653e-01 1.240000000000003100e+00
-1.294531355059246047e-02 -7.781920510427241255e-02 -2.205867427843060669e-01 1.250000000000003109e+00
-1.294587698035705101e-02 -7.782609276284545297e-02 -2.206293125614805228e-01 1.260000000000003118e+00
-1.294641603168332142e-02 -7.783268240670504490e-02 -2.206700404326123466e-01 1.270000000000003126e+00
-1.294693175937575158e-02 -7.783898693033027005e-02 -2.207090060931586051e-01 1.280000000000003357e+00
-1.294742517259963796e-02 -7.784501867028287281e-02 -2.207462857903196851e-01 1.290000000000003366e+00
-1.294789723685581609e-02 -7.785078942934697821e-02 -2.207819524722381688e-01 1.300000000000003375e+00
-1.294834887586986463e-02 -7.785631049962486727e-02 -2.208160759307402354e-01 1.310000000000003384e+00
-1.294878097339969072e-02 -7.786159268463288541e-02 -2.208487229379057504e-01 1.320000000000003393e+00
-1.294919437496482202e-02 -7.786664632044157375e-02 -2.208799573767240565e-01 1.330000000000003402e+00
-1.294958988950088707e-02 -7.787148129590140688e-02 -2.209098403661003407e-01 1.340000000000003411e+00
-1.294996829094258867e-02 -7.787610707199223159e-02 -2.209384303804517724e-01 1.350000000000003419e+00
-1.295033031973806016e-02 -7.788053270033754028e-02 -2.209657833641279767e-01 1.360000000000003650e+00
-1.295067668429776553e-02 -7.788476684091528990e-02 -2.209919528408829104e-01 1.370000000000003659e+00
-1.295100806238073075e-02 -7.788881777900459602e-02 -2.210169900186084169e-01 1.380000000000003668e+00
-1.295132510242074167e-02 -7.789269344139720941e-02 -2.210409438895371004e-01 1.390000000000003677e+00
-1.295162842479521612e-02 -7.789640141190949663e-02 -2.210638613261091401e-01 1.400000000000003464e+00
-1.295191862303909924e-02 -7.789994894622156996e-02 -2.210857871726920887e-01 1.410000000000003473e+00
-1.295219626500633547e-02 -7.790334298607534680e-02 -2.211067643333288757e-01 1.420000000000003260e+00
-1.295246189398099185e-02 -7.790659017285803123e-02 -2.211268338556955093e-01 1.430000000000003268e+00
-1.295271602974037810e-02 -7.790969686059763533e-02 -2.211460350114180795e-01 1.440000000000003055e+00
-1.295295916957209595e-02 -7.791266912839661662e-02 -2.211644053729224790e-01 1.450000000000002842e+00
-1.295319178924713051e-02 -7.791551279232721006e-02 -2.211819808869525672e-01 1.460000000000002851e+00
-1.295341434395086942e-02 -7.791823341681232418e-02 -2.211987959449113472e-01 1.470000000000002638e+00
-1.295362726917377062e-02 -7.792083632551374817e-02 -2.212148834501576899e-01 1.480000000000002647e+00
-1.295383098156351748e-02 -7.792332661174961039e-02 -2.212302748823894716e-01 1.490000000000002434e+00
-1.295402587974031280e-02 -7.792570914846055907e-02 -2.212450003592432990e-01 1.500000000000002442e+00
-1.295421234507686085e-02 -7.792798859774525966e-02 -2.212590886952287283e-01 1.510000000000002229e+00
-1.295439074244470086e-02 -7.793016941998301417e-02 -2.212725674581110247e-01 1.520000000000002238e+00
-1.295456142092813422e-02 -7.793225588256177949e-02 -2.212854630228544561e-01 1.530000000000002025e+00
-1.295472471450727012e-02 -7.793425206822839069e-02 -2.212978006232344808e-01 1.540000000000001812e+00
-1.295488094271162773e-02 -7.793616188307780912e-02 -2.213096044012125285e-01 1.550000000000001821e+00
-1.295503041124532184e-02 -7.793798906419632799e-02 -2.213208974541784613e-01 1.560000000000001608e+00
-1.295517341258529791e-02 -7.793973718697423669e-02 -2.213317018801442271e-01 1.570000000000001616e+00
-1.295531022655363636e-02 -7.794140967210221038e-02 -2.213420388209881018e-01 1.580000000000001403e+00
-1.295544112086506952e-02 -7.794300979226440051e-02 -2.213519285038225981e-01 1.590000000000001412e+00
-1.295556635165089759e-02 -7.794454067854306167e-02 -2.213613902805744715e-01 1.600000000000001199e+00
-1.295568616396013117e-02 -7.794600532654480385e-02 -2.213704426658538449e-01 1.610000000000000986e+00
-1.295580079223903822e-02 -7.794740660226269491e-02 -2.213791033731809244e-01 1.620000000000000995e+00
-1.295591046078983961e-02 -7.794874724768410812e-02 -2.213873893496489109e-01 1.630000000000000782e+00
-1.295601538420973128e-02 -7.795002988615627737e-02 -2.213953168090863344e-01 1.640000000000000790e+00
-1.295611576781065429e-02 -7.795125702751966312e-02 -2.214029012637814264e-01 1.650000000000000577e+00
-1.295621180802119035e-02 -7.795243107301920438e-02 -2.214101575548385881e-01 1.660000000000000586e+00
-1.295630369277082916e-02 -7.795355432000283802e-02 -2.214170998812182711e-01 1.670000000000000373e+00
-1.295639160185775920e-02 -7.795462896641719430e-02 -2.214237418275221969e-01 1.680000000000000160e+00
-1.295647570730067838e-02 -7.795565711510818452e-02 -2.214300963905737052e-01 1.690000000000000169e+00
-1.295655617367537371e-02 -7.795664077793593161e-02 -2.214361760048497996e-01 1.699999999999999956e+00
-1.295663315843677103e-02 -7.795758187971145448e-02 -2.214419925668152378e-01 1.709999999999999964e+00
-1.295670681222707739e-02 -7.795848226196339104e-02 -2.214475574581973583e-01 1.719999999999999751e+00
-1.295677727917051228e-02 -7.795934368654112989e-02 -2.214528815682614282e-01 1.729999999999999760e+00
-1.295684469715533554e-02 -7.796016783906255243e-02 -2.214579753151160735e-01 1.739999999999999547e+00
-1.295690919810364716e-02 -7.796095633221204746e-02 -2.214628486660996376e-01 1.749999999999999334e+00
-1.295697090822960258e-02 -7.796171070889702792e-02 -2.214675111572847188e-01 1.759999999999999343e+00
-1.295702994828627427e-02 -7.796243244526605831e-02 -2.214719719121384101e-01 1.769999999999999130e+00
-1.295708643380205291e-02 -7.796312295359812683e-02 -2.214762396593735749e-01 1.779999999999999138e+00
-1.295714047530661245e-02 -7.796378358506558803e-02 -2.214803227500295180e-01 1.789999999999998925e+00
-1.295719217854725790e-02 -7.796441563237831163e-02 -2.214842291738139679e-01 1.799999999999998934e+00
-1.295724164469581365e-02 -7.796502033231365869e-02 -2.214879665747365722e-01 1.809999999999998721e+00
-1.295728897054663348e-02 -7.796559886813583806e-02 -2.214915422660659050e-01 1.819999999999998508e+00
-1.295733424870595778e-02 -7.796615237191183156e-02 -2.214949632446409078e-01 1.829999999999998517e+00
-1.295737756777314877e-02 -7.796668192672662201e-02 -2.214982362045628261e-01 1.839999999999998304e+00
-1.295741901251406918e-02 -7.796718856880172077e-02 -2.215013675502905954e-01 1.849999999999998312e+00
-1.295745866402695651e-02 -7.796767328952422527e-02 -2.215043634091780345e-01 1.859999999999998099e+00
-1.295749659990103921e-02 -7.796813703738554591e-02 -2.215072296434597299e-01 1.869999999999998108e+00
-1.295753289436845507e-02 -7.796858071983789329e-02 -2.215099718617233038e-01 1.879999999999997895e+00
-1.295756761844947536e-02 -7.796900520506998278e-02 -2.215125954298857447e-01 1.889999999999997682e+00
-1.295760084009148563e-02 -7.796941132370573124e-02 -2.215151054816901222e-01 1.899999999999997691e+00
-1.295763262430187773e-02 -7.796979987042969296e-02 -2.215175069287541876e-01 1.909999999999997478e+00
-1.295766303327534896e-02 -7.797017160554199633e-02 -2.215198044701806590e-01 1.919999999999997486e+00
-1.295769212651556174e-02 -7.797052725644636195e-02 -2.215220026017504229e-01 1.929999999999997273e+00
-1.295771996095155046e-02 -7.797086751907308932e-02 -2.215241056247219953e-01 1.939999999999997282e+00
-1.295774659104919485e-02 -7.797119305924123112e-02 -2.215261176542480948e-01 1.949999999999997069e+00
-1.295777206891766779e-02 -7.797150451396063497e-02 -2.215280426274257031e-01 1.959999999999996856e+00
-1.295779644441159319e-02 -7.797180249267998686e-02 -2.215298843110033167e-01 1.969999999999996865e+00
-1.295781976522838823e-02 -7.797208757847744198e-02 -2.215316463087485532e-01 1.979999999999996652e+00
-1.295784207700178929e-02 -7.797236032920333570e-02 -2.215333320685027862e-01 1.989999999999996660e+00
-1.295786342339096467e-02 -7.797262127857042258e-02 -2.215349448889259443e-01 1.999999999999996447e+00
