-1.639250873682303322e-02 -3.181230725696344130e+00 1.095737580810646553e-02
-2.553332936526200511e-02 -5.813924470444462145e+00 2.191475161621293105e-02
-3.343542009350707750e-02 -8.447004365605872422e+00 3.287212742431939311e-02
-4.065043790559900311e-02 -1.105264756769448553e+01 4.382950323242586210e-02
-4.734713995345302129e-02 -1.361236839224447159e+01 5.478687904053232416e-02
-5.357536065489101190e-02 -1.611249987133181705e+01 6.574425484863878621e-02
-5.934894154564140933e-02 -1.854325285996639394e+01 7.670163065674524827e-02
-6.467576347473785736e-02 -2.089808217231339071e+01 8.765900646485171033e-02
-6.956685714900485984e-02 -2.317305034282775722e+01 9.861638227295815851e-02
-7.403792349508664383e-02 -2.536622763669849334e+01 1.095737580810646206e-01
-7.810859565904566815e-02 -2.747717557023650414e+01 1.205311338891710826e-01
-8.180128686983230424e-02 -2.950653028704261160e+01 1.314885096972775447e-01
-8.514014042526495130e-02 -3.145568070934452720e+01 1.424458855053840067e-01
-8.815017069609971945e-02 -3.332652702039889192e+01 1.534032613134904965e-01
-9.085657881161582350e-02 -3.512130304683833515e+01 1.643606371215969586e-01
-9.328421514352319699e-02 -3.684244756197131920e+01 1.753180129297034484e-01
-9.545716694463012020e-02 -3.849251214992933257e+01 1.862753887378099105e-01
-9.739845443993713769e-02 -4.007409596754635572e+01 1.972327645459163725e-01
-9.912982047774750172e-02 -4.158980008650116389e+01 2.081901403540228623e-01
-1.006715991816437283e-01 -4.304219598298285376e+01 2.191475161621293244e-01
-1.020426492837704369e-01 -4.443380419205269050e+01 2.301048919702358142e-01
-1.032603385526272982e-01 -4.576708023084727017e+01 2.410622677783422763e-01
-1.043405670064254387e-01 -4.704440569669480254e+01 2.520196435864487383e-01
-1.052978182456689171e-01 -4.826808303184004245e+01 2.629770193945552004e-01
-1.061452300228142992e-01 -4.944033287131314580e+01 2.739343952026616624e-01
-1.068946769107615713e-01 -5.056329319734156513e+01 2.848917710107681245e-01
-1.075568595185867893e-01 -5.163901974470150691e+01 2.958491468188746421e-01
-1.081413960728817431e-01 -5.266948726025430716e+01 3.068065226269811041e-01
-1.086569133199350862e-01 -5.365659133392993851e+01 3.177638984350875662e-01
-1.091111346174186286e-01 -5.460215060016818001e+01 3.287212742431940282e-01
-1.095109637985072770e-01 -5.550790916739263992e+01 3.396786500513004903e-01
-1.098625639363160628e-01 -5.637553917502108902e+01 3.506360258594070078e-01
-1.101714305425074703e-01 -5.720664340749816290e+01 3.615934016675134699e-01
-1.104424590290183222e-01 -5.800275791627033328e+01 3.725507774756199320e-01
-1.106800064701760483e-01 -5.876535461591664955e+01 3.835081532837263940e-01
-1.108879478445344707e-01 -5.949584383155530531e+01 3.944655290918328561e-01
-1.110697270277876264e-01 -6.019557678240228427e+01 4.054229048999393736e-01
-1.112284028632337246e-01 -6.086584799186334038e+01 4.163802807080458357e-01
-1.113666906645854882e-01 -6.150789761843540049e+01 4.273376565161522977e-01
-1.114869995151909349e-01 -6.212291370443358574e+01 4.382950323242587598e-01
-1.115914657238583491e-01 -6.271203434147521705e+01 4.492524081323652219e-01
-1.116819827848463675e-01 -6.327634975298428088e+01 4.602097839404717394e-01
-1.117602281713585416e-01 -6.381690429488362781e+01 4.711671597485782015e-01
-1.118276872705531860e-01 -6.433469837625595744e+01 4.821245355566846635e-01
-1.118856747450935191e-01 -6.483069030214949180e+01 4.930819113647911256e-01
-1.119353535830408669e-01 -6.530579804095071950e+01 5.040392871728975877e-01
-1.119777520749759558e-01 -6.576090091888994493e+01 5.149966629810039942e-01
-1.120137789353328472e-01 -6.619684124430550298e+01 5.259540387891105118e-01
-1.120442367642162235e-01 -6.661442586431354584e+01 5.369114145972169183e-01
-1.120698340267139992e-01 -6.701442765650077149e+01 5.478687904053234359e-01
-1.120911957089485572e-01 -6.739758695821676326e+01 5.588261662134299534e-01
-1.121088727937885887e-01 -6.776461293597610336e+01 5.697835420215363600e-01
-1.121233506843599542e-01 -6.811618489741086080e+01 5.807409178296428776e-01
-1.121350566900011364e-01 -6.845295354813156052e+01 5.916982936377492841e-01
-1.121443666772129893e-01 -6.877554219577376671e+01 6.026556694458558017e-01
-1.121516109771514558e-01 -6.908454790342501894e+01 6.136130452539623192e-01
-1.121570796314306923e-01 -6.938054259453998895e+01 6.245704210620687258e-01
-1.121610270491509853e-01 -6.966407411137211625e+01 6.355277968701752433e-01
-1.121636761401656329e-01 -6.993566722886660614e+01 6.464851726782817609e-01
-1.121652219825352986e-01 -7.019582462588286376e+01 6.574425484863881675e-01
-1.121658350758002326e-01 -7.044502781553786974e+01 6.683999242944946850e-01
-1.121656642260364795e-01 -7.068373803638533559e+01 6.793573001026010916e-01
-1.121648391036402514e-01 -7.091239710608012103e+01 6.903146759107076091e-01
-1.121634725102903796e-01 -7.113142823910166612e+01 7.012720517188141267e-01
-1.121616623875072438e-01 -7.134123683005226724e+01 7.122294275269205333e-01
-1.121594935956835709e-01 -7.154221120397370726e+01 7.231868033350270508e-01
-1.121570394892552197e-01 -7.173472333507605470e+01 7.341441791431334574e-01
-1.121543633108530030e-01 -7.191912953520244400e+01 7.451015549512399749e-01
-1.121515194247552916e-01 -7.209577111330813182e+01 7.560589307593464925e-01
-1.121485544076959301e-01 -7.226497500717087519e+01 7.670163065674528990e-01
-1.121455080131009002e-01 -7.242705438850366306e+01 7.779736823755594166e-01
-1.121424140230241895e-01 -7.258230924258958794e+01 7.889310581836658232e-01
-1.121393010004782947e-01 -7.273102692350850873e+01 7.998884339917723407e-01
-1.121361929534412660e-01 -7.287348268598837819e+01 8.108458097998788583e-01
-1.121331099205653548e-01 -7.300994019486053332e+01 8.218031856079852648e-01
-1.121300684874907694e-01 -7.314065201306476638e+01 8.327605614160917824e-01
-1.121270822416796098e-01 -7.326586006910605420e+01 8.437179372241981890e-01
-1.121241621727956522e-01 -7.338579610482898374e+01 8.546753130323047065e-01
-1.121213170248714919e-01 -7.350068210433775562e+01 8.656326888404112241e-01
-1.121185536058070947e-01 -7.361073070485659287e+01 8.765900646485176306e-01
-1.121158770591134390e-01 -7.371614559029023894e+01 8.875474404566241482e-01
-1.121132911022752060e-01 -7.381712186821258115e+01 8.985048162647305547e-01
-1.121107982355969424e-01 -7.391384643098271567e+01 9.094621920728370723e-01
-1.121083999249798957e-01 -7.400649830165541232e+01 9.204195678809435899e-01
-1.121060967616665238e-01 -7.409524896532647631e+01 9.313769436890499964e-01
-1.121038886016718916e-01 -7.418026268652670296e+01 9.423343194971565140e-01
-1.121017746872819409e-01 -7.426169681325161775e+01 9.532916953052629205e-01
-1.120997537527493870e-01 -7.433970206818962367e+01 9.642490711133694381e-01
-1.120978241160773270e-01 -7.441442282768733207e+01 9.752064469214759557e-01
-1.120959837585341484e-01 -7.448599738897007683e+01 9.861638227295823622e-01
-1.120942303934065187e-01 -7.455455822610892369e+01 9.971211985376887688e-01
