-4.293788893478269440e-03 -8.511086814400014022e-01 1.095737580810646379e-03
-6.316285025708894690e-03 -1.091769586388490199e+00 2.191475161621292758e-03
-7.963997046260920878e-03 -1.342011579409547517e+00 3.287212742431939137e-03
-9.417273713975216065e-03 -1.596681123332702290e+00 4.382950323242585516e-03
-1.074601790463777448e-02 -1.854014463140925217e+00 5.478687904053232763e-03
-1.198610253518870260e-02 -2.113177898614993833e+00 6.574425484863879142e-03
-1.315885072560375561e-02 -2.373698060387285480e+00 7.670163065674525521e-03
-1.427816392024548221e-02 -2.635274861196804874e+00 8.765900646485171033e-03
-1.535370372537735000e-02 -2.897703518761366670e+00 9.861638227295818279e-03
-1.639250873682303322e-02 -3.160836563232230834e+00 1.095737580810646553e-02
-1.739989549912782443e-02 -3.424563228134041015e+00 1.205311338891711104e-02
-1.837999668174126328e-02 -3.688797349129412151e+00 1.314885096972775828e-02
-1.933610052108827512e-02 -3.953469807294425653e+00 1.424458855053840380e-02
-2.027087446743152874e-02 -4.218523572191910098e+00 1.534032613134905104e-02
-2.118651790279502817e-02 -4.483910318774770865e+00 1.643606371215969655e-02
-2.208486958272930928e-02 -4.749588044442261570e+00 1.753180129297034207e-02
-2.296748515366671753e-02 -5.015519349460736187e+00 1.862753887378099105e-02
-2.383569429248882238e-02 -5.281670174388942485e+00 1.972327645459163656e-02
-2.469064360705282984e-02 -5.548008862991765433e+00 2.081901403540228207e-02
-2.553332936526200511e-02 -5.814505463622579917e+00 2.191475161621293105e-02
-2.636462282162923762e-02 -6.081131209373928925e+00 2.301048919702357656e-02
-2.718529007169019976e-02 -6.347858134596570778e+00 2.410622677783422207e-02
-2.799600780794981453e-02 -6.614658796694927290e+00 2.520196435864487106e-02
-2.879737597177260688e-02 -6.881506079748677784e+00 2.629770193945551657e-02
-2.958992803151254403e-02 -7.148373061854776722e+00 2.739343952026616208e-02
-3.037413942932578811e-02 -7.415232931956928120e+00 2.848917710107680759e-02
-3.115043460337716189e-02 -7.682058944829678104e+00 2.958491468188745657e-02
-3.191919289261160864e-02 -7.948824405122104864e+00 3.068065226269810208e-02
-3.268075355731871190e-02 -8.215502673134638556e+00 3.177638984350875107e-02
-3.343542009350707750e-02 -8.482067186428206895e+00 3.287212742431939311e-02
-3.418346397742080128e-02 -8.748491492526904167e+00 3.396786500513003515e-02
-3.492512794509541191e-02 -9.014749288931811932e+00 3.506360258594067719e-02
-3.566062888796823344e-02 -9.280814467453467387e+00 3.615934016675131923e-02
-3.639016042753821789e-02 -9.546661160521628275e+00 3.725507774756196822e-02
-3.711389521833066002e-02 -9.812263787670007176e+00 3.835081532837261026e-02
-3.783198701804799807e-02 -1.007759710083371552e+01 3.944655290918325230e-02
-3.854457255590105352e-02 -1.034263622745838518e+01 4.054229048999389434e-02
-3.925177322407148034e-02 -1.060735671071210007e+01 4.163802807080453638e-02
-3.995369661274848772e-02 -1.087173454632569936e+01 4.273376565161517843e-02
-4.065043790559908637e-02 -1.113574621577418888e+01 4.382950323242582741e-02
-4.134208114984287002e-02 -1.139936871565883436e+01 4.492524081323646945e-02
-4.202870041302138315e-02 -1.166257958326282917e+01 4.602097839404711149e-02
-4.271036083685278428e-02 -1.192535691834064515e+01 4.711671597485775353e-02
-4.338711959726553047e-02 -1.218767940126425309e+01 4.821245355566839558e-02
-4.405902677867296058e-02 -1.244952630769655499e+01 4.930819113647903762e-02
-4.472612616965042365e-02 -1.271087751999341364e+01 5.040392871728968660e-02
-4.538845598649467877e-02 -1.297171353555523154e+01 5.149966629810032864e-02
-4.604604953053818145e-02 -1.323201547236140918e+01 5.259540387891097069e-02
-4.669893578459376193e-02 -1.349176507192285612e+01 5.369114145972161273e-02
-4.734713995345270904e-02 -1.375094469988776957e+01 5.478687904053225477e-02
-4.799068395297665518e-02 -1.400953734453001509e+01 5.588261662134289681e-02
-4.862958685198105063e-02 -1.426752661333972405e+01 5.697835420215354579e-02
-4.926386527081341726e-02 -1.452489672792719944e+01 5.807409178296418784e-02
-4.989353374019152992e-02 -1.478163251743714213e+01 5.916982936377482988e-02
-5.051860502368230726e-02 -1.503771941065915030e+01 6.026556694458547192e-02
-5.113909040689233743e-02 -1.529314342700633134e+01 6.136130452539611396e-02
-5.175499995625090083e-02 -1.554789116652085568e+01 6.245704210620676294e-02
-5.236634275004628525e-02 -1.580194979905309616e+01 6.355277968701741886e-02
-5.297312708417650784e-02 -1.605530705274690817e+01 6.464851726782806784e-02
-5.357536065489069271e-02 -1.630795120195329062e+01 6.574425484863871683e-02
-5.417305072062242322e-02 -1.655987105468172516e+01 6.683999242944936581e-02
-5.476620424485773020e-02 -1.681105593968884548e+01 6.793573001026001479e-02
-5.535482802181731360e-02 -1.706149569329320670e+01 6.903146759107066377e-02
-5.593892878659931234e-02 -1.731118064599593254e+01 7.012720517188131275e-02
-5.651851331128960459e-02 -1.756010160897842454e+01 7.122294275269196173e-02
-5.709358848841809136e-02 -1.780824986053951520e+01 7.231868033350261071e-02
-5.766416140303691484e-02 -1.805561713252851064e+01 7.341441791431325969e-02
-5.823023939455945069e-02 -1.830219559682249297e+01 7.451015549512392255e-02
-5.879183010943977300e-02 -1.854797785189062154e+01 7.560589307593457153e-02
-5.934894154564206159e-02 -1.879295690948270092e+01 7.670163065674522052e-02
-5.990158208977264948e-02 -1.903712618147476476e+01 7.779736823755586950e-02
-6.044976054768570750e-02 -1.928047946689796888e+01 7.889310581836651848e-02
-6.099348616927173505e-02 -1.952301093917539632e+01 7.998884339917716746e-02
-6.153276866809417184e-02 -1.976471513358605847e+01 8.108458097998781644e-02
-6.206761823646897436e-02 -2.000558693497254836e+01 8.218031856079846542e-02
-6.259804555650554103e-02 -2.024562156570589622e+01 8.327605614160911440e-02
-6.312406180761545582e-02 -2.048481457391827476e+01 8.437179372241976338e-02
-6.364567867091130982e-02 -2.072316182201247869e+01 8.546753130323041237e-02
-6.416290833088740542e-02 -2.096065947545371699e+01 8.656326888404106135e-02
-6.467576347473798226e-02 -2.119730399184928871e+01 8.765900646485172421e-02
-6.518425728962759513e-02 -2.143309211031809625e+01 8.875474404566237319e-02
-6.568840345818988125e-02 -2.166802084115206739e+01 8.985048162647302217e-02
-6.618821615251221924e-02 -2.190208745576923377e+01 9.094621920728367115e-02
-6.668371002683200210e-02 -2.213528947695814253e+01 9.204195678809432013e-02
-6.717490020912859905e-02 -2.236762466941092953e+01 9.313769436890496911e-02
-6.766180229181414929e-02 -2.259909103054325996e+01 9.423343194971561809e-02
-6.814443232165562359e-02 -2.282968678159699749e+01 9.532916953052626707e-02
-6.862280678907289877e-02 -2.305941035902219127e+01 9.642490711133691605e-02
-6.909694261694207529e-02 -2.328826040613338577e+01 9.752064469214756504e-02
-6.956685714900523454e-02 -2.351623576503584445e+01 9.861638227295821402e-02
-7.003256813797636982e-02 -2.374333546881601720e+01 9.971211985376886300e-02
-7.049409373343384910e-02 -2.396955873399063464e+01 1.008078574345795120e-01
-7.095145246956031937e-02 -2.419490495320919976e+01 1.019035950153901748e-01
-7.140466325279903881e-02 -2.441937368820306631e+01 1.029993325962008238e-01
-7.185374534947601421e-02 -2.464296466297580679e+01 1.040950701770114728e-01
-7.229871837343625207e-02 -2.486567775722814488e+01 1.051908077578221218e-01
-7.273960227372992804e-02 -2.508751300001138418e+01 1.062865453386327708e-01
-7.317641732237706309e-02 -2.530847056360285663e+01 1.073822829194434197e-01
-7.360918410224985553e-02 -2.552855075759786985e+01 1.084780205002540687e-01
-7.403792349508715731e-02 -2.574775402321037987e+01 1.095737580810647177e-01
-7.446265666965908026e-02 -2.596608092777817589e+01 1.106694956618753667e-01
-7.488340507010440850e-02 -2.618353215946428847e+01 1.117652332426860157e-01
-7.530019040444652090e-02 -2.640010852215038284e+01 1.128609708234966647e-01
-7.571303463329857875e-02 -2.661581093051524149e+01 1.139567084043073136e-01
-7.612195995876808174e-02 -2.683064040529222893e+01 1.150524459851179765e-01
-7.652698881356841121e-02 -2.704459806870061556e+01 1.161481835659286255e-01
-7.692814385033278080e-02 -2.725768514004499465e+01 1.172439211467392745e-01
-7.732544793113874104e-02 -2.746990293147637630e+01 1.183396587275499234e-01
-7.771892411724584671e-02 -2.768125284391106078e+01 1.194353963083605724e-01
-7.810859565904544610e-02 -2.789173636310049531e+01 1.205311338891712214e-01
-7.849448598621558415e-02 -2.810135505584798921e+01 1.216268714699818704e-01
-7.887661869808876292e-02 -2.831011056636678092e+01 1.227226090507925194e-01
-7.925501755422843797e-02 -2.851800461277477083e+01 1.238183466316031683e-01
-7.962970646520431406e-02 -2.872503898372102427e+01 1.249140842124138034e-01
-8.000070948357272671e-02 -2.893121553513941890e+01 1.260098217932244524e-01
-8.036805079505933425e-02 -2.913653618712550397e+01 1.271055593740350875e-01
-8.073175470992981217e-02 -2.934100292093100038e+01 1.282012969548457226e-01
-8.109184565455693217e-02 -2.954461777607313522e+01 1.292970345356563577e-01
-8.144834816317923776e-02 -2.974738284755386530e+01 1.303927721164669928e-01
-8.180128686983188790e-02 -2.994930028318515625e+01 1.314885096972776279e-01
-8.215068650048112930e-02 -3.015037228101664724e+01 1.325842472780882630e-01
-8.249657186531055009e-02 -3.035060108686225178e+01 1.336799848588988981e-01
-8.283896785120545281e-02 -3.054998899192095863e+01 1.347757224397095333e-01
-8.317789941439117374e-02 -3.074853833049033724e+01 1.358714600205201684e-01
-8.351339157324765006e-02 -3.094625147776715934e+01 1.369671976013308035e-01
-8.384546940128621839e-02 -3.114313084773376872e+01 1.380629351821414386e-01
-8.417415802028918592e-02 -3.133917889112605337e+01 1.391586727629520737e-01
-8.449948259360565150e-02 -3.153439809348008893e+01 1.402544103437627088e-01
-8.482146831960085676e-02 -3.172879097325510500e+01 1.413501479245733439e-01
-8.514014042526545090e-02 -3.192236008002901571e+01 1.424458855053839790e-01
-8.545552415996583717e-02 -3.211510799276484818e+01 1.435416230861946141e-01
-8.576764478934764679e-02 -3.230703731814467972e+01 1.446373606670052492e-01
-8.607652758938022508e-02 -3.249815068896891290e+01 1.457330982478158843e-01
-8.638219784054389228e-02 -3.268845076261820282e+01 1.468288358286265194e-01
-8.668468082216090886e-02 -3.287794021957619606e+01 1.479245734094371822e-01
-8.698400180685997296e-02 -3.306662176201017189e+01 1.490203109902478174e-01
-8.728018605517508244e-02 -3.325449811240758180e+01 1.501160485710584525e-01
-8.757325881028077408e-02 -3.344157201226693843e+01 1.512117861518690876e-01
-8.786324529286079765e-02 -3.362784622084031128e+01 1.523075237326797227e-01
-8.815017069609984435e-02 -3.381332351392547508e+01 1.534032613134903578e-01
-8.843406018080644804e-02 -3.399800668270685122e+01 1.544989988943009929e-01
-8.871493887066433937e-02 -3.418189853264193800e+01 1.555947364751116280e-01
-8.899283184760137244e-02 -3.436500188239264020e+01 1.566904740559222631e-01
-8.926776414728564146e-02 -3.454731956279922400e+01 1.577862116367328982e-01
-8.953976075474219531e-02 -3.472885441589538402e+01 1.588819492175435333e-01
-8.980884660008445208e-02 -3.490960929396327828e+01 1.599776867983541684e-01
-9.007504655436614216e-02 -3.508958705862649907e+01 1.610734243791648035e-01
-9.033838542554956108e-02 -3.526879057997921052e+01 1.621691619599754386e-01
-9.059888795458845290e-02 -3.544722273575155924e+01 1.632648995407860737e-01
-9.085657881161546268e-02 -3.562488641050804716e+01 1.643606371215967088e-01
-9.111148259225498869e-02 -3.580178449487934245e+01 1.654563747024073439e-01
-9.136362381403133337e-02 -3.597791988482477166e+01 1.665521122832179790e-01
-9.161302691289621714e-02 -3.615329548092577738e+01 1.676478498640286141e-01
-9.185971623985492163e-02 -3.632791418770737124e+01 1.687435874448392492e-01
-9.210371605770305281e-02 -3.650177891298886834e+01 1.698393250256498843e-01
-9.234505053786414008e-02 -3.667489256726034341e+01 1.709350626064605194e-01
-9.258374375732746075e-02 -3.684725806308560436e+01 1.720308001872711545e-01
-9.281981969569293167e-02 -3.701887831452962985e+01 1.731265377680817896e-01
-9.305330223231245146e-02 -3.718975623661009422e+01 1.742222753488924525e-01
-9.328421514352262800e-02 -3.735989474477221250e+01 1.753180129297030876e-01
-9.351258209998780657e-02 -3.752929675438475243e+01 1.764137505105137227e-01
-9.373842666412481039e-02 -3.769796518025867726e+01 1.775094880913243578e-01
-9.396177228762325750e-02 -3.786590293618468195e+01 1.786052256721349929e-01
-9.418264230907399948e-02 -3.803311293449185371e+01 1.797009632529456280e-01
-9.440105995165899710e-02 -3.819959808562402515e+01 1.807967008337562631e-01
-9.461704832096176632e-02 -3.836536129773525516e+01 1.818924384145668982e-01
-9.483063040283944145e-02 -3.853040547630243395e+01 1.829881759953775333e-01
-9.504182906139731213e-02 -3.869473352375391784e+01 1.840839135761881684e-01
-9.525066703704439253e-02 -3.885834833911612662e+01 1.851796511569988035e-01
-9.545716694462960672e-02 -3.902125281767371945e+01 1.862753887378094386e-01
-9.566135127165673047e-02 -3.918344985064615571e+01 1.873711263186200737e-01
-9.586324237659508973e-02 -3.934494232487764265e+01 1.884668638994307088e-01
-9.606286248724651977e-02 -3.950573312254181246e+01 1.895626014802413439e-01
-9.626023369920932993e-02 -3.966582512085865631e+01 1.906583390610519790e-01
-9.645537797441398886e-02 -3.982522119182495857e+01 1.917540766418626141e-01
-9.664831713971648586e-02 -3.998392420195676777e+01 1.928498142226732492e-01
-9.683907288559591431e-02 -4.014193701204370512e+01 1.939455518034838843e-01
-9.702766676489121833e-02 -4.029926247691464170e+01 1.950412893842945194e-01
-9.721412019163465368e-02 -4.045590344521376380e+01 1.961370269651051546e-01
-9.739845443993686014e-02 -4.061186275918812072e+01 1.972327645459157897e-01
-9.758069064294586092e-02 -4.076714325448426024e+01 1.983285021267264248e-01
-9.776084979187335544e-02 -4.092174775995522396e+01 1.994242397075370876e-01
-9.793895273508117227e-02 -4.107567909747621826e+01 2.005199772883477227e-01
-9.811502017723458535e-02 -4.122894008176992742e+01 2.016157148691583578e-01
-9.828907267851681728e-02 -4.138153352023964260e+01 2.027114524499689929e-01
-9.846113065389647256e-02 -4.153346221281167061e+01 2.038071900307796280e-01
-9.863121437247276968e-02 -4.168472895178425119e+01 2.049029276115902631e-01
-9.879934395685052717e-02 -4.183533652168546269e+01 2.059986651924008982e-01
-9.896553938259880501e-02 -4.198528769913782810e+01 2.070944027732115333e-01
-9.912982047774648864e-02 -4.213458525272976374e+01 2.081901403540221684e-01
-9.929220692233711731e-02 -4.228323194289441744e+01 2.092858779348328035e-01
-9.945271824803278427e-02 -4.243123052179405619e+01 2.103816155156434387e-01
-9.961137383777925181e-02 -4.257858373321180778e+01 2.114773530964540738e-01
-9.976819292550521967e-02 -4.272529431244858955e+01 2.125730906772647089e-01
-9.992319459588359931e-02 -4.287136498622614056e+01 2.136688282580753440e-01
-1.000763977841229307e-01 -4.301679847259529765e+01 2.147645658388859791e-01
-1.002278212758290349e-01 -4.316159748085009795e+01 2.158603034196966142e-01
-1.003774837068837633e-01 -4.330576471144629380e+01 2.169560410005072493e-01
-1.005254035633899312e-01 -4.344930285592559471e+01 2.180517785813178844e-01
-1.006715991816432149e-01 -4.359221459684367517e+01 2.191475161621285195e-01
-1.008160887481506923e-01 -4.373450260770349018e+01 2.202432537429391546e-01
-1.009588902996865351e-01 -4.387616955289266230e+01 2.213389913237497897e-01
-1.011000217233895132e-01 -4.401721808762476229e+01 2.224347289045604248e-01
-1.012395007568964861e-01 -4.415765085788489586e+01 2.235304664853710599e-01
-1.013773449885076172e-01 -4.429747050037936162e+01 2.246262040661816950e-01
-1.015135718573952767e-01 -4.443667964248820113e+01 2.257219416469923579e-01
-1.016481986538373961e-01 -4.457528090222216832e+01 2.268176792278029930e-01
-1.017812425194872805e-01 -4.471327688818240631e+01 2.279134168086136281e-01
-1.019127204476826948e-01 -4.485067019952392542e+01 2.290091543894242632e-01
-1.020426492837701871e-01 -4.498746342592200165e+01 2.301048919702348983e-01
-1.021710457254726562e-01 -4.512365914754115437e+01 2.312006295510455334e-01
-1.022979263232784430e-01 -4.525925993500795386e+01 2.322963671318561685e-01
-1.024233074808610366e-01 -4.539426834938532096e+01 2.333921047126668036e-01
-1.025472054555265772e-01 -4.552868694215087686e+01 2.344878422934774387e-01
-1.026696363586801219e-01 -4.566251825517663576e+01 2.355835798742880738e-01
-1.027906161563277854e-01 -4.579576482071197319e+01 2.366793174550987089e-01
-1.029101606695906057e-01 -4.592842916136846299e+01 2.377750550359093440e-01
-1.030282855752524956e-01 -4.606051379010693836e+01 2.388707926167199791e-01
-1.031450064063238331e-01 -4.619202121022699004e+01 2.399665301975306142e-01
-1.032603385526271733e-01 -4.632295391535846107e+01 2.410622677783412493e-01
-1.033742972614046379e-01 -4.645331438945468960e+01 2.421580053591518844e-01
-1.034868976379432759e-01 -4.658310510678773397e+01 2.432537429399625195e-01
-1.035981546462224206e-01 -4.671232853194575796e+01 2.443494805207731546e-01
-1.037080831095746059e-01 -4.684098711983158836e+01 2.454452181015837897e-01
-1.038166977113696571e-01 -4.696908331566322659e+01 2.465409556823944248e-01
-1.039240129957071518e-01 -4.709661955497612240e+01 2.476366932632050599e-01
-1.040300433681324577e-01 -4.722359826362652768e+01 2.487324308440156950e-01
-1.041348030963595572e-01 -4.735002185779664785e+01 2.498281684248263301e-01
-1.042383063110230434e-01 -4.747589274400124992e+01 2.509239060056369652e-01
-1.043405670064252166e-01 -4.760121331909537901e+01 2.520196435864476281e-01
-1.044415990413048445e-01 -4.772598597028326139e+01 2.531153811672582354e-01
-1.045414161396241021e-01 -4.785021307512879218e+01 2.542111187480688983e-01
-1.046400318913571215e-01 -4.797389700156703185e+01 2.553068563288795056e-01
-1.047374597532952090e-01 -4.809704010791674023e+01 2.564025939096901685e-01
-1.048337130498599168e-01 -4.821964474289402602e+01 2.574983314905007759e-01
-1.049288049739296597e-01 -4.834171324562699823e+01 2.585940690713114387e-01
-1.050227485876702727e-01 -4.846324794567154726e+01 2.596898066521220461e-01
-1.051155568233797660e-01 -4.858425116302775137e+01 2.607855442329327089e-01
-1.052072424843398663e-01 -4.870472520815754791e+01 2.618812818137433163e-01
-1.052978182456700551e-01 -4.882467238200292314e+01 2.629770193945539791e-01
-1.053872966551948342e-01 -4.894409497600524617e+01 2.640727569753645865e-01
-1.054756901343221892e-01 -4.906299527212484435e+01 2.651684945561752493e-01
-1.055630109789089943e-01 -4.918137554286212776e+01 2.662642321369859122e-01
-1.056492713601592942e-01 -4.929923805127838676e+01 2.673599697177965195e-01
-1.057344833255027955e-01 -4.941658505101852228e+01 2.684557072986071824e-01
-1.058186587994939531e-01 -4.953341878633274575e+01 2.695514448794177897e-01
-1.059018095847105434e-01 -4.964974149210091525e+01 2.706471824602284526e-01
-1.059839473626557893e-01 -4.976555539385563520e+01 2.717429200410390600e-01
-1.060650836946648856e-01 -4.988086270780681986e+01 2.728386576218497228e-01
-1.061452300228132861e-01 -4.999566564086671150e+01 2.739343952026603302e-01
-1.062243976708295012e-01 -5.010996639067574421e+01 2.750301327834709930e-01
-1.063025978450096859e-01 -5.022376714562722100e+01 2.761258703642816004e-01
-1.063798416351355441e-01 -5.033707008489471946e+01 2.772216079450922632e-01
-1.064561400153912762e-01 -5.044987737845854525e+01 2.783173455259028706e-01
-1.065315038452845919e-01 -5.056219118713273986e+01 2.794130831067135334e-01
-1.066059438705654894e-01 -5.067401366259264250e+01 2.805088206875241408e-01
-1.066794707241519730e-01 -5.078534694740292110e+01 2.816045582683348036e-01
-1.067520949270474723e-01 -5.089619317504574525e+01 2.827002958491454110e-01
-1.068238268892685860e-01 -5.100655446994926479e+01 2.837960334299560738e-01
-1.068946769107619321e-01 -5.111643294751655020e+01 2.848917710107666812e-01
-1.069646551823283664e-01 -5.122583071415462541e+01 2.859875085915773441e-01
-1.070337717865450095e-01 -5.133474986730393397e+01 2.870832461723879514e-01
-1.071020366986872446e-01 -5.144319249546799711e+01 2.881789837531986143e-01
-1.071694597876419602e-01 -5.155116067824330628e+01 2.892747213340092216e-01
-1.072360508168297005e-01 -5.165865648634918017e+01 2.903704589148198845e-01
-1.073018194451224872e-01 -5.176568198165882961e+01 2.914661964956305473e-01
-1.073667752277503995e-01 -5.187223921722880249e+01 2.925619340764411547e-01
-1.074309276172257105e-01 -5.197833023733036839e+01 2.936576716572518175e-01
-1.074942859642419174e-01 -5.208395707748032066e+01 2.947534092380624249e-01
-1.075568595185868448e-01 -5.218912176447193474e+01 2.958491468188730877e-01
-1.076186574300464910e-01 -5.229382631640552148e+01 2.969448843996836951e-01
-1.076796887493087218e-01 -5.239807274272092030e+01 2.980406219804943579e-01
-1.077399624288576663e-01 -5.250186304422768302e+01 2.991363595613049653e-01
-1.077994873238775769e-01 -5.260519921313741776e+01 3.002320971421156282e-01
-1.078582721931355959e-01 -5.270808323309496757e+01 3.013278347229262355e-01
-1.079163256998807857e-01 -5.281051707920999405e+01 3.024235723037368984e-01
-1.079736564127227183e-01 -5.291250271808947048e+01 3.035193098845475057e-01
-1.080302728065190704e-01 -5.301404210786869697e+01 3.046150474653581686e-01
-1.080861832632467601e-01 -5.311513719824379365e+01 3.057107850461687759e-01
-1.081413960728815071e-01 -5.321578993050314921e+01 3.068065226269794388e-01
-1.081959194342664993e-01 -5.331600223756023382e+01 3.079022602077900461e-01
-1.082497614559759652e-01 -5.341577604398467827e+01 3.089979977886007090e-01
-1.083029301571795666e-01 -5.351511326603542074e+01 3.100937353694113163e-01
-1.083554334684944664e-01 -5.361401581169172914e+01 3.111894729502219792e-01
-1.084072792328432816e-01 -5.371248558068624845e+01 3.122852105310325865e-01
-1.084584752062988100e-01 -5.381052446453688276e+01 3.133809481118432494e-01
-1.085090290589248857e-01 -5.390813434657886205e+01 3.144766856926538567e-01
-1.085589483756180390e-01 -5.400531710199692270e+01 3.155724232734645196e-01
-1.086082406569372494e-01 -5.410207459785733164e+01 3.166681608542751825e-01
-1.086569133199355858e-01 -5.419840869314083420e+01 3.177638984350857898e-01
-1.087049736989785381e-01 -5.429432123877383276e+01 3.188596360158964527e-01
-1.087524290465668453e-01 -5.438981407766074483e+01 3.199553735967070600e-01
-1.087992865341455562e-01 -5.448488904471655303e+01 3.210511111775177229e-01
-1.088455532529125774e-01 -5.457954796689855925e+01 3.221468487583283302e-01
-1.088912362146212398e-01 -5.467379266323852960e+01 3.232425863391389931e-01
-1.089363423523766333e-01 -5.476762494487470434e+01 3.243383239199496004e-01
-1.089808785214257392e-01 -5.486104661508370839e+01 3.254340615007602633e-01
-1.090248514999445084e-01 -5.495405946931281704e+01 3.265297990815708706e-01
-1.090682679898194590e-01 -5.504666529521091434e+01 3.276255366623815335e-01
-1.091111346174187258e-01 -5.513886587266152617e+01 3.287212742431921408e-01
-1.091534579343658995e-01 -5.523066297381429735e+01 3.298170118240028037e-01
-1.091952444182989479e-01 -5.532205836311587888e+01 3.309127494048134110e-01
-1.092365004736313566e-01 -5.541305379734264847e+01 3.320084869856240739e-01
-1.092772324323053323e-01 -5.550365102563190334e+01 3.331042245664346813e-01
-1.093174465545338342e-01 -5.559385178951330886e+01 3.341999621472453441e-01
-1.093571490295452281e-01 -5.568365782294065269e+01 3.352956997280559515e-01
-1.093963459763185320e-01 -5.577307085232289552e+01 3.363914373088666143e-01
-1.094350434443096542e-01 -5.586209259655601045e+01 3.374871748896772217e-01
-1.094732474141793116e-01 -5.595072476705384190e+01 3.385829124704878845e-01
-1.095109637985086787e-01 -5.603896906777946185e+01 3.396786500512984919e-01
-1.095481984425098754e-01 -5.612682719527614950e+01 3.407743876321091547e-01
-1.095849571247352050e-01 -5.621430083869877592e+01 3.418701252129197621e-01
-1.096212455577783434e-01 -5.630139167984436455e+01 3.429658627937304249e-01
-1.096570693889639403e-01 -5.638810139318319159e+01 3.440616003745410878e-01
-1.096924342010428405e-01 -5.647443164588944597e+01 3.451573379553516951e-01
-1.097273455128715269e-01 -5.656038409787225874e+01 3.462530755361623580e-01
-1.097618087800899395e-01 -5.664596040180563108e+01 3.473488131169729654e-01
-1.097958293957951997e-01 -5.673116220316000380e+01 3.484445506977836282e-01
-1.098294126912041507e-01 -5.681599114023146058e+01 3.495402882785942356e-01
-1.098625639363165901e-01 -5.690044884417317661e+01 3.506360258594048984e-01
-1.098952883405661662e-01 -5.698453693902494166e+01 3.517317634402155058e-01
-1.099275910534744799e-01 -5.706825704174362812e+01 3.528275010210261686e-01
-1.099594771652877001e-01 -5.715161076223325409e+01 3.539232386018367760e-01
-1.099909517076173293e-01 -5.723459970337484748e+01 3.550189761826474388e-01
-1.100220196540686729e-01 -5.731722546105636695e+01 3.561147137634580462e-01
-1.100526859208736247e-01 -5.739948962420250211e+01 3.572104513442687090e-01
-1.100829553674998462e-01 -5.748139377480421075e+01 3.583061889250793164e-01
-1.101128327972767940e-01 -5.756293948794855453e+01 3.594019265058899792e-01
-1.101423229579929358e-01 -5.764412833184786678e+01 3.604976640867005866e-01
-1.101714305425076229e-01 -5.772496186786965922e+01 3.615934016675112495e-01
-1.102001601893480009e-01 -5.780544165056494421e+01 3.626891392483218568e-01
-1.102285164832938757e-01 -5.788556922769824808e+01 3.637848768291325197e-01
-1.102565039559746940e-01 -5.796534614027653731e+01 3.648806144099431270e-01
-1.102841270864398371e-01 -5.804477392257803814e+01 3.659763519907537899e-01
-1.103113903017419045e-01 -5.812385410218065829e+01 3.670720895715643972e-01
-1.103382979775034273e-01 -5.820258819999184396e+01 3.681678271523750601e-01
-1.103648544384812497e-01 -5.828097773027612050e+01 3.692635647331857229e-01
-1.103910639591272197e-01 -5.835902420068433116e+01 3.703593023139963303e-01
-1.104169307641415798e-01 -5.843672911228180311e+01 3.714550398948069931e-01
-1.104424590290187663e-01 -5.851409395957670512e+01 3.725507774756176005e-01
-1.104676528805944996e-01 -5.859112023054822060e+01 3.736465150564282633e-01
-1.104925163975812169e-01 -5.866780940667506172e+01 3.747422526372388707e-01
-1.105170536111009932e-01 -5.874416296296278972e+01 3.758379902180495336e-01
-1.105412685052129945e-01 -5.882018236797258481e+01 3.769337277988601409e-01
-1.105651650174348244e-01 -5.889586908384831077e+01 3.780294653796708038e-01
-1.105887470392616923e-01 -5.897122456634426868e+01 3.791252029604814111e-01
-1.106120184166745207e-01 -5.904625026485362582e+01 3.802209405412920740e-01
-1.106349829506506066e-01 -5.912094762243481938e+01 3.813166781221026813e-01
-1.106576443976625829e-01 -5.919531807583970817e+01 3.824124157029133442e-01
-1.106800064701759512e-01 -5.926936305554037432e+01 3.835081532837239515e-01
-1.107020728371403001e-01 -5.934308398575667809e+01 3.846038908645346144e-01
-1.107238471244768319e-01 -5.941648228448262614e+01 3.856996284453452217e-01
-1.107453329155600880e-01 -5.948955936351454454e+01 3.867953660261558846e-01
-1.107665337516917092e-01 -5.956231662847659436e+01 3.878911036069664919e-01
-1.107874531325770545e-01 -5.963475547884841177e+01 3.889868411877771548e-01
-1.108080945167892184e-01 -5.970687730799146919e+01 3.900825787685877621e-01
-1.108284613222327020e-01 -5.977868350317527302e+01 3.911783163493984250e-01
-1.108485569266004639e-01 -5.985017544560440683e+01 3.922740539302090323e-01
-1.108683846678263640e-01 -5.992135451044434546e+01 3.933697915110196952e-01
-1.108879478445344291e-01 -5.999222206684794401e+01 3.944655290918303581e-01
-1.109072497164814014e-01 -6.006277947798124472e+01 3.955612666726409654e-01
-1.109262935049983440e-01 -6.013302810104972451e+01 3.966570042534516283e-01
-1.109450823934181318e-01 -6.020296928732430075e+01 3.977527418342622356e-01
-1.109636195275157111e-01 -6.027260438216686822e+01 3.988484794150728985e-01
-1.109819080159232807e-01 -6.034193472505600653e+01 3.999442169958835058e-01
-1.109999509305579640e-01 -6.041096164961218307e+01 4.010399545766941687e-01
-1.110177513070346733e-01 -6.047968648362438415e+01 4.021356921575047760e-01
-1.110353121450811387e-01 -6.054811054907401768e+01 4.032314297383154389e-01
-1.110526364089426676e-01 -6.061623516216135954e+01 4.043271673191260462e-01
-1.110697270277876958e-01 -6.068406163332992520e+01 4.054229048999367091e-01
-1.110865868961057323e-01 -6.075159126729184322e+01 4.065186424807473164e-01
-1.111032188741012255e-01 -6.081882536305272424e+01 4.076143800615579793e-01
-1.111196257880889549e-01 -6.088576521393668628e+01 4.087101176423685867e-01
-1.111358104308741157e-01 -6.095241210761105322e+01 4.098058552231792495e-01
-1.111517755621411474e-01 -6.101876732611029297e+01 4.109015928039898569e-01
-1.111675239088258382e-01 -6.108483214586178178e+01 4.119973303848005197e-01
-1.111830581654940087e-01 -6.115060783770920239e+01 4.130930679656111271e-01
-1.111983809947104107e-01 -6.121609566693732774e+01 4.141888055464217899e-01
-1.112134950274047546e-01 -6.128129689329607288e+01 4.152845431272323973e-01
-1.112284028632333638e-01 -6.134621277102510817e+01 4.163802807080430601e-01
-1.112431070709405251e-01 -6.141084454887687372e+01 4.174760182888536675e-01
-1.112576101887071817e-01 -6.147519347014150526e+01 4.185717558696643303e-01
-1.112719147245101042e-01 -6.153926077267013284e+01 4.196674934504749377e-01
-1.112860231564598845e-01 -6.160304768889871241e+01 4.207632310312856005e-01
-1.112999379331495453e-01 -6.166655544587145954e+01 4.218589686120962634e-01
-1.113136614739928948e-01 -6.172978526526478049e+01 4.229547061929068708e-01
-1.113271961695599666e-01 -6.179273836341030801e+01 4.240504437737175336e-01
-1.113405443819085183e-01 -6.185541595131839898e+01 4.251461813545281410e-01
-1.113537084449116171e-01 -6.191781923470135496e+01 4.262419189353388038e-01
-1.113666906645857102e-01 -6.197994941399640823e+01 4.273376565161494112e-01
-1.113794933194076631e-01 -6.204180768438859417e+01 4.284333940969600740e-01
-1.113921186606362523e-01 -6.210339523583444077e+01 4.295291316777706814e-01
-1.114045689126232086e-01 -6.216471325308371831e+01 4.306248692585813442e-01
-1.114168462731255221e-01 -6.222576291570300810e+01 4.317206068393919516e-01
-1.114289529136156115e-01 -6.228654539809803481e+01 4.328163444202026144e-01
-1.114408909795768787e-01 -6.234706186953589224e+01 4.339120820010132218e-01
-1.114526625908140306e-01 -6.240731349416805784e+01 4.350078195818238846e-01
-1.114642698417451228e-01 -6.246730143105227029e+01 4.361035571626344920e-01
-1.114757148016957272e-01 -6.252702683417504659e+01 4.371992947434451549e-01
-1.114869995151906296e-01 -6.258649085247368049e+01 4.382950323242557622e-01
-1.114981260022413490e-01 -6.264569462985806325e+01 4.393907699050664251e-01
-1.115090962586290646e-01 -6.270463930523364837e+01 4.404865074858770324e-01
-1.115199122561881112e-01 -6.276332601252180154e+01 4.415822450666876953e-01
-1.115305759430835209e-01 -6.282175588068280092e+01 4.426779826474983026e-01
-1.115410892440812513e-01 -6.287993003373671996e+01 4.437737202283089655e-01
-1.115514540608284894e-01 -6.293784959078591612e+01 4.448694578091195728e-01
-1.115616722721148729e-01 -6.299551566603538788e+01 4.459651953899302357e-01
-1.115717457341426355e-01 -6.305292936881489396e+01 4.470609329707408985e-01
-1.115816762807876894e-01 -6.311009180360021276e+01 4.481566705515515059e-01
-1.115914657238583352e-01 -6.316700407003420992e+01 4.492524081323621687e-01
-1.116011158533575659e-01 -6.322366726294793438e+01 4.503481457131727761e-01
-1.116106284377291757e-01 -6.328008247238182804e+01 4.514438832939834390e-01
-1.116200052241153456e-01 -6.333625078360619653e+01 4.525396208747940463e-01
-1.116292479386027658e-01 -6.339217327714298733e+01 4.536353584556047092e-01
-1.116383582864682728e-01 -6.344785102878529415e+01 4.547310960364153165e-01
-1.116473379524224874e-01 -6.350328510961914219e+01 4.558268336172259794e-01
-1.116561886008476390e-01 -6.355847658604357520e+01 4.569225711980365867e-01
-1.116649118760370263e-01 -6.361342651979099116e+01 4.580183087788472496e-01
-1.116735094024314395e-01 -6.366813596794776231e+01 4.591140463596578569e-01
-1.116819827848459651e-01 -6.372260598297474132e+01 4.602097839404685198e-01
-1.116903336087053111e-01 -6.377683761272683682e+01 4.613055215212791271e-01
-1.116985634402655470e-01 -6.383083190047420885e+01 4.624012591020897900e-01
-1.117066738268434473e-01 -6.388458988492103430e+01 4.634969966829003973e-01
-1.117146662970342069e-01 -6.393811260022645371e+01 4.645927342637110602e-01
-1.117225423609295026e-01 -6.399140107602406857e+01 4.656884718445216675e-01
-1.117303035103436454e-01 -6.404445633744182942e+01 4.667842094253323304e-01
-1.117379512190146973e-01 -6.409727940512141231e+01 4.678799470061429377e-01
-1.117454869428257391e-01 -6.414987129523841247e+01 4.689756845869536006e-01
-1.117529121200092623e-01 -6.420223301952140105e+01 4.700714221677642080e-01
-1.117602281713585971e-01 -6.425436558527161424e+01 4.711671597485748708e-01
-1.117674365004301396e-01 -6.430626999538222321e+01 4.722628973293855337e-01
-1.117745384937433722e-01 -6.435794724835747616e+01 4.733586349101961410e-01
-1.117815355209857697e-01 -6.440939833833219552e+01 4.744543724910068039e-01
-1.117884289352083227e-01 -6.446062425509066429e+01 4.755501100718174112e-01
-1.117952200730200490e-01 -6.451162598408576798e+01 4.766458476526280741e-01
-1.118019102547825050e-01 -6.456240450645796614e+01 4.777415852334386814e-01
-1.118085007848022283e-01 -6.461296079905397960e+01 4.788373228142493443e-01
-1.118149929515151464e-01 -6.466329583444579043e+01 4.799330603950599516e-01
-1.118213880276777705e-01 -6.471341058094904497e+01 4.810287979758706145e-01
-1.118276872705533942e-01 -6.476330600264185477e+01 4.821245355566812218e-01
-1.118338919220863287e-01 -6.481298305938352655e+01 4.832202731374918847e-01
-1.118400032090905438e-01 -6.486244270683276625e+01 4.843160107183024921e-01
-1.118460223434245837e-01 -6.491168589646574105e+01 4.854117482991131549e-01
-1.118519505221681476e-01 -6.496071357559553405e+01 4.865074858799237623e-01
-1.118577889277973247e-01 -6.500952668738872831e+01 4.876032234607344251e-01
-1.118635387283544447e-01 -6.505812617088487571e+01 4.886989610415450325e-01
-1.118692010776217577e-01 -6.510651296101370633e+01 4.897946986223556953e-01
-1.118747771152870246e-01 -6.515468798861397204e+01 4.908904362031663027e-01
-1.118802679671117156e-01 -6.520265218045027211e+01 4.919861737839769655e-01
-1.118856747450938799e-01 -6.525040645923184002e+01 4.930819113647875729e-01
-1.118909985476323615e-01 -6.529795174362968169e+01 4.941776489455982357e-01
-1.118962404596861304e-01 -6.534528894829435330e+01 4.952733865264088431e-01
-1.119014015529344735e-01 -6.539241898387372487e+01 4.963691241072195059e-01
-1.119064828859338834e-01 -6.543934275703058745e+01 4.974648616880301133e-01
-1.119114855042721152e-01 -6.548606117045977726e+01 4.985605992688408317e-01
-1.119164104407215782e-01 -6.553257512290554132e+01 4.996563368496514945e-01
-1.119212587153929350e-01 -6.557888550917897419e+01 5.007520744304621019e-01
-1.119260313358848846e-01 -6.562499322017538361e+01 5.018478120112727092e-01
-1.119307292974294210e-01 -6.567089914289090302e+01 5.029435495920834276e-01
-1.119353535830402563e-01 -6.571660416044034037e+01 5.040392871728940349e-01
-1.119399051636606190e-01 -6.576210915207335006e+01 5.051350247537046423e-01
-1.119443849983003253e-01 -6.580741499319169918e+01 5.062307623345152496e-01
-1.119487940341801352e-01 -6.585252255536617838e+01 5.073264999153259680e-01
-1.119531332068758045e-01 -6.589743270635342753e+01 5.084222374961365754e-01
-1.119574034404488272e-01 -6.594214631011232086e+01 5.095179750769471827e-01
-1.119616056475866706e-01 -6.598666422682092048e+01 5.106137126577577900e-01
-1.119657407297375701e-01 -6.603098731289243517e+01 5.117094502385685084e-01
-1.119698095772470592e-01 -6.607511642099257188e+01 5.128051878193791158e-01
-1.119738130694844930e-01 -6.611905240005515338e+01 5.139009254001897231e-01
-1.119777520749763028e-01 -6.616279609529901506e+01 5.149966629810003305e-01
-1.119816274515338522e-01 -6.620634834824373627e+01 5.160924005618110488e-01
-1.119854400463820426e-01 -6.624970999672635230e+01 5.171881381426216562e-01
-1.119891906962862532e-01 -6.629288187491694373e+01 5.182838757234322635e-01
-1.119928802276726337e-01 -6.633586481333524887e+01 5.193796133042428709e-01
-1.119965094567551417e-01 -6.637865963886602572e+01 5.204753508850535892e-01
-1.120000791896551412e-01 -6.642126717477560760e+01 5.215710884658641966e-01
-1.120035902225232222e-01 -6.646368824072708037e+01 5.226668260466748039e-01
-1.120070433416547190e-01 -6.650592365279659646e+01 5.237625636274854113e-01
-1.120104393236108775e-01 -6.654797422348862312e+01 5.248583012082961297e-01
-1.120137789353329305e-01 -6.658984076175212863e+01 5.259540387891067370e-01
-1.120170629342569640e-01 -6.663152407299547519e+01 5.270497763699173444e-01
-1.120202920684267162e-01 -6.667302495910234938e+01 5.281455139507280627e-01
-1.120234670766068891e-01 -6.671434421844702456e+01 5.292412515315386701e-01
-1.120265886883935469e-01 -6.675548264591000702e+01 5.303369891123492774e-01
-1.120296576243224040e-01 -6.679644103289282953e+01 5.314327266931598848e-01
-1.120326745959780573e-01 -6.683722016733359794e+01 5.325284642739706031e-01
-1.120356403061012474e-01 -6.687782083372218267e+01 5.336242018547812105e-01
-1.120385554486921509e-01 -6.691824381311506897e+01 5.347199394355918178e-01
-1.120414207091181974e-01 -6.695848988315050576e+01 5.358156770164024252e-01
-1.120442367642156267e-01 -6.699855981806365435e+01 5.369114145972131436e-01
-1.120470042823899226e-01 -6.703845438870123985e+01 5.380071521780237509e-01
-1.120497239237187442e-01 -6.707817436253645837e+01 5.391028897588343582e-01
-1.120523963400521378e-01 -6.711772050368340103e+01 5.401986273396449656e-01
-1.120550221751071274e-01 -6.715709357291255799e+01 5.412943649204556840e-01
-1.120576020645710769e-01 -6.719629432766484456e+01 5.423901025012662913e-01
-1.120601366361912848e-01 -6.723532352206608209e+01 5.434858400820768987e-01
-1.120626265098753210e-01 -6.727418190694183409e+01 5.445815776628875060e-01
-1.120650722977823005e-01 -6.731287022983187285e+01 5.456773152436982244e-01
-1.120674746044146020e-01 -6.735138923500429087e+01 5.467730528245088317e-01
-1.120698340267139020e-01 -6.738973966346995326e+01 5.478687904053194391e-01
-1.120721511541487997e-01 -6.742792225299668019e+01 5.489645279861300464e-01
-1.120744265688018021e-01 -6.746593773812367090e+01 5.500602655669407648e-01
-1.120766608454668994e-01 -6.750378685017545877e+01 5.511560031477513721e-01
-1.120788545517255180e-01 -6.754147031727576689e+01 5.522517407285619795e-01
-1.120810082480407088e-01 -6.757898886436205999e+01 5.533474783093726979e-01
-1.120831224878416632e-01 -6.761634321319870367e+01 5.544432158901833052e-01
-1.120851978176055364e-01 -6.765353408239195687e+01 5.555389534709939126e-01
-1.120872347769441141e-01 -6.769056218740249165e+01 5.566346910518045199e-01
-1.120892338986834436e-01 -6.772742824056035715e+01 5.577304286326152383e-01
-1.120911957089483907e-01 -6.776413295107768420e+01 5.588261662134258456e-01
-1.120931207272398700e-01 -6.780067702506312344e+01 5.599219037942364530e-01
-1.120950094665171676e-01 -6.783706116553510412e+01 5.610176413750470603e-01
-1.120968624332754210e-01 -6.787328607243483702e+01 5.621133789558577787e-01
-1.120986801276242090e-01 -6.790935244264098003e+01 5.632091165366683860e-01
-1.121004630433632687e-01 -6.794526096998177422e+01 5.643048541174789934e-01
-1.121022116680609887e-01 -6.798101234524938263e+01 5.654005916982896007e-01
-1.121039264831254767e-01 -6.801660725621233894e+01 5.664963292791003191e-01
-1.121056079638810959e-01 -6.805204638762977254e+01 5.675920668599109264e-01
-1.121072565796435161e-01 -6.808733042126354462e+01 5.686878044407215338e-01
-1.121088727937888385e-01 -6.812246003589187637e+01 5.697835420215321411e-01
-1.121104570638272041e-01 -6.815743590732242296e+01 5.708792796023428595e-01
-1.121120098414739447e-01 -6.819225870840530490e+01 5.719750171831534669e-01
-1.121135315727175286e-01 -6.822692910904579833e+01 5.730707547639640742e-01
-1.121150226978890607e-01 -6.826144777621770743e+01 5.741664923447746816e-01
-1.121164836517343361e-01 -6.829581537397527313e+01 5.752622299255853999e-01
-1.121179148634756373e-01 -6.833003256346709975e+01 5.763579675063960073e-01
-1.121193167568825810e-01 -6.836410000294799261e+01 5.774537050872066146e-01
-1.121206897503369548e-01 -6.839801834779213152e+01 5.785494426680173330e-01
-1.121220342568956807e-01 -6.843178825050522107e+01 5.796451802488279403e-01
-1.121233506843597877e-01 -6.846541036073773512e+01 5.807409178296385477e-01
-1.121246394353331011e-01 -6.849888532529656970e+01 5.818366554104491550e-01
-1.121259009072887725e-01 -6.853221378815807441e+01 5.829323929912598734e-01
-1.121271354926295510e-01 -6.856539639048028789e+01 5.840281305720704808e-01
-1.121283435787506916e-01 -6.859843377061537240e+01 5.851238681528810881e-01
-1.121295255480972558e-01 -6.863132656412143717e+01 5.862196057336916954e-01
-1.121306817782292825e-01 -6.866407540377554142e+01 5.873153433145024138e-01
-1.121318126418756334e-01 -6.869668091958500611e+01 5.884110808953130212e-01
-1.121329185069966511e-01 -6.872914373880016115e+01 5.895068184761236285e-01
-1.121339997368408503e-01 -6.876146448592650984e+01 5.906025560569342359e-01
-1.121350566900006507e-01 -6.879364378273582759e+01 5.916982936377449542e-01
-1.121360897204706775e-01 -6.882568224827898007e+01 5.927940312185555616e-01
-1.121370991777014270e-01 -6.885758049889790300e+01 5.938897687993661689e-01
-1.121380854066584137e-01 -6.888933914823672922e+01 5.949855063801767763e-01
-1.121390487478727965e-01 -6.892095880725433688e+01 5.960812439609874946e-01
-1.121399895374962097e-01 -6.895244008423550497e+01 5.971769815417981020e-01
-1.121409081073568986e-01 -6.898378358480286465e+01 5.982727191226087093e-01
-1.121418047850055028e-01 -6.901498991192889321e+01 5.993684567034193167e-01
-1.121426798937767838e-01 -6.904605966594691324e+01 6.004641942842300351e-01
-1.121435337528310650e-01 -6.907699344456305823e+01 6.015599318650406424e-01
-1.121443666772126146e-01 -6.910779184286745647e+01 6.026556694458512498e-01
-1.121451789778963176e-01 -6.913845545334589815e+01 6.037514070266619681e-01
-1.121459709618361500e-01 -6.916898486589157358e+01 6.048471446074725755e-01
-1.121467429320183729e-01 -6.919938066781541863e+01 6.059428821882831828e-01
-1.121474951875052195e-01 -6.922964344385860613e+01 6.070386197690937902e-01
-1.121482280234869094e-01 -6.925977377620263553e+01 6.081343573499045085e-01
-1.121489417313244058e-01 -6.928977224448172478e+01 6.092300949307151159e-01
-1.121496365986007077e-01 -6.931963942579280058e+01 6.103258325115257232e-01
-1.121503129091640100e-01 -6.934937589470744967e+01 6.114215700923363306e-01
-1.121509709431752488e-01 -6.937898222328286124e+01 6.125173076731470490e-01
-1.121516109771509700e-01 -6.940845898107224343e+01 6.136130452539576563e-01
-1.121522332840095143e-01 -6.943780673513631996e+01 6.147087828347682636e-01
-1.121528381331146351e-01 -6.946702605005421560e+01 6.158045204155788710e-01
-1.121534257903193943e-01 -6.949611748793410015e+01 6.169002579963895894e-01
-1.121539965180068099e-01 -6.952508160842400287e+01 6.179959955772001967e-01
-1.121545505751377764e-01 -6.955391896872286850e+01 6.190917331580108041e-01
-1.121550882172866331e-01 -6.958263012359111599e+01 6.201874707388214114e-01
-1.121556096966848382e-01 -6.961121562536112606e+01 6.212832083196321298e-01
-1.121561152622646967e-01 -6.963967602394821199e+01 6.223789459004427371e-01
-1.121566051596968039e-01 -6.966801186686060987e+01 6.234746834812533445e-01
-1.121570796314305674e-01 -6.969622369921086147e+01 6.245704210620639518e-01
-1.121575389167354386e-01 -6.972431206372561974e+01 6.256661586428746702e-01
-1.121579832517352326e-01 -6.975227750075625011e+01 6.267618962236852775e-01
-1.121584128694554233e-01 -6.978012054828961652e+01 6.278576338044958849e-01
-1.121588279998511350e-01 -6.980784174195774483e+01 6.289533713853066033e-01
-1.121592288698514128e-01 -6.983544161504870829e+01 6.300491089661172106e-01
-1.121596157033953600e-01 -6.986292069851663200e+01 6.311448465469278180e-01
-1.121599887214680957e-01 -6.989027952099208107e+01 6.322405841277384253e-01
-1.121603481421351439e-01 -6.991751860879170977e+01 6.333363217085491437e-01
-1.121606941805828039e-01 -6.994463848592897648e+01 6.344320592893597510e-01
-1.121610270491509853e-01 -6.997163967412423347e+01 6.355277968701703584e-01
-1.121613469573680688e-01 -6.999852269281420547e+01 6.366235344509809657e-01
-1.121616541119867388e-01 -7.002528805916254839e+01 6.377192720317916841e-01
-1.121619487170153612e-01 -7.005193628806954109e+01 6.388150096126022914e-01
-1.121622309737579926e-01 -7.007846789218187666e+01 6.399107471934128988e-01
-1.121625010808387363e-01 -7.010488338190289426e+01 6.410064847742235061e-01
-1.121627592342446245e-01 -7.013118326540214298e+01 6.421022223550342245e-01
-1.121630056273507925e-01 -7.015736804862477527e+01 6.431979599358448318e-01
-1.121632404509559089e-01 -7.018343823530250347e+01 6.442936975166554392e-01
-1.121634638933139416e-01 -7.020939432696171423e+01 6.453894350974660465e-01
-1.121636761401652999e-01 -7.023523682293422610e+01 6.464851726782767649e-01
-1.121638773747672818e-01 -7.026096622036665451e+01 6.475809102590873723e-01
-1.121640677779248557e-01 -7.028658301422957777e+01 6.486766478398979796e-01
-1.121642475280234807e-01 -7.031208769732754149e+01 6.497723854207085870e-01
-1.121644168010558218e-01 -7.033748076030842356e+01 6.508681230015193053e-01
-1.121645757706525026e-01 -7.036276269167277064e+01 6.519638605823299127e-01
-1.121647246081128591e-01 -7.038793397778300687e+01 6.530595981631405200e-01
-1.121648634824322366e-01 -7.041299510287333874e+01 6.541553357439512384e-01
-1.121649925603290521e-01 -7.043794654905833852e+01 6.552510733247618457e-01
-1.121651120062790996e-01 -7.046278879634311920e+01 6.563468109055724531e-01
-1.121652219825351737e-01 -7.048752232263163364e+01 6.574425484863830604e-01
-1.121653226491616806e-01 -7.051214760373673585e+01 6.585382860671937788e-01
-1.121654141640585772e-01 -7.053666511338849432e+01 6.596340236480043862e-01
-1.121654966829866845e-01 -7.056107532324381282e+01 6.607297612288149935e-01
-1.121655703595990511e-01 -7.058537870289578109e+01 6.618254988096256008e-01
-1.121656353454642679e-01 -7.060957571988187453e+01 6.629212363904363192e-01
-1.121656917900912265e-01 -7.063366683969350390e+01 6.640169739712469266e-01
-1.121657398409562773e-01 -7.065765252578508182e+01 6.651127115520575339e-01
-1.121657796435308885e-01 -7.068153323958263456e+01 6.662084491328681413e-01
-1.121658113413020047e-01 -7.070530944049257016e+01 6.673041867136788596e-01
-1.121658350758002465e-01 -7.072898158591125650e+01 6.683999242944894670e-01
-1.121658509866238496e-01 -7.075255013123253889e+01 6.694956618753000743e-01
-1.121658592114608971e-01 -7.077601552985788658e+01 6.705913994561106817e-01
-1.121658598861146605e-01 -7.079937823320423718e+01 6.716871370369214000e-01
-1.121658531445291762e-01 -7.082263869071280737e+01 6.727828746177320074e-01
-1.121658391188080917e-01 -7.084579734985823052e+01 6.738786121985426147e-01
-1.121658179392403254e-01 -7.086885465615624469e+01 6.749743497793532221e-01
-1.121657897343230764e-01 -7.089181105317315712e+01 6.760700873601639405e-01
-1.121657546307851111e-01 -7.091466698253418599e+01 6.771658249409745478e-01
-1.121657127536043602e-01 -7.093742288393126216e+01 6.782615625217851552e-01
-1.121656642260363546e-01 -7.096007919513264994e+01 6.793573001025957625e-01
-1.121656091696302954e-01 -7.098263635199012356e+01 6.804530376834064809e-01
-1.121655477042540899e-01 -7.100509478844854527e+01 6.815487752642170882e-01
-1.121654799481124620e-01 -7.102745493655309872e+01 6.826445128450276956e-01
-1.121654060177717099e-01 -7.104971722645866805e+01 6.837402504258384139e-01
-1.121653260281772341e-01 -7.107188208643719918e+01 6.848359880066490213e-01
-1.121652400926747561e-01 -7.109394994288652470e+01 6.859317255874596286e-01
-1.121651483230311080e-01 -7.111592122033819408e+01 6.870274631682702360e-01
-1.121650508294526616e-01 -7.113779634146598596e+01 6.881232007490809544e-01
-1.121649477206068113e-01 -7.115957572709383783e+01 6.892189383298915617e-01
-1.121648391036401404e-01 -7.118125979620376143e+01 6.903146759107021690e-01
-1.121647250841983356e-01 -7.120284896594452562e+01 6.914104134915127764e-01
-1.121646057664454632e-01 -7.122434365163880443e+01 6.925061510723234948e-01
-1.121644812530805668e-01 -7.124574426679204464e+01 6.936018886531341021e-01
-1.121643516453587064e-01 -7.126705122309947171e+01 6.946976262339447095e-01
-1.121642170431075558e-01 -7.128826493045524160e+01 6.957933638147553168e-01
-1.121640775447468180e-01 -7.130938579695919088e+01 6.968891013955660352e-01
-1.121639332473061135e-01 -7.133041422892486594e+01 6.979848389763766425e-01
-1.121637842464387469e-01 -7.135135063088826257e+01 6.990805765571872499e-01
-1.121636306364469371e-01 -7.137219540561467568e+01 7.001763141379978572e-01
-1.121634725102909902e-01 -7.139294895410634467e+01 7.012720517188085756e-01
-1.121633099596093947e-01 -7.141361167561115053e+01 7.023677892996191829e-01
-1.121631430747380004e-01 -7.143418396762909595e+01 7.034635268804297903e-01
-1.121629719447238965e-01 -7.145466622592097394e+01 7.045592644612403976e-01
-1.121627966573414403e-01 -7.147505884451560121e+01 7.056550020420511160e-01
-1.121626172991099790e-01 -7.149536221571685246e+01 7.067507396228617234e-01
-1.121624339553098232e-01 -7.151557673011218697e+01 7.078464772036723307e-01
-1.121622467099968601e-01 -7.153570277657925658e+01 7.089422147844830491e-01
-1.121620556460182494e-01 -7.155574074229416226e+01 7.100379523652936564e-01
-1.121618608450288823e-01 -7.157569101273850265e+01 7.111336899461042638e-01
-1.121616623875070218e-01 -7.159555397170657898e+01 7.122294275269148711e-01
-1.121614603527676529e-01 -7.161533000131336735e+01 7.133251651077255895e-01
-1.121612548189772629e-01 -7.163501948200138258e+01 7.144209026885361968e-01
-1.121610458631716878e-01 -7.165462279254791156e+01 7.155166402693468042e-01
-1.121608335612659657e-01 -7.167414031007297126e+01 7.166123778501574115e-01
-1.121606179880720033e-01 -7.169357241004581738e+01 7.177081154309681299e-01
-1.121603992173122039e-01 -7.171291946629271763e+01 7.188038530117787372e-01
-1.121601773216327064e-01 -7.173218185100357402e+01 7.198995905925893446e-01
-1.121599523726167363e-01 -7.175135993473983831e+01 7.209953281733999519e-01
-1.121597244408001903e-01 -7.177045408644086422e+01 7.220910657542106703e-01
-1.121594935956835987e-01 -7.178946467343136817e+01 7.231868033350212777e-01
-1.121592599057456424e-01 -7.180839206142896103e+01 7.242825409158318850e-01
-1.121590234384566565e-01 -7.182723661455013087e+01 7.253782784966424924e-01
-1.121587842602907586e-01 -7.184599869531803051e+01 7.264740160774532107e-01
-1.121585424367408518e-01 -7.186467866466927035e+01 7.275697536582638181e-01
-1.121582980323281020e-01 -7.188327688196088161e+01 7.286654912390744254e-01
-1.121580511106168299e-01 -7.190179370497715183e+01 7.297612288198850328e-01
-1.121578017342268196e-01 -7.192022948993644604e+01 7.308569664006957511e-01
-1.121575499648444774e-01 -7.193858459149838325e+01 7.319527039815063585e-01
-1.121572958632344741e-01 -7.195685936277011763e+01 7.330484415623169658e-01
-1.121570394892553862e-01 -7.197505415531368556e+01 7.341441791431276842e-01
-1.121567809018644141e-01 -7.199316931915251416e+01 7.352399167239382916e-01
-1.121565201591376987e-01 -7.201120520277800097e+01 7.363356543047488989e-01
-1.121562573182739025e-01 -7.202916215315642035e+01 7.374313918855595062e-01
-1.121559924356112653e-01 -7.204704051573581580e+01 7.385271294663702246e-01
-1.121557255666353753e-01 -7.206484063445212485e+01 7.396228670471808320e-01
-1.121554567659917012e-01 -7.208256285173628441e+01 7.407186046279914393e-01
-1.121551860874971940e-01 -7.210020750852031313e+01 7.418143422088020467e-01
-1.121549135841490158e-01 -7.211777494424420354e+01 7.429100797896127650e-01
-1.121546393081361559e-01 -7.213526549686280021e+01 7.440058173704233724e-01
-1.121543633108528504e-01 -7.215267950285142717e+01 7.451015549512339797e-01
-1.121540856429035227e-01 -7.217001729721307868e+01 7.461972925320445871e-01
-1.121538063541157593e-01 -7.218727921348472876e+01 7.472930301128553054e-01
-1.121535254935540765e-01 -7.220446558374310086e+01 7.483887676936659128e-01
-1.121532431095226823e-01 -7.222157673861212857e+01 7.494845052744765201e-01
-1.121529592495809913e-01 -7.223861300726885304e+01 7.505802428552871275e-01
-1.121526739605505779e-01 -7.225557471744917848e+01 7.516759804360978459e-01
-1.121523872885291651e-01 -7.227246219545517647e+01 7.527717180169084532e-01
-1.121520992788919285e-01 -7.228927576616058559e+01 7.538674555977190606e-01
-1.121518099763104126e-01 -7.230601575301749051e+01 7.549631931785296679e-01
-1.121515194247551389e-01 -7.232268247806230477e+01 7.560589307593403863e-01
-1.121512276675065006e-01 -7.233927626192206617e+01 7.571546683401509936e-01
-1.121509347471665724e-01 -7.235579742382068957e+01 7.582504059209616010e-01
-1.121506407056640786e-01 -7.237224628158514861e+01 7.593461435017723193e-01
-1.121503455842657732e-01 -7.238862315165104633e+01 7.604418810825829267e-01
-1.121500494235847800e-01 -7.240492834906937958e+01 7.615376186633935340e-01
-1.121497522635884619e-01 -7.242116218751233703e+01 7.626333562442041414e-01
-1.121494541436073022e-01 -7.243732497927950931e+01 7.637290938250148598e-01
-1.121491551023452715e-01 -7.245341703530334598e+01 7.648248314058254671e-01
-1.121488551778842130e-01 -7.246943866515563570e+01 7.659205689866360744e-01
-1.121485544076960411e-01 -7.248539017705363108e+01 7.670163065674466818e-01
-1.121482528286473906e-01 -7.250127187786527827e+01 7.681120441482574002e-01
-1.121479504770116348e-01 -7.251708407311575399e+01 7.692077817290680075e-01
-1.121476473884723962e-01 -7.253282706699306459e+01 7.703035193098786149e-01
-1.121473435981347189e-01 -7.254850116235405721e+01 7.713992568906892222e-01
-1.121470391405320760e-01 -7.256410666072987681e+01 7.724949944714999406e-01
-1.121467340496319770e-01 -7.257964386233223308e+01 7.735907320523105479e-01
-1.121464283588470418e-01 -7.259511306605911329e+01 7.746864696331211553e-01
-1.121461221010389697e-01 -7.261051456949995497e+01 7.757822072139317626e-01
-1.121458153085289206e-01 -7.262584866894232505e+01 7.768779447947424810e-01
-1.121455080131014970e-01 -7.264111565937665205e+01 7.779736823755530883e-01
-1.121452002460152503e-01 -7.265631583450254993e+01 7.790694199563636957e-01
-1.121448920380077735e-01 -7.267144948673421823e+01 7.801651575371743030e-01
-1.121445834193035979e-01 -7.268651690720639635e+01 7.812608951179850214e-01
-1.121442744196202296e-01 -7.270151838577919534e+01 7.823566326987956288e-01
-1.121439650681751582e-01 -7.271645421104460638e+01 7.834523702796062361e-01
-1.121436553936942526e-01 -7.273132467033133253e+01 7.845481078604169545e-01
-1.121433454244156885e-01 -7.274613004971062935e+01 7.856438454412275618e-01
-1.121430351880986775e-01 -7.276087063400197508e+01 7.867395830220381692e-01
-1.121427247120286991e-01 -7.277554670677812965e+01 7.878353206028487765e-01
-1.121424140230249250e-01 -7.279015855037081906e+01 7.889310581836594949e-01
-1.121421031474456598e-01 -7.280470644587644813e+01 7.900267957644701022e-01
-1.121417921111952931e-01 -7.281919067316057692e+01 7.911225333452807096e-01
-1.121414809397297124e-01 -7.283361151086482721e+01 7.922182709260913169e-01
-1.121411696580645601e-01 -7.284796923641064836e+01 7.933140085069020353e-01
-1.121408582907757606e-01 -7.286226412600576907e+01 7.944097460877126426e-01
-1.121405468620142037e-01 -7.287649645464873061e+01 7.955054836685232500e-01
-1.121402353955037179e-01 -7.289066649613481275e+01 7.966012212493338573e-01
-1.121399239145493693e-01 -7.290477452306106443e+01 7.976969588301445757e-01
-1.121396124420454138e-01 -7.291882080683160439e+01 7.987926964109551831e-01
-1.121393010004785307e-01 -7.293280561766228232e+01 7.998884339917657904e-01
-1.121389896119334428e-01 -7.294672922458703113e+01 8.009841715725763978e-01
-1.121386782981003277e-01 -7.296059189546181756e+01 8.020799091533871161e-01
-1.121383670802781618e-01 -7.297439389697072443e+01 8.031756467341977235e-01
-1.121380559793806880e-01 -7.298813549463038441e+01 8.042713843150083308e-01
-1.121377450159431882e-01 -7.300181695279584915e+01 8.053671218958189382e-01
-1.121374342101254667e-01 -7.301543853466449718e+01 8.064628594766296565e-01
-1.121371235817191225e-01 -7.302900050228276996e+01 8.075585970574402639e-01
-1.121368131501494364e-01 -7.304250311654952554e+01 8.086543346382508712e-01
-1.121365029344859598e-01 -7.305594663722224880e+01 8.097500722190615896e-01
-1.121361929534411828e-01 -7.306933132292127198e+01 8.108458097998721970e-01
-1.121358832253799703e-01 -7.308265743113520330e+01 8.119415473806828043e-01
-1.121355737683224357e-01 -7.309592521822608546e+01 8.130372849614934117e-01
-1.121352645999502545e-01 -7.310913493943351682e+01 8.141330225423041300e-01
-1.121349557376080247e-01 -7.312228684888032149e+01 8.152287601231147374e-01
-1.121346471983123982e-01 -7.313538119957722472e+01 8.163244977039253447e-01
-1.121343389987545097e-01 -7.314841824342742882e+01 8.174202352847359521e-01
-1.121340311553027380e-01 -7.316139823123189956e+01 8.185159728655466704e-01
-1.121337236840110746e-01 -7.317432141269371471e+01 8.196117104463572778e-01
-1.121334166006208166e-01 -7.318718803642346415e+01 8.207074480271678851e-01
-1.121331099205648274e-01 -7.319999834994354160e+01 8.218031856079784925e-01
-1.121328036589751553e-01 -7.321275259969297622e+01 8.228989231887892108e-01
-1.121324978306823678e-01 -7.322545103103266229e+01 8.239946607695998182e-01
-1.121321924502236556e-01 -7.323809388824926714e+01 8.250903983504104255e-01
-1.121318875318460667e-01 -7.325068141456040394e+01 8.261861359312210329e-01
-1.121315830895082827e-01 -7.326321385211927861e+01 8.272818735120317513e-01
-1.121312791368890144e-01 -7.327569144201953577e+01 8.283776110928423586e-01
-1.121309756873876406e-01 -7.328811442429955036e+01 8.294733486736529660e-01
-1.121306727541286075e-01 -7.330048303794697517e+01 8.305690862544635733e-01
-1.121303703499672011e-01 -7.331279752090379986e+01 8.316648238352742917e-01
-1.121300684874904779e-01 -7.332505811007067109e+01 8.327605614160848990e-01
-1.121297671790244255e-01 -7.333726504131138313e+01 8.338562989968955064e-01
-1.121294664366356969e-01 -7.334941854945734008e+01 8.349520365777061137e-01
-1.121291662721344701e-01 -7.336151886831237334e+01 8.360477741585168321e-01
-1.121288666970808867e-01 -7.337356623065717542e+01 8.371435117393274394e-01
-1.121285677227856215e-01 -7.338556086825356317e+01 8.382392493201380468e-01
-1.121282693603161823e-01 -7.339750301184899683e+01 8.393349869009487652e-01
-1.121279716204989924e-01 -7.340939289118115596e+01 8.404307244817593725e-01
-1.121276745139219433e-01 -7.342123073498234476e+01 8.415264620625699798e-01
-1.121273780509409873e-01 -7.343301677098357061e+01 8.426221996433805872e-01
-1.121270822416797486e-01 -7.344475122591978788e+01 8.437179372241913056e-01
-1.121267870960358237e-01 -7.345643432553285379e+01 8.448136748050019129e-01
-1.121264926236828496e-01 -7.346806629457721272e+01 8.459094123858125203e-01
-1.121261988340729737e-01 -7.347964735682344894e+01 8.470051499666231276e-01
-1.121259057364413364e-01 -7.349117773506299045e+01 8.481008875474338460e-01
-1.121256133398108729e-01 -7.350265765111218741e+01 8.491966251282444533e-01
-1.121253216529892599e-01 -7.351408732581654704e+01 8.502923627090550607e-01
-1.121250306845804623e-01 -7.352546697905508211e+01 8.513881002898656680e-01
-1.121247404429813188e-01 -7.353679682974463105e+01 8.524838378706763864e-01
-1.121244509363874403e-01 -7.354807709584356701e+01 8.535795754514869937e-01
-1.121241621727959298e-01 -7.355930799435685685e+01 8.546753130322976011e-01
-1.121238741600068950e-01 -7.357048974133961394e+01 8.557710506131082084e-01
-1.121235869056281531e-01 -7.358162255190119083e+01 8.568667881939189268e-01
-1.121233004170775344e-01 -7.359270664020975516e+01 8.579625257747295342e-01
-1.121230147015866985e-01 -7.360374221949608398e+01 8.590582633555401415e-01
-1.121227297661992195e-01 -7.361472950205777011e+01 8.601540009363507489e-01
-1.121224456177812717e-01 -7.362566869926331492e+01 8.612497385171614672e-01
-1.121221622630166753e-01 -7.363656002155612157e+01 8.623454760979720746e-01
-1.121218797084153201e-01 -7.364740367845851665e+01 8.634412136787826819e-01
-1.121215979603125551e-01 -7.365819987857622664e+01 8.645369512595934003e-01
-1.121213170248714364e-01 -7.366894882960161794e+01 8.656326888404040076e-01
-1.121210369080886393e-01 -7.367965073831813072e+01 8.667284264212146150e-01
-1.121207576157938757e-01 -7.369030581060458474e+01 8.678241640020252223e-01
-1.121204791536532935e-01 -7.370091425143829156e+01 8.689199015828359407e-01
-1.121202015271729885e-01 -7.371147626490014204e+01 8.700156391636465480e-01
-1.121199247416996420e-01 -7.372199205417702217e+01 8.711113767444571554e-01
-1.121196488024249205e-01 -7.373246182156719897e+01 8.722071143252677627e-01
-1.121193737143858643e-01 -7.374288576848357479e+01 8.733028519060784811e-01
-1.121190994824695780e-01 -7.375326409545735373e+01 8.743985894868890885e-01
-1.121188261114127588e-01 -7.376359700214216275e+01 8.754943270676996958e-01
-1.121185536058065396e-01 -7.377388468731773230e+01 8.765900646485103032e-01
-1.121182819700971695e-01 -7.378412734889431590e+01 8.776858022293210215e-01
-1.121180112085897185e-01 -7.379432518391536178e+01 8.787815398101316289e-01
-1.121177413254469263e-01 -7.380447838856267140e+01 8.798772773909422362e-01
-1.121174723246976673e-01 -7.381458715815878691e+01 8.809730149717528436e-01
-1.121172042102309974e-01 -7.382465168717187964e+01 8.820687525525635619e-01
-1.121169369858056042e-01 -7.383467216921890497e+01 8.831644901333741693e-01
-1.121166706550480036e-01 -7.384464879706941076e+01 8.842602277141847766e-01
-1.121164052214538437e-01 -7.385458176264934593e+01 8.853559652949953840e-01
-1.121161406883940392e-01 -7.386447125704486893e+01 8.864517028758061024e-01
-1.121158770591133003e-01 -7.387431747050545994e+01 8.875474404566167097e-01
-1.121156143367322555e-01 -7.388412059244845409e+01 8.886431780374273171e-01
-1.121153525242508248e-01 -7.389388081146171317e+01 8.897389156182380354e-01
-1.121150916245503143e-01 -7.390359831530834356e+01 8.908346531990486428e-01
-1.121148316403927508e-01 -7.391327329092905529e+01 8.919303907798592501e-01
-1.121145725744270572e-01 -7.392290592444690844e+01 8.930261283606698575e-01
-1.121143144291860405e-01 -7.393249640117028321e+01 8.941218659414805758e-01
-1.121140572070928182e-01 -7.394204490559627629e+01 8.952176035222911832e-01
-1.121138009104582778e-01 -7.395155162141500682e+01 8.963133411031017905e-01
-1.121135455414867671e-01 -7.396101673151262901e+01 8.974090786839123979e-01
-1.121132911022750811e-01 -7.397044041797435909e+01 8.985048162647231162e-01
-1.121130375948162228e-01 -7.397982286208902281e+01 8.996005538455337236e-01
-1.121127850209985288e-01 -7.398916424435206807e+01 9.006962914263443309e-01
-1.121125333826117343e-01 -7.399846474446883349e+01 9.017920290071549383e-01
-1.121122826813419904e-01 -7.400772454135812950e+01 9.028877665879656567e-01
-1.121120329187810655e-01 -7.401694381315603266e+01 9.039835041687762640e-01
-1.121117840964223761e-01 -7.402612273721858571e+01 9.050792417495868714e-01
-1.121115362156642481e-01 -7.403526149012584767e+01 9.061749793303974787e-01
-1.121112892778133030e-01 -7.404436024768529023e+01 9.072707169112081971e-01
-1.121110432840827509e-01 -7.405341918493471098e+01 9.083664544920188044e-01
-1.121107982355974697e-01 -7.406243847614602771e+01 9.094621920728294118e-01
-1.121105541333915906e-01 -7.407141829482820583e+01 9.105579296536400191e-01
-1.121103109784143959e-01 -7.408035881373101006e+01 9.116536672344507375e-01
-1.121100687715274047e-01 -7.408926020484840080e+01 9.127494048152613448e-01
-1.121098275135089251e-01 -7.409812263942114896e+01 9.138451423960719522e-01
-1.121095872050552195e-01 -7.410694628794118444e+01 9.149408799768826706e-01
-1.121093478467800747e-01 -7.411573132015345777e+01 9.160366175576932779e-01
-1.121091094392177995e-01 -7.412447790506095657e+01 9.171323551385038853e-01
-1.121088719828238628e-01 -7.413318621092639660e+01 9.182280927193144926e-01
-1.121086354779768229e-01 -7.414185640527642818e+01 9.193238303001252110e-01
-1.121083999249794516e-01 -7.415048865490437890e+01 9.204195678809358183e-01
-1.121081653240596915e-01 -7.415908312587356477e+01 9.215153054617464257e-01
-1.121079316753722382e-01 -7.416763998352060128e+01 9.226110430425570330e-01
-1.121076989790008027e-01 -7.417615939245872880e+01 9.237067806233677514e-01
-1.121074672349566259e-01 -7.418464151658045580e+01 9.248025182041783587e-01
-1.121072364431828644e-01 -7.419308651906106888e+01 9.258982557849889661e-01
-1.121070066035545210e-01 -7.420149456236175922e+01 9.269939933657995734e-01
-1.121067777158789164e-01 -7.420986580823300471e+01 9.280897309466102918e-01
-1.121065497798977573e-01 -7.421820041771684373e+01 9.291854685274208991e-01
-1.121063227952885794e-01 -7.422649855115089679e+01 9.302812061082315065e-01
-1.121060967616664128e-01 -7.423476036817095292e+01 9.313769436890421138e-01
-1.121058716785812842e-01 -7.424298602771436606e+01 9.324726812698528322e-01
-1.121056475455246421e-01 -7.425117568802258461e+01 9.335684188506634396e-01
-1.121054243619273028e-01 -7.425932950664456200e+01 9.346641564314740469e-01
-1.121052021271607274e-01 -7.426744764044008207e+01 9.357598940122846543e-01
-1.121049808405382292e-01 -7.427553024558199013e+01 9.368556315930953726e-01
-1.121047605013176379e-01 -7.428357747756008678e+01 9.379513691739059800e-01
-1.121045411087005644e-01 -7.429158949118335897e+01 9.390471067547165873e-01
-1.121043226618336219e-01 -7.429956644058334803e+01 9.401428443355273057e-01
-1.121041051598106048e-01 -7.430750847921713387e+01 9.412385819163379130e-01
-1.121038886016721831e-01 -7.431541575987000670e+01 9.423343194971485204e-01
-1.121036729864067077e-01 -7.432328843465897705e+01 9.434300570779591277e-01
-1.121034583129539436e-01 -7.433112665503480798e+01 9.445257946587698461e-01
-1.121032445802024741e-01 -7.433893057178578090e+01 9.456215322395804534e-01
-1.121030317869930876e-01 -7.434670033504032460e+01 9.467172698203910608e-01
-1.121028199321175145e-01 -7.435443609426971534e+01 9.478130074012016681e-01
-1.121026090143227294e-01 -7.436213799829081950e+01 9.489087449820123865e-01
-1.121023990323082309e-01 -7.436980619526988789e+01 9.500044825628229939e-01
-1.121021899847300524e-01 -7.437744083272382056e+01 9.511002201436336012e-01
-1.121019818701983750e-01 -7.438504205752457210e+01 9.521959577244442086e-01
-1.121017746872818299e-01 -7.439261001590125488e+01 9.532916953052549269e-01
-1.121015684345054580e-01 -7.440014485344283912e+01 9.543874328860655343e-01
-1.121013631103545544e-01 -7.440764671510112294e+01 9.554831704668761416e-01
-1.121011587132721282e-01 -7.441511574519380190e+01 9.565789080476867490e-01
-1.121009552416625532e-01 -7.442255208740651540e+01 9.576746456284974673e-01
-1.121007526938902765e-01 -7.442995588479639935e+01 9.587703832093080747e-01
-1.121005510682833578e-01 -7.443732727979454467e+01 9.598661207901186820e-01
-1.121003503631306242e-01 -7.444466641420845576e+01 9.609618583709292894e-01
-1.121001505766845846e-01 -7.445197342922540429e+01 9.620575959517400078e-01
-1.120999517071634421e-01 -7.445924846541419129e+01 9.631533335325506151e-01
-1.120997537527501364e-01 -7.446649166272889886e+01 9.642490711133612225e-01
-1.120995567115913027e-01 -7.447370316051083705e+01 9.653448086941719408e-01
-1.120993605818024069e-01 -7.448088309749159919e+01 9.664405462749825482e-01
-1.120991653614653583e-01 -7.448803161179579035e+01 9.675362838557931555e-01
-1.120989710486297031e-01 -7.449514884094344325e+01 9.686320214366037629e-01
-1.120987776413139292e-01 -7.450223492185244822e+01 9.697277590174144812e-01
-1.120985851375064096e-01 -7.450928999084183602e+01 9.708234965982250886e-01
-1.120983935351645838e-01 -7.451631418363378145e+01 9.719192341790356959e-01
-1.120982028322167201e-01 -7.452330763535651670e+01 9.730149717598463033e-01
-1.120980130265634700e-01 -7.453027048054714498e+01 9.741107093406570216e-01
-1.120978241160772021e-01 -7.453720285315380067e+01 9.752064469214676290e-01
-1.120976360986016829e-01 -7.454410488653839195e+01 9.763021845022782363e-01
-1.120974489719559625e-01 -7.455097671347908772e+01 9.773979220830888437e-01
-1.120972627339319461e-01 -7.455781846617315978e+01 9.784936596638995621e-01
-1.120970773822959343e-01 -7.456463027623914286e+01 9.795893972447101694e-01
-1.120968929147908300e-01 -7.457141227471952050e+01 9.806851348255207768e-01
-1.120967093291340699e-01 -7.457816459208375193e+01 9.817808724063313841e-01
-1.120965266230201235e-01 -7.458488735822955107e+01 9.828766099871421025e-01
-1.120963447941197011e-01 -7.459158070248669503e+01 9.839723475679527098e-01
-1.120961638400821969e-01 -7.459824475361875784e+01 9.850680851487633172e-01
-1.120959837585339403e-01 -7.460487963982573945e+01 9.861638227295739245e-01
-1.120958045470814152e-01 -7.461148548874663788e+01 9.872595603103846429e-01
-1.120956262033093037e-01 -7.461806242746196460e+01 9.883552978911952502e-01
-1.120954487247824705e-01 -7.462461058249593293e+01 9.894510354720058576e-01
-1.120952721090459070e-01 -7.463113007981894498e+01 9.905467730528164649e-01
-1.120950963536259115e-01 -7.463762104485041959e+01 9.916425106336271833e-01
-1.120949214560298668e-01 -7.464408360246034135e+01 9.927382482144377907e-01
-1.120947474137466426e-01 -7.465051787697271379e+01 9.938339857952483980e-01
-1.120945742242476784e-01 -7.465692399216730735e+01 9.949297233760591164e-01
-1.120944018849887175e-01 -7.466330207128216045e+01 9.960254609568697237e-01
-1.120942303934067130e-01 -7.466965223701586751e+01 9.971211985376803311e-01
-1.120940597469240324e-01 -7.467597461152998051e+01 9.982169361184910494e-01
-1.120938899429469310e-01 -7.468226931645176592e+01 9.993126736993018788e-01
-1.120937209788665095e-01 -7.468853647287588160e+01 1.000408411280112597e+00
