3.404288342194860206e+00 0.000000000000000000e+00
1.207151525705824763e-01 8.257914975563648841e-03
7.931560384678343345e-02 1.651582995112729768e-02
5.462222929435149588e-02 2.477374492669094999e-02
3.616474751005865906e-02 3.303165990225459536e-02
2.460901264422060003e-02 4.128957487781824420e-02
1.778936609852067863e-02 4.954748985338189304e-02
1.369483439929725273e-02 5.780540482894554882e-02
1.106867634334320581e-02 6.606331980450919072e-02
9.250153865525231889e-03 7.432123478007283957e-02
7.920295289764128430e-03 8.257914975563648841e-02
6.918784349896655791e-03 9.083706473120013725e-02
6.151903342914972692e-03 9.909497970676378609e-02
5.557045604567920072e-03 1.073528946823274488e-01
5.089388002640147894e-03 1.156108096578910976e-01
4.715956221487551704e-03 1.238687246334547465e-01
4.412416401683254968e-03 1.321266396090183814e-01
4.160871227778462772e-03 1.403845545845820442e-01
3.948180256926574552e-03 1.486424695601456791e-01
3.764700690295702708e-03 1.569003845357093418e-01
3.603359518833776278e-03 1.651582995112729768e-01
3.458969928445267388e-03 1.734162144868366395e-01
3.327726657587206944e-03 1.816741294624002745e-01
3.206834433947704580e-03 1.899320444379639372e-01
3.094235671547746966e-03 1.981899594135275722e-01
2.988411437532965866e-03 2.064478743890912349e-01
2.888236006615828733e-03 2.147057893646548976e-01
2.792870555932951832e-03 2.229637043402185603e-01
2.701685521206299151e-03 2.312216193157822508e-01
2.614203965396094936e-03 2.394795342913459135e-01
2.530060331400430310e-03 2.477374492669095762e-01
2.448970431603662064e-03 2.559953642424732667e-01
2.370709628963033923e-03 2.642532792180369294e-01
2.295096981889573496e-03 2.725111941936005922e-01
2.221983727002282451e-03 2.807691091691642549e-01
2.151244914427094014e-03 2.890270241447279176e-01
2.082773332271786910e-03 2.972849391202915803e-01
2.016475092138909561e-03 3.055428540958552985e-01
1.952266419062604307e-03 3.138007690714189613e-01
1.890071314400714993e-03 3.220586840469826240e-01
1.829819851186067266e-03 3.303165990225462867e-01
1.771446927641571719e-03 3.385745139981099494e-01
1.714891352610916882e-03 3.468324289736736121e-01
1.660095171492227423e-03 3.550903439492372748e-01
1.607003166531216411e-03 3.633482589248009931e-01
1.555562483623425946e-03 3.716061739003646558e-01
1.505722351008874013e-03 3.798640888759283185e-01
1.457433864831249532e-03 3.881220038514919812e-01
1.410649823427730229e-03 3.963799188270556439e-01
1.365324597265853319e-03 4.046378338026193067e-01
1.321414025011369200e-03 4.128957487781829694e-01
1.278875328849644845e-03 4.211536637537466876e-01
1.237667044079791053e-03 4.294115787293103503e-01
1.197748959332463510e-03 4.376694937048740131e-01
1.159082064786005201e-03 4.459274086804376758e-01
1.121628506445600682e-03 4.541853236560013385e-01
1.085351545069160404e-03 4.624432386315650012e-01
1.050215518721158217e-03 4.707011536071287194e-01
1.016185808173795642e-03 4.789590685826923822e-01
9.832288046013055571e-04 4.872169835582560449e-01
9.513118791432403432e-04 4.954748985338197076e-01
9.204033540275269971e-04 5.037328135093833703e-01
8.904724750031157337e-04 5.119907284849470885e-01
8.614893849248771336e-04 5.202486434605106957e-01
8.334250983259545260e-04 5.285065584360744140e-01
8.062514768911196008e-04 5.367644734116380212e-01
7.799412057387618887e-04 5.450223883872017394e-01
7.544677704476507579e-04 5.532803033627653466e-01
7.298054347678821063e-04 5.615382183383290648e-01
7.059292189891636050e-04 5.697961333138927831e-01
6.828148789099423421e-04 5.780540482894563903e-01
6.604388853940054618e-04 5.863119632650201085e-01
6.387784044806730241e-04 5.945698782405837157e-01
6.178112780271220609e-04 6.028277932161474340e-01
5.975160048630148062e-04 6.110857081917110412e-01
5.778717224459106955e-04 6.193436231672747594e-01
5.588581889927597777e-04 6.276015381428384776e-01
5.404557660783427045e-04 6.358594531184020848e-01
5.226454016903846981e-04 6.441173680939658031e-01
5.054086137202694253e-04 6.523752830695294103e-01
4.887274738851511702e-04 6.606331980450931285e-01
4.725845920698779480e-04 6.688911130206567357e-01
4.569631010742664242e-04 6.771490279962204539e-01
4.418466417588746910e-04 6.854069429717841722e-01
4.272193485816834328e-04 6.936648579473477794e-01
4.130658355086930505e-04 7.019227729229114976e-01
3.993711822991680930e-04 7.101806878984751048e-01
3.861209211495223782e-04 7.184386028740388230e-01
3.733010236919046486e-04 7.266965178496024302e-01
3.608978883357070208e-04 7.349544328251661485e-01
3.488983279446960769e-04 7.432123478007298667e-01
3.372895578459554123e-04 7.514702627762934739e-01
3.260591841593978718e-04 7.597281777518571921e-01
3.151951924353580065e-04 7.679860927274207993e-01
3.046859366034982775e-04 7.762440077029845176e-01
2.945201282182724175e-04 7.845019226785481248e-01
2.846868259968363363e-04 7.927598376541118430e-01
2.751754256407860791e-04 8.010177526296755612e-01
2.659756499331009365e-04 8.092756676052391684e-01
2.570775391117564087e-04 8.175335825808028867e-01
2.484714415026065010e-04 8.257914975563664939e-01
2.401480044104826453e-04 8.340494125319302121e-01
2.320981652669241145e-04 8.423073275074938193e-01
2.243131430154647783e-04 8.505652424830575375e-01
2.167844297440324908e-04 8.588231574586212558e-01
2.095037825440950786e-04 8.670810724341848630e-01
2.024632156020592392e-04 8.753389874097485812e-01
1.956549925101741657e-04 8.835969023853121884e-01
1.890716187918391048e-04 8.918548173608759067e-01
1.827058346439447444e-04 9.001127323364395139e-01
1.765506078759826588e-04 9.083706473120032321e-01
1.705991270557136988e-04 9.166285622875669503e-01
1.648447948463860932e-04 9.248864772631305575e-01
1.592812215367867944e-04 9.331443922386942758e-01
1.539022187506737212e-04 9.414023072142578830e-01
1.487017933430908722e-04 9.496602221898216012e-01
1.436741414674792177e-04 9.579181371653852084e-01
1.388136428145482276e-04 9.661760521409489266e-01
1.341148550179137940e-04 9.744339671165126449e-01
1.295725082211485679e-04 9.826918820920762521e-01
1.251814998029245312e-04 9.909497970676399703e-01
1.209368892538744707e-04 9.992077120432035775e-01
1.168338932052889723e-04 1.007465627018767185e+00
1.128678805997651200e-04 1.015723541994330903e+00
1.090343680063607092e-04 1.023981456969894621e+00
1.053290150695159957e-04 1.032239371945458339e+00
1.017476200960618196e-04 1.040497286921022058e+00
9.828611576774849679e-05 1.048755201896585554e+00
9.494056498359858384e-05 1.057013116872149272e+00
9.170715682335591802e-05 1.065271031847712990e+00
8.858220263083115443e-05 1.073528946823276708e+00
8.556213221501072759e-05 1.081786861798840427e+00
8.264349016156574278e-05 1.090044776774403923e+00
7.982293225518095252e-05 1.098302691749967641e+00
7.709722201188832212e-05 1.106560606725531359e+00
7.446322731062505682e-05 1.114818521701095078e+00
7.191791712581169205e-05 1.123076436676658574e+00
6.945835836429888651e-05 1.131334351652222292e+00
6.708171278783521519e-05 1.139592266627786010e+00
6.478523403830094339e-05 1.147850181603349728e+00
6.256626474441021567e-05 1.156108096578913447e+00
6.042223372065974731e-05 1.164366011554476943e+00
5.835065324964762819e-05 1.172623926530040661e+00
5.634911644819097303e-05 1.180881841505604379e+00
5.441529471055985684e-05 1.189139756481168098e+00
5.254693523276824437e-05 1.197397671456731816e+00
5.074185861054245419e-05 1.205655586432295312e+00
4.899795651131898781e-05 1.213913501407859030e+00
4.731318941669828820e-05 1.222171416383422748e+00
4.568558443597427985e-05 1.230429331358986467e+00
4.411323318448076049e-05 1.238687246334549963e+00
4.259428972838396319e-05 1.246945161310113681e+00
4.112696859209488193e-05 1.255203076285677399e+00
3.970954282901772682e-05 1.263460991261241118e+00
3.834034214891612831e-05 1.271718906236804836e+00
3.701775110496574161e-05 1.279976821212368332e+00
3.574020733727620671e-05 1.288234736187932050e+00
3.450619987014542266e-05 1.296492651163495768e+00
3.331426746198366541e-05 1.304750566139059487e+00
3.216299700706997598e-05 1.313008481114623205e+00
3.105102198728967926e-05 1.321266396090186701e+00
2.997702097114831826e-05 1.329524311065750419e+00
2.893971616093720918e-05 1.337782226041314138e+00
2.793787198432692487e-05 1.346040141016877856e+00
2.697029373105242135e-05 1.354298055992441352e+00
2.603582623056357114e-05 1.362555970968005070e+00
2.513335257385312355e-05 1.370813885943568788e+00
2.426179287275291650e-05 1.379071800919132507e+00
2.342010306034382095e-05 1.387329715894696225e+00
2.260727372771362064e-05 1.395587630870259721e+00
2.182232899861485253e-05 1.403845545845823439e+00
2.106432543850607955e-05 1.412103460821387158e+00
2.033235099945790702e-05 1.420361375796950876e+00
1.962552399651598683e-05 1.428619290772514594e+00
1.894299211921323932e-05 1.436877205748078090e+00
1.828393147188066005e-05 1.445135120723641808e+00
1.764754564582134106e-05 1.453393035699205527e+00
1.703306482055119684e-05 1.461650950674769245e+00
1.643974489446443910e-05 1.469908865650332741e+00
1.586686664183062601e-05 1.478166780625896459e+00
1.531373489784089564e-05 1.486424695601460177e+00
1.477967776932992808e-05 1.494682610577023896e+00
1.426404587062794352e-05 1.502940525552587614e+00
1.376621158381866560e-05 1.511198440528151110e+00
1.328556834326275084e-05 1.519456355503714828e+00
1.282152994255164668e-05 1.527714270479278547e+00
1.237352986384711405e-05 1.535972185454842265e+00
1.194102062888037171e-05 1.544230100430405983e+00
1.152347317088012542e-05 1.552488015405969479e+00
1.112037622638288962e-05 1.560745930381533197e+00
1.073123574725525171e-05 1.569003845357096916e+00
1.035557433124123812e-05 1.577261760332660634e+00
9.992930671028974932e-06 1.585519675308224130e+00
9.642859021687063932e-06 1.593777590283787848e+00
9.304928683574683501e-06 1.602035505259351567e+00
8.978723505049863277e-06 1.610293420234915285e+00
8.663841398095575378e-06 1.618551335210478781e+00
8.359893871840689197e-06 1.626809250186042499e+00
8.066505580193948622e-06 1.635067165161605995e+00
7.783313885144187827e-06 1.643325080137169714e+00
7.509968432754563985e-06 1.651582995112733432e+00
7.246130744902209197e-06 1.659840910088297150e+00
6.991473822466627073e-06 1.668098825063860868e+00
6.745681763251074621e-06 1.676356740039424364e+00
6.508449390524881787e-06 1.684614655014988083e+00
6.279481895504109803e-06 1.692872569990551801e+00
6.058494490453416543e-06 1.701130484966115519e+00
5.845212073114233852e-06 1.709388399941679015e+00
5.639368902968398170e-06 1.717646314917242734e+00
5.440708287465964205e-06 1.725904229892806452e+00
5.248982278613032830e-06 1.734162144868370170e+00
5.063951379393699271e-06 1.742420059843933888e+00
4.885384260909731944e-06 1.750677974819497384e+00
4.713057487077514818e-06 1.758935889795061103e+00
4.546755249944467156e-06 1.767193804770624821e+00
4.386269113080745871e-06 1.775451719746188539e+00
4.231397763270989011e-06 1.783709634721752257e+00
4.081946770869517307e-06 1.791967549697315754e+00
3.937728357750039905e-06 1.800225464672879472e+00
3.798561173068477123e-06 1.808483379648443190e+00
3.664270076464640862e-06 1.816741294624006908e+00
3.534685928286023546e-06 1.824999209599570404e+00
3.409645387111637603e-06 1.833257124575134123e+00
3.288990713649665229e-06 1.841515039550697841e+00
3.172569581080247056e-06 1.849772954526261559e+00
3.060234892282840274e-06 1.858030869501825277e+00
2.951844602762616015e-06 1.866288784477388774e+00
2.847261548859314181e-06 1.874546699452952492e+00
2.746353283146127711e-06 1.882804614428516210e+00
2.648991913785247991e-06 1.891062529404079928e+00
2.555053950360354426e-06 1.899320444379643646e+00
2.464420154182831338e-06 1.907578359355207143e+00
2.376975393947346064e-06 1.915836274330770861e+00
2.292608505920619480e-06 1.924094189306334579e+00
2.211212159315545457e-06 1.932352104281898297e+00
2.132682725513841786e-06 1.940610019257461794e+00
2.056920152173238984e-06 1.948867934233025512e+00
1.983827841409437569e-06 1.957125849208589230e+00
1.913312531895359348e-06 1.965383764184152948e+00
1.845284185215517215e-06 1.973641679159716666e+00
1.779655875694853110e-06 1.981899594135280163e+00
1.716343684336468219e-06 1.990157509110843881e+00
1.655266596019692045e-06 1.998415424086407599e+00
