3.737295029654723599e+00 0.000000000000000000e+00
1.161680118664741579e-01 8.257914975563648841e-03
5.098622718711062068e-02 1.651582995112729768e-02
3.278576576578526303e-02 2.477374492669094999e-02
2.373037292801230894e-02 3.303165990225459536e-02
1.818470827343997287e-02 4.128957487781824420e-02
1.447574490380551353e-02 4.954748985338189304e-02
1.186891078402995195e-02 5.780540482894554882e-02
9.971437131605392912e-03 6.606331980450919072e-02
8.551098591077110900e-03 7.432123478007283957e-02
7.462694022952408822e-03 8.257914975563648841e-02
6.612455263552527614e-03 9.083706473120013725e-02
5.938065708959671535e-03 9.909497970676378609e-02
5.396550215837462444e-03 1.073528946823274488e-01
4.957009431829770794e-03 1.156108096578910976e-01
4.596412022790768645e-03 1.238687246334547465e-01
4.297173752017382879e-03 1.321266396090183814e-01
4.045702592649999367e-03 1.403845545845820442e-01
3.831449424470952103e-03 1.486424695601456791e-01
3.646232264107033671e-03 1.569003845357093418e-01
3.483723667968359212e-03 1.651582995112729768e-01
3.339048483639213590e-03 1.734162144868366395e-01
3.208464251895051540e-03 1.816741294624002745e-01
3.089107155905952869e-03 1.899320444379639372e-01
2.978791082165384036e-03 1.981899594135275722e-01
2.875849799887671924e-03 2.064478743890912349e-01
2.779013916831017238e-03 2.147057893646548976e-01
2.687315620920521179e-03 2.229637043402185603e-01
2.600015406842438436e-03 2.312216193157822508e-01
2.516546039556907810e-03 2.394795342913459135e-01
2.436469921173020810e-03 2.477374492669095762e-01
2.359446804274091189e-03 2.559953642424732667e-01
2.285209440462668794e-03 2.642532792180369294e-01
2.213545280107778908e-03 2.725111941936005922e-01
2.144282763238356589e-03 2.807691091691642549e-01
2.077281078161093749e-03 2.890270241447279176e-01
2.012422528759691669e-03 2.972849391202915803e-01
1.949606857259823453e-03 3.055428540958552985e-01
1.888747028106567286e-03 3.138007690714189613e-01
1.829766100520769908e-03 3.220586840469826240e-01
1.772594910158821957e-03 3.303165990225462867e-01
1.717170350823362833e-03 3.385745139981099494e-01
1.663434100283582096e-03 3.468324289736736121e-01
1.611331674311407194e-03 3.550903439492372748e-01
1.560811722912615893e-03 3.633482589248009931e-01
1.511825505148438982e-03 3.716061739003646558e-01
1.464326495491889658e-03 3.798640888759283185e-01
1.418270087090959565e-03 3.881220038514919812e-01
1.373613366378795232e-03 3.963799188270556439e-01
1.330314940262852796e-03 4.046378338026193067e-01
1.288334802084120830e-03 4.128957487781829694e-01
1.247634226228676053e-03 4.211536637537466876e-01
1.208175683930493103e-03 4.294115787293103503e-01
1.169922774814753912e-03 4.376694937048740131e-01
1.132840170171008553e-03 4.459274086804376758e-01
1.096893565012324514e-03 4.541853236560013385e-01
1.062049636754407904e-03 4.624432386315650012e-01
1.028276008914686540e-03 4.707011536071287194e-01
9.955412186673569686e-04 4.789590685826923822e-01
9.638146873744837329e-04 4.872169835582560449e-01
9.330666934597430526e-04 4.954748985338197076e-01
9.032683471343308686e-04 5.037328135093833703e-01
8.743915666342488239e-04 5.119907284849470885e-01
8.464090556850408951e-04 5.202486434605106957e-01
8.192942820036154799e-04 5.285065584360744140e-01
7.930214566782742801e-04 5.367644734116380212e-01
7.675655143146883864e-04 5.450223883872017394e-01
7.429020938542846243e-04 5.532803033627653466e-01
7.190075200002946912e-04 5.615382183383290648e-01
6.958587851899602963e-04 5.697961333138927831e-01
6.734335320763416193e-04 5.780540482894563903e-01
6.517100364869396695e-04 5.863119632650201085e-01
6.306671908191434838e-04 5.945698782405837157e-01
6.102844878612814295e-04 6.028277932161474340e-01
5.905420050215299567e-04 6.110857081917110412e-01
5.714203889349432804e-04 6.193436231672747594e-01
5.529008404490814727e-04 6.276015381428384776e-01
5.349650999701902054e-04 6.358594531184020848e-01
5.175954331554397190e-04 6.441173680939658031e-01
5.007746169486168141e-04 6.523752830695294103e-01
4.844859259506591859e-04 6.606331980450931285e-01
4.687131191068021085e-04 6.688911130206567357e-01
4.534404267168079344e-04 6.771490279962204539e-01
4.386525377515491150e-04 6.854069429717841722e-01
4.243345874721301939e-04 6.936648579473477794e-01
4.104721453462532583e-04 7.019227729229114976e-01
3.970512032561531639e-04 7.101806878984751048e-01
3.840581639889295335e-04 7.184386028740388230e-01
3.714798300066174440e-04 7.266965178496024302e-01
3.593033924913432986e-04 7.349544328251661485e-01
3.475164206525912895e-04 7.432123478007298667e-01
3.361068513058644222e-04 7.514702627762934739e-01
3.250629786990620997e-04 7.597281777518571921e-01
3.143734445984281214e-04 7.679860927274207993e-01
3.040272286166364807e-04 7.762440077029845176e-01
2.940136387856437709e-04 7.845019226785481248e-01
2.843223023657625204e-04 7.927598376541118430e-01
2.749431568842250527e-04 8.010177526296755612e-01
2.658664414074297781e-04 8.092756676052391684e-01
2.570826880276426744e-04 8.175335825808028867e-01
2.485827135752305471e-04 8.257914975563664939e-01
2.403576115379165410e-04 8.340494125319302121e-01
2.323987441941204512e-04 8.423073275074938193e-01
2.246977349449204265e-04 8.505652424830575375e-01
2.172464608517290520e-04 8.588231574586212558e-01
2.100370453622705754e-04 8.670810724341848630e-01
2.030618512355727653e-04 8.753389874097485812e-01
1.963134736471750994e-04 8.835969023853121884e-01
1.897847334785858356e-04 8.918548173608759067e-01
1.834686707887878772e-04 9.001127323364395139e-01
1.773585384524743584e-04 9.083706473120032321e-01
1.714477959786495564e-04 9.166285622875669503e-01
1.657301034853391679e-04 9.248864772631305575e-01
1.601993158438840892e-04 9.331443922386942758e-01
1.548494769784820825e-04 9.414023072142578830e-01
1.496748143228020646e-04 9.496602221898216012e-01
1.446697334247885056e-04 9.579181371653852084e-01
1.398288127024864070e-04 9.661760521409489266e-01
1.351467983406551363e-04 9.744339671165126449e-01
1.306185993304374263e-04 9.826918820920762521e-01
1.262392826445740549e-04 9.909497970676399703e-01
1.220040685467578892e-04 9.992077120432035775e-01
1.179083260311624863e-04 1.007465627018767185e+00
1.139475683898298299e-04 1.015723541994330903e+00
1.101174489032099359e-04 1.023981456969894621e+00
1.064137566518393686e-04 1.032239371945458339e+00
1.028324124451836453e-04 1.040497286921022058e+00
9.936946486731668203e-05 1.048755201896585554e+00
9.602108643188959382e-05 1.057013116872149272e+00
9.278356984770969170e-05 1.065271031847712990e+00
8.965332438991314176e-05 1.073528946823276708e+00
8.662687237470869273e-05 1.081786861798840427e+00
8.370084573573937715e-05 1.090044776774403923e+00
8.087198269701076608e-05 1.098302691749967641e+00
7.813712454196381949e-05 1.106560606725531359e+00
7.549321247640320201e-05 1.114818521701095078e+00
7.293728458103649389e-05 1.123076436676658574e+00
7.046647285248207662e-05 1.131334351652222292e+00
6.807800033047565851e-05 1.139592266627786010e+00
6.576917830817176228e-05 1.147850181603349728e+00
6.353740362367294836e-05 1.156108096578913447e+00
6.138015603123221750e-05 1.164366011554476943e+00
5.929499564849004424e-05 1.172623926530040661e+00
5.727956047939000266e-05 1.180881841505604379e+00
5.533156400973637823e-05 1.189139756481168098e+00
5.344879287369238131e-05 1.197397671456731816e+00
5.162910458796638315e-05 1.205655586432295312e+00
4.987042535569207000e-05 1.213913501407859030e+00
4.817074793236174329e-05 1.222171416383422748e+00
4.652812955674984202e-05 1.230429331358986467e+00
4.494068994360112521e-05 1.238687246334549963e+00
4.340660933539291073e-05 1.246945161310113681e+00
4.192412661357913898e-05 1.255203076285677399e+00
4.049153746385126580e-05 1.263460991261241118e+00
3.910719259944981312e-05 1.271718906236804836e+00
3.776949603563216942e-05 1.279976821212368332e+00
3.647690341709967514e-05 1.288234736187932050e+00
3.522792039588592346e-05 1.296492651163495768e+00
3.402110105754097555e-05 1.304750566139059487e+00
3.285504639590608846e-05 1.313008481114623205e+00
3.172840283270818166e-05 1.321266396090186701e+00
3.063986078393563520e-05 1.329524311065750419e+00
2.958815326862822252e-05 1.337782226041314138e+00
2.857205455960497932e-05 1.346040141016877856e+00
2.759037887690543012e-05 1.354298055992441352e+00
2.664197911966746557e-05 1.362555970968005070e+00
2.572574563799595942e-05 1.370813885943568788e+00
2.484060504146375794e-05 1.379071800919132507e+00
2.398551904483988589e-05 1.387329715894696225e+00
2.315948334897553217e-05 1.395587630870259721e+00
2.236152655685646497e-05 1.403845545845823439e+00
2.159070912198456332e-05 1.412103460821387158e+00
2.084612232990168455e-05 1.420361375796950876e+00
2.012688731169477854e-05 1.428619290772514594e+00
1.943215408654614117e-05 1.436877205748078090e+00
1.876110063587044802e-05 1.445135120723641808e+00
1.811293200497825475e-05 1.453393035699205527e+00
1.748687943272715677e-05 1.461650950674769245e+00
1.688219950908865103e-05 1.469908865650332741e+00
1.629817335810553543e-05 1.478166780625896459e+00
1.573410584686219492e-05 1.486424695601460177e+00
1.518932481938318068e-05 1.494682610577023896e+00
1.466318035355471409e-05 1.502940525552587614e+00
1.415504404302579363e-05 1.511198440528151110e+00
1.366430829972336308e-05 1.519456355503714828e+00
1.319038567973012566e-05 1.527714270479278547e+00
1.273270822999426270e-05 1.535972185454842265e+00
1.229072685534448536e-05 1.544230100430405983e+00
1.186391070582808673e-05 1.552488015405969479e+00
1.145174658310600371e-05 1.560745930381533197e+00
1.105373836592823109e-05 1.569003845357096916e+00
1.066940645377814321e-05 1.577261760332660634e+00
1.029828722783974219e-05 1.585519675308224130e+00
9.939932529237361560e-06 1.593777590283787848e+00
9.593909154428417109e-06 1.602035505259351567e+00
9.259798365834797290e-06 1.610293420234915285e+00
8.937195417930156904e-06 1.618551335210478781e+00
8.625709099944296396e-06 1.626809250186042499e+00
8.324961291214949221e-06 1.635067165161605995e+00
8.034586531957540749e-06 1.643325080137169714e+00
7.754231607762725434e-06 1.651582995112733432e+00
7.483555146815555872e-06 1.659840910088297150e+00
7.222227230237762105e-06 1.668098825063860868e+00
6.969929015504264836e-06 1.676356740039424364e+00
6.726352370879229838e-06 1.684614655014988083e+00
6.491199523015605591e-06 1.692872569990551801e+00
6.264182714351072993e-06 1.701130484966115519e+00
6.045023872887637932e-06 1.709388399941679015e+00
5.833454291577670146e-06 1.717646314917242734e+00
5.629214319147297537e-06 1.725904229892806452e+00
5.432053059909307788e-06 1.734162144868370170e+00
5.241728083648039974e-06 1.742420059843933888e+00
5.058005145182516996e-06 1.750677974819497384e+00
4.880657912880164985e-06 1.758935889795061103e+00
4.709467705649302029e-06 1.767193804770624821e+00
4.544223238779035958e-06 1.775451719746188539e+00
4.384720378084964756e-06 1.783709634721752257e+00
4.230761902096701812e-06 1.791967549697315754e+00
4.082157271519466851e-06 1.800225464672879472e+00
3.938722406886427014e-06 1.808483379648443190e+00
3.800279473045092892e-06 1.816741294624006908e+00
3.666656670576401820e-06 1.824999209599570404e+00
3.537688034727165534e-06 1.833257124575134123e+00
3.413213239686371178e-06 1.841515039550697841e+00
3.293077410978489787e-06 1.849772954526261559e+00
3.177130942107293079e-06 1.858030869501825277e+00
3.065229318790229799e-06 1.866288784477388774e+00
2.957232948140039022e-06 1.874546699452952492e+00
2.853006993541698216e-06 1.882804614428516210e+00
2.752421215204750402e-06 1.891062529404079928e+00
2.655349815860018156e-06 1.899320444379643646e+00
2.561671291376801455e-06 1.907578359355207143e+00
2.471268286478536666e-06 1.915836274330770861e+00
2.384027455300517681e-06 1.924094189306334579e+00
2.299839326217262385e-06 1.932352104281898297e+00
2.218598171565403026e-06 1.940610019257461794e+00
2.140201881407324388e-06 1.948867934233025512e+00
2.064551841455050030e-06 1.957125849208589230e+00
1.991552815136144621e-06 1.965383764184152948e+00
1.921112829498159949e-06 1.973641679159716666e+00
1.853143065236066954e-06 1.981899594135280163e+00
1.787557749662159524e-06 1.990157509110843881e+00
1.724274053848220652e-06 1.998415424086407599e+00
