1.823396825261953902e+00 0.000000000000000000e+00
1.596494458527488169e-01 1.000000000000000021e-03
6.718798593901675886e-02 2.000000000000000042e-03
3.845942882161813847e-02 3.000000000000000062e-03
2.575305983920794448e-02 4.000000000000000083e-03
1.882769918683550522e-02 5.000000000000000104e-03
1.454739697014269077e-02 5.999999999999999258e-03
1.167902848930632564e-02 6.999999999999999278e-03
9.644929756576813354e-03 8.000000000000000167e-03
8.140326161018965334e-03 9.000000000000001055e-03
6.990284751712934341e-03 1.000000000000000021e-02
6.087838494402162369e-03 1.100000000000000110e-02
5.364244342517341529e-03 1.200000000000000198e-02
4.773506020643092547e-03 1.300000000000000287e-02
4.283800392820951916e-03 1.400000000000000203e-02
3.872479852934208790e-03 1.500000000000000118e-02
3.523032624822973902e-03 1.600000000000000033e-02
3.223165892362292190e-03 1.699999999999999775e-02
2.963558781426681426e-03 1.799999999999999864e-02
2.737028816255491874e-03 1.899999999999999606e-02
2.537961311008980758e-03 1.999999999999999695e-02
2.361910412750886906e-03 2.099999999999999437e-02
2.205314846740765496e-03 2.199999999999999525e-02
2.065291923429283041e-03 2.299999999999999267e-02
1.939485953396083125e-03 2.399999999999999356e-02
1.825955132474680297e-03 2.499999999999999098e-02
1.723086049181290309e-03 2.599999999999999534e-02
1.629528305949078668e-03 2.699999999999999623e-02
1.544143977173474507e-03 2.799999999999999711e-02
1.465968143422712727e-03 2.899999999999999800e-02
1.394177787364847716e-03 3.000000000000000236e-02
1.328067068752343061e-03 3.100000000000000325e-02
1.267027514190196278e-03 3.200000000000000761e-02
1.210532028829681321e-03 3.300000000000000849e-02
1.158121906113666758e-03 3.400000000000000938e-02
1.109396208449731558e-03 3.500000000000001027e-02
1.064003036990413984e-03 3.600000000000001116e-02
1.021632317028976821e-03 3.700000000000001205e-02
9.820098070149184833e-04 3.800000000000001987e-02
9.448921010744222885e-04 3.900000000000002076e-02
9.100624423341233246e-04 4.000000000000002165e-02
8.773272009972544420e-04 4.100000000000002254e-02
8.465128996981922515e-04 4.200000000000002343e-02
8.174636911246697989e-04 4.300000000000002431e-02
7.900392106975484682e-04 4.400000000000002520e-02
7.641127412963237553e-04 4.500000000000003303e-02
7.395696384196726297e-04 4.600000000000003392e-02
7.163059733763660342e-04 4.700000000000003481e-02
6.942273595714148040e-04 4.800000000000003569e-02
6.732479330354152868e-04 4.900000000000003658e-02
6.532894633164924164e-04 5.000000000000003747e-02
6.342805749338779366e-04 5.100000000000003836e-02
6.161560629365194679e-04 5.200000000000004619e-02
5.988562888613083949e-04 5.300000000000004707e-02
5.823266456662913549e-04 5.400000000000004796e-02
5.665170820699656209e-04 5.500000000000004885e-02
5.513816782855523839e-04 5.600000000000004974e-02
5.368782664138196806e-04 5.700000000000005063e-02
5.229680898055519495e-04 5.800000000000005151e-02
5.096154965922698472e-04 5.900000000000005934e-02
4.967876632961190381e-04 6.000000000000006023e-02
4.844543450394012867e-04 6.100000000000006112e-02
4.725876493680214929e-04 6.200000000000006201e-02
4.611618311226281020e-04 6.300000000000006983e-02
4.501531061373680574e-04 6.400000000000007072e-02
4.395394818360962713e-04 6.500000000000007161e-02
4.293006030400391550e-04 6.600000000000007250e-02
4.194176115097130917e-04 6.700000000000007339e-02
4.098730179113080135e-04 6.800000000000007427e-02
4.006505850538178456e-04 6.900000000000007516e-02
3.917352213638606077e-04 7.000000000000007605e-02
3.831128836765985437e-04 7.100000000000007694e-02
3.747704885141237030e-04 7.200000000000007783e-02
3.666958311056888256e-04 7.300000000000007871e-02
3.588775114751223600e-04 7.400000000000007960e-02
3.513048669828354410e-04 7.500000000000008049e-02
3.439679107659133518e-04 7.600000000000009526e-02
3.368572755711634671e-04 7.700000000000009615e-02
3.299641625172397650e-04 7.800000000000009703e-02
3.232802943649864960e-04 7.900000000000009792e-02
3.167978729072642757e-04 8.000000000000009881e-02
3.105095401255970715e-04 8.100000000000009970e-02
3.044083427915844956e-04 8.200000000000010059e-02
2.984877002096353944e-04 8.300000000000010147e-02
2.927413748348416133e-04 8.400000000000010236e-02
2.871634455118745178e-04 8.500000000000010325e-02
2.817482831069731538e-04 8.600000000000010414e-02
2.764905283218041694e-04 8.700000000000010503e-02
2.713850714986291925e-04 8.800000000000010592e-02
2.664270342353025969e-04 8.900000000000010680e-02
2.616117526544841742e-04 9.000000000000012157e-02
2.569347621728312533e-04 9.100000000000012246e-02
2.523917836390662112e-04 9.200000000000012335e-02
2.479787107126203097e-04 9.300000000000012423e-02
2.436915983739394362e-04 9.400000000000012512e-02
2.395266524576974043e-04 9.500000000000012601e-02
2.354802201191786779e-04 9.600000000000012690e-02
2.315487811435157969e-04 9.700000000000012779e-02
2.277289400207239251e-04 9.800000000000012867e-02
2.240174187153330968e-04 9.900000000000012956e-02
2.204110500630015697e-04 1.000000000000001305e-01
2.169067717376826562e-04 1.010000000000001313e-01
2.135016207319068756e-04 1.020000000000001322e-01
2.101927283041719039e-04 1.030000000000001192e-01
2.069773153457286766e-04 1.040000000000001062e-01
2.038526881299858263e-04 1.050000000000000933e-01
2.008162344020693790e-04 1.060000000000000941e-01
1.978654197838676911e-04 1.070000000000000812e-01
1.949977844543017316e-04 1.080000000000000682e-01
1.922109400854742057e-04 1.090000000000000691e-01
1.895025670064976104e-04 1.100000000000000561e-01
1.868704115747068563e-04 1.110000000000000431e-01
1.843122837291701023e-04 1.120000000000000301e-01
1.818260547166958589e-04 1.130000000000000310e-01
1.794096549656664220e-04 1.140000000000000180e-01
1.770610720993666832e-04 1.150000000000000050e-01
1.747783490706107136e-04 1.159999999999999920e-01
1.725595824093113426e-04 1.169999999999999929e-01
1.704029205708756857e-04 1.179999999999999799e-01
1.683065623748562756e-04 1.189999999999999669e-01
1.662687555275022835e-04 1.199999999999999539e-01
1.642877952186806939e-04 1.209999999999999548e-01
1.623620227865520658e-04 1.219999999999999418e-01
1.604898244437286332e-04 1.229999999999999288e-01
1.586696300605983480e-04 1.239999999999999297e-01
1.568999119988246347e-04 1.249999999999999167e-01
1.551791839930554372e-04 1.259999999999999176e-01
1.535060000726669468e-04 1.269999999999998908e-01
1.518789535268578257e-04 1.279999999999998916e-01
1.502966759011362336e-04 1.289999999999998648e-01
1.487578360318594494e-04 1.299999999999998657e-01
1.472611391078529613e-04 1.309999999999998666e-01
1.458053257627211780e-04 1.319999999999998397e-01
1.443891711928971819e-04 1.329999999999998406e-01
1.430114843008831323e-04 1.339999999999998415e-01
1.416711068616815920e-04 1.349999999999998146e-01
1.403669127108435127e-04 1.359999999999998155e-01
1.390978069544251288e-04 1.369999999999997886e-01
1.378627251962038309e-04 1.379999999999997895e-01
1.366606327856332279e-04 1.389999999999997904e-01
1.354905240824343972e-04 1.399999999999997635e-01
1.343514217390037746e-04 1.409999999999997644e-01
1.332423759968721965e-04 1.419999999999997653e-01
1.321624640025096861e-04 1.429999999999997384e-01
1.311107891343847739e-04 1.439999999999997393e-01
1.300864803464668541e-04 1.449999999999997402e-01
1.290886915267545551e-04 1.459999999999997133e-01
1.281166008673487742e-04 1.469999999999997142e-01
1.271694102500939077e-04 1.479999999999996874e-01
1.262463446430405574e-04 1.489999999999996882e-01
1.253466515115987147e-04 1.499999999999996891e-01
1.244696002407185017e-04 1.509999999999996623e-01
1.236144815711489242e-04 1.519999999999996632e-01
1.227806070452300692e-04 1.529999999999996640e-01
1.219673084657519441e-04 1.539999999999996372e-01
1.211739373675085375e-04 1.549999999999996381e-01
1.203998644973358021e-04 1.559999999999996390e-01
1.196444793082457168e-04 1.569999999999996121e-01
1.189071894621973873e-04 1.579999999999996130e-01
1.181874203454067146e-04 1.589999999999995861e-01
1.174846145936807323e-04 1.599999999999995870e-01
1.167982316278054798e-04 1.609999999999995879e-01
1.161277471996637631e-04 1.619999999999995610e-01
1.154726529482839507e-04 1.629999999999995619e-01
1.148324559671282455e-04 1.639999999999995628e-01
1.142066783787277823e-04 1.649999999999995359e-01
1.135948569211886000e-04 1.659999999999995368e-01
1.129965425438126243e-04 1.669999999999995099e-01
1.124113000118099828e-04 1.679999999999995108e-01
1.118387075195745529e-04 1.689999999999995117e-01
1.112783563150554104e-04 1.699999999999994849e-01
1.107298503308525820e-04 1.709999999999994857e-01
1.101928058256365292e-04 1.719999999999994866e-01
1.096668510339867476e-04 1.729999999999994598e-01
1.091516258242285252e-04 1.739999999999994607e-01
1.086467813647281580e-04 1.749999999999994615e-01
1.081519797996528446e-04 1.759999999999994347e-01
1.076668939302171985e-04 1.769999999999994356e-01
1.071912069071969938e-04 1.779999999999994087e-01
1.067246119285032203e-04 1.789999999999994096e-01
1.062668119459315931e-04 1.799999999999994105e-01
1.058175193783851553e-04 1.809999999999993836e-01
1.053764558338729284e-04 1.819999999999993845e-01
1.049433518369111015e-04 1.829999999999993854e-01
1.045179465646092624e-04 1.839999999999993585e-01
1.040999875888332565e-04 1.849999999999993594e-01
1.036892306255238623e-04 1.859999999999993603e-01
1.032854392902920337e-04 1.869999999999993334e-01
1.028883848612851696e-04 1.879999999999993343e-01
1.024978460472729890e-04 1.889999999999993074e-01
1.021136087627365124e-04 1.899999999999993083e-01
1.017354659097611440e-04 1.909999999999993092e-01
1.013632171643028148e-04 1.919999999999992824e-01
1.009966687692132595e-04 1.929999999999992832e-01
1.006356333329402653e-04 1.939999999999992841e-01
1.002799296343411933e-04 1.949999999999992573e-01
9.992938243112548902e-05 1.959999999999992581e-01
9.958382227613685439e-05 1.969999999999992590e-01
9.924308533672578905e-05 1.979999999999992322e-01
9.890701322040441955e-05 1.989999999999992331e-01
9.857545280509736967e-05 1.999999999999992062e-01
9.824825607410064333e-05 2.009999999999992071e-01
9.792527995584458008e-05 2.019999999999992080e-01
9.760638616902266279e-05 2.029999999999992089e-01
9.729144107028564242e-05 2.039999999999992375e-01
9.698031550838945769e-05 2.049999999999992384e-01
9.667288468258113826e-05 2.059999999999992393e-01
9.636902800202235724e-05 2.069999999999992679e-01
9.606862895369399258e-05 2.079999999999992688e-01
9.577157497200689733e-05 2.089999999999992975e-01
9.547775731102508222e-05 2.099999999999992983e-01
9.518707092299532279e-05 2.109999999999993270e-01
9.489941433983716695e-05 2.119999999999993279e-01
9.461468955600543416e-05 2.129999999999993565e-01
9.433280191823654450e-05 2.139999999999993574e-01
9.405366001650802940e-05 2.149999999999993583e-01
9.377717557785022584e-05 2.159999999999993869e-01
9.350326336581184098e-05 2.169999999999993878e-01
9.323184108038536761e-05 2.179999999999994165e-01
9.296282926200390910e-05 2.189999999999994174e-01
9.269615119936784012e-05 2.199999999999994460e-01
9.243173283856456822e-05 2.209999999999994469e-01
9.216950269562886185e-05 2.219999999999994478e-01
9.190939177262945120e-05 2.229999999999994764e-01
9.165133347454208204e-05 2.239999999999994773e-01
9.139526353060413292e-05 2.249999999999995060e-01
9.114111991726000085e-05 2.259999999999995068e-01
9.088884278248784184e-05 2.269999999999995355e-01
9.063837437482987868e-05 2.279999999999995364e-01
9.038965897287417044e-05 2.289999999999995650e-01
9.014264281666010904e-05 2.299999999999995659e-01
8.989727404356840637e-05 2.309999999999995668e-01
8.965350262355905578e-05 2.319999999999995954e-01
8.941128029773081471e-05 2.329999999999995963e-01
8.917056051922832381e-05 2.339999999999996250e-01
8.893129839516272469e-05 2.349999999999996259e-01
8.869345063039005815e-05 2.359999999999996545e-01
8.845697547475340366e-05 2.369999999999996554e-01
8.822183266889162235e-05 2.379999999999996840e-01
8.798798339503570095e-05 2.389999999999996849e-01
8.775539022744314847e-05 2.399999999999996858e-01
8.752401708485971535e-05 2.409999999999997145e-01
8.729382918538835319e-05 2.419999999999997153e-01
8.706479300058119451e-05 2.429999999999997440e-01
8.683687621383687227e-05 2.439999999999997449e-01
8.661004767866188039e-05 2.449999999999997735e-01
8.638427737794926833e-05 2.459999999999997744e-01
8.615953638541240425e-05 2.469999999999997753e-01
8.593579682771319687e-05 2.479999999999998039e-01
8.571303184872185871e-05 2.489999999999998048e-01
8.549121557368730400e-05 2.499999999999998335e-01
8.527032307553759731e-05 2.509999999999998344e-01
8.505033034192787820e-05 2.519999999999998352e-01
8.483121424365293057e-05 2.529999999999998916e-01
8.461295250356187304e-05 2.539999999999998925e-01
8.439552366693893470e-05 2.549999999999998934e-01
8.417890707292495652e-05 2.559999999999998943e-01
8.396308282668784597e-05 2.569999999999998952e-01
8.374803177284040638e-05 2.579999999999999516e-01
8.353373546859582991e-05 2.589999999999999525e-01
8.332017616005751067e-05 2.599999999999999534e-01
8.310733675678733448e-05 2.609999999999999543e-01
8.289520080894188792e-05 2.620000000000000107e-01
8.268375248497102949e-05 2.630000000000000115e-01
8.247297654907003524e-05 2.640000000000000124e-01
8.226285834032490217e-05 2.650000000000000133e-01
8.205338375264869914e-05 2.660000000000000142e-01
8.184453921429076927e-05 2.670000000000000706e-01
8.163631167021914931e-05 2.680000000000000715e-01
8.142868856181601086e-05 2.690000000000000724e-01
8.122165781080169331e-05 2.700000000000000733e-01
8.101520780091941206e-05 2.710000000000001297e-01
8.080932736237646946e-05 2.720000000000001306e-01
8.060400575446606606e-05 2.730000000000001315e-01
8.039923265207498738e-05 2.740000000000001323e-01
8.019499812881878483e-05 2.750000000000001332e-01
7.999129264355024855e-05 2.760000000000001896e-01
7.978810702678520972e-05 2.770000000000001905e-01
7.958543246618833967e-05 2.780000000000001914e-01
7.938326049486173349e-05 2.790000000000001923e-01
7.918158297794871130e-05 2.800000000000001932e-01
7.898039210055535881e-05 2.810000000000002496e-01
7.877968035717779433e-05 2.820000000000002505e-01
7.857944053850955603e-05 2.830000000000002514e-01
7.837966572241351828e-05 2.840000000000002522e-01
7.818034926254247149e-05 2.850000000000003086e-01
7.798148477798238934e-05 2.860000000000003095e-01
7.778306614467683680e-05 2.870000000000003104e-01
7.758508748435122152e-05 2.880000000000003113e-01
7.738754315682840252e-05 2.890000000000003122e-01
7.719042775025233079e-05 2.900000000000003686e-01
7.699373607323709739e-05 2.910000000000003695e-01
7.679746314615642610e-05 2.920000000000003704e-01
7.660160419407546133e-05 2.930000000000003713e-01
7.640615463851805505e-05 2.940000000000004277e-01
7.621111008997698982e-05 2.950000000000004285e-01
7.601646634121263354e-05 2.960000000000004294e-01
7.582221936048341151e-05 2.970000000000004303e-01
7.562836528469663022e-05 2.980000000000004312e-01
7.543490041311854625e-05 2.990000000000004876e-01
7.524182120127459060e-05 3.000000000000004885e-01
7.504912425510047746e-05 3.010000000000004894e-01
7.485680632507543718e-05 3.020000000000004903e-01
7.466486430070621574e-05 3.030000000000005467e-01
7.447329520589806000e-05 3.040000000000005476e-01
7.428209619249760264e-05 3.050000000000005485e-01
7.409126453677211883e-05 3.060000000000005493e-01
7.390079763351419049e-05 3.070000000000005502e-01
7.371069299270258048e-05 3.080000000000006066e-01
7.352094823356496525e-05 3.090000000000006075e-01
7.333156108146478389e-05 3.100000000000006084e-01
7.314252936357898481e-05 3.110000000000006093e-01
7.295385100453149639e-05 3.120000000000006657e-01
7.276552402321137818e-05 3.130000000000006666e-01
7.257754652809135791e-05 3.140000000000006675e-01
7.238991671476086498e-05 3.150000000000006684e-01
7.220263286208421422e-05 3.160000000000006692e-01
7.201569332875533674e-05 3.170000000000007256e-01
7.182909655008146697e-05 3.180000000000007265e-01
7.164284103565260952e-05 3.190000000000007274e-01
7.145692536534449231e-05 3.200000000000007283e-01
7.127134818684231657e-05 3.210000000000007847e-01
7.108610821344397350e-05 3.220000000000007856e-01
7.090120422091955783e-05 3.230000000000007865e-01
7.071663504462945000e-05 3.240000000000007874e-01
7.053239957805726868e-05 3.250000000000007883e-01
7.034849676983761179e-05 3.260000000000008447e-01
7.016492562123988078e-05 3.270000000000008455e-01
6.998168518389327210e-05 3.280000000000008464e-01
6.979877455973172685e-05 3.290000000000008473e-01
6.961619289507399715e-05 3.300000000000008482e-01
6.943393938256457135e-05 3.310000000000009046e-01
6.925201325681896243e-05 3.320000000000009055e-01
6.907041379368616593e-05 3.330000000000009064e-01
6.888914030796348704e-05 3.340000000000009073e-01
6.870819215234170670e-05 3.350000000000009637e-01
6.852756871514198585e-05 3.360000000000009646e-01
6.834726941937933149e-05 3.370000000000009654e-01
6.816729372031904899e-05 3.380000000000009663e-01
6.798764110501771796e-05 3.390000000000009672e-01
6.780831109033480617e-05 3.400000000000010236e-01
6.762930322242354170e-05 3.410000000000010245e-01
6.745061707365863641e-05 3.420000000000010254e-01
6.727225224359482903e-05 3.430000000000010263e-01
6.709420835648788404e-05 3.440000000000010827e-01
6.691648505978980033e-05 3.450000000000010836e-01
6.673908202448293524e-05 3.460000000000010845e-01
6.656199894259991917e-05 3.470000000000010854e-01
6.638523552681953278e-05 3.480000000000010862e-01
6.620879150945086378e-05 3.490000000000011426e-01
6.603266664200793375e-05 3.500000000000011435e-01
6.585686069255202043e-05 3.510000000000011444e-01
6.568137344761042456e-05 3.520000000000011453e-01
6.550620470803819215e-05 3.530000000000012017e-01
6.533135429124261272e-05 3.540000000000012026e-01
6.515682202819080774e-05 3.550000000000012035e-01
6.498260776407459055e-05 3.560000000000012044e-01
6.480871135681016092e-05 3.570000000000012053e-01
6.463513267651581774e-05 3.580000000000012617e-01
6.446187160508719575e-05 3.590000000000012625e-01
6.428892803538530651e-05 3.600000000000012634e-01
6.411630187001483231e-05 3.610000000000012643e-01
6.394399302242967354e-05 3.620000000000013207e-01
6.377200141440105203e-05 3.630000000000013216e-01
6.360032697610756760e-05 3.640000000000013225e-01
6.342896964691086339e-05 3.650000000000013234e-01
6.325792937262495429e-05 3.660000000000013243e-01
6.308720610695410936e-05 3.670000000000013807e-01
6.291679980980316347e-05 3.680000000000013816e-01
6.274671044728549968e-05 3.690000000000013824e-01
6.257693799159028873e-05 3.700000000000013833e-01
6.240748242008064964e-05 3.710000000000014397e-01
6.223834371498420488e-05 3.720000000000014406e-01
6.206952186297255898e-05 3.730000000000014415e-01
6.190101685537968397e-05 3.740000000000014424e-01
6.173282868692161216e-05 3.750000000000014433e-01
6.156495735617432529e-05 3.760000000000014997e-01
6.139740286449081282e-05 3.770000000000015006e-01
6.123016521647036878e-05 3.780000000000015015e-01
6.106324441945981815e-05 3.790000000000015024e-01
6.089664048224197778e-05 3.800000000000015032e-01
6.073035341688679613e-05 3.810000000000015596e-01
6.056438323609215766e-05 3.820000000000015605e-01
6.039872995463889572e-05 3.830000000000015614e-01
6.023339358869375898e-05 3.840000000000015623e-01
6.006837415485718373e-05 3.850000000000016187e-01
5.990367167130994613e-05 3.860000000000016196e-01
5.973928615600566846e-05 3.870000000000016205e-01
5.957521762818575442e-05 3.880000000000016214e-01
5.941146610668829130e-05 3.890000000000016223e-01
5.924803161068065892e-05 3.900000000000016787e-01
5.908491415893783722e-05 3.910000000000016795e-01
5.892211376990964035e-05 3.920000000000016804e-01
5.875963046209565414e-05 3.930000000000016813e-01
5.859746425242946989e-05 3.940000000000017377e-01
5.843561515793649049e-05 3.950000000000017386e-01
5.827408319412212160e-05 3.960000000000017395e-01
5.811286837607560466e-05 3.970000000000017404e-01
5.795197071689227233e-05 3.980000000000017413e-01
5.779139022883045994e-05 3.990000000000017977e-01
5.763112692261353686e-05 4.000000000000017986e-01
5.747118080752765403e-05 4.010000000000017994e-01
5.731155189093174561e-05 4.020000000000018003e-01
5.715224017875289415e-05 4.030000000000018567e-01
5.699324567471009606e-05 4.040000000000018021e-01
5.683456838096610428e-05 4.050000000000017475e-01
5.667620829729257229e-05 4.060000000000017484e-01
5.651816542189471858e-05 4.070000000000016938e-01
5.636043974986839180e-05 4.080000000000016946e-01
5.620303127508570159e-05 4.090000000000016400e-01
5.604593998814627631e-05 4.100000000000015854e-01
5.588916587797058619e-05 4.110000000000015863e-01
5.573270893058272313e-05 4.120000000000015317e-01
5.557656912983853731e-05 4.130000000000015326e-01
5.542074645640040207e-05 4.140000000000014779e-01
5.526524088880515305e-05 4.150000000000014788e-01
5.511005240268901237e-05 4.160000000000014242e-01
5.495518097115018654e-05 4.170000000000013696e-01
5.480062656433358986e-05 4.180000000000013705e-01
5.464638914930583594e-05 4.190000000000013158e-01
5.449246869065692929e-05 4.200000000000013167e-01
5.433886514999783238e-05 4.210000000000012621e-01
5.418557848617612033e-05 4.220000000000012075e-01
5.403260865418828892e-05 4.230000000000012084e-01
5.387995560734799627e-05 4.240000000000011537e-01
5.372761929484216957e-05 4.250000000000011546e-01
5.357559966325846292e-05 4.260000000000011000e-01
5.342389665608260769e-05 4.270000000000010454e-01
5.327251021367175468e-05 4.280000000000010463e-01
5.312144027321073336e-05 4.290000000000009917e-01
5.297068676860302851e-05 4.300000000000009925e-01
5.282024963118676708e-05 4.310000000000009379e-01
5.267012878860600946e-05 4.320000000000009388e-01
5.252032416499831651e-05 4.330000000000008842e-01
5.237083568186909756e-05 4.340000000000008296e-01
5.222166325747574296e-05 4.350000000000008304e-01
5.207280680652900094e-05 4.360000000000007758e-01
5.192426624079438449e-05 4.370000000000007767e-01
5.177604146871523500e-05 4.380000000000007221e-01
5.162813239527223668e-05 4.390000000000006675e-01
5.148053892250328481e-05 4.400000000000006684e-01
5.133326094905499190e-05 4.410000000000006137e-01
5.118629837029314757e-05 4.420000000000006146e-01
5.103965107851173922e-05 4.430000000000005600e-01
5.089331896220533033e-05 4.440000000000005609e-01
5.074730190745393906e-05 4.450000000000005063e-01
5.060159979630752955e-05 4.460000000000004516e-01
5.045621250800113829e-05 4.470000000000004525e-01
5.031113991837015033e-05 4.480000000000003979e-01
5.016638189991536495e-05 4.490000000000003988e-01
5.002193832223946840e-05 4.500000000000003442e-01
4.987780905127008779e-05 4.510000000000002895e-01
4.973399394980320678e-05 4.520000000000002904e-01
4.959049287773144440e-05 4.530000000000002358e-01
4.944730569101277542e-05 4.540000000000002367e-01
4.930443224359324776e-05 4.550000000000001821e-01
4.916187238513181811e-05 4.560000000000001275e-01
4.901962596244938808e-05 4.570000000000001283e-01
4.887769281919308108e-05 4.580000000000000737e-01
4.873607279580559321e-05 4.590000000000000746e-01
4.859476572960656944e-05 4.600000000000000200e-01
4.845377145488976846e-05 4.610000000000000209e-01
4.831308980237621141e-05 4.619999999999999662e-01
4.817272060017799019e-05 4.629999999999999116e-01
4.803266367320177332e-05 4.639999999999999125e-01
4.789291884294974639e-05 4.649999999999998579e-01
4.775348592770315396e-05 4.659999999999998588e-01
4.761436474358548177e-05 4.669999999999998042e-01
4.747555510244626345e-05 4.679999999999997495e-01
4.733705681378869721e-05 4.689999999999997504e-01
4.719886968453718601e-05 4.699999999999996958e-01
4.706099351730865183e-05 4.709999999999996967e-01
4.692342811265316137e-05 4.719999999999996421e-01
4.678617326789935241e-05 4.729999999999995874e-01
4.664922877752510896e-05 4.739999999999995883e-01
4.651259443297668927e-05 4.749999999999995337e-01
4.637627002243746544e-05 4.759999999999995346e-01
4.624025533156793892e-05 4.769999999999994800e-01
4.610455014300569285e-05 4.779999999999994809e-01
4.596915423660264262e-05 4.789999999999994262e-01
4.583406738922201224e-05 4.799999999999993716e-01
4.569928937437913819e-05 4.809999999999993725e-01
4.556481996379389777e-05 4.819999999999993179e-01
4.543065892548632843e-05 4.829999999999993188e-01
4.529680602503565064e-05 4.839999999999992641e-01
4.516326102518340257e-05 4.849999999999992095e-01
4.503002368564943737e-05 4.859999999999992104e-01
4.489709376399283390e-05 4.869999999999991558e-01
4.476447101430884161e-05 4.879999999999991567e-01
4.463215518868111513e-05 4.889999999999991021e-01
4.450014603602499248e-05 4.899999999999991029e-01
4.436844330220968472e-05 4.909999999999990483e-01
4.423704673176623992e-05 4.919999999999989937e-01
4.410595606521936906e-05 4.929999999999989946e-01
4.397517104066434355e-05 4.939999999999989400e-01
4.384469139436754159e-05 4.949999999999989408e-01
4.371451685938402263e-05 4.959999999999988862e-01
4.358464716621683751e-05 4.969999999999988316e-01
4.345508204331851936e-05 4.979999999999988325e-01
4.332582121565055843e-05 4.989999999999987779e-01
4.319686440646515279e-05 4.999999999999987788e-01
4.306821133614881865e-05 5.009999999999987796e-01
4.293986172299541973e-05 5.019999999999986695e-01
4.281181528235821274e-05 5.029999999999986704e-01
4.268407172722787620e-05 5.039999999999986713e-01
4.255663076847763501e-05 5.049999999999985612e-01
4.242949211440556452e-05 5.059999999999985620e-01
4.230265547045376182e-05 5.069999999999985629e-01
4.217612054069877812e-05 5.079999999999984528e-01
4.204988702607949711e-05 5.089999999999984537e-01
4.192395462517405389e-05 5.099999999999984546e-01
4.179832303480536868e-05 5.109999999999984555e-01
4.167299194888785381e-05 5.119999999999983453e-01
4.154796105965753603e-05 5.129999999999983462e-01
4.142323005650317807e-05 5.139999999999983471e-01
4.129879862705277804e-05 5.149999999999982370e-01
4.117466645656031073e-05 5.159999999999982379e-01
4.105083322770021036e-05 5.169999999999982387e-01
4.092729862143342450e-05 5.179999999999982396e-01
4.080406231661040629e-05 5.189999999999981295e-01
4.068112398937556224e-05 5.199999999999981304e-01
4.055848331434223599e-05 5.209999999999981313e-01
4.043613996334130182e-05 5.219999999999980211e-01
4.031409360737859681e-05 5.229999999999980220e-01
4.019234391385900415e-05 5.239999999999980229e-01
4.007089054870488254e-05 5.249999999999979128e-01
3.994973317623281948e-05 5.259999999999979137e-01
3.982887145817072750e-05 5.269999999999979146e-01
3.970830505483135745e-05 5.279999999999979154e-01
3.958803362371914617e-05 5.289999999999978053e-01
3.946805682095589490e-05 5.299999999999978062e-01
3.934837430087711406e-05 5.309999999999978071e-01
3.922898571533584342e-05 5.319999999999976970e-01
3.910989071451438756e-05 5.329999999999976978e-01
3.899108894665373286e-05 5.339999999999976987e-01
3.887258005844987081e-05 5.349999999999976996e-01
3.875436369416225860e-05 5.359999999999975895e-01
3.863643949673430816e-05 5.369999999999975904e-01
3.851880710674420371e-05 5.379999999999975913e-01
3.840146616349151632e-05 5.389999999999974811e-01
3.828441630447643445e-05 5.399999999999974820e-01
3.816765716465339922e-05 5.409999999999974829e-01
3.805118837826184074e-05 5.419999999999974838e-01
3.793500957698466074e-05 5.429999999999973737e-01
3.781912039147342037e-05 5.439999999999973745e-01
3.770352044988821812e-05 5.449999999999973754e-01
3.758820937927558872e-05 5.459999999999972653e-01
3.747318680505326322e-05 5.469999999999972662e-01
3.735845235034224621e-05 5.479999999999972671e-01
3.724400563750750778e-05 5.489999999999971569e-01
3.712984628654103828e-05 5.499999999999971578e-01
3.701597391644396214e-05 5.509999999999971587e-01
3.690238814398087090e-05 5.519999999999971596e-01
3.678908858490730267e-05 5.529999999999970495e-01
3.667607485320194407e-05 5.539999999999970504e-01
3.656334656091720682e-05 5.549999999999970512e-01
3.645090331956499398e-05 5.559999999999969411e-01
3.633874473819984405e-05 5.569999999999969420e-01
3.622687042477051774e-05 5.579999999999969429e-01
3.611527998559624700e-05 5.589999999999969438e-01
3.600397302579480514e-05 5.599999999999968336e-01
3.589294914897831357e-05 5.609999999999968345e-01
3.578220795718865729e-05 5.619999999999968354e-01
3.567174905098278439e-05 5.629999999999967253e-01
3.556157202987356310e-05 5.639999999999967262e-01
3.545167649163485555e-05 5.649999999999967271e-01
3.534206203269769881e-05 5.659999999999966169e-01
3.523272824856604226e-05 5.669999999999966178e-01
3.512367473300202379e-05 5.679999999999966187e-01
3.501490107836230294e-05 5.689999999999966196e-01
3.490640687612403444e-05 5.699999999999965095e-01
3.479819171597083835e-05 5.709999999999965103e-01
3.469025518693622678e-05 5.719999999999965112e-01
3.458259687636071659e-05 5.729999999999964011e-01
3.447521637032206792e-05 5.739999999999964020e-01
3.436811325368878281e-05 5.749999999999964029e-01
3.426128711027263209e-05 5.759999999999964038e-01
3.415473752289603854e-05 5.769999999999962936e-01
3.404846407248655129e-05 5.779999999999962945e-01
3.394246633934596536e-05 5.789999999999962954e-01
3.383674390301668028e-05 5.799999999999961853e-01
3.373129634040840873e-05 5.809999999999961862e-01
3.362612322899132818e-05 5.819999999999961871e-01
3.352122414431716777e-05 5.829999999999960769e-01
3.341659866102416210e-05 5.839999999999960778e-01
3.331224635223018263e-05 5.849999999999960787e-01
3.320816679058125601e-05 5.859999999999960796e-01
3.310435954762947603e-05 5.869999999999959694e-01
3.300082419317482509e-05 5.879999999999959703e-01
3.289756029704809051e-05 5.889999999999959712e-01
3.279456742705847653e-05 5.899999999999958611e-01
3.269184515051672547e-05 5.909999999999958620e-01
3.258939303423434521e-05 5.919999999999958629e-01
3.248721064282850650e-05 5.929999999999958638e-01
3.238529754102147996e-05 5.939999999999957536e-01
3.228365329205250348e-05 5.949999999999957545e-01
3.218227745853053436e-05 5.959999999999957554e-01
3.208116960195955169e-05 5.969999999999956453e-01
3.198032928276776883e-05 5.979999999999956461e-01
3.187975606126442152e-05 5.989999999999956470e-01
3.177944949560406986e-05 5.999999999999956479e-01
3.167940914427331086e-05 6.009999999999955378e-01
3.157963456407217019e-05 6.019999999999955387e-01
3.148012531183132256e-05 6.029999999999955396e-01
3.138088094270657393e-05 6.039999999999954294e-01
3.128190101090042518e-05 6.049999999999954303e-01
3.118318507103131102e-05 6.059999999999954312e-01
3.108473267571358622e-05 6.069999999999953211e-01
3.098654337760038609e-05 6.079999999999953220e-01
3.088861672793204920e-05 6.089999999999953229e-01
3.079095227754926364e-05 6.099999999999953237e-01
3.069354957617625356e-05 6.109999999999952136e-01
3.059640817360585952e-05 6.119999999999952145e-01
3.049952761790260898e-05 6.129999999999952154e-01
3.040290745745115024e-05 6.139999999999951052e-01
3.030654723938768297e-05 6.149999999999951061e-01
3.021044650973778739e-05 6.159999999999951070e-01
3.011460481483570594e-05 6.169999999999951079e-01
3.001902169940288625e-05 6.179999999999949978e-01
2.992369670848733090e-05 6.189999999999949987e-01
2.982862938564895464e-05 6.199999999999949996e-01
2.973381927399235136e-05 6.209999999999948894e-01
2.963926591658346652e-05 6.219999999999948903e-01
2.954496885541574265e-05 6.229999999999948912e-01
2.945092763156379140e-05 6.239999999999947811e-01
2.935714178646058037e-05 6.249999999999947820e-01
2.926361085984609546e-05 6.259999999999947828e-01
2.917033439197427844e-05 6.269999999999947837e-01
2.907731192219565285e-05 6.279999999999946736e-01
2.898454298858221375e-05 6.289999999999946745e-01
2.889202712972308677e-05 6.299999999999946754e-01
2.879976388312169440e-05 6.309999999999945652e-01
2.870775278611024332e-05 6.319999999999945661e-01
2.861599337537925510e-05 6.329999999999945670e-01
2.852448518683880536e-05 6.339999999999945679e-01
2.843322775649582284e-05 6.349999999999944578e-01
2.834222061949846346e-05 6.359999999999944587e-01
2.825146331074694303e-05 6.369999999999944595e-01
2.816095536460054858e-05 6.379999999999943494e-01
2.807069631480389906e-05 6.389999999999943503e-01
2.798068569520577810e-05 6.399999999999943512e-01
2.789092303882385727e-05 6.409999999999942411e-01
2.780140787845073450e-05 6.419999999999942419e-01
2.771213974630925612e-05 6.429999999999942428e-01
2.762311817454098716e-05 6.439999999999942437e-01
2.753434269481503123e-05 6.449999999999941336e-01
2.744581283822304248e-05 6.459999999999941345e-01
2.735752813555012027e-05 6.469999999999941354e-01
2.726948811751240534e-05 6.479999999999940252e-01
2.718169231450913965e-05 6.489999999999940261e-01
2.709414025648958064e-05 6.499999999999940270e-01
2.700683147272702972e-05 6.509999999999940279e-01
2.691976549297754964e-05 6.519999999999939178e-01
2.683294184605905319e-05 6.529999999999939186e-01
2.674636006071915957e-05 6.539999999999939195e-01
2.666001966571259293e-05 6.549999999999938094e-01
2.657392018883113644e-05 6.559999999999938103e-01
2.648806115842756322e-05 6.569999999999938112e-01
2.640244210211894067e-05 6.579999999999937010e-01
2.631706254729749298e-05 6.589999999999937019e-01
2.623192202176730225e-05 6.599999999999937028e-01
2.614702005179750832e-05 6.609999999999937037e-01
2.606235616480568877e-05 6.619999999999935936e-01
2.597792988756603868e-05 6.629999999999935945e-01
2.589374074610226498e-05 6.639999999999935953e-01
2.580978826707095054e-05 6.649999999999934852e-01
2.572607197637662477e-05 6.659999999999934861e-01
2.564259140039899579e-05 6.669999999999934870e-01
2.555934606435997930e-05 6.679999999999934879e-01
2.547633549429646548e-05 6.689999999999933777e-01
2.539355921581203633e-05 6.699999999999933786e-01
2.531101675422024974e-05 6.709999999999933795e-01
2.522870763468957028e-05 6.719999999999932694e-01
2.514663138251826521e-05 6.729999999999932703e-01
2.506478752295305138e-05 6.739999999999932712e-01
2.498317558066738729e-05 6.749999999999932720e-01
2.490179508091892668e-05 6.759999999999931619e-01
2.482064554814116699e-05 6.769999999999931628e-01
2.473972650723934544e-05 6.779999999999931637e-01
2.465903748298190680e-05 6.789999999999930536e-01
2.457857800009191859e-05 6.799999999999930544e-01
2.449834758285699549e-05 6.809999999999930553e-01
2.441834575597404185e-05 6.819999999999929452e-01
2.433857204408659898e-05 6.829999999999929461e-01
2.425902597131313244e-05 6.839999999999929470e-01
2.417970706266517870e-05 6.849999999999929479e-01
2.410061484217699808e-05 6.859999999999928377e-01
2.402174883452615889e-05 6.869999999999928386e-01
2.394310856423213243e-05 6.879999999999928395e-01
2.386469355547866000e-05 6.889999999999927294e-01
2.378650333315698246e-05 6.899999999999927303e-01
2.370853742159774374e-05 6.909999999999927311e-01
2.363079534531044046e-05 6.919999999999927320e-01
2.355327662913201528e-05 6.929999999999926219e-01
2.347598079751146295e-05 6.939999999999926228e-01
2.339890737547081976e-05 6.949999999999926237e-01
2.332205588736301337e-05 6.959999999999925135e-01
2.324542585833471589e-05 6.969999999999925144e-01
2.316901681347584480e-05 6.979999999999925153e-01
2.309282827751778889e-05 6.989999999999924052e-01
2.301685977563406780e-05 6.999999999999924061e-01
2.294111083294671512e-05 7.009999999999924070e-01
2.286558097517848699e-05 7.019999999999924079e-01
2.279026972748033472e-05 7.029999999999922977e-01
2.271517661516628378e-05 7.039999999999922986e-01
2.264030116453495412e-05 7.049999999999922995e-01
2.256564290085482795e-05 7.059999999999921894e-01
2.249120135047587914e-05 7.069999999999921902e-01
2.241697603887727070e-05 7.079999999999921911e-01
2.234296649305771905e-05 7.089999999999921920e-01
2.226917223878598098e-05 7.099999999999920819e-01
2.219559280308996166e-05 7.109999999999920828e-01
2.212222771253350738e-05 7.119999999999920837e-01
2.204907649395843356e-05 7.129999999999919735e-01
2.197613867461922668e-05 7.139999999999919744e-01
2.190341378164584581e-05 7.149999999999919753e-01
2.183090134274388345e-05 7.159999999999918652e-01
2.175860088531597215e-05 7.169999999999918661e-01
2.168651193740094412e-05 7.179999999999918670e-01
2.161463402707559218e-05 7.189999999999918678e-01
2.154296668266532689e-05 7.199999999999917577e-01
2.147150943277159331e-05 7.209999999999917586e-01
2.140026180606268769e-05 7.219999999999917595e-01
2.132922333163441063e-05 7.229999999999916493e-01
2.125839353875805775e-05 7.239999999999916502e-01
2.118777195687219337e-05 7.249999999999916511e-01
2.111735811570635796e-05 7.259999999999916520e-01
2.104715154538063854e-05 7.269999999999915419e-01
2.097715177613082685e-05 7.279999999999915428e-01
2.090735833831520234e-05 7.289999999999915437e-01
2.083777076319195940e-05 7.299999999999914335e-01
2.076838858132864206e-05 7.309999999999914344e-01
2.069921132441421516e-05 7.319999999999914353e-01
2.063023852427101735e-05 7.329999999999914362e-01
2.056146971260558093e-05 7.339999999999913260e-01
2.049290442173984492e-05 7.349999999999913269e-01
2.042454218437324379e-05 7.359999999999913278e-01
2.035638253322669957e-05 7.369999999999912177e-01
2.028842500173244545e-05 7.379999999999912186e-01
2.022066912328681734e-05 7.389999999999912195e-01
2.015311443170316922e-05 7.399999999999911093e-01
2.008576046134808953e-05 7.409999999999911102e-01
2.001860674666824862e-05 7.419999999999911111e-01
1.995165282238689001e-05 7.429999999999911120e-01
1.988489822378718667e-05 7.439999999999910019e-01
1.981834248677060158e-05 7.449999999999910028e-01
1.975198514671942749e-05 7.459999999999910036e-01
1.968582574040892997e-05 7.469999999999908935e-01
1.961986380418549128e-05 7.479999999999908944e-01
1.955409887520354620e-05 7.489999999999908953e-01
1.948853049086136656e-05 7.499999999999908962e-01
1.942315818875075428e-05 7.509999999999907860e-01
1.935798150734838627e-05 7.519999999999907869e-01
1.929299998482606520e-05 7.529999999999907878e-01
1.922821316050788378e-05 7.539999999999906777e-01
1.916362057338761221e-05 7.549999999999906786e-01
1.909922176353144911e-05 7.559999999999906795e-01
1.903501627087884646e-05 7.569999999999905693e-01
1.897100363595124583e-05 7.579999999999905702e-01
1.890718339992938194e-05 7.589999999999905711e-01
1.884355510410962647e-05 7.599999999999905720e-01
1.878011829006948470e-05 7.609999999999904619e-01
1.871687250047605802e-05 7.619999999999904627e-01
1.865381727759930452e-05 7.629999999999904636e-01
1.859095216467795085e-05 7.639999999999903535e-01
1.852827670538300861e-05 7.649999999999903544e-01
1.846579044370710442e-05 7.659999999999903553e-01
1.840349292379588647e-05 7.669999999999903562e-01
1.834138369070035583e-05 7.679999999999902460e-01
1.827946228989922454e-05 7.689999999999902469e-01
1.821772826707416051e-05 7.699999999999902478e-01
1.815618116856168300e-05 7.709999999999901377e-01
1.809482054094037971e-05 7.719999999999901386e-01
1.803364593145175007e-05 7.729999999999901394e-01
1.797265688777248884e-05 7.739999999999900293e-01
1.791185295816266951e-05 7.749999999999900302e-01
1.785123369118057197e-05 7.759999999999900311e-01
1.779079863587874693e-05 7.769999999999900320e-01
1.773054734201238945e-05 7.779999999999899218e-01
1.767047935951657388e-05 7.789999999999899227e-01
1.761059423898353999e-05 7.799999999999899236e-01
1.755089153160520996e-05 7.809999999999898135e-01
1.749137078886739928e-05 7.819999999999898144e-01
1.743203156284021355e-05 7.829999999999898153e-01
1.737287340624489630e-05 7.839999999999898161e-01
1.731389587233170721e-05 7.849999999999897060e-01
1.725509851453764282e-05 7.859999999999897069e-01
1.719648088693289745e-05 7.869999999999897078e-01
1.713804254441880128e-05 7.879999999999895977e-01
1.707978304197440821e-05 7.889999999999895985e-01
1.702170193540463266e-05 7.899999999999895994e-01
1.696379878110923319e-05 7.909999999999894893e-01
1.690607313574713332e-05 7.919999999999894902e-01
1.684852455658577861e-05 7.929999999999894911e-01
1.679115260144502917e-05 7.939999999999894920e-01
1.673395682915576702e-05 7.949999999999893818e-01
1.667693679823275811e-05 7.959999999999893827e-01
1.662009206829940914e-05 7.969999999999893836e-01
1.656342219971355861e-05 7.979999999999892735e-01
1.650692675274801304e-05 7.989999999999892744e-01
1.645060528849767189e-05 7.999999999999892752e-01
1.639445736910732855e-05 8.009999999999892761e-01
1.633848255671099201e-05 8.019999999999891660e-01
1.628268041402356305e-05 8.029999999999891669e-01
1.622705050451507232e-05 8.039999999999891678e-01
1.617159239249380139e-05 8.049999999999890576e-01
1.611630564217898833e-05 8.059999999999890585e-01
1.606118981922701846e-05 8.069999999999890594e-01
1.600624448872860819e-05 8.079999999999890603e-01
1.595146921731638556e-05 8.089999999999891722e-01
1.589686357209499283e-05 8.099999999999891731e-01
1.584242712032907341e-05 8.109999999999892850e-01
1.578815943017454246e-05 8.119999999999892859e-01
1.573406007041428895e-05 8.129999999999893978e-01
1.568012861007782733e-05 8.139999999999893987e-01
1.562636461938966617e-05 8.149999999999895106e-01
1.557276766843796879e-05 8.159999999999895115e-01
1.551933732883645572e-05 8.169999999999896234e-01
1.546607317160528743e-05 8.179999999999896243e-01
1.541297476945983886e-05 8.189999999999897362e-01
1.536004169539975260e-05 8.199999999999897371e-01
1.530727352264055622e-05 8.209999999999898490e-01
1.525466982561427925e-05 8.219999999999899609e-01
1.520223017859387671e-05 8.229999999999899618e-01
1.514995415744515588e-05 8.239999999999900737e-01
1.509784133775554325e-05 8.249999999999900746e-01
1.504589129663383644e-05 8.259999999999901865e-01
1.499410361086172760e-05 8.269999999999901874e-01
1.494247785837525213e-05 8.279999999999902993e-01
1.489101361774367542e-05 8.289999999999903002e-01
1.483971046818081935e-05 8.299999999999904121e-01
1.478856798911800862e-05 8.309999999999904130e-01
1.473758576138097727e-05 8.319999999999905249e-01
1.468676336572968555e-05 8.329999999999905258e-01
1.463610038377646467e-05 8.339999999999906377e-01
1.458559639800677585e-05 8.349999999999906386e-01
1.453525099109048787e-05 8.359999999999907505e-01
1.448506374708206174e-05 8.369999999999907514e-01
1.443503424972329319e-05 8.379999999999908633e-01
1.438516208421745203e-05 8.389999999999908642e-01
1.433544683608849468e-05 8.399999999999909761e-01
1.428588809125460030e-05 8.409999999999909770e-01
1.423648543679843537e-05 8.419999999999910889e-01
1.418723846018575226e-05 8.429999999999910898e-01
1.413814674946660702e-05 8.439999999999912017e-01
1.408920989368732396e-05 8.449999999999912026e-01
1.404042748191331785e-05 8.459999999999913145e-01
1.399179910475126290e-05 8.469999999999913154e-01
1.394332435264990912e-05 8.479999999999914273e-01
1.389500281733509333e-05 8.489999999999914282e-01
1.384683409069492693e-05 8.499999999999915401e-01
1.379881776558507349e-05 8.509999999999915410e-01
1.375095343560170499e-05 8.519999999999916529e-01
1.370324069464829018e-05 8.529999999999916538e-01
1.365567913776367770e-05 8.539999999999917657e-01
1.360826836033133156e-05 8.549999999999917666e-01
1.356100795845689435e-05 8.559999999999918785e-01
1.351389752898704563e-05 8.569999999999918794e-01
1.346693666967540343e-05 8.579999999999919913e-01
1.342012497844862447e-05 8.589999999999919922e-01
1.337346205414844733e-05 8.599999999999921041e-01
1.332694749653630205e-05 8.609999999999922160e-01
1.328058090578216127e-05 8.619999999999922169e-01
1.323436188270535174e-05 8.629999999999923288e-01
1.318829002889306775e-05 8.639999999999923297e-01
1.314236494683824101e-05 8.649999999999924416e-01
1.309658623940197796e-05 8.659999999999924425e-01
1.305095351031371748e-05 8.669999999999925544e-01
1.300546636391134932e-05 8.679999999999925553e-01
1.296012440525751170e-05 8.689999999999926672e-01
1.291492723998171122e-05 8.699999999999926681e-01
1.286987447468944306e-05 8.709999999999927800e-01
1.282496571642534497e-05 8.719999999999927809e-01
1.278020057308712529e-05 8.729999999999928928e-01
1.273557865311642981e-05 8.739999999999928937e-01
1.269109956590659158e-05 8.749999999999930056e-01
1.264676292141634999e-05 8.759999999999930065e-01
1.260256832999573809e-05 8.769999999999931184e-01
1.255851540302623112e-05 8.779999999999931193e-01
1.251460375267513402e-05 8.789999999999932312e-01
1.247083299170774857e-05 8.799999999999932321e-01
1.242720273359108232e-05 8.809999999999933440e-01
1.238371259232613104e-05 8.819999999999933449e-01
1.234036218288843070e-05 8.829999999999934568e-01
1.229715112059380430e-05 8.839999999999934577e-01
1.225407902210076944e-05 8.849999999999935696e-01
1.221114550403865325e-05 8.859999999999935705e-01
1.216835018420028260e-05 8.869999999999936824e-01
1.212569268128794528e-05 8.879999999999936833e-01
1.208317261383364671e-05 8.889999999999937952e-01
1.204078960201822323e-05 8.899999999999937961e-01
1.199854326633597097e-05 8.909999999999939080e-01
1.195643322796438760e-05 8.919999999999939089e-01
1.191445910880919717e-05 8.929999999999940208e-01
1.187262053174843968e-05 8.939999999999940217e-01
1.183091711989307728e-05 8.949999999999941336e-01
1.178934849767910950e-05 8.959999999999941345e-01
1.174791428960231947e-05 8.969999999999942464e-01
1.170661412128339748e-05 8.979999999999943583e-01
1.166544761919184554e-05 8.989999999999943592e-01
1.162441440980686760e-05 8.999999999999944711e-01
1.158351412145580030e-05 9.009999999999944720e-01
1.154274638195110963e-05 9.019999999999945839e-01
1.150211082097822080e-05 9.029999999999945848e-01
1.146160706797280632e-05 9.039999999999946967e-01
1.142123475357644254e-05 9.049999999999946976e-01
1.138099350920820411e-05 9.059999999999948095e-01
1.134088296663034790e-05 9.069999999999948104e-01
1.130090275891706111e-05 9.079999999999949223e-01
1.126105251931160043e-05 9.089999999999949232e-01
1.122133188213395896e-05 9.099999999999950351e-01
1.118174048198510081e-05 9.109999999999950360e-01
1.114227795487467703e-05 9.119999999999951479e-01
1.110294393695833155e-05 9.129999999999951488e-01
1.106373806531147939e-05 9.139999999999952607e-01
1.102465997787811362e-05 9.149999999999952616e-01
1.098570931300843382e-05 9.159999999999953735e-01
1.094688570992272032e-05 9.169999999999953744e-01
1.090818880882233270e-05 9.179999999999954863e-01
1.086961825031323279e-05 9.189999999999954872e-01
1.083117367572123676e-05 9.199999999999955991e-01
1.079285472742409100e-05 9.209999999999956000e-01
1.075466104800848629e-05 9.219999999999957119e-01
1.071659228137199344e-05 9.229999999999957128e-01
1.067864807173779801e-05 9.239999999999958247e-01
1.064082806403000359e-05 9.249999999999958256e-01
1.060313190441433365e-05 9.259999999999959375e-01
1.056555923917190974e-05 9.269999999999959384e-01
1.052810971552133928e-05 9.279999999999960503e-01
1.049078298150716139e-05 9.289999999999960512e-01
1.045357868587139259e-05 9.299999999999961631e-01
1.041649647802739925e-05 9.309999999999961640e-01
1.037953600820610902e-05 9.319999999999962759e-01
1.034269692720917527e-05 9.329999999999962768e-01
1.030597888667967019e-05 9.339999999999963887e-01
1.026938153915983209e-05 9.349999999999963896e-01
1.023290453754178656e-05 9.359999999999965015e-01
1.019654753555565772e-05 9.369999999999966134e-01
1.016031018807782714e-05 9.379999999999966143e-01
1.012419215005123627e-05 9.389999999999967262e-01
1.008819307764583341e-05 9.399999999999967271e-01
1.005231262748489549e-05 9.409999999999968390e-01
1.001655045733873622e-05 9.419999999999968399e-01
9.980906225105842320e-06 9.429999999999969518e-01
9.945379589763446115e-06 9.439999999999969527e-01
9.909970210963401006e-06 9.449999999999970646e-01
9.874677749175999204e-06 9.459999999999970655e-01
9.839501865444796349e-06 9.469999999999971774e-01
9.804442221659405245e-06 9.479999999999971783e-01
9.769498480320298531e-06 9.489999999999972902e-01
9.734670304784011162e-06 9.499999999999972911e-01
9.699957358984830799e-06 9.509999999999974030e-01
9.665359307963781736e-06 9.519999999999974039e-01
9.630875816900635655e-06 9.529999999999975158e-01
9.596506552019440665e-06 9.539999999999975167e-01
9.562251180493465570e-06 9.549999999999976286e-01
9.528109369792793073e-06 9.559999999999976295e-01
9.494080788572884438e-06 9.569999999999977414e-01
9.460165105577143281e-06 9.579999999999977423e-01
9.426361990957612724e-06 9.589999999999978542e-01
9.392671115160119104e-06 9.599999999999978550e-01
9.359092149545828135e-06 9.609999999999979670e-01
9.325624766280219219e-06 9.619999999999979678e-01
9.292268638002700243e-06 9.629999999999980798e-01
9.259023437989244686e-06 9.639999999999980806e-01
9.225888840783197378e-06 9.649999999999981926e-01
9.192864521404223657e-06 9.659999999999981934e-01
9.159950155213878462e-06 9.669999999999983054e-01
9.127145418831718210e-06 9.679999999999983062e-01
9.094449989297090538e-06 9.689999999999984182e-01
9.061863544357428747e-06 9.699999999999984190e-01
9.029385762703633786e-06 9.709999999999985310e-01
8.997016323695071453e-06 9.719999999999985318e-01
8.964754907364171785e-06 9.729999999999986438e-01
8.932601194069050680e-06 9.739999999999987557e-01
8.900554865702395323e-06 9.749999999999987566e-01
8.868615604451800970e-06 9.759999999999988685e-01
8.836783093020392541e-06 9.769999999999988693e-01
8.805057015208670184e-06 9.779999999999989813e-01
8.773437055141208852e-06 9.789999999999989821e-01
8.741922898136427310e-06 9.799999999999990941e-01
8.710514229993457545e-06 9.809999999999990949e-01
8.679210737111003814e-06 9.819999999999992069e-01
8.648012106725565579e-06 9.829999999999992077e-01
8.616918026799368275e-06 9.839999999999993197e-01
8.585928186044903545e-06 9.849999999999993205e-01
8.555042274141259762e-06 9.859999999999994325e-01
8.524259980621151230e-06 9.869999999999994333e-01
8.493580996800442295e-06 9.879999999999995453e-01
8.463005014053569635e-06 9.889999999999995461e-01
8.432531724624213769e-06 9.899999999999996581e-01
8.402160821650865905e-06 9.909999999999996589e-01
8.371891998663112694e-06 9.919999999999997708e-01
8.341724950142993757e-06 9.929999999999997717e-01
8.311659371103203000e-06 9.939999999999998836e-01
8.281694957754147387e-06 9.949999999999998845e-01
8.251831406281356525e-06 9.959999999999999964e-01
8.222068414175017761e-06 9.969999999999999973e-01
8.192405679302525935e-06 9.980000000000001092e-01
8.162842900481695978e-06 9.990000000000001101e-01
8.133379776890899338e-06 1.000000000000000222e+00
