7.671110769372027627e-02 0.000000000000000000e+00
6.490390340724935037e+00 8.356690542925360871e-03
9.005020027810957117e+00 1.671338108585072174e-02
1.093075143613768496e+01 2.507007162877608261e-02
1.255293059759536511e+01 3.342676217170144348e-02
1.398149503422505191e+01 4.178345271462680782e-02
1.527277744289423289e+01 5.014014325755217216e-02
1.646048321352902377e+01 5.849683380047753650e-02
1.756709940310781093e+01 6.685352434340288696e-02
1.860896745571554334e+01 7.521021488632824437e-02
1.959875767108683675e+01 8.356690542925360177e-02
2.054673068526813040e+01 9.192359597217895917e-02
2.146140249675222833e+01 1.002802865151043166e-01
2.234991420970843023e+01 1.086369770580296740e-01
2.321825774071490400e+01 1.169936676009550452e-01
2.407143264758889245e+01 1.253503581438804027e-01
2.491357010440971820e+01 1.337070486868057739e-01
2.574804023641647532e+01 1.420637392297311452e-01
2.657754937628661196e+01 1.504204297726565165e-01
2.740422940678559627e+01 1.587771203155818878e-01
2.822971958904039624e+01 1.671338108585072590e-01
2.905524075477486434e+01 1.754905014014326303e-01
2.988166175207621933e+01 1.838471919443580016e-01
3.070955822676244651e+01 1.922038824872833729e-01
3.153926403473533924e+01 2.005605730302087442e-01
3.237091575136809496e+01 2.089172635731340877e-01
3.320449085543042855e+01 2.172739541160594590e-01
3.403984022130456566e+01 2.256306446589848025e-01
3.487671556572227161e+01 2.339873352019101738e-01
3.571479247650086108e+01 2.423440257448355450e-01
3.655368961179888743e+01 2.507007162877609163e-01
3.739298460797643031e+01 2.590574068306862876e-01
3.823222717859176356e+01 2.674140973736116589e-01
3.907094983080891382e+01 2.757707879165370302e-01
3.990867657135840574e+01 2.841274784594624014e-01
4.074492992387076384e+01 2.924841690023877727e-01
4.157923653377030604e+01 3.008408595453131440e-01
4.241113159625380291e+01 3.091975500882385153e-01
4.324016230718322618e+01 3.175542406311638866e-01
4.406589050568333477e+01 3.259109311740892578e-01
4.488789465050601279e+01 3.342676217170146291e-01
4.570577124933911506e+01 3.426243122599400004e-01
4.651913584077021113e+01 3.509810028028653717e-01
4.732762361211627677e+01 3.593376933457907429e-01
4.813088972240758068e+01 3.676943838887160587e-01
4.892860938809651117e+01 3.760510744316414300e-01
4.972047777922503542e+01 3.844077649745668013e-01
5.050620976555168085e+01 3.927644555174921726e-01
5.128553954525091996e+01 4.011211460604175438e-01
5.205822018305494936e+01 4.094778366033429151e-01
5.282402307991883816e+01 4.178345271462682309e-01
5.358273739230598665e+01 4.261912176891936022e-01
5.433416941588154714e+01 4.345479082321189734e-01
5.507814194564716104e+01 4.429045987750443447e-01
5.581449362228055833e+01 4.512612893179697160e-01
5.654307827254440610e+01 4.596179798608950873e-01
5.726376425007784121e+01 4.679746704038204586e-01
5.797643378158959138e+01 4.763313609467458298e-01
5.868098232240691203e+01 4.846880514896712011e-01
5.937731792446375323e+01 4.930447420325965724e-01
6.006536061908731483e+01 5.014014325755219437e-01
6.074504181635497702e+01 5.097581231184472594e-01
6.141630372230855528e+01 5.181148136613726862e-01
6.207909877492124906e+01 5.264715042042980020e-01
6.273338909939241859e+01 5.348281947472234288e-01
6.337914598308405090e+01 5.431848852901487446e-01
6.401634937020793359e+01 5.515415758330741713e-01
6.464498737620341728e+01 5.598982663759994871e-01
6.526505582161269103e+01 5.682549569189249139e-01
6.587655778516095495e+01 5.766116474618502297e-01
6.647950317565900491e+01 5.849683380047756565e-01
6.707390832229647515e+01 5.933250285477009722e-01
6.765979558283554240e+01 6.016817190906263990e-01
6.823719296919179556e+01 6.100384096335517148e-01
6.880613378985842132e+01 6.183951001764771416e-01
6.936665630862286491e+01 6.267517907194024573e-01
6.991880341901010354e+01 6.351084812623278841e-01
7.046262233389161622e+01 6.434651718052531999e-01
7.099816428969818105e+01 6.518218623481786267e-01
7.152548426467924969e+01 6.601785528911039425e-01
7.204464071066510655e+01 6.685352434340292582e-01
7.255569529779373283e+01 6.768919339769546850e-01
7.305871267168153338e+01 6.852486245198800008e-01
7.355376022252478663e+01 6.936053150628054276e-01
7.404090786564140103e+01 7.019620056057307433e-01
7.452022783296921205e+01 7.103186961486561701e-01
7.499179447505845530e+01 7.186753866915814859e-01
7.545568407310862824e+01 7.270320772345069127e-01
7.591197466061755961e+01 7.353887677774322285e-01
7.636074585422498728e+01 7.437454583203576552e-01
7.680207869334734028e+01 7.521021488632829710e-01
7.723605548821969080e+01 7.604588394062083978e-01
7.766275967596857299e+01 7.688155299491337136e-01
7.808227568436407751e+01 7.771722204920591404e-01
7.849468880290082495e+01 7.855289110349844561e-01
7.890008506088497597e+01 7.938856015779098829e-01
7.929855111220641106e+01 8.022422921208351987e-01
7.969017412649503740e+01 8.105989826637606255e-01
8.007504168636855013e+01 8.189556732066859412e-01
8.045324169049482066e+01 8.273123637496113680e-01
8.082486226220110836e+01 8.356690542925366838e-01
8.118999166337162876e+01 8.440257448354619996e-01
8.154871821339281723e+01 8.523824353783874264e-01
8.190113021290667916e+01 8.607391259213127421e-01
8.224731587215028128e+01 8.690958164642381689e-01
8.258736324366626036e+01 8.774525070071634847e-01
8.292136015917466807e+01 8.858091975500889115e-01
8.324939417041350964e+01 8.941658880930142272e-01
8.357155249375652772e+01 9.025225786359396540e-01
8.388792195842697197e+01 9.108792691788649698e-01
8.419858895813722199e+01 9.192359597217903966e-01
8.450363940598673196e+01 9.275926502647157124e-01
8.480315869245926308e+01 9.359493408076411392e-01
8.509723164637347281e+01 9.443060313505664549e-01
8.538594249863427876e+01 9.526627218934918817e-01
8.566937484865320585e+01 9.610194124364171975e-01
8.594761163330348097e+01 9.693761029793426243e-01
8.622073509828180704e+01 9.777327935222679400e-01
8.648882677175878086e+01 9.860894840651933668e-01
8.675196744020068707e+01 9.944461746081186826e-01
8.701023712625294593e+01 1.002802865151044109e+00
8.726371506858025384e+01 1.011159555693969425e+00
8.751247970356105554e+01 1.019516246236894741e+00
8.775660864874322442e+01 1.027872936779820057e+00
8.799617868796529763e+01 1.036229627322745594e+00
8.823126575805866878e+01 1.044586317865670910e+00
8.846194493704551576e+01 1.052943008408596226e+00
8.868829043375239962e+01 1.061299698951521542e+00
8.891037557876371977e+01 1.069656389494447080e+00
8.912827281664196732e+01 1.078013080037372395e+00
8.934205369934447560e+01 1.086369770580297711e+00
8.955178888077186627e+01 1.094726461123223027e+00
8.975754811238324749e+01 1.103083151666148565e+00
8.995940023981889055e+01 1.111439842209073880e+00
9.015741320047246177e+01 1.119796532751999196e+00
9.035165402195650586e+01 1.128153223294924512e+00
9.054218882141185532e+01 1.136509913837850050e+00
9.072908280560740479e+01 1.144866604380775366e+00
9.091240027178612593e+01 1.153223294923700681e+00
9.109220460920882090e+01 1.161579985466625997e+00
9.126855830135475856e+01 1.169936676009551535e+00
9.144152292873654631e+01 1.178293366552476851e+00
9.161115917229132322e+01 1.186650057095402166e+00
9.177752681730920870e+01 1.195006747638327482e+00
9.194068475786575334e+01 1.203363438181252798e+00
9.210069100172289325e+01 1.211720128724178336e+00
9.225760267566526807e+01 1.220076819267103652e+00
9.241147603124551324e+01 1.228433509810028967e+00
9.256236645090413617e+01 1.236790200352954283e+00
9.271032845444041470e+01 1.245146890895879821e+00
9.285541570580522830e+01 1.253503581438805137e+00
9.299768102019284299e+01 1.261860271981730452e+00
9.313717637140682371e+01 1.270216962524655768e+00
9.327395289947848767e+01 1.278573653067581306e+00
9.340806091851405313e+01 1.286930343610506622e+00
9.353954992475419772e+01 1.295287034153431938e+00
9.366846860482276327e+01 1.303643724696357253e+00
9.379486484414969993e+01 1.312000415239282791e+00
9.391878573554737386e+01 1.320357105782208107e+00
9.404027758792895497e+01 1.328713796325133423e+00
9.415938593514636068e+01 1.337070486868058738e+00
9.427615554494062167e+01 1.345427177410984276e+00
9.439063042798446190e+01 1.353783867953909592e+00
9.450285384700846691e+01 1.362140558496834908e+00
9.461286832599510888e+01 1.370497249039760224e+00
9.472071565943106464e+01 1.378853939582685761e+00
9.482643692160665694e+01 1.387210630125611077e+00
9.493007247594935905e+01 1.395567320668536393e+00
9.503166198438567847e+01 1.403924011211461709e+00
9.513124441671831732e+01 1.412280701754387024e+00
9.522885806001268350e+01 1.420637392297312562e+00
9.532454052798219379e+01 1.428994082840237878e+00
9.541832877036605964e+01 1.437350773383163194e+00
9.551025908229304662e+01 1.445707463926088510e+00
9.560036711362168660e+01 1.454064154469014047e+00
9.568868787825348932e+01 1.462420845011939363e+00
9.577525576341099622e+01 1.470777535554864679e+00
9.586010453887662663e+01 1.479134226097789995e+00
9.594326736618593543e+01 1.487490916640715533e+00
9.602477680777153068e+01 1.495847607183640848e+00
9.610466483605164001e+01 1.504204297726566164e+00
9.618296284246054029e+01 1.512560988269491480e+00
9.625970164641670124e+01 1.520917678812417018e+00
9.633491150422277371e+01 1.529274369355342333e+00
9.640862211789911385e+01 1.537631059898267649e+00
9.648086264394102329e+01 1.545987750441192965e+00
9.655166170200304521e+01 1.554344440984118503e+00
9.662104738350359412e+01 1.562701131527043819e+00
9.668904726015000506e+01 1.571057822069969134e+00
9.675568839237955387e+01 1.579414512612894450e+00
9.682099733771622141e+01 1.587771203155819766e+00
9.688500015904121199e+01 1.596127893698745304e+00
9.694772243277462564e+01 1.604484584241670619e+00
9.700918925696787198e+01 1.612841274784595935e+00
9.706942525930470822e+01 1.621197965327521251e+00
9.712845460501016248e+01 1.629554655870446789e+00
9.718630100466720023e+01 1.637911346413372105e+00
9.724298772193803586e+01 1.646268036956297420e+00
9.729853758119143947e+01 1.654624727499222736e+00
9.735297297503529990e+01 1.662981418042148274e+00
9.740631587175184336e+01 1.671338108585073368e+00
9.745858782263859155e+01 1.679694799127998461e+00
9.750980996925120792e+01 1.688051489670923777e+00
9.756000305055029287e+01 1.696408180213848871e+00
9.760918740995191456e+01 1.704764870756774187e+00
9.765738300227988589e+01 1.713121561299699280e+00
9.770460940062389454e+01 1.721478251842624374e+00
9.775088580309814290e+01 1.729834942385549690e+00
9.779623103950579832e+01 1.738191632928474784e+00
9.784066357790673862e+01 1.746548323471400099e+00
9.788420153108890531e+01 1.754905014014325193e+00
9.792686266294553832e+01 1.763261704557250287e+00
9.796866439475685695e+01 1.771618395100175603e+00
9.800962381137752288e+01 1.779975085643100696e+00
9.804975766733041098e+01 1.788331776186026012e+00
9.808908239280728480e+01 1.796688466728951106e+00
9.812761409957671788e+01 1.805045157271876199e+00
9.816536858680018440e+01 1.813401847814801515e+00
9.820236134675738526e+01 1.821758538357726609e+00
9.823860757048089454e+01 1.830115228900651925e+00
9.827412215330086553e+01 1.838471919443577018e+00
9.830891970030205584e+01 1.846828609986502112e+00
9.834301453169096874e+01 1.855185300529427428e+00
9.837642068807788576e+01 1.863541991072352522e+00
9.840915193567161623e+01 1.871898681615277837e+00
9.844122177138854113e+01 1.880255372158202931e+00
9.847264342787822500e+01 1.888612062701128025e+00
9.850342987846454434e+01 1.896968753244053341e+00
9.853359384200469151e+01 1.905325443786978434e+00
9.856314778766694928e+01 1.913682134329903750e+00
9.859210393962629837e+01 1.922038824872828844e+00
9.862047428168219199e+01 1.930395515415753938e+00
9.864827056179611020e+01 1.938752205958679253e+00
9.867550429655226196e+01 1.947108896501604347e+00
9.870218677554044007e+01 1.955465587044529663e+00
9.872832906566509337e+01 1.963822277587454757e+00
9.875394201537658034e+01 1.972178968130380072e+00
9.877903625883219263e+01 1.980535658673305166e+00
9.880362221998102257e+01 1.988892349216230260e+00
9.882771011657938232e+01 1.997249039759155576e+00
