1.056359496173632806e+01 0.000000000000000000e+00
6.620307272474494908e-01 1.014237117298727236e-03
5.151030888411434194e-01 2.028474234597454472e-03
4.289038003744647387e-01 3.042711351896182359e-03
3.584332650338607484e-01 4.056948469194908945e-03
3.073132297056178075e-01 5.071185586493636398e-03
2.702377446016698270e-01 6.085422703792362983e-03
2.418483704512151555e-01 7.099659821091090436e-03
2.196673230550093281e-01 8.113896938389817889e-03
2.020221640230059901e-01 9.128134055688543608e-03
1.876490942933063399e-01 1.014237117298727106e-02
1.757274787968358398e-01 1.115660829028599851e-02
1.657145222768599546e-01 1.217084540758472597e-02
1.572242984339166927e-01 1.318508252488345515e-02
1.499671392453861551e-01 1.419931964218218261e-02
1.437175949997951119e-01 1.521355675948091180e-02
1.382969342090601128e-01 1.622779387677963925e-02
1.335623134198362649e-01 1.724203099407837017e-02
1.293989727681146562e-01 1.825626811137709762e-02
1.257142035603555918e-01 1.927050522867582508e-02
1.224326500812633334e-01 2.028474234597455253e-02
1.194926804858840313e-01 2.129897946327328345e-02
1.168435910188535820e-01 2.231321658057201091e-02
1.144434414608124784e-01 2.332745369787073836e-02
1.122573650012489987e-01 2.434169081516946581e-02
1.102562371825085985e-01 2.535592793246819326e-02
1.084156197721724557e-01 2.637016504976692072e-02
1.067149174180181403e-01 2.738440216706564817e-02
1.051367004391434157e-01 2.839863928436437909e-02
1.036661582618575855e-01 2.941287640166310655e-02
1.022906562105491551e-01 3.042711351896183400e-02
1.009993745013706007e-01 3.144135063626056492e-02
9.978301293926597482e-02 3.245558775355929237e-02
9.863354837826324162e-02 3.346982487085801983e-02
9.754403474371861615e-02 3.448406198815674728e-02
9.650843753437510220e-02 3.549829910545547473e-02
9.552149636977071145e-02 3.651253622275420219e-02
9.457861043667839529e-02 3.752677334005292964e-02
9.367574270105542833e-02 3.854101045735166403e-02
9.280933955210966813e-02 3.955524757465039148e-02
9.197626317995684364e-02 4.056948469194911894e-02
9.117373449444939049e-02 4.158372180924784639e-02
9.039928479792852523e-02 4.259795892654657384e-02
8.965071474952811259e-02 4.361219604384530130e-02
8.892605942137038477e-02 4.462643316114402875e-02
8.822355845879335801e-02 4.564067027844275620e-02
8.754163052904759268e-02 4.665490739574149059e-02
8.687885138315042111e-02 4.766914451304021805e-02
8.623393497010492514e-02 4.868338163033893856e-02
8.560571713643572167e-02 4.969761874763765908e-02
8.499314152121704991e-02 5.071185586493638653e-02
8.439524732020657616e-02 5.172609298223510704e-02
8.381115864510663149e-02 5.274033009953383450e-02
8.324007524754797882e-02 5.375456721683255501e-02
8.268126441358383816e-02 5.476880433413127552e-02
8.213405386415649490e-02 5.578304145143000298e-02
8.159782552250727239e-02 5.679727856872872349e-02
8.107201003017040775e-02 5.781151568602744401e-02
8.055608191111987559e-02 5.882575280332617146e-02
8.004955529787081969e-02 5.983998992062489197e-02
7.955198014637780701e-02 6.085422703792361249e-02
7.906293887679849419e-02 6.186846415522233994e-02
7.858204338596619376e-02 6.288270127252106045e-02
7.810893238525118409e-02 6.389693838981978791e-02
7.764326902357804316e-02 6.491117550711850148e-02
7.718473876112921794e-02 6.592541262441722894e-02
7.673304746357099970e-02 6.693964974171595639e-02
7.628791969094210479e-02 6.795388685901466996e-02
7.584909715846396838e-02 6.896812397631339742e-02
7.541633734955131840e-02 6.998236109361212487e-02
7.498941226408750715e-02 7.099659821091083844e-02
7.456810728642090935e-02 7.201083532820956590e-02
7.415222016051424558e-02 7.302507244550829335e-02
7.374156006018811604e-02 7.403930956280702080e-02
7.333594674446872186e-02 7.505354668010573438e-02
7.293520978919568187e-02 7.606778379740446183e-02
7.253918788678972995e-02 7.708202091470318928e-02
7.214772820729108138e-02 7.809625803200190286e-02
7.176068581443155459e-02 7.911049514930063031e-02
7.137792313135539468e-02 8.012473226659935777e-02
7.099930945086521672e-02 8.113896938389807134e-02
7.062472048619168608e-02 8.215320650119679879e-02
7.025403795809877228e-02 8.316744361849552625e-02
6.988714921507892253e-02 8.418168073579423982e-02
6.952394688343729867e-02 8.519591785309296728e-02
6.916432854455120682e-02 8.621015497039169473e-02
6.880819643681698738e-02 8.722439208769040830e-02
6.845545718005156821e-02 8.823862920498913576e-02
6.810602152032724232e-02 8.925286632228786321e-02
6.775980409351653466e-02 9.026710343958657679e-02
6.741672320581769406e-02 9.128134055688530424e-02
6.707670062989025406e-02 9.229557767418403169e-02
6.673966141521933682e-02 9.330981479148274527e-02
6.640553371157024987e-02 9.432405190878147272e-02
6.607424860438068648e-02 9.533828902608020017e-02
6.574573996115240515e-02 9.635252614337891375e-02
6.541994428798350580e-02 9.736676326067764120e-02
6.509680059535179197e-02 9.838100037797636865e-02
6.477625027253225420e-02 9.939523749527509611e-02
6.445823696984309681e-02 1.004094746125738097e-01
6.414270648820410980e-02 1.014237117298725371e-01
6.382960667547334099e-02 1.024379488471712646e-01
6.351888732896908418e-02 1.034521859644699782e-01
6.321050010374965056e-02 1.044664230817687056e-01
6.290439842634766576e-02 1.054806601990674331e-01
6.260053741329786592e-02 1.064948973163661466e-01
6.229887379440364470e-02 1.075091344336648741e-01
6.199936584031577602e-02 1.085233715509636016e-01
6.170197329392979047e-02 1.095376086682623151e-01
6.140665730566065295e-02 1.105518457855610426e-01
6.111338037217608349e-02 1.115660829028597700e-01
6.082210627824075067e-02 1.125803200201584836e-01
6.053280004169768469e-02 1.135945571374572111e-01
6.024542786125133831e-02 1.146087942547559385e-01
5.995995706688189708e-02 1.156230313720546521e-01
5.967635607275135340e-02 1.166372684893533795e-01
5.939459433241747743e-02 1.176515056066521070e-01
5.911464229628071720e-02 1.186657427239508206e-01
5.883647137103989455e-02 1.196799798412495480e-01
5.856005388108360965e-02 1.206942169585482755e-01
5.828536303172591332e-02 1.217084540758469891e-01
5.801237287413511107e-02 1.227226911931457165e-01
5.774105827187679674e-02 1.237369283104444440e-01
5.747139486902273081e-02 1.247511654277431575e-01
5.720335905961827089e-02 1.257654025450418989e-01
5.693692795861930722e-02 1.267796396623405986e-01
5.667207937400055989e-02 1.277938767796393260e-01
5.640879178021988849e-02 1.288081138969380535e-01
5.614704429270406250e-02 1.298223510142367809e-01
5.588681664351589917e-02 1.308365881315355084e-01
5.562808915806369270e-02 1.318508252488342358e-01
5.537084273274205104e-02 1.328650623661329355e-01
5.511505881356992820e-02 1.338792994834316630e-01
5.486071937569576146e-02 1.348935366007303904e-01
5.460780690374564261e-02 1.359077737180291179e-01
5.435630437300902756e-02 1.369220108353278453e-01
5.410619523137503994e-02 1.379362479526265728e-01
5.385746338198604127e-02 1.389504850699253002e-01
5.361009316663850610e-02 1.399647221872239999e-01
5.336406934982140804e-02 1.409789593045227274e-01
5.311937710337697599e-02 1.419931964218214548e-01
5.287600199182627275e-02 1.430074335391201823e-01
5.263392995821279674e-02 1.440216706564189098e-01
5.239314731055478430e-02 1.450359077737176372e-01
5.215364070877580305e-02 1.460501448910163369e-01
5.191539715222121681e-02 1.470643820083150644e-01
5.167840396758423271e-02 1.480786191256137918e-01
5.144264879732299289e-02 1.490928562429125193e-01
5.120811958856510970e-02 1.501070933602112467e-01
5.097480458238479173e-02 1.511213304775099742e-01
5.074269230350546278e-02 1.521355675948086739e-01
5.051177155043696382e-02 1.531498047121074013e-01
5.028203138589550786e-02 1.541640418294061288e-01
5.005346112771419387e-02 1.551782789467048562e-01
4.982605033996638511e-02 1.561925160640035837e-01
4.959978882452693166e-02 1.572067531813023111e-01
4.937466661288824471e-02 1.582209902986010108e-01
4.915067395832865838e-02 1.592352274158997383e-01
4.892780132832433987e-02 1.602494645331984657e-01
4.870603939729115095e-02 1.612637016504971932e-01
4.848537903956075257e-02 1.622779387677959206e-01
4.826581132266896668e-02 1.632921758850946481e-01
4.804732750080772247e-02 1.643064130023933478e-01
4.782991900863154539e-02 1.653206501196920752e-01
4.761357745516476420e-02 1.663348872369908027e-01
4.739829461807193445e-02 1.673491243542895301e-01
4.718406243801810673e-02 1.683633614715882576e-01
4.697087301332247139e-02 1.693775985888869851e-01
4.675871859474738101e-02 1.703918357061857125e-01
4.654759158051228335e-02 1.714060728234844122e-01
4.633748451151800674e-02 1.724203099407831397e-01
4.612839006664487540e-02 1.734345470580818671e-01
4.592030105835473441e-02 1.744487841753805946e-01
4.571321042834717435e-02 1.754630212926793220e-01
4.550711124342018965e-02 1.764772584099780495e-01
4.530199669150083985e-02 1.774914955272767492e-01
4.509786007775287014e-02 1.785057326445754766e-01
4.489469482091906771e-02 1.795199697618742041e-01
4.469249444968384499e-02 1.805342068791729315e-01
4.449125259929607307e-02 1.815484439964716590e-01
4.429096300816766363e-02 1.825626811137703864e-01
4.409161951477414548e-02 1.835769182310690861e-01
4.389321605445031110e-02 1.845911553483678136e-01
4.369574665652748574e-02 1.856053924656665410e-01
4.349920544136591516e-02 1.866196295829652685e-01
4.330358661768372169e-02 1.876338667002639959e-01
4.310888447981118393e-02 1.886481038175627234e-01
4.291509340516985044e-02 1.896623409348614231e-01
4.272220785178015845e-02 1.906765780521601505e-01
4.253022235584416610e-02 1.916908151694588780e-01
4.233913152950515707e-02 1.927050522867576332e-01
4.214893005856536201e-02 1.937192894040563607e-01
4.195961270037198293e-02 1.947335265213551159e-01
4.177117428173247882e-02 1.957477636386538711e-01
4.158360969695094195e-02 1.967620007559525985e-01
4.139691390587792869e-02 1.977762378732513537e-01
4.121108193204092024e-02 1.987904749905500812e-01
4.102610886093197712e-02 1.998047121078488364e-01
4.084198983819438411e-02 2.008189492251475916e-01
4.065872006797837529e-02 2.018331863424463191e-01
4.047629481138757118e-02 2.028474234597450743e-01
4.029470938486633819e-02 2.038616605770438017e-01
4.011395915873858242e-02 2.048758976943425569e-01
3.993403955574367781e-02 2.058901348116413121e-01
3.975494604966890722e-02 2.069043719289400396e-01
3.957667416398772536e-02 2.079186090462387948e-01
3.939921947057475893e-02 2.089328461635375500e-01
3.922257758842803699e-02 2.099470832808362775e-01
3.904674418251485868e-02 2.109613203981350327e-01
3.887171496252211922e-02 2.119755575154337601e-01
3.869748568183324633e-02 2.129897946327325153e-01
3.852405213634915032e-02 2.140040317500312705e-01
3.835141016349215976e-02 2.150182688673299980e-01
3.817955564118540035e-02 2.160325059846287532e-01
3.800848448684730763e-02 2.170467431019274807e-01
3.783819265648307589e-02 2.180609802192262359e-01
3.766867614375189743e-02 2.190752173365249911e-01
3.749993097908722872e-02 2.200894544538237185e-01
3.733195322885891898e-02 2.211036915711224737e-01
3.716473899452080870e-02 2.221179286884212012e-01
3.699828441185253058e-02 2.231321658057199564e-01
3.683258565016195307e-02 2.241464029230187116e-01
3.666763891157120980e-02 2.251606400403174391e-01
3.650344043026771540e-02 2.261748771576161943e-01
3.633998647185292946e-02 2.271891142749149217e-01
3.617727333261612499e-02 2.282033513922136769e-01
3.601529733895604546e-02 2.292175885095124321e-01
3.585405484669538373e-02 2.302318256268111596e-01
3.569354224050119012e-02 2.312460627441099148e-01
3.553375593331046384e-02 2.322602998614086700e-01
3.537469236575593867e-02 2.332745369787073975e-01
3.521634800557540274e-02 2.342887740960061527e-01
3.505871934718308297e-02 2.353030112133048801e-01
3.490180291104797577e-02 2.363172483306036353e-01
3.474559524328745680e-02 2.373314854479023905e-01
3.459009291511825485e-02 2.383457225652011180e-01
3.443529252244036803e-02 2.393599596824998732e-01
3.428119068535877972e-02 2.403741967997986007e-01
3.412778404777833119e-02 2.413884339170973559e-01
3.397506927695468498e-02 2.424026710343961111e-01
3.382304306309664305e-02 2.434169081516948385e-01
3.367170211897691640e-02 2.444311452689935937e-01
3.352104317955718199e-02 2.454453823862923212e-01
3.337106300158822897e-02 2.464596195035910764e-01
3.322175836328464943e-02 2.474738566208898316e-01
3.307312606397016380e-02 2.484880937381885591e-01
3.292516292371184400e-02 2.495023308554873143e-01
3.277786578304171805e-02 2.505165679727860417e-01
3.263123150259098632e-02 2.515308050900847969e-01
3.248525696283208891e-02 2.525450422073835521e-01
3.233993906374188487e-02 2.535592793246823073e-01
3.219527472452614336e-02 2.545735164419810070e-01
3.205126088335552570e-02 2.555877535592797622e-01
3.190789449705801195e-02 2.566019906765785175e-01
3.176517254091070636e-02 2.576162277938772727e-01
3.162309200831796285e-02 2.586304649111760279e-01
3.148164991060583423e-02 2.596447020284747276e-01
3.134084327677937737e-02 2.606589391457734828e-01
3.120066915327267612e-02 2.616731762630722380e-01
3.106112460372680711e-02 2.626874133803709932e-01
3.092220670878037189e-02 2.637016504976697484e-01
3.078391256583563537e-02 2.647158876149685036e-01
3.064623928884991841e-02 2.657301247322672033e-01
3.050918400816486978e-02 2.667443618495659585e-01
3.037274387026263345e-02 2.677585989668647137e-01
3.023691603761358843e-02 2.687728360841634689e-01
3.010169768846892094e-02 2.697870732014622241e-01
2.996708601666770930e-02 2.708013103187609238e-01
2.983307823148988874e-02 2.718155474360596791e-01
2.969967155746966805e-02 2.728297845533584343e-01
2.956686323421120477e-02 2.738440216706571895e-01
2.943465051627201443e-02 2.748582587879559447e-01
2.930303067292964678e-02 2.758724959052546444e-01
2.917200098810493469e-02 2.768867330225533996e-01
2.904155876016592530e-02 2.779009701398521548e-01
2.891170130177607780e-02 2.789152072571509100e-01
2.878242593978385527e-02 2.799294443744496652e-01
2.865373001505041109e-02 2.809436814917483649e-01
2.852561088232571929e-02 2.819579186090471201e-01
2.839806591012990558e-02 2.829721557263458753e-01
2.827109248058363306e-02 2.839863928436446305e-01
2.814468798932721894e-02 2.850006299609433857e-01
2.801884984535698772e-02 2.860148670782420854e-01
2.789357547093352860e-02 2.870291041955408406e-01
2.776886230144484657e-02 2.880433413128395959e-01
2.764470778529211359e-02 2.890575784301383511e-01
2.752110938378846822e-02 2.900718155474371063e-01
2.739806457104858664e-02 2.910860526647358060e-01
2.727557083383397307e-02 2.921002897820345612e-01
2.715362567152967976e-02 2.931145268993333164e-01
2.703222659596308391e-02 2.941287640166320716e-01
2.691137113135958284e-02 2.951430011339308268e-01
2.679105681418452248e-02 2.961572382512295265e-01
2.667128119312093051e-02 2.971714753685282817e-01
2.655204182888285316e-02 2.981857124858270369e-01
2.643333629422200265e-02 2.991999496031257921e-01
2.631516217373940092e-02 3.002141867204245473e-01
2.619751706387919710e-02 3.012284238377232470e-01
2.608039857276858720e-02 3.022426609550220022e-01
2.596380432017907774e-02 3.032568980723207575e-01
2.584773193743611711e-02 3.042711351896195127e-01
2.573217906730555782e-02 3.052853723069182679e-01
2.561714336395290448e-02 3.062996094242169676e-01
2.550262249282304189e-02 3.073138465415157228e-01
2.538861413058288510e-02 3.083280836588144780e-01
2.527511596507332411e-02 3.093423207761132332e-01
2.516212569515140912e-02 3.103565578934119884e-01
2.504964103069571776e-02 3.113707950107107436e-01
2.493765969249384096e-02 3.123850321280094433e-01
2.482617941218530008e-02 3.133992692453081985e-01
2.471519793216716762e-02 3.144135063626069537e-01
2.460471300554151197e-02 3.154277434799057089e-01
2.449472239606391086e-02 3.164419805972044641e-01
2.438522387802839753e-02 3.174562177145031638e-01
2.427621523624102703e-02 3.184704548318019190e-01
2.416769426593954467e-02 3.194846919491006743e-01
2.405965877273021081e-02 3.204989290663994295e-01
2.395210657250959607e-02 3.215131661836981847e-01
2.384503549143699233e-02 3.225274033009968844e-01
2.373844336581876907e-02 3.235416404182956396e-01
2.363232804210391516e-02 3.245558775355943948e-01
2.352668737678643984e-02 3.255701146528931500e-01
2.342151923635515595e-02 3.265843517701919052e-01
2.331682149722273320e-02 3.275985888874906049e-01
2.321259204571746865e-02 3.286128260047893601e-01
2.310882877794978238e-02 3.296270631220881153e-01
2.300552959980881051e-02 3.306413002393868705e-01
2.290269242689188176e-02 3.316555373566856257e-01
2.280031518445087974e-02 3.326697744739843254e-01
2.269839580734011805e-02 3.336840115912830806e-01
2.259693223993861771e-02 3.346982487085818359e-01
2.249592243613766571e-02 3.357124858258805911e-01
2.239536435924695951e-02 3.367267229431793463e-01
2.229525598198750513e-02 3.377409600604780460e-01
2.219559528639660634e-02 3.387551971777768012e-01
2.209638026378288669e-02 3.397694342950755564e-01
2.199760891471194690e-02 3.407836714123743116e-01
2.189927924892052721e-02 3.417979085296730668e-01
2.180138928528516443e-02 3.428121456469717665e-01
2.170393705175298685e-02 3.438263827642705217e-01
2.160692058531328910e-02 3.448406198815692769e-01
2.151033793195568020e-02 3.458548569988680321e-01
2.141418714659527184e-02 3.468690941161667873e-01
2.131846629304566532e-02 3.478833312334654870e-01
2.122317344397101416e-02 3.488975683507642422e-01
2.112830668082630453e-02 3.499118054680629974e-01
2.103386409383824901e-02 3.509260425853617527e-01
2.093984378192648502e-02 3.519402797026605079e-01
2.084624385269837066e-02 3.529545168199592076e-01
2.075306242235345003e-02 3.539687539372579628e-01
2.066029761568831738e-02 3.549829910545567180e-01
2.056794756602841820e-02 3.559972281718554732e-01
2.047601041519014203e-02 3.570114652891542284e-01
2.038448431343449843e-02 3.580257024064529836e-01
2.029336741943985403e-02 3.590399395237516833e-01
2.020265790022848784e-02 3.600541766410504385e-01
2.011235393114686049e-02 3.610684137583491937e-01
2.002245369583653331e-02 3.620826508756479489e-01
1.993295538616637885e-02 3.630968879929467041e-01
1.984385720219897925e-02 3.641111251102454038e-01
1.975515735216644767e-02 3.651253622275441590e-01
1.966685405239524537e-02 3.661395993448429143e-01
1.957894552733317056e-02 3.671538364621416695e-01
1.949143000941586795e-02 3.681680735794404247e-01
1.940430573909751599e-02 3.691823106967391244e-01
1.931757096480664349e-02 3.701965478140378796e-01
1.923122394286636352e-02 3.712107849313366348e-01
1.914526293749649680e-02 3.722250220486353900e-01
1.905968622075888616e-02 3.732392591659341452e-01
1.897449207252736858e-02 3.742534962832328449e-01
1.888967878042953352e-02 3.752677334005316001e-01
1.880524463984254574e-02 3.762819705178303553e-01
1.872118795381709846e-02 3.772962076351291105e-01
1.863750703307668483e-02 3.783104447524278657e-01
1.855420019596797435e-02 3.793246818697265654e-01
1.847126576841224069e-02 3.803389189870253206e-01
1.838870208388537417e-02 3.813531561043240758e-01
1.830650748336822009e-02 3.823673932216228311e-01
1.822468031532528676e-02 3.833816303389215863e-01
1.814321893565805366e-02 3.843958674562202860e-01
1.806212170768473416e-02 3.854101045735189857e-01
1.798138700207607688e-02 3.864243416908177409e-01
1.790101319685797124e-02 3.874385788081164961e-01
1.782099867734953172e-02 3.884528159254152513e-01
1.774134183613900947e-02 3.894670530427140065e-01
1.766204107304581231e-02 3.904812901600127062e-01
1.758309479508975148e-02 3.914955272773114614e-01
1.750450141646370944e-02 3.925097643946102166e-01
1.742625935848544916e-02 3.935240015119089718e-01
1.734836704957084738e-02 3.945382386292077270e-01
1.727082292520559781e-02 3.955524757465064822e-01
1.719362542791363566e-02 3.965667128638051819e-01
1.711677300721464040e-02 3.975809499811039371e-01
1.704026411958545553e-02 3.985951870984026923e-01
1.696409722845624093e-02 3.996094242157014476e-01
1.688827080415516296e-02 4.006236613330002028e-01
1.681278332387911231e-02 4.016378984502989025e-01
1.673763327166084142e-02 4.026521355675976577e-01
1.666281913834798817e-02 4.036663726848964129e-01
1.658833942156111643e-02 4.046806098021951681e-01
1.651419262567376672e-02 4.056948469194939233e-01
1.644037726176388395e-02 4.067090840367926230e-01
1.636689184759658813e-02 4.077233211540913782e-01
1.629373490758991017e-02 4.087375582713901334e-01
1.622090497278409760e-02 4.097517953886888886e-01
1.614840058081278354e-02 4.107660325059876438e-01
1.607622027586247740e-02 4.117802696232863435e-01
1.600436260866266655e-02 4.127945067405850987e-01
1.593282613643517628e-02 4.138087438578838539e-01
1.586160942288055570e-02 4.148229809751826092e-01
1.579071103813720067e-02 4.158372180924813644e-01
1.572012955875685264e-02 4.168514552097800641e-01
1.564986356766573730e-02 4.178656923270788193e-01
1.557991165416207184e-02 4.188799294443775745e-01
1.551027241385551439e-02 4.198941665616763297e-01
1.544094444864650521e-02 4.209084036789750849e-01
1.537192636671956547e-02 4.219226407962737846e-01
1.530321678249275952e-02 4.229368779135725398e-01
1.523481431657576490e-02 4.239511150308712950e-01
1.516671759579583077e-02 4.249653521481700502e-01
1.509892525310226746e-02 4.259795892654688054e-01
1.503143592757759557e-02 4.269938263827675051e-01
1.496424826441556527e-02 4.280080635000662603e-01
1.489736091486514383e-02 4.290223006173650155e-01
1.483077253623153909e-02 4.300365377346637707e-01
1.476448179182000831e-02 4.310507748519625260e-01
1.469848735093379558e-02 4.320650119692612257e-01
1.463278788883388103e-02 4.330792490865599809e-01
1.456738208671737832e-02 4.340934862038587361e-01
1.450226863168404060e-02 4.351077233211574913e-01
1.443744621671806498e-02 4.361219604384562465e-01
1.437291354065941065e-02 4.371361975557550017e-01
1.430866930815926849e-02 4.381504346730537014e-01
1.424471222968866878e-02 4.391646717903524566e-01
1.418104102148207667e-02 4.401789089076512118e-01
1.411765440552650679e-02 4.411931460249499670e-01
1.405455110953143100e-02 4.422073831422487222e-01
1.399172986689266665e-02 4.432216202595474219e-01
1.392918941668975542e-02 4.442358573768461771e-01
1.386692850364775430e-02 4.452500944941449323e-01
1.380494587809875072e-02 4.462643316114436876e-01
1.374324029597402512e-02 4.472785687287424428e-01
1.368181051877319886e-02 4.482928058460411425e-01
1.362065531355336617e-02 4.493070429633398977e-01
1.355977345286073915e-02 4.503212800806386529e-01
1.349916371476459973e-02 4.513355171979374081e-01
1.343882488279165080e-02 4.523497543152361633e-01
1.337875574590549621e-02 4.533639914325348630e-01
1.331895509849632432e-02 4.543782285498336182e-01
1.325942174035664792e-02 4.553924656671323734e-01
1.320015447663229653e-02 4.564067027844311286e-01
1.314115211783944623e-02 4.574209399017298838e-01
1.308241347979262337e-02 4.584351770190285835e-01
1.302393738362080111e-02 4.594494141363273387e-01
1.296572265572220641e-02 4.604636512536260939e-01
1.290776812774854440e-02 4.614778883709248491e-01
1.285007263657934710e-02 4.624921254882236044e-01
1.279263502429110397e-02 4.635063626055223041e-01
1.273545413814740346e-02 4.645205997228210593e-01
1.267852883057588725e-02 4.655348368401198145e-01
1.262185795911822429e-02 4.665490739574185697e-01
1.256544038644310038e-02 4.675633110747173249e-01
1.250927498030946113e-02 4.685775481920160246e-01
1.245336061352374755e-02 4.695917853093147798e-01
1.239769616395061842e-02 4.706060224266135350e-01
1.234228051447044949e-02 4.716202595439122902e-01
1.228711255295874931e-02 4.726344966612110454e-01
1.223219117226422362e-02 4.736487337785097451e-01
1.217751527019745109e-02 4.746629708958085003e-01
1.212308374947607646e-02 4.756772080131072555e-01
1.206889551776362673e-02 4.766914451304060107e-01
1.201494948756842880e-02 4.777056822477047660e-01
1.196124457629252347e-02 4.787199193650034656e-01
1.190777970615884002e-02 4.797341564823022209e-01
1.185455380423257321e-02 4.807483935996009761e-01
1.180156580234678447e-02 4.817626307168997313e-01
1.174881463714379411e-02 4.827768678341984865e-01
1.169629925001489275e-02 4.837911049514972417e-01
1.164401858706765741e-02 4.848053420687959414e-01
1.159197159913357734e-02 4.858195791860946966e-01
1.154015724173726443e-02 4.868338163033934518e-01
1.148857447508440030e-02 4.878480534206922070e-01
1.143722226400471428e-02 4.888622905379909622e-01
1.138609957797971813e-02 4.898765276552896619e-01
1.133520539109337047e-02 4.908907647725884171e-01
1.128453868201266704e-02 4.919050018898871723e-01
1.123409843397101329e-02 4.929192390071859275e-01
1.118388363475862450e-02 4.939334761244846828e-01
1.113389327667875517e-02 4.949477132417833825e-01
1.108412635655455468e-02 4.959619503590821377e-01
1.103458187567512433e-02 4.969761874763808929e-01
1.098525883982040888e-02 4.979904245936796481e-01
1.093615625919849149e-02 4.990046617109784033e-01
1.088727314844994618e-02 5.000188988282771030e-01
1.083860852660696941e-02 5.010331359455758582e-01
1.079016141711072740e-02 5.020473730628746134e-01
1.074193084775867599e-02 5.030616101801733686e-01
1.069391585068965762e-02 5.040758472974721238e-01
1.064611546236889257e-02 5.050900844147708790e-01
1.059852872358725204e-02 5.061043215320696342e-01
1.055115467940555447e-02 5.071185586493683894e-01
1.050399237915863003e-02 5.081327957666670336e-01
1.045704087643407540e-02 5.091470328839657888e-01
1.041029922905810715e-02 5.101612700012645440e-01
1.036376649905344262e-02 5.111755071185632993e-01
1.031744175264898318e-02 5.121897442358620545e-01
1.027132406024087834e-02 5.132039813531608097e-01
1.022541249638355895e-02 5.142182184704595649e-01
1.017970613977074203e-02 5.152324555877583201e-01
1.013420407321983553e-02 5.162466927050570753e-01
1.008890538362886002e-02 5.172609298223558305e-01
1.004380916200780897e-02 5.182751669396544747e-01
9.998914503395284897e-03 5.192894040569532299e-01
9.954220506913408553e-03 5.203036411742519851e-01
9.909726275681672580e-03 5.213178782915507403e-01
9.865430916844018794e-03 5.223321154088494955e-01
9.821333541531153052e-03 5.233463525261482507e-01
9.777433264848145456e-03 5.243605896434470059e-01
9.733729205852092309e-03 5.253748267607457612e-01
9.690220487549179237e-03 5.263890638780445164e-01
9.646906236858383832e-03 5.274033009953432716e-01
9.603785584593738101e-03 5.284175381126419158e-01
9.560857665468578542e-03 5.294317752299406710e-01
9.518121618066246667e-03 5.304460123472394262e-01
9.475576584803621638e-03 5.314602494645381814e-01
9.433221711947221977e-03 5.324744865818369366e-01
9.391056149569166137e-03 5.334887236991356918e-01
9.349079051547228014e-03 5.345029608164344470e-01
9.307289575540672252e-03 5.355171979337332022e-01
9.265686882976079813e-03 5.365314350510319574e-01
9.224270139018629633e-03 5.375456721683307126e-01
9.183038512582297058e-03 5.385599092856293568e-01
9.141991176277116521e-03 5.395741464029281120e-01
9.101127306426192234e-03 5.405883835202268672e-01
9.060446083028236841e-03 5.416026206375256224e-01
9.019946689744220980e-03 5.426168577548243777e-01
8.979628313893647101e-03 5.436310948721231329e-01
8.939490146420385822e-03 5.446453319894218881e-01
8.899531381890087717e-03 5.456595691067206433e-01
8.859751218461418137e-03 5.466738062240193985e-01
8.820148857885328625e-03 5.476880433413181537e-01
8.780723505476321217e-03 5.487022804586167979e-01
8.741474370101464178e-03 5.497165175759155531e-01
8.702400664168939357e-03 5.507307546932143083e-01
8.663501603593446593e-03 5.517449918105130635e-01
8.624776407818023072e-03 5.527592289278118187e-01
8.586224299748848945e-03 5.537734660451105739e-01
8.547844505783257912e-03 5.547877031624093291e-01
8.509636255769316426e-03 5.558019402797080843e-01
8.471598783002838237e-03 5.568161773970068396e-01
8.433731324197168977e-03 5.578304145143055948e-01
8.396033119483553922e-03 5.588446516316043500e-01
8.358503412390961423e-03 5.598588887489029942e-01
8.321141449828999351e-03 5.608731258662017494e-01
8.283946482066000330e-03 5.618873629835005046e-01
8.246917762738125574e-03 5.629016001007992598e-01
8.210054548795576307e-03 5.639158372180980150e-01
8.173356100524218834e-03 5.649300743353967702e-01
8.136821681518710200e-03 5.659443114526955254e-01
8.100450558656897143e-03 5.669585485699942806e-01
8.064242002089732145e-03 5.679727856872930358e-01
8.028195285242577944e-03 5.689870228045917910e-01
7.992309684783404852e-03 5.700012599218904352e-01
7.956584480607752433e-03 5.710154970391891904e-01
7.921018955837679995e-03 5.720297341564879456e-01
7.885612396790388917e-03 5.730439712737867008e-01
7.850364092983570796e-03 5.740582083910854561e-01
7.815273337108935570e-03 5.750724455083842113e-01
7.780339425008621010e-03 5.760866826256829665e-01
7.745561655682839386e-03 5.771009197429817217e-01
7.710939331261373354e-03 5.781151568602804769e-01
7.676471756993927427e-03 5.791293939775792321e-01
7.642158241231652299e-03 5.801436310948778763e-01
7.607998095421347404e-03 5.811578682121766315e-01
7.573990634090254324e-03 5.821721053294753867e-01
7.540135174817704476e-03 5.831863424467741419e-01
7.506431038252428176e-03 5.842005795640728971e-01
7.472877548054640898e-03 5.852148166813716523e-01
7.439474030929055931e-03 5.862290537986704075e-01
7.406219816578364298e-03 5.872432909159691627e-01
7.373114237703851451e-03 5.882575280332679180e-01
7.340156629989632101e-03 5.892717651505666732e-01
7.307346332087579811e-03 5.902860022678653174e-01
7.274682685614879303e-03 5.913002393851640726e-01
7.242165035107861991e-03 5.923144765024628278e-01
7.209792728060234954e-03 5.933287136197615830e-01
7.177565114865887101e-03 5.943429507370603382e-01
7.145481548825221782e-03 5.953571878543590934e-01
7.113541386125836301e-03 5.963714249716578486e-01
7.081743985841981552e-03 5.973856620889566038e-01
7.050088709904326657e-03 5.983998992062553590e-01
7.018574923096778349e-03 5.994141363235541142e-01
6.987201993045806352e-03 6.004283734408528694e-01
6.955969290200943352e-03 6.014426105581515136e-01
6.924876187825812143e-03 6.024568476754502688e-01
6.893922061983649360e-03 6.034710847927490240e-01
6.863106291532422229e-03 6.044853219100477792e-01
6.832428258100007278e-03 6.054995590273465345e-01
6.801887346078780601e-03 6.065137961446452897e-01
6.771482942618591364e-03 6.075280332619440449e-01
6.741214437595167280e-03 6.085422703792428001e-01
6.711081223628510492e-03 6.095565074965415553e-01
6.681082696036816371e-03 6.105707446138403105e-01
6.651218252855936250e-03 6.115849817311389547e-01
6.621487294798181211e-03 6.125992188484377099e-01
6.591889225261226420e-03 6.136134559657364651e-01
6.562423450312986940e-03 6.146276930830352203e-01
6.533089378664320122e-03 6.156419302003339755e-01
6.503886421681814856e-03 6.166561673176327307e-01
6.474813993354792789e-03 6.176704044349314859e-01
6.445871510291879651e-03 6.186846415522302411e-01
6.417058391712701995e-03 6.196988786695289964e-01
6.388374059432345813e-03 6.207131157868277516e-01
6.359817937844081288e-03 6.217273529041263957e-01
6.331389453920715886e-03 6.227415900214251510e-01
6.303088037196934862e-03 6.237558271387239062e-01
6.274913119745015137e-03 6.247700642560226614e-01
6.246864136191626962e-03 6.257843013733214166e-01
6.218940523678841668e-03 6.267985384906201718e-01
6.191141721867949796e-03 6.278127756079189270e-01
6.163467172929142091e-03 6.288270127252176822e-01
6.135916321516553772e-03 6.298412498425164374e-01
6.108488614771203154e-03 6.308554869598151926e-01
6.081183502309253641e-03 6.318697240771138368e-01
6.054000436195704909e-03 6.328839611944125920e-01
6.026938870956709444e-03 6.338981983117113472e-01
5.999998263546687388e-03 6.349124354290101024e-01
5.973178073356413820e-03 6.359266725463088576e-01
5.946477762179504765e-03 6.369409096636076129e-01
5.919896794234118589e-03 6.379551467809063681e-01
5.893434636107736276e-03 6.389693838982051233e-01
5.867090756795273303e-03 6.399836210155038785e-01
5.840864627653491979e-03 6.409978581328026337e-01
5.814755722401298080e-03 6.420120952501013889e-01
5.788763517113804623e-03 6.430263323674000331e-01
5.762887490211463827e-03 6.440405694846987883e-01
5.737127122431419889e-03 6.450548066019975435e-01
5.711481896843096338e-03 6.460690437192962987e-01
5.685951298828218099e-03 6.470832808365950539e-01
5.660534816060038173e-03 6.480975179538938091e-01
5.635231938501820623e-03 6.491117550711925643e-01
5.610042158403222810e-03 6.501259921884913195e-01
5.584964970282216105e-03 6.511402293057900748e-01
5.559999870913263746e-03 6.521544664230888300e-01
5.535146359316839640e-03 6.531687035403874741e-01
5.510403936757110772e-03 6.541829406576862294e-01
5.485772106723669703e-03 6.551971777749849846e-01
5.461250374930590873e-03 6.562114148922837398e-01
5.436838249296128273e-03 6.572256520095824950e-01
5.412535239939947687e-03 6.582398891268812502e-01
5.388340859170943735e-03 6.592541262441800054e-01
5.364254621476310242e-03 6.602683633614787606e-01
5.340276043513786895e-03 6.612826004787775158e-01
5.316404644103013381e-03 6.622968375960762710e-01
5.292639944206558450e-03 6.633110747133749152e-01
5.268981466941233781e-03 6.643253118306736704e-01
5.245428737547572391e-03 6.653395489479724256e-01
5.221981283384091906e-03 6.663537860652711808e-01
5.198638633927988445e-03 6.673680231825699360e-01
5.175400320762742895e-03 6.683822602998686913e-01
5.152265877546280924e-03 6.693964974171674465e-01
5.129234840048309436e-03 6.704107345344662017e-01
5.106306746092802683e-03 6.714249716517649569e-01
5.083481135576401605e-03 6.724392087690637121e-01
5.060757550447916343e-03 6.734534458863623563e-01
5.038135534712352530e-03 6.744676830036611115e-01
5.015614634402999587e-03 6.754819201209598667e-01
4.993194397586021675e-03 6.764961572382586219e-01
4.970874374353659308e-03 6.775103943555573771e-01
4.948654116798308251e-03 6.785246314728561323e-01
4.926533179016555353e-03 6.795388685901548875e-01
4.904511117100652379e-03 6.805531057074536427e-01
4.882587489128362677e-03 6.815673428247523979e-01
4.860761855148634965e-03 6.825815799420511532e-01
4.839033777179829569e-03 6.835958170593497973e-01
4.817402819192559416e-03 6.846100541766485525e-01
4.795868547114629649e-03 6.856242912939473078e-01
4.774430528808041273e-03 6.866385284112460630e-01
4.753088334061429492e-03 6.876527655285448182e-01
4.731841534595966972e-03 6.886670026458435734e-01
4.710689704041176595e-03 6.896812397631423286e-01
4.689632417936934194e-03 6.906954768804410838e-01
4.668669253711549456e-03 6.917097139977398390e-01
4.647799790696274282e-03 6.927239511150385942e-01
4.627023610081599028e-03 6.937381882323373494e-01
4.606340294950025775e-03 6.947524253496359936e-01
4.585749430232724522e-03 6.957666624669347488e-01
4.565250602726903841e-03 6.967808995842335040e-01
4.544843401070850809e-03 6.977951367015322592e-01
4.524527415737169059e-03 6.988093738188310144e-01
4.504302239041056005e-03 6.998236109361297697e-01
4.484167465106823555e-03 7.008378480534285249e-01
4.464122689879277024e-03 7.018520851707272801e-01
4.444167511109817399e-03 7.028663222880260353e-01
4.424301528345883812e-03 7.038805594053247905e-01
4.404524342924883741e-03 7.048947965226234347e-01
4.384835557959229288e-03 7.059090336399221899e-01
4.365234778351759735e-03 7.069232707572209451e-01
4.345721610750585828e-03 7.079375078745197003e-01
4.326295663581591552e-03 7.089517449918184555e-01
4.306956547003614084e-03 7.099659821091172107e-01
4.287703872927055640e-03 7.109802192264159659e-01
4.268537255001274636e-03 7.119944563437147211e-01
4.249456308586703479e-03 7.130086934610134763e-01
4.230460650779346334e-03 7.140229305783122316e-01
4.211549900374235433e-03 7.150371676956108757e-01
4.192723677876551529e-03 7.160514048129096309e-01
4.173981605491794943e-03 7.170656419302083862e-01
4.155323307102352925e-03 7.180798790475071414e-01
4.136748408279457973e-03 7.190941161648058966e-01
4.118256536268061901e-03 7.201083532821046518e-01
4.099847319971001297e-03 7.211225903994034070e-01
4.081520389959886370e-03 7.221368275167021622e-01
4.063275378454016262e-03 7.231510646340009174e-01
4.045111919314585934e-03 7.241653017512996726e-01
4.027029648036962312e-03 7.251795388685983168e-01
4.009028201750699898e-03 7.261937759858970720e-01
3.991107219206827851e-03 7.272080131031958272e-01
3.973266340765886466e-03 7.282222502204945824e-01
3.955505208403635280e-03 7.292364873377933376e-01
3.937823465684020877e-03 7.302507244550920928e-01
3.920220757778570229e-03 7.312649615723908481e-01
3.902696731434656969e-03 7.322791986896896033e-01
3.885251034978898406e-03 7.332934358069883585e-01
3.867883318313911599e-03 7.343076729242871137e-01
3.850593232907113111e-03 7.353219100415858689e-01
3.833380431775686333e-03 7.363361471588845131e-01
3.816244569498196317e-03 7.373503842761832683e-01
3.799185302186999010e-03 7.383646213934820235e-01
3.782202287502235694e-03 7.393788585107807787e-01
3.765295184627254557e-03 7.403930956280795339e-01
3.748463654265855524e-03 7.414073327453782891e-01
3.731707358644969098e-03 7.424215698626770443e-01
3.715025961495490268e-03 7.434358069799757995e-01
3.698419128058941588e-03 7.444500440972745547e-01
3.681886525063454620e-03 7.454642812145733100e-01
3.665427820732443560e-03 7.464785183318719541e-01
3.649042684767398945e-03 7.474927554491707093e-01
3.632730788355827481e-03 7.485069925664694646e-01
3.616491804144267991e-03 7.495212296837682198e-01
3.600325406247131561e-03 7.505354668010669750e-01
3.584231270231960729e-03 7.515497039183657302e-01
3.568209073125608571e-03 7.525639410356644854e-01
3.552258493387419440e-03 7.535781781529632406e-01
3.536379210918017078e-03 7.545924152702619958e-01
3.520570907045690503e-03 7.556066523875607510e-01
3.504833264530542603e-03 7.566208895048593952e-01
3.489165967545569506e-03 7.576351266221581504e-01
3.473568701673859001e-03 7.586493637394569056e-01
3.458041153905660157e-03 7.596636008567556608e-01
3.442583012627569924e-03 7.606778379740544160e-01
3.427193967628605533e-03 7.616920750913531712e-01
3.411873710069115648e-03 7.627063122086519265e-01
3.396621932500861092e-03 7.637205493259506817e-01
3.381438328843551413e-03 7.647347864432494369e-01
3.366322594391748645e-03 7.657490235605481921e-01
3.351274425796029518e-03 7.667632606778468363e-01
3.336293521063556176e-03 7.677774977951455915e-01
3.321379579552183325e-03 7.687917349124443467e-01
3.306532301964921865e-03 7.698059720297431019e-01
3.291751390339200944e-03 7.708202091470417461e-01
3.277036548044170907e-03 7.718344462643403903e-01
3.262387479778519270e-03 7.728486833816391455e-01
3.247803891558402687e-03 7.738629204989377897e-01
3.233285490712723732e-03 7.748771576162364338e-01
3.218831985880216996e-03 7.758913947335350780e-01
3.204443087003887997e-03 7.769056318508337222e-01
3.190118505315569803e-03 7.779198689681323664e-01
3.175857953346780237e-03 7.789341060854310106e-01
3.161661144904541997e-03 7.799483432027297658e-01
3.147527795087025956e-03 7.809625803200284100e-01
3.133457620250722393e-03 7.819768174373270542e-01
3.119450338034126906e-03 7.829910545546256984e-01
3.105505667328816929e-03 7.840052916719243425e-01
3.091623328284021869e-03 7.850195287892229867e-01
3.077803042303845805e-03 7.860337659065216309e-01
3.064044532030555604e-03 7.870480030238202751e-01
3.050347521354081562e-03 7.880622401411190303e-01
3.036711735394356185e-03 7.890764772584176745e-01
3.023136900498049444e-03 7.900907143757163187e-01
3.009622744236643659e-03 7.911049514930149629e-01
2.996168995401070605e-03 7.921191886103136071e-01
2.982775383988950455e-03 7.931334257276122512e-01
2.969441641210197966e-03 7.941476628449108954e-01
2.956167499476851802e-03 7.951618999622096506e-01
2.942952692390679928e-03 7.961761370795082948e-01
2.929796954748427155e-03 7.971903741968069390e-01
2.916700022529799576e-03 7.982046113141055832e-01
2.903661632899830723e-03 7.992188484314042274e-01
2.890681524190003883e-03 8.002330855487028716e-01
2.877759435908395884e-03 8.012473226660015158e-01
2.864895108722636478e-03 8.022615597833001599e-01
2.852088284461073205e-03 8.032757969005989152e-01
2.839338706107509113e-03 8.042900340178975593e-01
2.826646117794899635e-03 8.053042711351962035e-01
2.814010264796669870e-03 8.063185082524948477e-01
2.801430893524790768e-03 8.073327453697934919e-01
2.788907751521915203e-03 8.083469824870921361e-01
2.776440587468730157e-03 8.093612196043907803e-01
2.764029151164634941e-03 8.103754567216895355e-01
2.751673193522687511e-03 8.113896938389881797e-01
2.739372466566405203e-03 8.124039309562868239e-01
2.727126723446055521e-03 8.134181680735854680e-01
2.714935718394250255e-03 8.144324051908841122e-01
2.702799206751566475e-03 8.154466423081827564e-01
2.690716944952222921e-03 8.164608794254814006e-01
2.678688690521084138e-03 8.174751165427800448e-01
2.666714202055640165e-03 8.184893536600788000e-01
2.654793239247042660e-03 8.195035907773774442e-01
2.642925562849956708e-03 8.205178278946760884e-01
2.631110934691921390e-03 8.215320650119747325e-01
2.619349117663863878e-03 8.225463021292733767e-01
2.607639875722858949e-03 8.235605392465720209e-01
2.595982973871823179e-03 8.245747763638706651e-01
2.584378178163964073e-03 8.255890134811694203e-01
2.572825255707754822e-03 8.266032505984680645e-01
2.561323974645314441e-03 8.276174877157667087e-01
2.549874104156432328e-03 8.286317248330653529e-01
2.538475414447296467e-03 8.296459619503639971e-01
2.527127676762956979e-03 8.306601990676626412e-01
2.515830663362434143e-03 8.316744361849612854e-01
2.504584147521536457e-03 8.326886733022599296e-01
2.493387903536904704e-03 8.337029104195586848e-01
2.482241706704843998e-03 8.347171475368573290e-01
2.471145333331347012e-03 8.357313846541559732e-01
2.460098560721972732e-03 8.367456217714546174e-01
2.449101167172998503e-03 8.377598588887532616e-01
2.438152931982472821e-03 8.387740960060519058e-01
2.427253635421629252e-03 8.397883331233505499e-01
2.416403058752585389e-03 8.408025702406491941e-01
2.405600984209523702e-03 8.418168073579479493e-01
2.394847195006925399e-03 8.428310444752465935e-01
2.384141475321362776e-03 8.438452815925452377e-01
2.373483610295635659e-03 8.448595187098438819e-01
2.362873386035945975e-03 8.458737558271425261e-01
2.352310589602141667e-03 8.468879929444411703e-01
2.341795009004636260e-03 8.479022300617398145e-01
2.331326433203091773e-03 8.489164671790385697e-01
2.320904652099568723e-03 8.499307042963372139e-01
2.310529456534752678e-03 8.509449414136358580e-01
2.300200638287580417e-03 8.519591785309345022e-01
2.289917990063081252e-03 8.529734156482331464e-01
2.279681305493183683e-03 8.539876527655317906e-01
2.269490379137218891e-03 8.550018898828304348e-01
2.259345006465701081e-03 8.560161270001290790e-01
2.249244983867315813e-03 8.570303641174278342e-01
2.239190108641686203e-03 8.580446012347264784e-01
2.229180178991091790e-03 8.590588383520251226e-01
2.219214994022130402e-03 8.600730754693237667e-01
2.209294353737932277e-03 8.610873125866224109e-01
2.199418059036668208e-03 8.621015497039210551e-01
2.189585911706070850e-03 8.631157868212196993e-01
2.179797714418991658e-03 8.641300239385184545e-01
2.170053270732639778e-03 8.651442610558170987e-01
2.160352385076591206e-03 8.661584981731157429e-01
2.150694862760343939e-03 8.671727352904143871e-01
2.141080509961393059e-03 8.681869724077130313e-01
2.131509133724537701e-03 8.692012095250116754e-01
2.121980541952569500e-03 8.702154466423103196e-01
2.112494543414947506e-03 8.712296837596089638e-01
2.103050947727841055e-03 8.722439208769077190e-01
2.093649565361845391e-03 8.732581579942063632e-01
2.084290207637644419e-03 8.742723951115050074e-01
2.074972686711735667e-03 8.752866322288036516e-01
2.065696815584466828e-03 8.763008693461022958e-01
2.056462408097075450e-03 8.773151064634009400e-01
2.047269278912527187e-03 8.783293435806995841e-01
2.038117243528441650e-03 8.793435806979983393e-01
2.029006118268164658e-03 8.803578178152969835e-01
2.019935720270634415e-03 8.813720549325956277e-01
2.010905867496815599e-03 8.823862920498942719e-01
2.001916378720752527e-03 8.834005291671929161e-01
1.992967073522655848e-03 8.844147662844915603e-01
1.984057772291474269e-03 8.854290034017902045e-01
1.975188296224160336e-03 8.864432405190888487e-01
1.966358467306163031e-03 8.874574776363876039e-01
1.957568108327178199e-03 8.884717147536862480e-01
1.948817042866195226e-03 8.894859518709848922e-01
1.940105095290567015e-03 8.905001889882835364e-01
1.931432090750608704e-03 8.915144261055821806e-01
1.922797855183004884e-03 8.925286632228808248e-01
1.914202215294148876e-03 8.935429003401794690e-01
1.905644998579031704e-03 8.945571374574782242e-01
1.897126033287967932e-03 8.955713745747768684e-01
1.888645148448998747e-03 8.965856116920755126e-01
1.880202173848416654e-03 8.975998488093741567e-01
1.871796940038695546e-03 8.986140859266728009e-01
1.863429278329353919e-03 8.996283230439714451e-01
1.855099020774113577e-03 9.006425601612700893e-01
1.846806000192287040e-03 9.016567972785687335e-01
1.838550050139887461e-03 9.026710343958674887e-01
1.830331004917528986e-03 9.036852715131661329e-01
1.822148699570851548e-03 9.046995086304647771e-01
1.814002969882466980e-03 9.057137457477634213e-01
1.805893652364149501e-03 9.067279828650620654e-01
1.797820584262254349e-03 9.077422199823607096e-01
1.789783603549411489e-03 9.087564570996593538e-01
1.781782548924414587e-03 9.097706942169581090e-01
1.773817259801199232e-03 9.107849313342567532e-01
1.765887576321262037e-03 9.117991684515553974e-01
1.757993339329507214e-03 9.128134055688540416e-01
1.750134390389362742e-03 9.138276426861526858e-01
1.742310571769713559e-03 9.148418798034513300e-01
1.734521726447794867e-03 9.158561169207499741e-01
1.726767698098397377e-03 9.168703540380486183e-01
1.719048331095852488e-03 9.178845911553473735e-01
1.711363470512211908e-03 9.188988282726460177e-01
1.703712962106571300e-03 9.199130653899446619e-01
1.696096652337946483e-03 9.209273025072433061e-01
1.688514388341451344e-03 9.219415396245419503e-01
1.680966017941194421e-03 9.229557767418405945e-01
1.673451389635447449e-03 9.239700138591392387e-01
1.665970352606875463e-03 9.249842509764379939e-01
1.658522756707216366e-03 9.259984880937366380e-01
1.651108452462624748e-03 9.270127252110352822e-01
1.643727291063677709e-03 9.280269623283339264e-01
1.636379124368440982e-03 9.290411994456325706e-01
1.629063804897171956e-03 9.300554365629312148e-01
1.621781185827790529e-03 9.310696736802298590e-01
1.614531120997508449e-03 9.320839107975285032e-01
1.607313464894502423e-03 9.330981479148272584e-01
1.600128072654476543e-03 9.341123850321259026e-01
1.592974800067272021e-03 9.351266221494245467e-01
1.585853503560860894e-03 9.361408592667231909e-01
1.578764040209235759e-03 9.371550963840218351e-01
1.571706267724342449e-03 9.381693335013204793e-01
1.564680044453478809e-03 9.391835706186191235e-01
1.557685229372390715e-03 9.401978077359178787e-01
1.550721682097844049e-03 9.412120448532165229e-01
1.543789262866176798e-03 9.422262819705151671e-01
1.536887832540002018e-03 9.432405190878138113e-01
1.530017252603015163e-03 9.442547562051124554e-01
1.523177385158538868e-03 9.452689933224110996e-01
1.516368092930064394e-03 9.462832304397097438e-01
1.509589239245391059e-03 9.472974675570083880e-01
1.502840688056147509e-03 9.483117046743071432e-01
1.496122303909599429e-03 9.493259417916057874e-01
1.489433951968117259e-03 9.503401789089044316e-01
1.482775497988992686e-03 9.513544160262030758e-01
1.476146808333327586e-03 9.523686531435017200e-01
1.469547749960016048e-03 9.533828902608003641e-01
1.462978190422308325e-03 9.543971273780990083e-01
1.456437997862719850e-03 9.554113644953977635e-01
1.449927041016166969e-03 9.564256016126964077e-01
1.443445189203001805e-03 9.574398387299950519e-01
1.436992312330673477e-03 9.584540758472936961e-01
1.430568280880391762e-03 9.594683129645923403e-01
1.424172965922344087e-03 9.604825500818909845e-01
1.417806239093782287e-03 9.614967871991896287e-01
1.411467972612297358e-03 9.625110243164882728e-01
1.405158039263353954e-03 9.635252614337870281e-01
1.398876312401815857e-03 9.645394985510856722e-01
1.392622665946873861e-03 9.655537356683843164e-01
1.386396974386236870e-03 9.665679727856829606e-01
1.380199112762917632e-03 9.675822099029816048e-01
1.374028956681564492e-03 9.685964470202802490e-01
1.367886382298539195e-03 9.696106841375788932e-01
1.361771266332128562e-03 9.706249212548776484e-01
1.355683486044668160e-03 9.716391583721762926e-01
1.349622919249008918e-03 9.726533954894749368e-01
1.343589444303756398e-03 9.736676326067735809e-01
1.337582940114851555e-03 9.746818697240722251e-01
1.331603286122871703e-03 9.756961068413708693e-01
1.325650362309747574e-03 9.767103439586695135e-01
1.319724049198288222e-03 9.777245810759681577e-01
1.313824227838987588e-03 9.787388181932669129e-01
1.307950779817268483e-03 9.797530553105655571e-01
1.302103587249414662e-03 9.807672924278642013e-01
1.296282532773756699e-03 9.817815295451628455e-01
1.290487499558661249e-03 9.827957666624614896e-01
1.284718371289548383e-03 9.838100037797601338e-01
1.278975032175478765e-03 9.848242408970587780e-01
1.273257366941059647e-03 9.858384780143575332e-01
1.267565260826789865e-03 9.868527151316561774e-01
1.261898599586103870e-03 9.878669522489548216e-01
1.256257269483048930e-03 9.888811893662534658e-01
1.250641157290781780e-03 9.898954264835521100e-01
1.245050150286923464e-03 9.909096636008507542e-01
1.239484136254188386e-03 9.919239007181493983e-01
1.233943003475751303e-03 9.929381378354480425e-01
1.228426640734885198e-03 9.939523749527467977e-01
1.222934937312594467e-03 9.949666120700454419e-01
1.217467782984327836e-03 9.959808491873440861e-01
1.212025068017039088e-03 9.969950863046427303e-01
1.206606683169636788e-03 9.980093234219413745e-01
1.201212519688003464e-03 9.990235605392400187e-01
1.195842469304204351e-03 1.000037797656538663e+00
