3.814877247156025497e-01 0.000000000000000000e+00
6.567508484117244583e-02 8.451975977489394358e-04
5.379940850301889732e-02 1.690395195497878872e-03
4.719125973587600525e-02 2.535592793246818199e-03
4.212858481745383743e-02 3.380790390995757743e-03
3.870675634753913130e-02 4.225987988744696854e-03
3.647220594373654784e-02 5.071185586493636398e-03
3.496680657507122980e-02 5.916383184242575942e-03
3.388567919097524445e-02 6.761580781991515486e-03
3.305429295880812218e-02 7.606778379740455030e-03
3.237897912248793864e-02 8.451975977489393707e-03
3.180958931192346545e-02 9.297173575238333251e-03
3.131757935104086815e-02 1.014237117298727280e-02
3.088495739806349644e-02 1.098756877073621234e-02
3.049926785344225441e-02 1.183276636848515188e-02
3.015139303035658039e-02 1.267796396623409143e-02
2.983448281375825073e-02 1.352316156398303097e-02
2.954331075022140207e-02 1.436835916173197052e-02
2.927382762543476527e-02 1.521355675948091006e-02
2.902284348126515229e-02 1.605875435722984787e-02
2.878780378246349747e-02 1.690395195497878741e-02
2.856663219128246015e-02 1.774914955272772696e-02
2.835761883206603176e-02 1.859434715047666650e-02
2.815933960615235945e-02 1.943954474822560605e-02
2.797059692005980300e-02 2.028474234597454559e-02
2.779037530159998715e-02 2.112993994372348514e-02
2.761780752091683860e-02 2.197513754147242468e-02
2.745214830495866856e-02 2.282033513922136422e-02
2.729275366660883009e-02 2.366553273697030377e-02
2.713906444427087103e-02 2.451073033471924331e-02
2.699059303065874313e-02 2.535592793246818286e-02
2.684691254764163398e-02 2.620112553021712240e-02
2.670764792690840175e-02 2.704632312796606194e-02
2.657246849867887437e-02 2.789152072571500149e-02
2.644108178935848999e-02 2.873671832346394103e-02
2.631322829862660709e-02 2.958191592121288058e-02
2.618867707769997888e-02 3.042711351896182012e-02
2.606722196848042586e-02 3.127231111671075620e-02
2.594867839219172981e-02 3.211750871445969574e-02
2.583288059789581176e-02 3.296270631220863528e-02
2.571967929808898629e-02 3.380790390995757483e-02
2.560893963165270654e-02 3.465310150770651437e-02
2.550053940478769557e-02 3.549829910545545392e-02
2.539436756885016591e-02 3.634349670320439346e-02
2.529032290068488481e-02 3.718869430095333301e-02
2.518831285649795679e-02 3.803389189870227255e-02
2.508825257482807242e-02 3.887908949645121209e-02
2.499006400785553153e-02 3.972428709420015164e-02
2.489367516339259512e-02 4.056948469194909118e-02
2.479901944249901513e-02 4.141468228969803073e-02
2.470603505979904538e-02 4.225987988744697027e-02
2.461466453549903538e-02 4.310507748519590981e-02
2.452485424957388110e-02 4.395027508294484936e-02
2.443655404997918668e-02 4.479547268069378890e-02
2.434971690783776024e-02 4.564067027844272845e-02
2.426429861353869566e-02 4.648586787619166799e-02
2.418025750851455352e-02 4.733106547394060754e-02
2.409755424811282562e-02 4.817626307168954708e-02
2.401615159170361613e-02 4.902146066943848662e-02
2.393601421652525457e-02 4.986665826718742617e-02
2.385710855240871092e-02 5.071185586493636571e-02
2.377940263472369531e-02 5.155705346268530526e-02
2.370286597335870965e-02 5.240225106043424480e-02
2.362746943578411876e-02 5.324744865818318434e-02
2.355318514248473313e-02 5.409264625593212389e-02
2.347998637330329930e-02 5.493784385368106343e-02
2.340784748339405641e-02 5.578304145143000298e-02
2.333674382764810984e-02 5.662823904917894252e-02
2.326665169262828042e-02 5.747343664692788207e-02
2.319754823512249625e-02 5.831863424467682161e-02
2.312941142658254262e-02 5.916383184242576115e-02
2.306222000276584791e-02 6.000902944017470070e-02
2.299595341800987625e-02 6.085422703792364024e-02
2.293059180360791649e-02 6.169942463567257979e-02
2.286611592986736996e-02 6.254462223342151239e-02
2.280250717143861988e-02 6.338981983117045194e-02
2.273974747552769127e-02 6.423501742891939148e-02
2.267781933276257975e-02 6.508021502666833102e-02
2.261670575037249067e-02 6.592541262441727057e-02
2.255639022746503894e-02 6.677061022216621011e-02
2.249685673220076093e-02 6.761580781991514966e-02
2.243808968064942011e-02 6.846100541766408920e-02
2.238007391718019323e-02 6.930620301541302875e-02
2.232279469623932658e-02 7.015140061316196829e-02
2.226623766535221205e-02 7.099659821091090783e-02
2.221038884929226256e-02 7.184179580865984738e-02
2.215523463524855102e-02 7.268699340640878692e-02
2.210076175893554984e-02 7.353219100415772647e-02
2.204695729155047024e-02 7.437738860190666601e-02
2.199380862751607740e-02 7.522258619965560555e-02
2.194130347291758931e-02 7.606778379740454510e-02
2.188942983460230932e-02 7.691298139515348464e-02
2.183817600986997717e-02 7.775817899290242419e-02
2.178753057671520277e-02 7.860337659065136373e-02
2.173748238456838303e-02 7.944857418840030328e-02
2.168802054550129227e-02 8.029377178614924282e-02
2.163913442588632705e-02 8.113896938389818236e-02
2.159081363841729162e-02 8.198416698164712191e-02
2.154304803453289605e-02 8.282936457939606145e-02
2.149582769717149275e-02 8.367456217714500100e-02
2.144914293384652185e-02 8.451975977489394054e-02
2.140298427002909620e-02 8.536495737264288008e-02
2.135734244279112806e-02 8.621015497039181963e-02
2.131220839474430237e-02 8.705535256814075917e-02
2.126757326818220356e-02 8.790055016588969872e-02
2.122342839950037627e-02 8.874574776363863826e-02
2.117976531378653118e-02 8.959094536138757781e-02
2.113657571965846943e-02 9.043614295913651735e-02
2.109385150425718142e-02 9.128134055688545689e-02
2.105158472845875678e-02 9.212653815463439644e-02
2.100976762222814959e-02 9.297173575238333598e-02
2.096839258015920429e-02 9.381693335013227553e-02
2.092745215715208565e-02 9.466213094788121507e-02
2.088693906425604166e-02 9.550732854563015461e-02
2.084684616464153872e-02 9.635252614337909416e-02
2.080716646970689684e-02 9.719772374112803370e-02
2.076789313531756179e-02 9.804292133887697325e-02
2.072901945816254393e-02 9.888811893662591279e-02
2.069053887222702462e-02 9.973331653437485234e-02
2.065244494538803072e-02 1.005785141321237919e-01
2.061473137609657127e-02 1.014237117298727314e-01
2.057739199017379755e-02 1.022689093276216710e-01
2.054042073770970950e-02 1.031141069253706105e-01
2.050381169004101417e-02 1.039593045231195501e-01
2.046755903683420211e-02 1.048045021208684896e-01
2.043165708324411536e-02 1.056496997186174291e-01
2.039610024716308201e-02 1.064948973163663687e-01
2.036088305654549721e-02 1.073400949141153082e-01
2.032600014681158751e-02 1.081852925118642478e-01
2.029144625832165344e-02 1.090304901096131873e-01
2.025721623393215640e-02 1.098756877073621269e-01
2.022330501661037672e-02 1.107208853051110664e-01
2.018970764711346816e-02 1.115660829028600060e-01
2.015641926174838866e-02 1.124112805006089455e-01
2.012343509017256588e-02 1.132564780983578850e-01
2.009075045327199729e-02 1.141016756961068246e-01
2.005836076108325969e-02 1.149468732938557641e-01
2.002626151078598302e-02 1.157920708916047037e-01
1.999444828473549707e-02 1.166372684893536432e-01
1.996291674854923717e-02 1.174824660871025828e-01
1.993166264926251111e-02 1.183276636848515223e-01
1.990068181351083848e-02 1.191728612826004619e-01
1.986997014576228487e-02 1.200180588803494014e-01
1.983952362661188865e-02 1.208632564780983409e-01
1.980933831110637949e-02 1.217084540758472805e-01
1.977941032711123120e-02 1.225536516735962200e-01
1.974973587373245187e-02 1.233988492713451596e-01
1.972031121976373924e-02 1.242440468690940991e-01
1.969113270218441139e-02 1.250892444668430248e-01
1.966219672468576263e-02 1.259344420645919782e-01
1.963349975624881574e-02 1.267796396623409039e-01
1.960503832973339855e-02 1.276248372600898573e-01
1.957680904053821572e-02 1.284700348578387830e-01
1.954880854524926673e-02 1.293152324555877364e-01
1.952103356036728743e-02 1.301604300533366620e-01
1.949348086103427219e-02 1.310056276510856155e-01
1.946614727980105694e-02 1.318508252488345411e-01
1.943902970543559539e-02 1.326960228465834946e-01
1.941212508173869103e-02 1.335412204443324202e-01
1.938543040641044213e-02 1.343864180420813736e-01
1.935894272992802825e-02 1.352316156398302993e-01
1.933265915445778194e-02 1.360768132375792527e-01
1.930657683279184481e-02 1.369220108353281784e-01
1.928069296731405036e-02 1.377672084330771318e-01
1.925500480897837652e-02 1.386124060308260575e-01
1.922950965632867770e-02 1.394576036285750109e-01
1.920420485453070564e-02 1.403028012263239366e-01
1.917908779442018680e-02 1.411479988240728900e-01
1.915415591158749209e-02 1.419931964218218157e-01
1.912940668548985049e-02 1.428383940195707691e-01
1.910483763854828321e-02 1.436835916173196948e-01
1.908044633530957962e-02 1.445287892150686482e-01
1.905623038159411087e-02 1.453739868128175738e-01
1.903218742368450317e-02 1.462191844105665273e-01
1.900831514752526069e-02 1.470643820083154529e-01
1.898461127793127368e-02 1.479095796060644064e-01
1.896107357783075043e-02 1.487547772038133320e-01
1.893769984751854374e-02 1.495999748015622854e-01
1.891448792392176614e-02 1.504451723993112111e-01
1.889143567988431707e-02 1.512903699970601645e-01
1.886854102347377063e-02 1.521355675948090902e-01
1.884580189729242322e-02 1.529807651925580436e-01
1.882321627782327506e-02 1.538259627903069693e-01
1.880078217476104097e-02 1.546711603880559227e-01
1.877849763037756081e-02 1.555163579858048484e-01
1.875636071890956352e-02 1.563615555835538018e-01
1.873436954593600198e-02 1.572067531813027275e-01
1.871252224778399698e-02 1.580519507790516809e-01
1.869081699094693808e-02 1.588971483768006066e-01
1.866925197151781193e-02 1.597423459745495600e-01
1.864782541461571311e-02 1.605875435722984856e-01
1.862653557385725994e-02 1.614327411700474391e-01
1.860538073080926502e-02 1.622779387677963647e-01
1.858435919446576115e-02 1.631231363655453181e-01
1.856346930074664545e-02 1.639683339632942438e-01
1.854270941197835865e-02 1.648135315610431972e-01
1.852207791642497894e-02 1.656587291587921229e-01
1.850157322779162616e-02 1.665039267565410763e-01
1.848119378475785238e-02 1.673491243542900020e-01
1.846093805052047981e-02 1.681943219520389554e-01
1.844080451234575771e-02 1.690395195497878811e-01
1.842079168111903503e-02 1.698847171475368345e-01
1.840089809092616824e-02 1.707299147452857602e-01
1.838112229861273844e-02 1.715751123430347136e-01
1.836146288339116431e-02 1.724203099407836393e-01
1.834191844642490618e-02 1.732655075385325927e-01
1.832248761042024401e-02 1.741107051362815183e-01
1.830316901926274178e-02 1.749559027340304718e-01
1.828396133761275508e-02 1.758011003317793974e-01
1.826486325055043727e-02 1.766462979295283509e-01
1.824587346319611267e-02 1.774914955272772765e-01
1.822699070036648550e-02 1.783366931250262299e-01
1.820821370620449853e-02 1.791818907227751556e-01
1.818954124385985249e-02 1.800270883205241090e-01
1.817097209513277717e-02 1.808722859182730347e-01
1.815250506015832210e-02 1.817174835160219881e-01
1.813413895706953924e-02 1.825626811137709138e-01
1.811587262169668186e-02 1.834078787115198672e-01
1.809770490723879022e-02 1.842530763092687929e-01
1.807963468397939810e-02 1.850982739070177463e-01
1.806166083897312383e-02 1.859434715047666720e-01
1.804378227575721347e-02 1.867886691025156254e-01
1.802599791407009933e-02 1.876338667002645511e-01
1.800830668957115882e-02 1.884790642980135045e-01
1.799070755355283366e-02 1.893242618957624301e-01
1.797319947268968821e-02 1.901694594935113836e-01
1.795578142875789429e-02 1.910146570912603092e-01
1.793845241838548307e-02 1.918598546890092627e-01
1.792121145279794089e-02 1.927050522867581883e-01
1.790405755755600931e-02 1.935502498845071417e-01
1.788698977233542028e-02 1.943954474822560674e-01
1.787000715066097006e-02 1.952406450800050208e-01
1.785310875969369979e-02 1.960858426777539465e-01
1.783629367998496723e-02 1.969310402755028999e-01
1.781956100525718817e-02 1.977762378732518256e-01
1.780290984218062256e-02 1.986214354710007790e-01
1.778633931015494857e-02 1.994666330687497047e-01
1.776984854109910084e-02 2.003118306664986581e-01
1.775343667923841295e-02 2.011570282642475838e-01
1.773710288089915335e-02 2.020022258619965372e-01
1.772084631431695631e-02 2.028474234597454628e-01
1.770466615941476002e-02 2.036926210574944163e-01
1.768856160764546367e-02 2.045378186552433419e-01
1.767253186176058477e-02 2.053830162529922954e-01
1.765657613565999040e-02 2.062282138507412210e-01
1.764069365418495863e-02 2.070734114484901744e-01
1.762488365294785295e-02 2.079186090462391001e-01
1.760914537815321673e-02 2.087638066439880535e-01
1.759347808642944613e-02 2.096090042417369792e-01
1.757788104464974924e-02 2.104542018394859326e-01
1.756235352977356806e-02 2.112993994372348583e-01
1.754689482868201922e-02 2.121445970349838117e-01
1.753150423800917818e-02 2.129897946327327374e-01
1.751618106399444388e-02 2.138349922304816908e-01
1.750092462232281237e-02 2.146801898282306165e-01
1.748573423797421950e-02 2.155253874259795699e-01
1.747060924506797785e-02 2.163705850237284956e-01
1.745554898672984842e-02 2.172157826214774212e-01
1.744055281493447906e-02 2.180609802192263746e-01
1.742562009037366619e-02 2.189061778169753003e-01
1.741075018231380209e-02 2.197513754147242537e-01
1.739594246845134473e-02 2.205965730124731794e-01
1.738119633480070605e-02 2.214417706102221328e-01
1.736651117553918156e-02 2.222869682079710585e-01
1.735188639289291304e-02 2.231321658057200119e-01
1.733732139700492128e-02 2.239773634034689376e-01
1.732281560581541355e-02 2.248225610012178910e-01
1.730836844492545865e-02 2.256677585989668167e-01
1.729397934749582824e-02 2.265129561967157701e-01
1.727964775411926224e-02 2.273581537944646958e-01
1.726537311270463088e-02 2.282033513922136492e-01
1.725115487836482650e-02 2.290485489899625748e-01
1.723699251330534574e-02 2.298937465877115283e-01
1.722288548670977693e-02 2.307389441854604539e-01
1.720883327464416135e-02 2.315841417832094074e-01
1.719483535993308193e-02 2.324293393809583330e-01
1.718089123207328789e-02 2.332745369787072864e-01
1.716700038712049015e-02 2.341197345764562121e-01
1.715316232758945861e-02 2.349649321742051655e-01
1.713937656236181467e-02 2.358101297719540912e-01
1.712564260658040391e-02 2.366553273697030446e-01
1.711195998156407952e-02 2.375005249674519703e-01
1.709832821470357381e-02 2.383457225652009237e-01
1.708474683937183380e-02 2.391909201629498494e-01
1.707121539484248926e-02 2.400361177606988028e-01
1.705773342619172281e-02 2.408813153584477285e-01
1.704430048421028479e-02 2.417265129561966819e-01
1.703091612532557642e-02 2.425717105539456075e-01
1.701757991150279134e-02 2.434169081516945610e-01
1.700429141018335033e-02 2.442621057494434866e-01
1.699105019418190726e-02 2.451073033471924401e-01
1.697785584162043310e-02 2.459525009449413657e-01
1.696470793583984213e-02 2.467976985426903191e-01
1.695160606533193184e-02 2.476428961404392448e-01
1.693854982365500944e-02 2.484880937381881982e-01
1.692553880935776175e-02 2.493332913359371239e-01
1.691257262592106222e-02 2.501784889336860496e-01
1.689965088166438950e-02 2.510236865314350307e-01
1.688677318968723542e-02 2.518688841291839564e-01
1.687393916779481723e-02 2.527140817269328821e-01
1.686114843843640118e-02 2.535592793246818077e-01
1.684840062862363874e-02 2.544044769224307889e-01
1.683569536987872262e-02 2.552496745201797146e-01
1.682303229815513071e-02 2.560948721179286403e-01
1.681041105379095513e-02 2.569400697156775659e-01
1.679783128142571524e-02 2.577852673134265471e-01
1.678529262994775395e-02 2.586304649111754728e-01
1.677279475243814363e-02 2.594756625089243984e-01
1.676033730609853903e-02 2.603208601066733241e-01
1.674791995220295884e-02 2.611660577044223053e-01
1.673554235603218199e-02 2.620112553021712309e-01
1.672320418681515902e-02 2.628564528999201566e-01
1.671090511768420078e-02 2.637016504976690823e-01
1.669864482560553393e-02 2.645468480954180635e-01
1.668642299133223442e-02 2.653920456931669891e-01
1.667423929934544122e-02 2.662372432909159148e-01
1.666209343781268476e-02 2.670824408886648405e-01
1.664998509852033334e-02 2.679276384864138216e-01
1.663791397683560963e-02 2.687728360841627473e-01
1.662587977164219424e-02 2.696180336819116730e-01
1.661388218531497513e-02 2.704632312796605986e-01
1.660192092363856411e-02 2.713084288774095798e-01
1.658999569578491207e-02 2.721536264751585055e-01
1.657810621426016387e-02 2.729988240729074311e-01
1.656625219484731543e-02 2.738440216706563568e-01
1.655443335657985279e-02 2.746892192684053380e-01
1.654264942167144384e-02 2.755344168661542636e-01
1.653090011549911489e-02 2.763796144639031893e-01
1.651918516654045030e-02 2.772248120616521150e-01
1.650750430633823526e-02 2.780700096594010962e-01
1.649585726945979741e-02 2.789152072571500218e-01
1.648424379344090585e-02 2.797604048548989475e-01
1.647266361877224028e-02 2.806056024526478732e-01
1.646111648883344034e-02 2.814508000503968543e-01
1.644960214986755653e-02 2.822959976481457800e-01
1.643812035093546176e-02 2.831411952458947057e-01
1.642667084388374152e-02 2.839863928436436313e-01
1.641525338329690234e-02 2.848315904413926125e-01
1.640386772647151395e-02 2.856767880391415382e-01
1.639251363337653269e-02 2.865219856368904638e-01
1.638119086660859078e-02 2.873671832346393895e-01
1.636989919136792176e-02 2.882123808323883707e-01
1.635863837541953747e-02 2.890575784301372964e-01
1.634740818905545609e-02 2.899027760278862220e-01
1.633620840506247798e-02 2.907479736256351477e-01
1.632503879869297292e-02 2.915931712233841289e-01
1.631389914762571350e-02 2.924383688211330545e-01
1.630278923193721058e-02 2.932835664188819802e-01
1.629170883407345463e-02 2.941287640166309059e-01
1.628065773880993383e-02 2.949739616143798870e-01
1.626963573322326440e-02 2.958191592121288127e-01
1.625864260667431865e-02 2.966643568098777384e-01
1.624767815074860261e-02 2.975095544076266640e-01
1.623674215926032213e-02 2.983547520053756452e-01
1.622583442820028921e-02 2.991999496031245709e-01
1.621495475571768999e-02 3.000451472008734966e-01
1.620410294208372154e-02 3.008903447986224222e-01
1.619327878968465292e-02 3.017355423963714034e-01
1.618248210295625614e-02 3.025807399941203291e-01
1.617171268839879758e-02 3.034259375918692547e-01
1.616097035452024322e-02 3.042711351896181804e-01
1.615025491182614167e-02 3.051163327873671616e-01
1.613956617279248620e-02 3.059615303851160872e-01
1.612890395182577444e-02 3.068067279828650129e-01
1.611826806526535025e-02 3.076519255806139386e-01
1.610765833132174474e-02 3.084971231783629197e-01
1.609707457009582759e-02 3.093423207761118454e-01
1.608651660351447660e-02 3.101875183738607711e-01
1.607598425533612180e-02 3.110327159716096967e-01
1.606547735111001768e-02 3.118779135693586779e-01
1.605499571816274007e-02 3.127231111671076036e-01
1.604453918557431982e-02 3.135683087648565293e-01
1.603410758415113602e-02 3.144135063626054549e-01
1.602370074641026876e-02 3.152587039603544361e-01
1.601331850655131686e-02 3.161039015581033618e-01
1.600296070044283925e-02 3.169490991558522874e-01
1.599262716559660125e-02 3.177942967536012131e-01
1.598231774115035225e-02 3.186394943513501943e-01
1.597203226783606642e-02 3.194846919490991199e-01
1.596177058798107715e-02 3.203298895468480456e-01
1.595153254546965299e-02 3.211750871445969713e-01
1.594131798573052497e-02 3.220202847423459525e-01
1.593112675571921322e-02 3.228654823400948781e-01
1.592095870389467413e-02 3.237106799378438038e-01
1.591081368020987041e-02 3.245558775355927295e-01
1.590069153607601496e-02 3.254010751333416551e-01
1.589059212436994342e-02 3.262462727310906363e-01
1.588051529938562523e-02 3.270914703288395620e-01
1.587046091684587990e-02 3.279366679265884876e-01
1.586042883386296065e-02 3.287818655243374133e-01
1.585041890893860994e-02 3.296270631220863945e-01
1.584043100193038844e-02 3.304722607198353201e-01
1.583046497405229264e-02 3.313174583175842458e-01
1.582052068784430693e-02 3.321626559153331715e-01
1.581059800716291125e-02 3.330078535130821527e-01
1.580069679716747041e-02 3.338530511108310783e-01
1.579081692429396000e-02 3.346982487085800040e-01
1.578095825625802640e-02 3.355434463063289297e-01
1.577112066201700330e-02 3.363886439040779108e-01
1.576130401177206278e-02 3.372338415018268365e-01
1.575150817695253336e-02 3.380790390995757622e-01
1.574173303018238865e-02 3.389242366973246878e-01
1.573197844529579392e-02 3.397694342950736690e-01
1.572224429729629155e-02 3.406146318928225947e-01
1.571253046236108925e-02 3.414598294905715203e-01
1.570283681781591348e-02 3.423050270883204460e-01
1.569316324212194705e-02 3.431502246860694272e-01
1.568350961487231798e-02 3.439954222838183528e-01
1.567387581676835812e-02 3.448406198815672785e-01
1.566426172961636609e-02 3.456858174793162042e-01
1.565466723629859933e-02 3.465310150770651854e-01
1.564509222077615017e-02 3.473762126748141110e-01
1.563553656807723652e-02 3.482214102725630367e-01
1.562600016426693786e-02 3.490666078703119624e-01
1.561648289645402136e-02 3.499118054680609435e-01
1.560698465276992575e-02 3.507570030658098692e-01
1.559750532236213287e-02 3.516022006635587949e-01
1.558804479537124685e-02 3.524473982613077205e-01
1.557860296293597097e-02 3.532925958590567017e-01
1.556917971716730714e-02 3.541377934568056274e-01
1.555977495114318175e-02 3.549829910545545530e-01
1.555038855890098805e-02 3.558281886523034787e-01
1.554102043541432873e-02 3.566733862500524599e-01
1.553167047660349888e-02 3.575185838478013856e-01
1.552233857930386020e-02 3.583637814455503112e-01
1.551302464126494592e-02 3.592089790432992369e-01
1.550372856113607298e-02 3.600541766410482181e-01
1.549445023846526479e-02 3.608993742387971437e-01
1.548518957367575784e-02 3.617445718365460694e-01
1.547594646807138978e-02 3.625897694342949951e-01
1.546672082380573347e-02 3.634349670320439762e-01
1.545751254390104711e-02 3.642801646297929019e-01
1.544832153220852301e-02 3.651253622275418276e-01
1.543914769342348906e-02 3.659705598252907532e-01
1.542999093305613689e-02 3.668157574230397344e-01
1.542085115744363903e-02 3.676609550207886601e-01
1.541172827371650560e-02 3.685061526185375858e-01
1.540262218981628198e-02 3.693513502162865114e-01
1.539353281445953077e-02 3.701965478140354926e-01
1.538446005715335754e-02 3.710417454117844183e-01
1.537540382816677750e-02 3.718869430095333439e-01
1.536636403854235895e-02 3.727321406072822696e-01
1.535734060006517174e-02 3.735773382050312508e-01
1.534833342527558951e-02 3.744225358027801764e-01
1.533934242744874540e-02 3.752677334005291021e-01
1.533036752058673097e-02 3.761129309982780278e-01
1.532140861942053733e-02 3.769581285960270089e-01
1.531246563938736330e-02 3.778033261937759346e-01
1.530353849663435885e-02 3.786485237915248603e-01
1.529462710801198118e-02 3.794937213892737859e-01
1.528573139105444435e-02 3.803389189870227671e-01
1.527685126398175414e-02 3.811841165847716928e-01
1.526798664568896659e-02 3.820293141825206185e-01
1.525913745575107998e-02 3.828745117802695441e-01
1.525030361439059026e-02 3.837197093780185253e-01
1.524148504249036272e-02 3.845649069757674510e-01
1.523268166158634612e-02 3.854101045735163766e-01
1.522389339384716891e-02 3.862553021712653023e-01
1.521512016207971288e-02 3.871004997690142835e-01
1.520636188971937613e-02 3.879456973667632091e-01
1.519761850082065706e-02 3.887908949645121348e-01
1.518888992005511772e-02 3.896360925622610605e-01
1.518017607270046899e-02 3.904812901600100417e-01
1.517147688463256656e-02 3.913264877577589673e-01
1.516279228232565029e-02 3.921716853555078930e-01
1.515412219284482595e-02 3.930168829532568187e-01
1.514546654383610268e-02 3.938620805510057998e-01
1.513682526352014626e-02 3.947072781487547255e-01
1.512819828069223403e-02 3.955524757465036512e-01
1.511958552470969198e-02 3.963976733442525768e-01
1.511098692549091640e-02 3.972428709420015580e-01
1.510240241350544951e-02 3.980880685397504837e-01
1.509383191977151789e-02 3.989332661374994093e-01
1.508527537585088556e-02 3.997784637352483350e-01
1.507673271383718969e-02 4.006236613329973162e-01
1.506820386635599786e-02 4.014688589307462419e-01
1.505968876656360068e-02 4.023140565284951675e-01
1.505118734813151206e-02 4.031592541262440932e-01
1.504269954524498597e-02 4.040044517239930744e-01
1.503422529260230178e-02 4.048496493217420000e-01
1.502576452540613748e-02 4.056948469194909257e-01
1.501731717935179435e-02 4.065400445172398514e-01
1.500888319063870859e-02 4.073852421149888325e-01
1.500046249595181867e-02 4.082304397127377582e-01
1.499205503245246672e-02 4.090756373104866839e-01
1.498366073779282964e-02 4.099208349082356095e-01
1.497527955009429063e-02 4.107660325059845907e-01
1.496691140794931783e-02 4.116112301037335164e-01
1.495855625041382815e-02 4.124564277014824420e-01
1.495021401700586880e-02 4.133016252992313677e-01
1.494188464770146788e-02 4.141468228969803489e-01
1.493356808292465622e-02 4.149920204947292746e-01
1.492526426354644740e-02 4.158372180924782002e-01
1.491697313087995448e-02 4.166824156902271259e-01
1.490869462668691081e-02 4.175276132879761071e-01
1.490042869314554125e-02 4.183728108857250327e-01
1.489217527287696463e-02 4.192180084834739584e-01
1.488393430892534855e-02 4.200632060812228841e-01
1.487570574474751661e-02 4.209084036789718652e-01
1.486748952423033211e-02 4.217536012767207909e-01
1.485928559166585679e-02 4.225987988744697166e-01
1.485109389176019618e-02 4.234439964722186422e-01
1.484291436961816639e-02 4.242891940699676234e-01
1.483474697074850177e-02 4.251343916677165491e-01
1.482659164106500845e-02 4.259795892654654748e-01
1.481844832685955994e-02 4.268247868632144004e-01
1.481031697482940515e-02 4.276699844609633816e-01
1.480219753204773878e-02 4.285151820587123073e-01
1.479408994597753574e-02 4.293603796564612329e-01
1.478599416445066511e-02 4.302055772542101586e-01
1.477791013568441683e-02 4.310507748519591398e-01
1.476983780826154023e-02 4.318959724497080654e-01
1.476177713113445596e-02 4.327411700474569911e-01
1.475372805361945504e-02 4.335863676452059168e-01
1.474569052539686544e-02 4.344315652429548424e-01
1.473766449650075125e-02 4.352767628407038236e-01
1.472964991732177327e-02 4.361219604384527493e-01
1.472164673859955447e-02 4.369671580362016750e-01
1.471365491142481718e-02 4.378123556339506006e-01
1.470567438722683931e-02 4.386575532316995818e-01
1.469770511778476126e-02 4.395027508294485075e-01
1.468974705520953439e-02 4.403479484271974331e-01
1.468180015194932644e-02 4.411931460249463588e-01
1.467386436077986432e-02 4.420383436226953400e-01
1.466593963481304524e-02 4.428835412204442656e-01
1.465802592748141273e-02 4.437287388181931913e-01
1.465012319253953740e-02 4.445739364159421170e-01
1.464223138406815089e-02 4.454191340136910982e-01
1.463435045645337072e-02 4.462643316114400238e-01
1.462648036440994739e-02 4.471095292091889495e-01
1.461862106294883196e-02 4.479547268069378751e-01
1.461077250740173451e-02 4.487999244046868563e-01
1.460293465339504437e-02 4.496451220024357820e-01
1.459510745686635504e-02 4.504903196001847077e-01
1.458729087404803983e-02 4.513355171979336333e-01
1.457948486147265209e-02 4.521807147956826145e-01
1.457168937596352992e-02 4.530259123934315402e-01
1.456390437464213754e-02 4.538711099911804658e-01
1.455612981491001198e-02 4.547163075889293915e-01
1.454836565446408422e-02 4.555615051866783727e-01
1.454061185127883751e-02 4.564067027844272983e-01
1.453286836361505907e-02 4.572519003821762240e-01
1.452513515001091146e-02 4.580970979799251497e-01
1.451741216927999317e-02 4.589422955776741309e-01
1.450969938050915981e-02 4.597874931754230565e-01
1.450199674305810774e-02 4.606326907731719822e-01
1.449430421656112619e-02 4.614778883709209079e-01
1.448662176090759549e-02 4.623230859686698890e-01
1.447894933626265625e-02 4.631682835664188147e-01
1.447128690304609437e-02 4.640134811641677404e-01
1.446363442194227925e-02 4.648586787619166660e-01
1.445599185389024807e-02 4.657038763596656472e-01
1.444835916008578580e-02 4.665490739574145729e-01
1.444073630197644648e-02 4.673942715551634985e-01
1.443312324126362449e-02 4.682394691529124242e-01
1.442551993989312116e-02 4.690846667506614054e-01
1.441792636006092483e-02 4.699298643484103311e-01
1.441034246420555380e-02 4.707750619461592567e-01
1.440276821501041728e-02 4.716202595439081824e-01
1.439520357539576453e-02 4.724654571416571636e-01
1.438764850852188026e-02 4.733106547394060892e-01
1.438010297778488829e-02 4.741558523371550149e-01
1.437256694681346772e-02 4.750010499349039406e-01
1.436504037947058422e-02 4.758462475326529217e-01
1.435752323985103190e-02 4.766914451304018474e-01
1.435001549227088620e-02 4.775366427281507731e-01
1.434251710127945265e-02 4.783818403258996987e-01
1.433502803165117613e-02 4.792270379236486799e-01
1.432754824837288894e-02 4.800722355213976056e-01
1.432007771666290140e-02 4.809174331191465313e-01
1.431261640195153478e-02 4.817626307168954569e-01
1.430516426989293481e-02 4.826078283146444381e-01
1.429772128634489853e-02 4.834530259123933638e-01
1.429028741739163388e-02 4.842982235101422894e-01
1.428286262931756194e-02 4.851434211078912151e-01
1.427544688862369265e-02 4.859886187056401963e-01
1.426804016201577326e-02 4.868338163033891219e-01
1.426064241641188286e-02 4.876790139011380476e-01
1.425325361892071721e-02 4.885242114988869733e-01
1.424587373686883596e-02 4.893694090966359544e-01
1.423850273777312048e-02 4.902146066943848801e-01
1.423114058936018889e-02 4.910598042921338058e-01
1.422378725954753786e-02 4.919050018898827314e-01
1.421644271644617076e-02 4.927501994876317126e-01
1.420910692836897977e-02 4.935953970853806383e-01
1.420177986381542662e-02 4.944405946831295640e-01
1.419446149148237586e-02 4.952857922808784896e-01
1.418715178025259892e-02 4.961309898786274708e-01
1.417985069919781155e-02 4.969761874763763965e-01
1.417255821757596422e-02 4.978213850741253221e-01
1.416527430483532392e-02 4.986665826718742478e-01
1.415799893059470002e-02 4.995117802696232290e-01
1.415073206467638497e-02 5.003569778673720991e-01
1.414347367706423469e-02 5.012021754651211358e-01
1.413622373792746724e-02 5.020473730628700615e-01
1.412898221762032801e-02 5.028925706606189872e-01
1.412174908666165990e-02 5.037377682583679128e-01
1.411452431575606174e-02 5.045829658561168385e-01
1.410730787577431367e-02 5.054281634538657642e-01
1.410009973776294410e-02 5.062733610516146898e-01
1.409289987293906900e-02 5.071185586493636155e-01
1.408570825269117241e-02 5.079637562471126522e-01
1.407852484857259612e-02 5.088089538448615778e-01
1.407134963230207564e-02 5.096541514426105035e-01
1.406418257577475225e-02 5.104993490403594292e-01
1.405702365103503673e-02 5.113445466381083548e-01
1.404987283029887277e-02 5.121897442358572805e-01
1.404273008594567919e-02 5.130349418336062062e-01
1.403559539051066514e-02 5.138801394313551318e-01
1.402846871668868289e-02 5.147253370291041685e-01
1.402135003733933141e-02 5.155705346268530942e-01
1.401423932546890481e-02 5.164157322246020199e-01
1.400713655424262565e-02 5.172609298223509455e-01
1.400004169698557642e-02 5.181061274200998712e-01
1.399295472716768386e-02 5.189513250178487969e-01
1.398587561841818823e-02 5.197965226155977225e-01
1.397880434451182277e-02 5.206417202133466482e-01
1.397174087937607875e-02 5.214869178110956849e-01
1.396468519708442615e-02 5.223321154088446105e-01
1.395763727185899555e-02 5.231773130065935362e-01
1.395059707807150967e-02 5.240225106043424619e-01
1.394356459023485435e-02 5.248677082020913875e-01
1.393653978300120853e-02 5.257129057998403132e-01
1.392952263117925790e-02 5.265581033975892389e-01
1.392251310970587207e-02 5.274033009953381645e-01
1.391551119366644593e-02 5.282484985930872012e-01
1.390851685828005044e-02 5.290936961908361269e-01
1.390153007891272233e-02 5.299388937885850526e-01
1.389455083106167117e-02 5.307840913863339782e-01
1.388757909036268841e-02 5.316292889840829039e-01
1.388061483258699012e-02 5.324744865818318296e-01
1.387365803363917009e-02 5.333196841795807552e-01
1.386670866955985390e-02 5.341648817773296809e-01
1.385976671651927179e-02 5.350100793750787176e-01
1.385283215082342041e-02 5.358552769728276433e-01
1.384590494890497805e-02 5.367004745705765689e-01
1.383898508732611318e-02 5.375456721683254946e-01
1.383207254277752686e-02 5.383908697660744203e-01
1.382516729208285028e-02 5.392360673638233459e-01
1.381826931218652077e-02 5.400812649615722716e-01
1.381137858015987242e-02 5.409264625593211973e-01
1.380449507320305295e-02 5.417716601570701229e-01
1.379761876863433087e-02 5.426168577548191596e-01
1.379074964389865286e-02 5.434620553525680853e-01
1.378388767656565407e-02 5.443072529503170109e-01
1.377703284431745605e-02 5.451524505480659366e-01
1.377018512496351772e-02 5.459976481458148623e-01
1.376334449643717636e-02 5.468428457435637879e-01
1.375651093677783890e-02 5.476880433413127136e-01
1.374968442415099718e-02 5.485332409390616393e-01
1.374286493683827930e-02 5.493784385368106760e-01
1.373605245324255840e-02 5.502236361345596016e-01
1.372924695186723658e-02 5.510688337323085273e-01
1.372244841134131338e-02 5.519140313300574530e-01
1.371565681040591220e-02 5.527592289278063786e-01
1.370887212791612950e-02 5.536044265255553043e-01
1.370209434283724791e-02 5.544496241233042300e-01
1.369532343424321660e-02 5.552948217210531556e-01
1.368855938132115119e-02 5.561400193188021923e-01
1.368180216336932833e-02 5.569852169165511180e-01
1.367505175979250205e-02 5.578304145143000436e-01
1.366830815010198173e-02 5.586756121120489693e-01
1.366157131392127175e-02 5.595208097097978950e-01
1.365484123097625811e-02 5.603660073075468206e-01
1.364811788109823384e-02 5.612112049052957463e-01
1.364140124422768587e-02 5.620564025030446720e-01
1.363469130040812979e-02 5.629016001007937087e-01
1.362798802978147129e-02 5.637467976985426343e-01
1.362129141260026363e-02 5.645919952962915600e-01
1.361460142921417510e-02 5.654371928940404857e-01
1.360791806007504746e-02 5.662823904917894113e-01
1.360124128573588637e-02 5.671275880895383370e-01
1.359457108685017783e-02 5.679727856872872627e-01
1.358790744417361085e-02 5.688179832850361883e-01
1.358125033855269413e-02 5.696631808827852250e-01
1.357459975094073637e-02 5.705083784805341507e-01
1.356795566237982767e-02 5.713535760782830764e-01
1.356131805401664461e-02 5.721987736760320020e-01
1.355468690708724021e-02 5.730439712737809277e-01
1.354806220292751814e-02 5.738891688715298534e-01
1.354144392296969049e-02 5.747343664692787790e-01
1.353483204873154495e-02 5.755795640670277047e-01
1.352822656183107208e-02 5.764247616647767414e-01
1.352162744398012137e-02 5.772699592625256670e-01
1.351503467697546049e-02 5.781151568602745927e-01
1.350844824271410852e-02 5.789603544580235184e-01
1.350186812317367285e-02 5.798055520557724440e-01
1.349529430043534817e-02 5.806507496535213697e-01
1.348872675666077346e-02 5.814959472512702954e-01
1.348216547409498804e-02 5.823411448490192210e-01
1.347561043508917547e-02 5.831863424467682577e-01
1.346906162206600900e-02 5.840315400445171834e-01
1.346251901754359943e-02 5.848767376422661091e-01
1.345598260412179253e-02 5.857219352400150347e-01
1.344945236449263636e-02 5.865671328377639604e-01
1.344292828142753388e-02 5.874123304355128861e-01
1.343641033779102885e-02 5.882575280332618117e-01
1.342989851651856838e-02 5.891027256310107374e-01
1.342339280064290541e-02 5.899479232287597741e-01
1.341689317327375737e-02 5.907931208265086997e-01
1.341039961760343707e-02 5.916383184242576254e-01
1.340391211690749630e-02 5.924835160220065511e-01
1.339743065454588114e-02 5.933287136197554767e-01
1.339095521395200147e-02 5.941739112175044024e-01
1.338448577864881014e-02 5.950191088152533281e-01
1.337802233223148694e-02 5.958643064130022537e-01
1.337156485838142568e-02 5.967095040107512904e-01
1.336511334085327407e-02 5.975547016085002161e-01
1.335866776348498298e-02 5.983998992062491418e-01
1.335222811018992213e-02 5.992450968039980674e-01
1.334579436495719230e-02 6.000902944017469931e-01
1.333936651185767090e-02 6.009354919994959188e-01
1.333294453503079333e-02 6.017806895972448444e-01
1.332652841870449016e-02 6.026258871949937701e-01
1.332011814716841346e-02 6.034710847927428068e-01
1.331371370479867908e-02 6.043162823904917325e-01
1.330731507603640125e-02 6.051614799882406581e-01
1.330092224540036644e-02 6.060066775859895838e-01
1.329453519748682866e-02 6.068518751837385095e-01
1.328815391696083585e-02 6.076970727814874351e-01
1.328177838856271428e-02 6.085422703792363608e-01
1.327540859710111057e-02 6.093874679769852865e-01
1.326904452745653225e-02 6.102326655747343231e-01
1.326268616458524917e-02 6.110778631724832488e-01
1.325633349351160520e-02 6.119230607702321745e-01
1.324998649933002530e-02 6.127682583679811001e-01
1.324364516720639116e-02 6.136134559657300258e-01
1.323730948237325858e-02 6.144586535634789515e-01
1.323097943013320371e-02 6.153038511612278771e-01
1.322465499585520447e-02 6.161490487589768028e-01
1.321833616498838126e-02 6.169942463567258395e-01
1.321202292303068869e-02 6.178394439544747652e-01
1.320571525556348165e-02 6.186846415522236908e-01
1.319941314822220720e-02 6.195298391499726165e-01
1.319311658672020666e-02 6.203750367477215422e-01
1.318682555682947066e-02 6.212202343454704678e-01
1.318054004439014881e-02 6.220654319432193935e-01
1.317426003530446262e-02 6.229106295409683192e-01
1.316798551554652051e-02 6.237558271387173559e-01
1.316171647114825101e-02 6.246010247364662815e-01
1.315545288820713435e-02 6.254462223342152072e-01
1.314919475288645924e-02 6.262914199319641329e-01
1.314294205140797804e-02 6.271366175297130585e-01
1.313669477006154836e-02 6.279818151274619842e-01
1.313045289520134093e-02 6.288270127252109098e-01
1.312421641323467322e-02 6.296722103229598355e-01
1.311798531063668172e-02 6.305174079207088722e-01
1.311175957394257810e-02 6.313626055184577979e-01
1.310553918974591107e-02 6.322078031162067235e-01
1.309932414470877868e-02 6.330530007139556492e-01
1.309311442554425206e-02 6.338981983117045749e-01
1.308691001903172085e-02 6.347433959094535005e-01
1.308071091200442050e-02 6.355885935072024262e-01
1.307451709135871651e-02 6.364337911049513519e-01
1.306832854404658614e-02 6.372789887027003886e-01
1.306214525708583249e-02 6.381241863004493142e-01
1.305596721754375376e-02 6.389693838981982399e-01
1.304979441254514386e-02 6.398145814959471656e-01
1.304362682928084105e-02 6.406597790936960912e-01
1.303746445499330553e-02 6.415049766914450169e-01
1.303130727697752317e-02 6.423501742891939426e-01
1.302515528258782473e-02 6.431953718869428682e-01
1.301900845924182197e-02 6.440405694846919049e-01
1.301286679440229535e-02 6.448857670824408306e-01
1.300673027559064859e-02 6.457309646801897562e-01
1.300059889038866594e-02 6.465761622779386819e-01
1.299447262642150144e-02 6.474213598756876076e-01
1.298835147138060336e-02 6.482665574734365332e-01
1.298223541300433034e-02 6.491117550711854589e-01
1.297612443908901375e-02 6.499569526689343846e-01
1.297001853747748942e-02 6.508021502666833102e-01
1.296391769607291647e-02 6.516473478644323469e-01
1.295782190282976712e-02 6.524925454621812726e-01
1.295173114575077535e-02 6.533377430599301983e-01
1.294564541289197623e-02 6.541829406576791239e-01
1.293956469236836812e-02 6.550281382554280496e-01
1.293348897233845968e-02 6.558733358531769753e-01
1.292741824101027032e-02 6.567185334509259009e-01
1.292135248665279672e-02 6.575637310486748266e-01
1.291529169757581544e-02 6.584089286464238633e-01
1.290923586214825190e-02 6.592541262441727890e-01
1.290318496877937773e-02 6.600993238419217146e-01
1.289713900593332865e-02 6.609445214396706403e-01
1.289109796212478502e-02 6.617897190374195660e-01
1.288506182591724579e-02 6.626349166351684916e-01
1.287903058591695175e-02 6.634801142329174173e-01
1.287300423079239600e-02 6.643253118306663429e-01
1.286698274924395757e-02 6.651705094284153796e-01
1.286096613003130315e-02 6.660157070261643053e-01
1.285495436195965326e-02 6.668609046239132310e-01
1.284894743387640301e-02 6.677061022216621566e-01
1.284294533468342304e-02 6.685512998194110823e-01
1.283694805332743008e-02 6.693964974171600080e-01
1.283095557880053160e-02 6.702416950149089336e-01
1.282496790013697152e-02 6.710868926126578593e-01
1.281898500642714503e-02 6.719320902104068960e-01
1.281300688679999460e-02 6.727772878081558217e-01
1.280703353043206004e-02 6.736224854059047473e-01
1.280106492654510021e-02 6.744676830036536730e-01
1.279510106440681291e-02 6.753128806014025987e-01
1.278914193332817036e-02 6.761580781991515243e-01
1.278318752266469072e-02 6.770032757969004500e-01
1.277723782181949819e-02 6.778484733946493757e-01
1.277129282023905556e-02 6.786936709923984123e-01
1.276535250740687584e-02 6.795388685901473380e-01
1.275941687285815467e-02 6.803840661878962637e-01
1.275348590616878948e-02 6.812292637856451893e-01
1.274755959696000085e-02 6.820744613833941150e-01
1.274163793489106397e-02 6.829196589811430407e-01
1.273572090966707156e-02 6.837648565788919663e-01
1.272980851103566215e-02 6.846100541766408920e-01
1.272390072878309270e-02 6.854552517743899287e-01
1.271799755274201187e-02 6.863004493721388544e-01
1.271209897278751180e-02 6.871456469698877800e-01
1.270620497883308969e-02 6.879908445676367057e-01
1.270031556083055756e-02 6.888360421653856314e-01
1.269443070878089642e-02 6.896812397631345570e-01
1.268855041271921974e-02 6.905264373608834827e-01
1.268267466272261779e-02 6.913716349586324084e-01
1.267680344891344152e-02 6.922168325563814451e-01
1.267093676144533804e-02 6.930620301541303707e-01
1.266507459051926902e-02 6.939072277518792964e-01
1.265921692637332098e-02 6.947524253496282221e-01
1.265336375928056978e-02 6.955976229473771477e-01
1.264751507956663260e-02 6.964428205451260734e-01
1.264167087758049160e-02 6.972880181428749991e-01
1.263583114371765424e-02 6.981332157406239247e-01
1.262999586841166005e-02 6.989784133383729614e-01
1.262416504213442238e-02 6.998236109361218871e-01
1.261833865540112724e-02 7.006688085338708127e-01
1.261251669874907839e-02 7.015140061316197384e-01
1.260669916277278903e-02 7.023592037293686641e-01
1.260088603809131347e-02 7.032044013271175897e-01
1.259507731536830578e-02 7.040495989248665154e-01
1.258927298529638646e-02 7.048947965226154411e-01
1.258347303861642903e-02 7.057399941203644778e-01
1.257767746609678508e-02 7.065851917181134034e-01
1.257188625854650625e-02 7.074303893158623291e-01
1.256609940681138217e-02 7.082755869136112548e-01
1.256031690176854371e-02 7.091207845113601804e-01
1.255453873433902585e-02 7.099659821091091061e-01
1.254876489547394718e-02 7.108111797068580318e-01
1.254299537616252597e-02 7.116563773046069574e-01
1.253723016742555249e-02 7.125015749023559941e-01
1.253146926032611651e-02 7.133467725001049198e-01
1.252571264595606776e-02 7.141919700978538454e-01
1.251996031544296527e-02 7.150371676956027711e-01
1.251421225995313045e-02 7.158823652933516968e-01
1.250846847068332740e-02 7.167275628911006224e-01
1.250272893886818400e-02 7.175727604888495481e-01
1.249699365577082791e-02 7.184179580865984738e-01
1.249126261269598373e-02 7.192631556843475105e-01
1.248553580097423212e-02 7.201083532820964361e-01
1.247981321197361160e-02 7.209535508798453618e-01
1.247409483709992217e-02 7.217987484775942875e-01
1.246838066778284751e-02 7.226439460753432131e-01
1.246267069549647673e-02 7.234891436730921388e-01
1.245696491173447704e-02 7.243343412708410645e-01
1.245126330803421853e-02 7.251795388685899901e-01
1.244556587596273682e-02 7.260247364663390268e-01
1.243987260711700016e-02 7.268699340640879525e-01
1.243418349312773626e-02 7.277151316618368782e-01
1.242849852565860135e-02 7.285603292595858038e-01
1.242281769640201164e-02 7.294055268573347295e-01
1.241714099708800603e-02 7.302507244550836552e-01
1.241146841947279172e-02 7.310959220528325808e-01
1.240579995534618965e-02 7.319411196505815065e-01
1.240013559652874964e-02 7.327863172483305432e-01
1.239447533487117448e-02 7.336315148460794688e-01
1.238881916225688211e-02 7.344767124438283945e-01
1.238316707060156500e-02 7.353219100415773202e-01
1.237751905184633801e-02 7.361671076393262458e-01
1.237187509796701564e-02 7.370123052370751715e-01
1.236623520097007885e-02 7.378575028348240972e-01
1.236059935289031755e-02 7.387027004325730228e-01
1.235496754579375883e-02 7.395478980303220595e-01
1.234933977177170121e-02 7.403930956280709852e-01
1.234371602294911247e-02 7.412382932258199109e-01
1.233809629148551780e-02 7.420834908235688365e-01
1.233248056955903171e-02 7.429286884213177622e-01
1.232686884938581466e-02 7.437738860190666879e-01
1.232126112320685793e-02 7.446190836168156135e-01
1.231565738329331618e-02 7.454642812145645392e-01
1.231005762194320799e-02 7.463094788123135759e-01
1.230446183148707802e-02 7.471546764100625015e-01
1.229887000428503060e-02 7.479998740078114272e-01
1.229328213271518519e-02 7.488450716055603529e-01
1.228769820919349727e-02 7.496902692033092785e-01
1.228211822616523397e-02 7.505354668010582042e-01
1.227654217609717296e-02 7.513806643988071299e-01
1.227097005148807853e-02 7.522258619965560555e-01
1.226540184486202972e-02 7.530710595943050922e-01
1.225983754877254042e-02 7.539162571920540179e-01
1.225427715579874462e-02 7.547614547898029436e-01
1.224872065854890404e-02 7.556066523875518692e-01
1.224316804965798998e-02 7.564518499853007949e-01
1.223761932178491114e-02 7.572970475830497206e-01
1.223207446762102600e-02 7.581422451807986462e-01
1.222653347988018196e-02 7.589874427785475719e-01
1.222099635130422489e-02 7.598326403762964976e-01
1.221546307466395836e-02 7.606778379740455343e-01
1.220993364274682892e-02 7.615230355717944599e-01
1.220440804838032571e-02 7.623682331695433856e-01
1.219888628440915675e-02 7.632134307672923113e-01
1.219336834370488704e-02 7.640586283650412369e-01
1.218785421917082529e-02 7.649038259627901626e-01
1.218234390372642528e-02 7.657490235605390883e-01
1.217683739032156959e-02 7.665942211582880139e-01
1.217133467193576291e-02 7.674394187560370506e-01
1.216583574156565942e-02 7.682846163537859763e-01
1.216034059223651195e-02 7.691298139515349019e-01
1.215484921700376621e-02 7.699750115492838276e-01
1.214936160893946224e-02 7.708202091470327533e-01
1.214387776114581735e-02 7.716654067447816789e-01
1.213839766674960907e-02 7.725106043425306046e-01
1.213292131889914804e-02 7.733558019402795303e-01
1.212744871077194378e-02 7.742009995380285670e-01
1.212197983555987971e-02 7.750461971357774926e-01
1.211651468649431983e-02 7.758913947335264183e-01
1.211105325682150513e-02 7.767365923312753440e-01
1.210559553980718184e-02 7.775817899290242696e-01
1.210014152875037857e-02 7.784269875267731953e-01
1.209469121697203005e-02 7.792721851245221210e-01
1.208924459781057607e-02 7.801173827222710466e-01
1.208380166463724967e-02 7.809625803200200833e-01
1.207836241083524303e-02 7.818077779177690090e-01
1.207292682982456962e-02 7.826529755155179346e-01
1.206749491503558182e-02 7.834981731132668603e-01
1.206206665993225097e-02 7.843433707110157860e-01
1.205664205799689657e-02 7.851885683087647116e-01
1.205122110273128093e-02 7.860337659065136373e-01
1.204580378766623855e-02 7.868789635042625630e-01
1.204039010635175010e-02 7.877241611020115997e-01
1.203498005236068244e-02 7.885693586997605253e-01
1.202957361929305607e-02 7.894145562975094510e-01
1.202417080076239632e-02 7.902597538952583767e-01
1.201877159040967875e-02 7.911049514930073023e-01
1.201337598189678064e-02 7.919501490907562280e-01
1.200798396891117857e-02 7.927953466885051537e-01
1.200259554515897137e-02 7.936405442862540793e-01
1.199721070436688027e-02 7.944857418840031160e-01
1.199182944028692743e-02 7.953309394817520417e-01
1.198645174668911198e-02 7.961761370795009674e-01
1.198107761736745200e-02 7.970213346772498930e-01
1.197570704613990476e-02 7.978665322749988187e-01
1.197034002683843197e-02 7.987117298727477444e-01
1.196497655331959023e-02 7.995569274704966700e-01
1.195961661946630568e-02 8.004021250682455957e-01
1.195426021917585409e-02 8.012473226659946324e-01
1.194890734637002808e-02 8.020925202637435580e-01
1.194355799498867006e-02 8.029377178614924837e-01
1.193821215899382691e-02 8.037829154592414094e-01
1.193286983236978641e-02 8.046281130569903350e-01
1.192753100911915325e-02 8.054733106547392607e-01
1.192219568326438606e-02 8.063185082524881864e-01
1.191686384885178203e-02 8.071637058502371120e-01
1.191153549994567601e-02 8.080089034479861487e-01
1.190621063062815947e-02 8.088541010457350744e-01
1.190088923500739158e-02 8.096992986434840001e-01
1.189557130720526705e-02 8.105444962412329257e-01
1.189025684136802048e-02 8.113896938389818514e-01
1.188494583165901515e-02 8.122348914367307771e-01
1.187963827226671577e-02 8.130800890344797027e-01
1.187433415738967275e-02 8.139252866322286284e-01
1.186903348125023863e-02 8.147704842299776651e-01
1.186373623809873143e-02 8.156156818277265907e-01
1.185844242219022578e-02 8.164608794254755164e-01
1.185315202780891711e-02 8.173060770232244421e-01
1.184786504925555879e-02 8.181512746209733677e-01
1.184258148085155608e-02 8.189964722187222934e-01
1.183730131693137844e-02 8.198416698164712191e-01
1.183202455185924581e-02 8.206868674142201447e-01
1.182675118000489807e-02 8.215320650119691814e-01
1.182148119576814475e-02 8.223772626097181071e-01
1.181621459356167921e-02 8.232224602074670328e-01
1.181095136781840950e-02 8.240676578052159584e-01
1.180569151299015219e-02 8.249128554029648841e-01
1.180043502354422708e-02 8.257580530007138098e-01
1.179518189397326354e-02 8.266032505984627354e-01
1.178993211877834603e-02 8.274484481962116611e-01
1.178468569248539329e-02 8.282936457939606978e-01
1.177944260963859936e-02 8.291388433917096235e-01
1.177420286480179538e-02 8.299840409894585491e-01
1.176896645254534024e-02 8.308292385872074748e-01
1.176373336747134520e-02 8.316744361849564005e-01
1.175850360419080677e-02 8.325196337827053261e-01
1.175327715733803270e-02 8.333648313804542518e-01
1.174805402156254598e-02 8.342100289782031775e-01
1.174283419152812730e-02 8.350552265759522141e-01
1.173761766192453135e-02 8.359004241737011398e-01
1.173240442745173556e-02 8.367456217714500655e-01
1.172719448282774461e-02 8.375908193691989911e-01
1.172198782278946645e-02 8.384360169669479168e-01
1.171678444209070177e-02 8.392812145646968425e-01
1.171158433550150389e-02 8.401264121624457681e-01
1.170638749781176616e-02 8.409716097601946938e-01
1.170119392382436459e-02 8.418168073579437305e-01
1.169600360836349842e-02 8.426620049556926562e-01
1.169081654626378045e-02 8.435072025534415818e-01
1.168563273238395865e-02 8.443524001511905075e-01
