2.112604102403766948e+00 0.000000000000000000e+00
1.322710279317574900e-01 9.128134055688547077e-03
1.028854328306075955e-01 1.825626811137709415e-02
8.569902171335383456e-02 2.738440216706564123e-02
7.160948424454943728e-02 3.651253622275418831e-02
6.138935116059701658e-02 4.564067027844272845e-02
5.397326608734519249e-02 5.476880433413127552e-02
4.829000918881843490e-02 6.389693838981981566e-02
4.384687611567033433e-02 7.302507244550836274e-02
4.031143332386954992e-02 8.215320650119690982e-02
3.743145140420132272e-02 9.128134055688544302e-02
3.504275969467561536e-02 1.004094746125739901e-01
3.303667222569731110e-02 1.095376086682625510e-01
3.133585824829707156e-02 1.186657427239510981e-01
2.988223020041340036e-02 1.277938767796396591e-01
2.863056661941990738e-02 1.369220108353282062e-01
2.754502628100855000e-02 1.460501448910167810e-01
2.659697202826957763e-02 1.551782789467053281e-01
2.576339707359899880e-02 1.643064130023938751e-01
2.502571394849572792e-02 1.734345470580824222e-01
2.436881471383594774e-02 1.825626811137709971e-01
2.378034448685808003e-02 1.916908151694595441e-01
2.325014048112921533e-02 2.008189492251480912e-01
2.276979730567383481e-02 2.099470832808366660e-01
2.233232775347220728e-02 2.190752173365251854e-01
2.193189586323145840e-02 2.282033513922137324e-01
2.156360515680947124e-02 2.373314854479023073e-01
2.122332951261891171e-02 2.464596195035908544e-01
2.090757734193046669e-02 2.555877535592794292e-01
2.061338197581200765e-02 2.647158876149679485e-01
2.033821279268588703e-02 2.738440216706565233e-01
2.007990283775813734e-02 2.829721557263450982e-01
1.983658962074339588e-02 2.921002897820336175e-01
1.960666649563979486e-02 3.012284238377221923e-01
1.938874257668664683e-02 3.103565578934107672e-01
1.918160956940697173e-02 3.194846919490992865e-01
1.898421422582814364e-02 3.286128260047878613e-01
1.879563539136654485e-02 3.377409600604764361e-01
1.861506481413025341e-02 3.468690941161649555e-01
1.844179104795962490e-02 3.559972281718535303e-01
1.827518590790780731e-02 3.651253622275420496e-01
1.811469303839935083e-02 3.742534962832306245e-01
1.795981823560171067e-02 3.833816303389191993e-01
1.781012123073395098e-02 3.925097643946077186e-01
1.766520869375391364e-02 4.016378984502962934e-01
1.752472825935963777e-02 4.107660325059848683e-01
1.738836341181633841e-02 4.198941665616733876e-01
1.725582909325095934e-02 4.290223006173619624e-01
1.712686792303578717e-02 4.381504346730504817e-01
1.700124693468550371e-02 4.472785687287390011e-01
1.687875475217635868e-02 4.564067027844274649e-01
1.675919914032339073e-02 4.655348368401159842e-01
1.664240487435422397e-02 4.746629708958045035e-01
1.652821188255522780e-02 4.837911049514930228e-01
1.641647362311625391e-02 4.929192390071815422e-01
1.630705566224991548e-02 5.020473730628700615e-01
1.619983442576703944e-02 5.111755071185585253e-01
1.609469610043274754e-02 5.203036411742469891e-01
1.599153566501357662e-02 5.294317752299355639e-01
1.589025603377878029e-02 5.385599092856240278e-01
1.579076729782616720e-02 5.476880433413126026e-01
1.569298605164826110e-02 5.568161773970010664e-01
1.559683479411196234e-02 5.659443114526895302e-01
1.550224139458996828e-02 5.750724455083781050e-01
1.540913861619987515e-02 5.842005795640665688e-01
1.531746368925945324e-02 5.933287136197551437e-01
1.522715792892606439e-02 6.024568476754436075e-01
1.513816639184962717e-02 6.115849817311320713e-01
1.505043756728923106e-02 6.207131157868206461e-01
1.496392309875072511e-02 6.298412498425091099e-01
1.487857753275503327e-02 6.389693838981976848e-01
1.479435809162766603e-02 6.480975179538861486e-01
1.471122446779344478e-02 6.572256520095746124e-01
1.462913863716175551e-02 6.663537860652631872e-01
1.454806468960217168e-02 6.754819201209516510e-01
1.446796867473748756e-02 6.846100541766402259e-01
1.438881846143316191e-02 6.937381882323286897e-01
1.431058360959787043e-02 7.028663222880171535e-01
1.423323525304951744e-02 7.119944563437057283e-01
1.415674599236182649e-02 7.211225903993941921e-01
1.408108979666555273e-02 7.302507244550827670e-01
1.400624191360070291e-02 7.393788585107712308e-01
1.393217878657730842e-02 7.485069925664596946e-01
1.385887797869448865e-02 7.576351266221482694e-01
1.378631810267186286e-02 7.667632606778367332e-01
1.371447875625055914e-02 7.758913947335251970e-01
1.364334046256014850e-02 7.850195287892137719e-01
1.357288461500507151e-02 7.941476628449022357e-01
1.350309342626109139e-02 8.032757969005908105e-01
1.343394988103698874e-02 8.124039309562792743e-01
1.336543769225136298e-02 8.215320650119677381e-01
1.329754126034901618e-02 8.306601990676563130e-01
1.323024563547904424e-02 8.397883331233447768e-01
1.316353648230354778e-02 8.489164671790333516e-01
1.309740004720697480e-02 8.580446012347218154e-01
1.303182312771377152e-02 8.671727352904102792e-01
1.296679304394391351e-02 8.763008693460988541e-01
1.290229761192507839e-02 8.854290034017873179e-01
1.283832511863764077e-02 8.945571374574758927e-01
1.277486429862995966e-02 9.036852715131643565e-01
1.271190431209934073e-02 9.128134055688528203e-01
1.264943472433154026e-02 9.219415396245413952e-01
1.258744548637850090e-02 9.310696736802298590e-01
1.252592691688874695e-02 9.401978077359184338e-01
1.246486968502829792e-02 9.493259417916068976e-01
1.240426479436024937e-02 9.584540758472953614e-01
1.234410356767024972e-02 9.675822099029839363e-01
1.228437763265276088e-02 9.767103439586724001e-01
1.222507890835961356e-02 9.858384780143609749e-01
1.216619959242002010e-02 9.949666120700494387e-01
1.210773214895067770e-02 1.004094746125737903e+00
1.204966929708375066e-02 1.013222880181426477e+00
1.199200400011961321e-02 1.022351014237115052e+00
1.193472945523545679e-02 1.031479148292803405e+00
1.187783908371665455e-02 1.040607282348491980e+00
1.182132652168198586e-02 1.049735416404180555e+00
1.176518561126690607e-02 1.058863550459868907e+00
1.170941039224813671e-02 1.067991684515557482e+00
1.165399509406647369e-02 1.077119818571246057e+00
1.159893412823202914e-02 1.086247952626934410e+00
1.154422208109377040e-02 1.095376086682622985e+00
1.148985370694322050e-02 1.104504220738311560e+00
1.143582392143726624e-02 1.113632354794000134e+00
1.138212779532840266e-02 1.122760488849688487e+00
1.132876054846370002e-02 1.131888622905377062e+00
1.127571754407260055e-02 1.141016756961065637e+00
1.122299428328476546e-02 1.150144891016753990e+00
1.117058639991544595e-02 1.159273025072442564e+00
1.111848965545040278e-02 1.168401159128131139e+00
1.106669993426346102e-02 1.177529293183819492e+00
1.101521323903852795e-02 1.186657427239508067e+00
1.096402568637416634e-02 1.195785561295196642e+00
1.091313350258359821e-02 1.204913695350884995e+00
1.086253301966478603e-02 1.214041829406573569e+00
1.081222067143547752e-02 1.223169963462262144e+00
1.076219298983221474e-02 1.232298097517950719e+00
1.071244660135636621e-02 1.241426231573639072e+00
1.066297822366019631e-02 1.250554365629327647e+00
1.061378466227949624e-02 1.259682499685016221e+00
1.056486280749047331e-02 1.268810633740704574e+00
1.051620963128850963e-02 1.277938767796393149e+00
1.046782218449663487e-02 1.287066901852081724e+00
1.041969759397553229e-02 1.296195035907770077e+00
1.037183305995217908e-02 1.305323169963458652e+00
1.032422585344194496e-02 1.314451304019147226e+00
1.027687331378527441e-02 1.323579438074835801e+00
1.022977284626413672e-02 1.332707572130524154e+00
1.018292191981471501e-02 1.341835706186212729e+00
1.013631806483467762e-02 1.350963840241901304e+00
1.008995887106400521e-02 1.360091974297589656e+00
1.004384198554831610e-02 1.369220108353278231e+00
9.997965110687137558e-03 1.378348242408966806e+00
9.952326002337929384e-03 1.387476376464655159e+00
9.906922468015029806e-03 1.396604510520343734e+00
9.861752365131112516e-03 1.405732644576032309e+00
9.816813599323645154e-03 1.414860778631720661e+00
9.772104122831247117e-03 1.423988912687409236e+00
9.727621932939280180e-03 1.433117046743097811e+00
9.683365070472186448e-03 1.442245180798786386e+00
9.639331618351747524e-03 1.451373314854474739e+00
9.595519700199593022e-03 1.460501448910163313e+00
9.551927479002169513e-03 1.469629582965851888e+00
9.508553155806715937e-03 1.478757717021540241e+00
9.465394968487417238e-03 1.487885851077228816e+00
9.422451190530797827e-03 1.497013985132917391e+00
9.379720129892545749e-03 1.506142119188605744e+00
9.337200127871916541e-03 1.515270253244294318e+00
9.294889558043414185e-03 1.524398387299982893e+00
9.252786825215424463e-03 1.533526521355671468e+00
9.210890364432797531e-03 1.542654655411359821e+00
9.169198640020687421e-03 1.551782789467048396e+00
9.127710144642949344e-03 1.560910923522736971e+00
9.086423398420263517e-03 1.570039057578425323e+00
9.045336948058918872e-03 1.579167191634113898e+00
9.004449366019769488e-03 1.588295325689802473e+00
8.963759249720815170e-03 1.597423459745490826e+00
8.923265220754659013e-03 1.606551593801179401e+00
8.882965924152400050e-03 1.615679727856867975e+00
8.842860027651357896e-03 1.624807861912556550e+00
8.802946221014552874e-03 1.633935995968244903e+00
8.763223215344735639e-03 1.643064130023933478e+00
8.723689742458507618e-03 1.652192264079622053e+00
8.684344554239654262e-03 1.661320398135310406e+00
8.645186422059816800e-03 1.670448532190998980e+00
8.606214136178578014e-03 1.679576666246687555e+00
8.567426505202252809e-03 1.688704800302375908e+00
8.528822355527760149e-03 1.697832934358064483e+00
8.490400530831014939e-03 1.706961068413753058e+00
8.452159891561372360e-03 1.716089202469441410e+00
8.414099314450314282e-03 1.725217336525129985e+00
8.376217692055777306e-03 1.734345470580818782e+00
8.338513932297942494e-03 1.743473604636507357e+00
8.300986958028368223e-03 1.752601738692196154e+00
8.263635706605560599e-03 1.761729872747884729e+00
8.226459129493275679e-03 1.770858006803573526e+00
8.189456191863222698e-03 1.779986140859262322e+00
8.152625872212698049e-03 1.789114274914950897e+00
8.115967162013586547e-03 1.798242408970639694e+00
8.079479065341860916e-03 1.807370543026328269e+00
8.043160598540252670e-03 1.816498677082017066e+00
8.007010789899252079e-03 1.825626811137705641e+00
7.971028679326370991e-03 1.834754945193394438e+00
7.935213318045588118e-03 1.843883079249083012e+00
7.899563768296178484e-03 1.853011213304771809e+00
7.864079103051030764e-03 1.862139347360460606e+00
7.828758405736086987e-03 1.871267481416149181e+00
7.793600769965053875e-03 1.880395615471837978e+00
7.758605299275800338e-03 1.889523749527526553e+00
7.723771106891282219e-03 1.898651883583215350e+00
7.689097315461657436e-03 1.907780017638903924e+00
7.654583056851464902e-03 1.916908151694592721e+00
7.620227471896125725e-03 1.926036285750281518e+00
7.586029710194518855e-03 1.935164419805970093e+00
7.551988929897231195e-03 1.944292553861658890e+00
7.518104297497522556e-03 1.953420687917347465e+00
7.484374987642089007e-03 1.962548821973036262e+00
7.450800182936521444e-03 1.971676956028724836e+00
7.417379073762269716e-03 1.980805090084413633e+00
7.384110858101033958e-03 1.989933224140102208e+00
7.350994741357409074e-03 1.999061358195791005e+00
7.318029936199520018e-03 2.008189492251479802e+00
7.285215662392417225e-03 2.017317626307168599e+00
7.252551146648017824e-03 2.026445760362856952e+00
7.220035622468452298e-03 2.035573894418545748e+00
7.187668330008487906e-03 2.044702028474234545e+00
7.155448515923577314e-03 2.053830162529923342e+00
7.123375433247369770e-03 2.062958296585611695e+00
7.091448341247785433e-03 2.072086430641300492e+00
7.059666505304497061e-03 2.081214564696989289e+00
7.028029196787526252e-03 2.090342698752678086e+00
6.996535692935760761e-03 2.099470832808366882e+00
6.965185276732779526e-03 2.108598966864055235e+00
6.933977236814379760e-03 2.117727100919744032e+00
6.902910867338552491e-03 2.126855234975432829e+00
6.871985467897627486e-03 2.135983369031121626e+00
6.841200343402812668e-03 2.145111503086810423e+00
6.810554803994890542e-03 2.154239637142498776e+00
6.780048164942590293e-03 2.163367771198187572e+00
6.749679746556203758e-03 2.172495905253876369e+00
6.719448874091737620e-03 2.181624039309565166e+00
6.689354877666029049e-03 2.190752173365253519e+00
6.659397092173284689e-03 2.199880307420942316e+00
6.629574857204810663e-03 2.209008441476631113e+00
6.599887516963675455e-03 2.218136575532319910e+00
6.570334420194503915e-03 2.227264709588008706e+00
6.540914920107199736e-03 2.236392843643697059e+00
6.511628374299084122e-03 2.245520977699385856e+00
6.482474144693925466e-03 2.254649111755074653e+00
6.453451597464137865e-03 2.263777245810763450e+00
6.424560102974261229e-03 2.272905379866451803e+00
6.395799035708846225e-03 2.282033513922140600e+00
6.367167774213014844e-03 2.291161647977829396e+00
6.338665701034659414e-03 2.300289782033518193e+00
6.310292202658814541e-03 2.309417916089206990e+00
6.282046669461466629e-03 2.318546050144895343e+00
6.253928495640862298e-03 2.327674184200584140e+00
6.225937079172226898e-03 2.336802318256272937e+00
6.198071821755004630e-03 2.345930452311961734e+00
6.170332128758783743e-03 2.355058586367650086e+00
6.142717409174896018e-03 2.364186720423338883e+00
6.115227075570537664e-03 2.373314854479027680e+00
6.087860544038167440e-03 2.382442988534716477e+00
6.060617234149971895e-03 2.391571122590405274e+00
6.033496568920020640e-03 2.400699256646093627e+00
6.006497974751718975e-03 2.409827390701782424e+00
5.979620881403952155e-03 2.418955524757471220e+00
5.952864721945883703e-03 2.428083658813160017e+00
5.926228932715095661e-03 2.437211792868848814e+00
5.899712953284636657e-03 2.446339926924537167e+00
5.873316226422455391e-03 2.455468060980225964e+00
5.847038198051205359e-03 2.464596195035914761e+00
5.820878317221777308e-03 2.473724329091603558e+00
5.794836036063523953e-03 2.482852463147291910e+00
5.768910809765714909e-03 2.491980597202980707e+00
5.743102096535397660e-03 2.501108731258669504e+00
5.717409357564007602e-03 2.510236865314358301e+00
5.691832057002433123e-03 2.519364999370047098e+00
5.666369661923632318e-03 2.528493133425735451e+00
5.641021642295142823e-03 2.537621267481424248e+00
5.615787470952550951e-03 2.546749401537113044e+00
5.590666623562882964e-03 2.555877535592801841e+00
5.565658578605785049e-03 2.565005669648490194e+00
5.540762817338313641e-03 2.574133803704178991e+00
5.515978823773847253e-03 2.583261937759867788e+00
5.491306084652507712e-03 2.592390071815556585e+00
5.466744089415590327e-03 2.601518205871245382e+00
5.442292330183126116e-03 2.610646339926933734e+00
5.417950301729390974e-03 2.619774473982622531e+00
5.393717501449828838e-03 2.628902608038311328e+00
5.369593429353797069e-03 2.638030742094000125e+00
5.345577588026486672e-03 2.647158876149688478e+00
5.321669482617707309e-03 2.656287010205377275e+00
5.297868620808243202e-03 2.665415144261066072e+00
5.274174512803324506e-03 2.674543278316754868e+00
5.250586671293211785e-03 2.683671412372443665e+00
5.227104611452536818e-03 2.692799546428132018e+00
5.203727850900809887e-03 2.701927680483820815e+00
5.180455909699142880e-03 2.711055814539509612e+00
5.157288310316482903e-03 2.720183948595198409e+00
5.134224577619857927e-03 2.729312082650887206e+00
5.111264238854796096e-03 2.738440216706575558e+00
5.088406823620542606e-03 2.747568350762264355e+00
5.065651863860478818e-03 2.756696484817953152e+00
5.042998893836130037e-03 2.765824618873641949e+00
5.020447450114306868e-03 2.774952752929330302e+00
4.997997071555659518e-03 2.784080886985019099e+00
4.975647299281697224e-03 2.793209021040707896e+00
4.953397676674200188e-03 2.802337155096396692e+00
4.931247749351276924e-03 2.811465289152085489e+00
4.909197065154445767e-03 2.820593423207773842e+00
4.887245174128277900e-03 2.829721557263462639e+00
4.865391628508572604e-03 2.838849691319151436e+00
4.843635982710498694e-03 2.847977825374840233e+00
4.821977793304353492e-03 2.857105959430528586e+00
4.800416619008912762e-03 2.866234093486217382e+00
4.778952020674092152e-03 2.875362227541906179e+00
4.757583561266898534e-03 2.884490361597594976e+00
4.736310805854749770e-03 2.893618495653283773e+00
4.715133321598616485e-03 2.902746629708972126e+00
4.694050677728618844e-03 2.911874763764660923e+00
4.673062445542155649e-03 2.921002897820349720e+00
4.652168198383098939e-03 2.930131031876038517e+00
4.631367511630670071e-03 2.939259165931726869e+00
4.610659962684197574e-03 2.948387299987415666e+00
4.590045130960231437e-03 2.957515434043104463e+00
4.569522597865049475e-03 2.966643568098793260e+00
4.549091946792808115e-03 2.975771702154482057e+00
4.528752763110387852e-03 2.984899836210170410e+00
4.508504634145676926e-03 2.994027970265859206e+00
4.488347149176397100e-03 3.003156104321548003e+00
4.468279899413363579e-03 3.012284238377236800e+00
4.448302477997219395e-03 3.021412372432925597e+00
4.428414479978740222e-03 3.030540506488613950e+00
4.408615502316426578e-03 3.039668640544302747e+00
4.388905143856866760e-03 3.048796774599991544e+00
4.369283005324632943e-03 3.057924908655680341e+00
4.349748689318880257e-03 3.067053042711368693e+00
4.330301800295080147e-03 3.076181176767057490e+00
4.310941944558143064e-03 3.085309310822746287e+00
4.291668730247811224e-03 3.094437444878435084e+00
4.272481767332141252e-03 3.103565578934123881e+00
4.253380667598427242e-03 3.112693712989812234e+00
4.234365044637525798e-03 3.121821847045501030e+00
4.215434513837814853e-03 3.130949981101189827e+00
4.196588692374764520e-03 3.140078115156878624e+00
4.177827199198450546e-03 3.149206249212566977e+00
4.159149655029065716e-03 3.158334383268255774e+00
4.140555682340486821e-03 3.167462517323944571e+00
4.122044905358552939e-03 3.176590651379633368e+00
4.103616950041451793e-03 3.185718785435322165e+00
4.085271444080046735e-03 3.194846919491010517e+00
4.067008016883632941e-03 3.203975053546699314e+00
4.048826299571804156e-03 3.213103187602388111e+00
4.030725924964654108e-03 3.222231321658076908e+00
4.012706527576652936e-03 3.231359455713765261e+00
3.994767743601664381e-03 3.240487589769454058e+00
3.976909210908235147e-03 3.249615723825142855e+00
3.959130569033401069e-03 3.258743857880831651e+00
3.941431459168533505e-03 3.267871991936520448e+00
3.923811524152344930e-03 3.277000125992208801e+00
3.906270408465336089e-03 3.286128260047897598e+00
3.888807758214369963e-03 3.295256394103586395e+00
3.871423221137672982e-03 3.304384528159275192e+00
3.854116446577700479e-03 3.313512662214963544e+00
3.836887085486771938e-03 3.322640796270652341e+00
3.819734790417804102e-03 3.331768930326341138e+00
3.802659215508064853e-03 3.340897064382029935e+00
3.785660016479066962e-03 3.350025198437718732e+00
3.768736850625328382e-03 3.359153332493407085e+00
3.751889376807873537e-03 3.368281466549095882e+00
3.735117255442417690e-03 3.377409600604784679e+00
3.718420148497895896e-03 3.386537734660473475e+00
3.701797719481096389e-03 3.395665868716162272e+00
3.685249633436152739e-03 3.404794002771850625e+00
3.668775556934138551e-03 3.413922136827539422e+00
3.652375158063200788e-03 3.423050270883228219e+00
3.636048106424118447e-03 3.432178404938917016e+00
3.619794073120131440e-03 3.441306538994605368e+00
3.603612730752254675e-03 3.450434673050294165e+00
3.587503753409874551e-03 3.459562807105982962e+00
3.571466816666099033e-03 3.468690941161671315e+00
3.555501597564924166e-03 3.477819075217360112e+00
3.539607774621269642e-03 3.486947209273048465e+00
3.523785027808454956e-03 3.496075343328737262e+00
3.508033038553009988e-03 3.505203477384426058e+00
3.492351489726945937e-03 3.514331611440114855e+00
3.476740065641247945e-03 3.523459745495803652e+00
3.461198452040220325e-03 3.532587879551492005e+00
3.445726336091573493e-03 3.541716013607180802e+00
3.430323406380929221e-03 3.550844147662869599e+00
3.414989352905792915e-03 3.559972281718558396e+00
3.399723867069073552e-03 3.569100415774246748e+00
3.384526641670494631e-03 3.578228549829935545e+00
3.369397370898488241e-03 3.587356683885624342e+00
3.354335750329289975e-03 3.596484817941313139e+00
3.339341476915728708e-03 3.605612951997001936e+00
3.324414248981155499e-03 3.614741086052690289e+00
3.309553766212572790e-03 3.623869220108379086e+00
3.294759729656464124e-03 3.632997354164067882e+00
3.280031841710024688e-03 3.642125488219756679e+00
3.265369806117111601e-03 3.651253622275445476e+00
3.250773327958351652e-03 3.660381756331133829e+00
3.236242113647491009e-03 3.669509890386822626e+00
3.221775870924438543e-03 3.678638024442511423e+00
3.207374308848895059e-03 3.687766158498200220e+00
3.193037137794541101e-03 3.696894292553888572e+00
3.178764069440666046e-03 3.706022426609577369e+00
3.164554816770165802e-03 3.715150560665266166e+00
3.150409094059206019e-03 3.724278694720954963e+00
3.136326616874387553e-03 3.733406828776643760e+00
3.122307102064431940e-03 3.742534962832332113e+00
3.108350267755139850e-03 3.751663096888020910e+00
3.094455833341594811e-03 3.760791230943709706e+00
3.080623519487351789e-03 3.769919364999398503e+00
3.066853048112432468e-03 3.779047499055086856e+00
3.053144142388895636e-03 3.788175633110775653e+00
3.039496526739550886e-03 3.797303767166464450e+00
3.025909926827601449e-03 3.806431901222153247e+00
3.012384069548249433e-03 3.815560035277842044e+00
2.998918683033729993e-03 3.824688169333530396e+00
2.985513496634186002e-03 3.833816303389219193e+00
2.972168240919743649e-03 3.842944437444907990e+00
2.958882647676048128e-03 3.852072571500596787e+00
2.945656449892973625e-03 3.861200705556285140e+00
2.932489381764715256e-03 3.870328839611973937e+00
2.919381178678553696e-03 3.879456973667662734e+00
2.906331577214224179e-03 3.888585107723351530e+00
2.893340315135940668e-03 3.897713241779040327e+00
2.880407131387943687e-03 3.906841375834728680e+00
2.867531766087678523e-03 3.915969509890417477e+00
2.854713960522134095e-03 3.925097643946106274e+00
2.841953457142042463e-03 3.934225778001795071e+00
2.829249999552971469e-03 3.943353912057483868e+00
2.816603332516826128e-03 3.952482046113172220e+00
2.804013201940611100e-03 3.961610180168861017e+00
2.791479354874247965e-03 3.970738314224549814e+00
2.779001539504387906e-03 3.979866448280238611e+00
2.766579505147228647e-03 3.988994582335926964e+00
2.754213002247874777e-03 3.998122716391615761e+00
2.741901782372648151e-03 4.007250850447304558e+00
2.729645598201441668e-03 4.016378984502993355e+00
2.717444203525965028e-03 4.025507118558682151e+00
2.705297353243668428e-03 4.034635252614370948e+00
2.693204803355370765e-03 4.043763386670059745e+00
2.681166310951770861e-03 4.052891520725747654e+00
2.669181634219929683e-03 4.062019654781436451e+00
2.657250532430345796e-03 4.071147788837125248e+00
2.645372765932680996e-03 4.080275922892814044e+00
2.633548096153698163e-03 4.089404056948502841e+00
2.621776285592362400e-03 4.098532191004191638e+00
2.610057097810111401e-03 4.107660325059880435e+00
2.598390297434037370e-03 4.116788459115569232e+00
2.586775650142646675e-03 4.125916593171258029e+00
2.575212922668975845e-03 4.135044727226945938e+00
2.563701882791525905e-03 4.144172861282634734e+00
2.552242299331091736e-03 4.153300995338323531e+00
2.540833942145616885e-03 4.162429129394012328e+00
2.529476582124035294e-03 4.171557263449701125e+00
2.518169991184185733e-03 4.180685397505389922e+00
2.506913942268266821e-03 4.189813531561078719e+00
2.495708209332819869e-03 4.198941665616767516e+00
2.484552567351276317e-03 4.208069799672456313e+00
2.473446792306574320e-03 4.217197933728144221e+00
2.462390661182658168e-03 4.226326067783833018e+00
2.451383951966574267e-03 4.235454201839521815e+00
2.440426443639954080e-03 4.244582335895210612e+00
2.429517916174864667e-03 4.253710469950899409e+00
2.418658150529526089e-03 4.262838604006588206e+00
2.407846928645868915e-03 4.271966738062277003e+00
2.397084033438762023e-03 4.281094872117965799e+00
2.386369248803561684e-03 4.290223006173654596e+00
2.375702359596068569e-03 4.299351140229342505e+00
2.365083151642210536e-03 4.308479274285031302e+00
2.354511411723500449e-03 4.317607408340720099e+00
2.343986927581305328e-03 4.326735542396408896e+00
2.333509487902016635e-03 4.335863676452097693e+00
2.323078882325216917e-03 4.344991810507786489e+00
2.312694901431691132e-03 4.354119944563475286e+00
2.302357336736974344e-03 4.363248078619164083e+00
2.292065980692726494e-03 4.372376212674852880e+00
2.281820626680640483e-03 4.381504346730541677e+00
2.271621069010075142e-03 4.390632480786229586e+00
2.261467102906619502e-03 4.399760614841918382e+00
2.251358524517624391e-03 4.408888748897607179e+00
2.241295130902379133e-03 4.418016882953295976e+00
2.231276720028240075e-03 4.427145017008984773e+00
2.221303090767269561e-03 4.436273151064673570e+00
2.211374042894364168e-03 4.445401285120362367e+00
2.201489377078482204e-03 4.454529419176051164e+00
2.191648894884027591e-03 4.463657553231739961e+00
2.181852398760154854e-03 4.472785687287427869e+00
2.172099692045566070e-03 4.481913821343116666e+00
2.162390578956180885e-03 4.491041955398805463e+00
2.152724864585912803e-03 4.500170089454494260e+00
2.143102354898512515e-03 4.509298223510183057e+00
2.133522856731110209e-03 4.518426357565871854e+00
2.123986177783588215e-03 4.527554491621560651e+00
2.114492126615734758e-03 4.536682625677249447e+00
2.105040512644144445e-03 4.545810759732938244e+00
2.095631146142166220e-03 4.554938893788626153e+00
2.086263838228774679e-03 4.564067027844314950e+00
2.076938400869306027e-03 4.573195161900003747e+00
2.067654646871356326e-03 4.582323295955692544e+00
2.058412389881852846e-03 4.591451430011381341e+00
2.049211444378744740e-03 4.600579564067070137e+00
2.040051625672872643e-03 4.609707698122758934e+00
2.030932749900241779e-03 4.618835832178447731e+00
2.021854634020257314e-03 4.627963966234136528e+00
2.012817095811912302e-03 4.637092100289824437e+00
2.003819953870664312e-03 4.646220234345513234e+00
1.994863027599911871e-03 4.655348368401202030e+00
1.985946137217256807e-03 4.664476502456890827e+00
1.977069103737812313e-03 4.673604636512579624e+00
1.968231748985212366e-03 4.682732770568268421e+00
1.959433895574491311e-03 4.691860904623957218e+00
1.950675366917365003e-03 4.700989038679646015e+00
1.941955987214841542e-03 4.710117172735334812e+00
1.933275581454697249e-03 4.719245306791022720e+00
1.924633975407101473e-03 4.728373440846711517e+00
1.916030995623917285e-03 4.737501574902400314e+00
1.907466469431577400e-03 4.746629708958089111e+00
1.898940224927573748e-03 4.755757843013777908e+00
1.890452090981197333e-03 4.764885977069466705e+00
1.882001897227817983e-03 4.774014111125155502e+00
1.873589474061596559e-03 4.783142245180844299e+00
1.865214652638661451e-03 4.792270379236533095e+00
1.856877264868424986e-03 4.801398513292221004e+00
1.848577143413504716e-03 4.810526647347909801e+00
1.840314121685008002e-03 4.819654781403598598e+00
1.832088033839660186e-03 4.828782915459287395e+00
1.823898714774118378e-03 4.837911049514976192e+00
1.815746000126992410e-03 4.847039183570664989e+00
1.807629726268382073e-03 4.856167317626353785e+00
1.799549730303242690e-03 4.865295451682042582e+00
1.791505850063971998e-03 4.874423585737731379e+00
1.783497924107701809e-03 4.883551719793419288e+00
1.775525791715621034e-03 4.892679853849108085e+00
1.767589292886153881e-03 4.901807987904796882e+00
1.759688268334474353e-03 4.910936121960485679e+00
1.751822559486763877e-03 4.920064256016174475e+00
1.743992008480077949e-03 4.929192390071863272e+00
1.736196458156672286e-03 4.938320524127552069e+00
1.728435752061767200e-03 4.947448658183240866e+00
1.720709734441345151e-03 4.956576792238929663e+00
1.713018250235190604e-03 4.965704926294618460e+00
1.705361145081338075e-03 4.974833060350306368e+00
1.697738265303016603e-03 4.983961194405995165e+00
1.690149457914286949e-03 4.993089328461683962e+00
1.682594570612019154e-03 5.002217462517372759e+00
1.675073451775235074e-03 5.011345596573061556e+00
1.667585950459185605e-03 5.020473730628750353e+00
1.660131916395396435e-03 5.029601864684439150e+00
1.652711199987660397e-03 5.038729998740127947e+00
1.645323652308656060e-03 5.047858132795816744e+00
1.637969125095591841e-03 5.056986266851504652e+00
1.630647470752032016e-03 5.066114400907193449e+00
1.623358542337211040e-03 5.075242534962882246e+00
1.616102193570338047e-03 5.084370669018571043e+00
1.608878278825232218e-03 5.093498803074259840e+00
1.601686653125270398e-03 5.102626937129948637e+00
1.594527172141440088e-03 5.111755071185637433e+00
1.587399692192478654e-03 5.120883205241326230e+00
1.580304070238682749e-03 5.130011339297015027e+00
1.573240163878872767e-03 5.139139473352702936e+00
1.566207831350173831e-03 5.148267607408391733e+00
1.559206931521827169e-03 5.157395741464080530e+00
1.552237323896238103e-03 5.166523875519769327e+00
1.545298868603716151e-03 5.175652009575458123e+00
1.538391426397830520e-03 5.184780143631146920e+00
1.531514858656877033e-03 5.193908277686835717e+00
1.524669027378297527e-03 5.203036411742524514e+00
1.517853795176683828e-03 5.212164545798213311e+00
1.511069025280195122e-03 5.221292679853901220e+00
1.504314581529374003e-03 5.230420813909590017e+00
1.497590328374105067e-03 5.239548947965278813e+00
1.490896130868028888e-03 5.248677082020967610e+00
1.484231854671997156e-03 5.257805216076656407e+00
1.477597366042542179e-03 5.266933350132345204e+00
1.470992531838449758e-03 5.276061484188034001e+00
1.464417219511545635e-03 5.285189618243722798e+00
1.457871297106807379e-03 5.294317752299411595e+00
1.451354633259215217e-03 5.303445886355099503e+00
1.444867097190841816e-03 5.312574020410788300e+00
1.438408558710255539e-03 5.321702154466477097e+00
1.431978888203515278e-03 5.330830288522165894e+00
1.425577956641589433e-03 5.339958422577854691e+00
1.419205635569156321e-03 5.349086556633543488e+00
1.412861797105793545e-03 5.358214690689232285e+00
1.406546313942144254e-03 5.367342824744921082e+00
1.400259059339866840e-03 5.376470958800609878e+00
1.393999907125573375e-03 5.385599092856297787e+00
1.387768731690245446e-03 5.394727226911986584e+00
1.381565407987124516e-03 5.403855360967675381e+00
1.375389811527826791e-03 5.412983495023364178e+00
1.369241818380561660e-03 5.422111629079052975e+00
1.363121305167315587e-03 5.431239763134741771e+00
1.357028149062800004e-03 5.440367897190430568e+00
1.350962227789615335e-03 5.449496031246119365e+00
1.344923419617137733e-03 5.458624165301808162e+00
1.338911603360149524e-03 5.467752299357496071e+00
1.332926658372557112e-03 5.476880433413184868e+00
1.326968464551056244e-03 5.486008567468873665e+00
1.321036902325990010e-03 5.495136701524562461e+00
1.315131852665230505e-03 5.504264835580251258e+00
1.309253197065999175e-03 5.513392969635940055e+00
1.303400817556608481e-03 5.522521103691628852e+00
1.297574596693545608e-03 5.531649237747317649e+00
1.291774417555970143e-03 5.540777371803006446e+00
1.286000163748313337e-03 5.549905505858694355e+00
1.280251719393716301e-03 5.559033639914383151e+00
1.274528969133367339e-03 5.568161773970071948e+00
1.268831798124850710e-03 5.577289908025760745e+00
1.263160092039064238e-03 5.586418042081449542e+00
1.257513737056788683e-03 5.595546176137138339e+00
1.251892619869000856e-03 5.604674310192827136e+00
1.246296627673348662e-03 5.613802444248515933e+00
1.240725648169327270e-03 5.622930578304204730e+00
1.235179569561614763e-03 5.632058712359893526e+00
1.229658280552385586e-03 5.641186846415581435e+00
1.224161670342021778e-03 5.650314980471270232e+00
1.218689628627109365e-03 5.659443114526959029e+00
1.213242045595455589e-03 5.668571248582647826e+00
1.207818811926723813e-03 5.677699382638336623e+00
1.202419818790056516e-03 5.686827516694025419e+00
1.197044957838912975e-03 5.695955650749714216e+00
1.191694121213465567e-03 5.705083784805403013e+00
1.186367201534141609e-03 5.714211918861091810e+00
1.181064091903171820e-03 5.723340052916779719e+00
1.175784685897980804e-03 5.732468186972468516e+00
1.170528877575523425e-03 5.741596321028157313e+00
1.165296561461262809e-03 5.750724455083846109e+00
1.160087632556771253e-03 5.759852589139534906e+00
1.154901986330746522e-03 5.768980723195223703e+00
1.149739518718987351e-03 5.778108857250912500e+00
1.144600126123287553e-03 5.787236991306601297e+00
1.139483705409222516e-03 5.796365125362290094e+00
1.134390153900539759e-03 5.805493259417978003e+00
1.129319369382219412e-03 5.814621393473666799e+00
1.124271250096505826e-03 5.823749527529355596e+00
1.119245694738803861e-03 5.832877661585044393e+00
1.114242602457416300e-03 5.842005795640733190e+00
1.109261872852770588e-03 5.851133929696421987e+00
1.104303405973890628e-03 5.860262063752110784e+00
1.099367102316007412e-03 5.869390197807799581e+00
1.094452862818539804e-03 5.878518331863488378e+00
1.089560588864596459e-03 5.887646465919176286e+00
1.084690182277365644e-03 5.896774599974865083e+00
1.079841545319965186e-03 5.905902734030553880e+00
1.075014580691363922e-03 5.915030868086242677e+00
1.070209191525915921e-03 5.924159002141931474e+00
1.065425281390841236e-03 5.933287136197620271e+00
1.060662754284162667e-03 5.942415270253309068e+00
1.055921514633124340e-03 5.951543404308997864e+00
1.051201467292492550e-03 5.960671538364686661e+00
1.046502517540800516e-03 5.969799672420374570e+00
1.041824571082582271e-03 5.978927806476063367e+00
1.037167534042353605e-03 5.988055940531752164e+00
1.032531312963426819e-03 5.997184074587440961e+00
1.027915814808128209e-03 6.006312208643129757e+00
1.023320946955273182e-03 6.015440342698818554e+00
1.018746617193891976e-03 6.024568476754507351e+00
1.014192733730642348e-03 6.033696610810196148e+00
1.009659205178399435e-03 6.042824744865884945e+00
1.005145940559882623e-03 6.051952878921572854e+00
1.000652849303645953e-03 6.061081012977261651e+00
9.961798412448702369e-04 6.070209147032950447e+00
9.917268266197729141e-04 6.079337281088639244e+00
9.872937160666042135e-04 6.088465415144328041e+00
9.828804206242647973e-04 6.097593549200016838e+00
9.784868517271516804e-04 6.106721683255705635e+00
9.741129212060066185e-04 6.115849817311394432e+00
9.697585412861885407e-04 6.124977951367083229e+00
9.654236245856988915e-04 6.134106085422771137e+00
9.611080841123194459e-04 6.143234219478459934e+00
9.568118332632840131e-04 6.152362353534148731e+00
9.525347858218485625e-04 6.161490487589837528e+00
9.482768559583282632e-04 6.170618621645526325e+00
9.440379582254882157e-04 6.179746755701215122e+00
9.398180075570732733e-04 6.188874889756903919e+00
9.356169192689941594e-04 6.198003023812592716e+00
9.314346090544998406e-04 6.207131157868281512e+00
9.272709929846295303e-04 6.216259291923970309e+00
9.231259875038061663e-04 6.225387425979658218e+00
9.189995094327837056e-04 6.234515560035347015e+00
9.148914759599421735e-04 6.243643694091035812e+00
9.108018046477962381e-04 6.252771828146724609e+00
9.067304134244247001e-04 6.261899962202413406e+00
9.026772205869035108e-04 6.271028096258102202e+00
8.986421447963417524e-04 6.280156230313790999e+00
8.946251050765898112e-04 6.289284364369479796e+00
8.906260208158613438e-04 6.298412498425168593e+00
8.866448117600827811e-04 6.307540632480856502e+00
8.826813980151768753e-04 6.316668766536545299e+00
8.787357000443126202e-04 6.325796900592234095e+00
8.748076386657802159e-04 6.334925034647922892e+00
8.708971350518479940e-04 6.344053168703611689e+00
8.670041107257476848e-04 6.353181302759300486e+00
8.631284875647761033e-04 6.362309436814989283e+00
8.592701877913193646e-04 6.371437570870678080e+00
8.554291339792946709e-04 6.380565704926366877e+00
8.516052490452954158e-04 6.389693838982054785e+00
8.477984562522942764e-04 6.398821973037743582e+00
8.440086792070823282e-04 6.407950107093432379e+00
8.402358418548124723e-04 6.417078241149121176e+00
8.364798684838333507e-04 6.426206375204809973e+00
8.327406837184535976e-04 6.435334509260498770e+00
8.290182125211267242e-04 6.444462643316187567e+00
8.253123801905411878e-04 6.453590777371876364e+00
8.216231123569523592e-04 6.462718911427565160e+00
8.179503349845951982e-04 6.471847045483253069e+00
8.142939743686146599e-04 6.480975179538941866e+00
8.106539571320331818e-04 6.490103313594630663e+00
8.070302102277963560e-04 6.499231447650319460e+00
8.034226609347014251e-04 6.508359581706008257e+00
7.998312368561940342e-04 6.517487715761697054e+00
7.962558659188461200e-04 6.526615849817385850e+00
7.926964763723895208e-04 6.535743983873074647e+00
7.891529967871511878e-04 6.544872117928763444e+00
7.856253560517329924e-04 6.554000251984451353e+00
7.821134833741407062e-04 6.563128386040140150e+00
7.786173082763778435e-04 6.572256520095828947e+00
7.751367605983686300e-04 6.581384654151517744e+00
7.716717704916088065e-04 6.590512788207206540e+00
7.682222684198783836e-04 6.599640922262895337e+00
7.647881851585789769e-04 6.608769056318584134e+00
7.613694517925529348e-04 6.617897190374272931e+00
7.579659997130423679e-04 6.627025324429961728e+00
7.545777606200735265e-04 6.636153458485649637e+00
7.512046665169378867e-04 6.645281592541338433e+00
7.478466497129656471e-04 6.654409726597027230e+00
7.445036428186900795e-04 6.663537860652716027e+00
7.411755787453059695e-04 6.672665994708404824e+00
7.378623907051446058e-04 6.681794128764093621e+00
7.345640122079573515e-04 6.690922262819782418e+00
7.312803770621766801e-04 6.700050396875471215e+00
7.280114193702149662e-04 6.709178530931160012e+00
7.247570735301135571e-04 6.718306664986847920e+00
7.215172742322126459e-04 6.727434799042536717e+00
7.182919564606649260e-04 6.736562933098225514e+00
7.150810554881444677e-04 6.745691067153914311e+00
7.118845068775634440e-04 6.754819201209603108e+00
7.087022464791556267e-04 6.763947335265291905e+00
7.055342104317277726e-04 6.773075469320980702e+00
7.023803351573187350e-04 6.782203603376669498e+00
6.992405573629830850e-04 6.791331737432358295e+00
6.961148140380404902e-04 6.800459871488046204e+00
6.930030424549454620e-04 6.809588005543735001e+00
6.899051801655340646e-04 6.818716139599423798e+00
6.868211650004425652e-04 6.827844273655112595e+00
6.837509350685698874e-04 6.836972407710801392e+00
6.806944287549046525e-04 6.846100541766490188e+00
6.776515847217532557e-04 6.855228675822178985e+00
6.746223419025693460e-04 6.864356809877867782e+00
6.716066395059203803e-04 6.873484943933556579e+00
6.686044170108868109e-04 6.882613077989245376e+00
6.656156141683976062e-04 6.891741212044933285e+00
6.626401709974969086e-04 6.900869346100622082e+00
6.596780277854802105e-04 6.909997480156310878e+00
6.567291250867131162e-04 6.919125614211999675e+00
6.537934037215407425e-04 6.928253748267688472e+00
6.508708047741692962e-04 6.937381882323376381e+00
6.479612695921300449e-04 6.946510016379064290e+00
6.450647397858346854e-04 6.955638150434752198e+00
6.421811572262131921e-04 6.964766284490440107e+00
6.393104640437648157e-04 6.973894418546128016e+00
6.364526026279798774e-04 6.983022552601815924e+00
6.336075156262457007e-04 6.992150686657503833e+00
6.307751459407914384e-04 7.001278820713191742e+00
6.279554367308466103e-04 7.010406954768879650e+00
6.251483314078180300e-04 7.019535088824567559e+00
6.223537736384498207e-04 7.028663222880255468e+00
6.195717073382634495e-04 7.037791356935943377e+00
6.168020766762934148e-04 7.046919490991631285e+00
6.140448260693367457e-04 7.056047625047319194e+00
6.112999001828780437e-04 7.065175759103007103e+00
6.085672439305225530e-04 7.074303893158695011e+00
6.058468024706986687e-04 7.083432027214382920e+00
6.031385212085326299e-04 7.092560161270070829e+00
6.004423457923702915e-04 7.101688295325758737e+00
5.977582221131189045e-04 7.110816429381446646e+00
5.950860963038661277e-04 7.119944563437134555e+00
5.924259147388068842e-04 7.129072697492823352e+00
5.897776240307707300e-04 7.138200831548511260e+00
5.871411710322621460e-04 7.147328965604199169e+00
5.845165028335122265e-04 7.156457099659887078e+00
5.819035667599597528e-04 7.165585233715574986e+00
5.793023103733602229e-04 7.174713367771262895e+00
5.767126814693652624e-04 7.183841501826950804e+00
5.741346280780059612e-04 7.192969635882638713e+00
5.715680984599450041e-04 7.202097769938326621e+00
5.690130411085021767e-04 7.211225903994014530e+00
5.664694047462664507e-04 7.220354038049702439e+00
5.639371383253634568e-04 7.229482172105390347e+00
5.614161910263502486e-04 7.238610306161078256e+00
5.589065122570341729e-04 7.247738440216766165e+00
5.564080516507041024e-04 7.256866574272454073e+00
5.539207590658032235e-04 7.265994708328141982e+00
5.514445845843169358e-04 7.275122842383829891e+00
5.489794785132710029e-04 7.284250976439517800e+00
5.465253913808895735e-04 7.293379110495205708e+00
5.440822739355970650e-04 7.302507244550893617e+00
5.416500771453937714e-04 7.311635378606581526e+00
5.392287522010662942e-04 7.320763512662269434e+00
5.368182505074249123e-04 7.329891646717957343e+00
5.344185236883470733e-04 7.339019780773645252e+00
5.320295235839555409e-04 7.348147914829333160e+00
5.296512022500384550e-04 7.357276048885021069e+00
5.272835119544502141e-04 7.366404182940708978e+00
5.249264051813293469e-04 7.375532316996396887e+00
5.225798346250713246e-04 7.384660451052084795e+00
5.202437531922227696e-04 7.393788585107772704e+00
5.179181139996030759e-04 7.402916719163460613e+00
5.156028703748202725e-04 7.412044853219148521e+00
5.132979758522936272e-04 7.421172987274836430e+00
5.110033841741040955e-04 7.430301121330524339e+00
5.087190492910036036e-04 7.439429255386212247e+00
5.064449253581148865e-04 7.448557389441900156e+00
5.041809667357431213e-04 7.457685523497588065e+00
5.019271279871406278e-04 7.466813657553275974e+00
4.996833638809754881e-04 7.475941791608963882e+00
4.974496293864097028e-04 7.485069925664651791e+00
4.952258796736454119e-04 7.494198059720340588e+00
4.930120701147482380e-04 7.503326193776028497e+00
4.908081562794272459e-04 7.512454327831716405e+00
4.886140939370592568e-04 7.521582461887404314e+00
4.864298390546430129e-04 7.530710595943092223e+00
4.842553477950867886e-04 7.539838729998780131e+00
4.820905765193764692e-04 7.548966864054468040e+00
4.799354817809056619e-04 7.558094998110155949e+00
4.777900203290305235e-04 7.567223132165843857e+00
4.756541491052770584e-04 7.576351266221531766e+00
4.735278252450266195e-04 7.585479400277219675e+00
4.714110060738911493e-04 7.594607534332907584e+00
4.693036491085318066e-04 7.603735668388595492e+00
4.672057120560927420e-04 7.612863802444283401e+00
4.651171528123050451e-04 7.621991936499971310e+00
4.630379294608319408e-04 7.631120070555659218e+00
4.609680002730395343e-04 7.640248204611347127e+00
4.589073237066272474e-04 7.649376338667035036e+00
4.568558584049051976e-04 7.658504472722722944e+00
4.548135631966861571e-04 7.667632606778410853e+00
4.527803970939051873e-04 7.676760740834098762e+00
4.507563192917644337e-04 7.685888874889786671e+00
4.487412891688592189e-04 7.695017008945474579e+00
4.467352662839271164e-04 7.704145143001162488e+00
4.447382103772767664e-04 7.713273277056850397e+00
4.427500813693191614e-04 7.722401411112538305e+00
4.407708393589630813e-04 7.731529545168226214e+00
4.388004446239062014e-04 7.740657679223914123e+00
4.368388576191383518e-04 7.749785813279602031e+00
4.348860389766168524e-04 7.758913947335289940e+00
4.329419495041824740e-04 7.768042081390977849e+00
4.310065501846838901e-04 7.777170215446665757e+00
4.290798021758718598e-04 7.786298349502353666e+00
4.271616668079432919e-04 7.795426483558041575e+00
4.252521055851053158e-04 7.804554617613729484e+00
4.233510801831924216e-04 7.813682751669417392e+00
4.214585524495187917e-04 7.822810885725105301e+00
4.195744844010584136e-04 7.831939019780793210e+00
4.176988382261540532e-04 7.841067153836481118e+00
4.158315762805514602e-04 7.850195287892169027e+00
4.139726610889567704e-04 7.859323421947857824e+00
4.121220553441537482e-04 7.868451556003545733e+00
4.102797219041910410e-04 7.877579690059233641e+00
4.084456237939750891e-04 7.886707824114921550e+00
4.066197242046850897e-04 7.895835958170609459e+00
4.048019864899677191e-04 7.904964092226297367e+00
4.029923741685039807e-04 7.914092226281985276e+00
4.011908509222570805e-04 7.923220360337673185e+00
3.993973805944456734e-04 7.932348494393361094e+00
3.976119271908395937e-04 7.941476628449049002e+00
3.958344548779598620e-04 7.950604762504736911e+00
3.940649279817465267e-04 7.959732896560424820e+00
3.923033109880404287e-04 7.968861030616112728e+00
3.905495685424476763e-04 7.977989164671800637e+00
3.888036654464804820e-04 7.987117298727488546e+00
3.870655666606816702e-04 7.996245432783176454e+00
3.853352373016642632e-04 8.005373566838864363e+00
3.836126426419065672e-04 8.014501700894552272e+00
3.818977481087210417e-04 8.023629834950240181e+00
3.801905192848839500e-04 8.032757969005928089e+00
3.784909219053832945e-04 8.041886103061615998e+00
3.767989218611324264e-04 8.051014237117303907e+00
3.751144851923921908e-04 8.060142371172991815e+00
3.734375780931924660e-04 8.069270505228679724e+00
3.717681669075022189e-04 8.078398639284367633e+00
3.701062181307959069e-04 8.087526773340055541e+00
3.684516984082121223e-04 8.096654907395743450e+00
3.668045745320605783e-04 8.105783041451431359e+00
3.651648134460200312e-04 8.114911175507119268e+00
3.635323822394392803e-04 8.124039309562807176e+00
3.619072481488848120e-04 8.133167443618495085e+00
3.602893785582592491e-04 8.142295577674182994e+00
3.586787409971723371e-04 8.151423711729870902e+00
3.570753031394042500e-04 8.160551845785558811e+00
3.554790328039912563e-04 8.169679979841246720e+00
3.538898979535691123e-04 8.178808113896934628e+00
3.523078666943675868e-04 8.187936247952622537e+00
3.507329072740013993e-04 8.197064382008310446e+00
3.491649880839719079e-04 8.206192516063998355e+00
3.476040776548296705e-04 8.215320650119686263e+00
3.460501446592292385e-04 8.224448784175374172e+00
3.445031579092953586e-04 8.233576918231062081e+00
3.429630863572241629e-04 8.242705052286749989e+00
3.414298990931307026e-04 8.251833186342437898e+00
3.399035653454514578e-04 8.260961320398125807e+00
3.383840544805895864e-04 8.270089454453813715e+00
3.368713360007779623e-04 8.279217588509501624e+00
3.353653795466655387e-04 8.288345722565189533e+00
3.338661548925678929e-04 8.297473856620877442e+00
3.323736319490478981e-04 8.306601990676565350e+00
3.308877807599599173e-04 8.315730124732253259e+00
3.294085715044801346e-04 8.324858258787941168e+00
3.279359744940942619e-04 8.333986392843629076e+00
3.264699601736183697e-04 8.343114526899316985e+00
3.250104991192632065e-04 8.352242660955004894e+00
3.235575620392109946e-04 8.361370795010692802e+00
3.221111197725780653e-04 8.370498929066380711e+00
3.206711432885169769e-04 8.379627063122068620e+00
3.192376036865581467e-04 8.388755197177756529e+00
3.178104721949196886e-04 8.397883331233444437e+00
3.163897201698733712e-04 8.407011465289134122e+00
3.149753190970294519e-04 8.416139599344822031e+00
3.135672405881636507e-04 8.425267733400509940e+00
3.121654563828034465e-04 8.434395867456197848e+00
3.107699383466047552e-04 8.443524001511885757e+00
3.093806584708578590e-04 8.452652135567573666e+00
3.079975888711136136e-04 8.461780269623261574e+00
3.066207017896774929e-04 8.470908403678949483e+00
3.052499695913407597e-04 8.480036537734637392e+00
3.038853647647549085e-04 8.489164671790325301e+00
3.025268599213596071e-04 8.498292805846013209e+00
3.011744277951212945e-04 8.507420939901701118e+00
2.998280412426105397e-04 8.516549073957389027e+00
2.984876732399089207e-04 8.525677208013076935e+00
2.971532968864530632e-04 8.534805342068764844e+00
2.958248853994249793e-04 8.543933476124452753e+00
2.945024121176502614e-04 8.553061610180140661e+00
2.931858504975852335e-04 8.562189744235828570e+00
2.918751741150757439e-04 8.571317878291516479e+00
2.905703566641632961e-04 8.580446012347204388e+00
2.892713719564120843e-04 8.589574146402892296e+00
2.879781939199118528e-04 8.598702280458580205e+00
2.866907965998652082e-04 8.607830414514268114e+00
2.854091541572522620e-04 8.616958548569956022e+00
2.841332408691249912e-04 8.626086682625643931e+00
2.828630311259919261e-04 8.635214816681331840e+00
2.815984994348159692e-04 8.644342950737019748e+00
2.803396204146933616e-04 8.653471084792707657e+00
2.790863687994494797e-04 8.662599218848395566e+00
2.778387194352182460e-04 8.671727352904083475e+00
2.765966472806975123e-04 8.680855486959771383e+00
2.753601274061828730e-04 8.689983621015459292e+00
2.741291349943864009e-04 8.699111755071147201e+00
2.729036453378029569e-04 8.708239889126835109e+00
2.716836338399892235e-04 8.717368023182523018e+00
2.704690760135883970e-04 8.726496157238210927e+00
2.692599474823534171e-04 8.735624291293898835e+00
2.680562239776082935e-04 8.744752425349586744e+00
2.668578813395339699e-04 8.753880559405274653e+00
2.656648955162225199e-04 8.763008693460962562e+00
2.644772425639840309e-04 8.772136827516650470e+00
2.632948986448458372e-04 8.781264961572338379e+00
2.621178400278723194e-04 8.790393095628026288e+00
2.609460430890827220e-04 8.799521229683714196e+00
2.597794843088167046e-04 8.808649363739402105e+00
2.586181402732059295e-04 8.817777497795090014e+00
2.574619876733409609e-04 8.826905631850777922e+00
2.563110033035243982e-04 8.836033765906465831e+00
2.551651640628795070e-04 8.845161899962153740e+00
2.540244469527580540e-04 8.854290034017841649e+00
2.528888290780403740e-04 8.863418168073529557e+00
2.517582876455614336e-04 8.872546302129217466e+00
2.506327999641551753e-04 8.881674436184905375e+00
2.495123434440680178e-04 8.890802570240593283e+00
2.483968955965255008e-04 8.899930704296281192e+00
2.472864340334127707e-04 8.909058838351969101e+00
2.461809364663533335e-04 8.918186972407657009e+00
2.450803807068564527e-04 8.927315106463344918e+00
2.439847446653714536e-04 8.936443240519032827e+00
2.428940063512455207e-04 8.945571374574720735e+00
2.418081438722268623e-04 8.954699508630408644e+00
2.407271354338376347e-04 8.963827642686096553e+00
2.396509593387871997e-04 8.972955776741784462e+00
2.385795939870556345e-04 8.982083910797472370e+00
2.375130178749053193e-04 8.991212044853160279e+00
2.364512095947359253e-04 9.000340178908848188e+00
