9.509718776414237684e-01 0.000000000000000000e+00
1.896405318050379485e+00 8.697324465303619620e-03
2.923521929116946083e+00 1.739464893060723924e-02
3.693191152554648138e+00 2.609197339591085366e-02
4.351575061446967041e+00 3.478929786121447848e-02
4.935444250444480652e+00 4.348662232651809290e-02
5.461384425355602090e+00 5.218394679182171425e-02
5.941804028697759144e+00 6.088127125712533561e-02
6.387079731091795942e+00 6.957859572242895696e-02
6.805893962480194403e+00 7.827592018773256444e-02
7.205555501568881915e+00 8.697324465303617191e-02
7.592312024934454229e+00 9.567056911833979327e-02
7.971546559857062952e+00 1.043678935836434007e-01
8.347862142561847776e+00 1.130652180489470221e-01
8.725115231654692494e+00 1.217625425142506435e-01
9.106446701373089425e+00 1.304598669795542787e-01
9.494329080623389316e+00 1.391571914448579139e-01
9.890629239719148202e+00 1.478545159101615214e-01
1.029667973828429339e+01 1.565518403754651566e-01
1.071335268284304654e+01 1.652491648407687919e-01
1.114113183273527774e+01 1.739464893060723993e-01
1.158018010437739953e+01 1.826438137713760346e-01
1.203040065747893195e+01 1.913411382366796698e-01
1.249149065574847661e+01 2.000384627019832773e-01
1.296298755218615639e+01 2.087357871672869125e-01
1.344430826084432695e+01 2.174331116325905200e-01
1.393478184671946885e+01 2.261304360978941275e-01
1.443367647051261571e+01 2.348277605631977627e-01
1.494022134075178343e+01 2.435250850285013979e-01
1.545362439546646982e+01 2.522224094938050332e-01
1.597308637944379583e+01 2.609197339591086684e-01
1.649781191276344217e+01 2.696170584244122481e-01
1.702701807091376196e+01 2.783143828897158834e-01
1.755994092303036780e+01 2.870117073550195186e-01
1.809584040658147686e+01 2.957090318203231538e-01
1.863400385585610408e+01 3.044063562856267890e-01
1.917374844830214187e+01 3.131036807509304243e-01
1.971442278689034566e+01 3.218010052162340040e-01
2.025540779771228372e+01 3.304983296815376392e-01
2.079611708925545699e+01 3.391956541468412745e-01
2.133599689247614251e+01 3.478929786121449097e-01
2.187452567815486759e+01 3.565903030774485449e-01
2.241121352936543687e+01 3.652876275427521802e-01
2.294560133158546833e+01 3.739849520080557599e-01
2.347725983046876053e+01 3.826822764733593951e-01
2.400578859711738389e+01 3.913796009386630304e-01
2.453081493241754529e+01 4.000769254039666656e-01
2.505199273531203730e+01 4.087742498692703008e-01
2.556900135447068578e+01 4.174715743345739360e-01
2.608154443846864368e+01 4.261688987998775713e-01
2.658934879608201030e+01 4.348662232651810955e-01
2.709216327550822356e+01 4.435635477304847307e-01
2.758975766908210048e+01 4.522608721957883660e-01
2.808192164827275406e+01 4.609581966610920012e-01
2.856846373233726055e+01 4.696555211263956364e-01
2.904921029288766121e+01 4.783528455916992717e-01
2.952400459575283875e+01 4.870501700570029069e-01
2.999270588082947953e+01 4.957474945223064866e-01
3.045518848008876844e+01 5.044448189876101774e-01
3.091134097349367593e+01 5.131421434529137571e-01
3.136106538227508622e+01 5.218394679182173368e-01
3.180427639878424273e+01 5.305367923835210275e-01
3.224090065196718058e+01 5.392341168488246073e-01
3.267087600739171904e+01 5.479314413141282980e-01
3.309415090067192011e+01 5.566287657794318777e-01
3.351068370308973243e+01 5.653260902447355685e-01
3.392044211818102184e+01 5.740234147100391482e-01
3.432340260805123933e+01 5.827207391753427279e-01
3.471954984818599144e+01 5.914180636406464187e-01
3.510887620954267874e+01 6.001153881059499984e-01
3.549138126673078375e+01 6.088127125712536891e-01
3.586707133111985257e+01 6.175100370365572688e-01
3.623595900774877521e+01 6.262073615018608486e-01
3.659806277494721627e+01 6.349046859671645393e-01
3.695340658561625702e+01 6.436020104324681190e-01
3.730201948916022303e+01 6.522993348977718098e-01
3.764393527309670873e+01 6.609966593630753895e-01
3.797919212341478357e+01 6.696939838283790802e-01
3.830783230278866824e+01 6.783913082936826600e-01
3.862990184579704334e+01 6.870886327589862397e-01
3.894545027032885542e+01 6.957859572242899304e-01
3.925453030439928881e+01 7.044832816895935101e-01
3.955719762763192193e+01 7.131806061548972009e-01
3.985351062669745659e+01 7.218779306202007806e-01
4.014353016403237007e+01 7.305752550855044714e-01
4.042731935919179875e+01 7.392725795508080511e-01
4.070494338222140129e+01 7.479699040161116308e-01
4.097646925846255073e+01 7.566672284814153215e-01
4.124196568422975417e+01 7.653645529467189013e-01
4.150150285282992968e+01 7.740618774120225920e-01
4.175515229041402421e+01 7.827592018773261717e-01
4.200298670117820876e+01 7.914565263426297514e-01
4.224507982145353679e+01 8.001538508079334422e-01
4.248150628224446734e+01 8.088511752732370219e-01
4.271234147979902929e+01 8.175484997385407127e-01
4.293766145381114541e+01 8.262458242038442924e-01
4.315754277287535245e+01 8.349431486691479831e-01
4.337206242683317470e+01 8.436404731344515628e-01
4.358129772566527294e+01 8.523377975997551426e-01
4.378532620460280356e+01 8.610351220650588333e-01
4.398422553514294719e+01 8.697324465303624130e-01
4.417807344167367489e+01 8.784297709956661038e-01
4.436694762342084886e+01 8.871270954609696835e-01
4.455092568144986132e+01 8.958244199262732632e-01
4.473008505046364292e+01 9.045217443915769540e-01
4.490450293515039704e+01 9.132190688568805337e-01
4.507425625084978549e+01 9.219163933221842244e-01
4.523942156831327566e+01 9.306137177874878041e-01
4.540007506234774581e+01 9.393110422527914949e-01
4.555629246413959521e+01 9.480083667180950746e-01
4.570814901706864219e+01 9.567056911833986543e-01
4.585571943582636578e+01 9.654030156487023451e-01
4.599907786866724990e+01 9.741003401140059248e-01
4.613829786262471799e+01 9.827976645793096155e-01
4.627345233153442905e+01 9.914949890446131953e-01
4.640461352671519535e+01 1.000192313509916886e+00
4.653185301016321773e+01 1.008889637975220355e+00
4.665524163012388215e+01 1.017586962440524045e+00
4.677484949891110944e+01 1.026284286905827736e+00
4.689074597285097212e+01 1.034981611371131427e+00
4.700299963423135097e+01 1.043678935836434896e+00
4.711167827514675821e+01 1.052376260301738586e+00
4.721684888313113504e+01 1.061073584767042277e+00
4.731857762847734250e+01 1.069770909232345746e+00
4.741692985314725917e+01 1.078468233697649437e+00
4.751197006118088240e+01 1.087165558162953127e+00
4.760376191051727801e+01 1.095862882628256818e+00
4.769236820614407435e+01 1.104560207093560287e+00
4.777785089449719891e+01 1.113257531558863977e+00
4.786027105903575318e+01 1.121954856024167668e+00
4.793968891692074408e+01 1.130652180489471137e+00
4.801616381673024847e+01 1.139349504954774828e+00
4.808975423714631603e+01 1.148046829420078518e+00
4.816051778655324966e+01 1.156744153885382209e+00
4.822851120348786225e+01 1.165441478350685678e+00
4.829379035788867469e+01 1.174138802815989369e+00
4.835641025308972019e+01 1.182836127281293059e+00
4.841642502851076557e+01 1.191533451746596528e+00
4.847388796299512137e+01 1.200230776211900219e+00
4.852885147875312555e+01 1.208928100677203910e+00
4.858136714586597549e+01 1.217625425142507600e+00
4.863148568731091359e+01 1.226322749607811069e+00
4.867925698447024274e+01 1.235020074073114760e+00
4.872473008308691789e+01 1.243717398538418450e+00
4.876795319963300557e+01 1.252414723003721919e+00
4.880897372805842593e+01 1.261112047469025610e+00
4.884783824688992837e+01 1.269809371934329301e+00
4.888459252664954136e+01 1.278506696399632769e+00
4.891928153756676068e+01 1.287204020864936460e+00
4.895194945755748961e+01 1.295901345330240151e+00
4.898263968044570049e+01 1.304598669795543842e+00
4.901139482440310502e+01 1.313295994260847310e+00
4.903825674058721518e+01 1.321993318726151001e+00
4.906326652195478744e+01 1.330690643191454692e+00
4.908646451223231821e+01 1.339387967656758160e+00
4.910789031502462620e+01 1.348085292122061851e+00
4.912758280304419145e+01 1.356782616587365542e+00
4.914558012744480919e+01 1.365479941052669233e+00
4.916191972724391945e+01 1.374177265517972701e+00
4.917663833881961466e+01 1.382874589983276392e+00
4.918977200546733286e+01 1.391571914448580083e+00
4.920135608700485363e+01 1.400269238913883552e+00
4.921142526941255824e+01 1.408966563379187242e+00
4.922001357449779846e+01 1.417663887844490933e+00
4.922715436957233237e+01 1.426361212309794624e+00
4.923288037713366094e+01 1.435058536775098093e+00
4.923722368454042453e+01 1.443755861240401783e+00
4.924021575367246584e+01 1.452453185705705474e+00
4.924188743056888029e+01 1.461150510171008943e+00
4.924226895503456092e+01 1.469847834636312633e+00
4.924138997020980213e+01 1.478545159101616324e+00
4.923927953209534536e+01 1.487242483566920015e+00
4.923596611902684117e+01 1.495939808032223484e+00
4.923147764109297242e+01 1.504637132497527174e+00
4.922584144949254181e+01 1.513334456962830865e+00
4.921908434582444158e+01 1.522031781428134334e+00
4.921123259130726524e+01 1.530729105893438025e+00
4.920231191592369413e+01 1.539426430358741715e+00
4.919234752748509010e+01 1.548123754824045184e+00
4.918136412061454621e+01 1.556821079289348875e+00
4.916938588564386947e+01 1.565518403754652565e+00
4.915643651742134068e+01 1.574215728219956256e+00
4.914253922402933483e+01 1.582913052685259725e+00
4.912771673540677142e+01 1.591610377150563416e+00
4.911199131187668598e+01 1.600307701615867106e+00
4.909538475257552648e+01 1.609005026081170575e+00
4.907791840378303760e+01 1.617702350546474266e+00
4.905961316715089282e+01 1.626399675011777957e+00
4.904048950782914318e+01 1.635096999477081647e+00
4.902056746248869956e+01 1.643794323942385116e+00
4.899986664724011121e+01 1.652491648407688807e+00
4.897840626544588361e+01 1.661188972872992498e+00
4.895620511542748687e+01 1.669886297338295966e+00
4.893328159806613797e+01 1.678583621803599657e+00
4.890965372429596414e+01 1.687280946268903348e+00
4.888533912249033619e+01 1.695978270734207038e+00
4.886035504574085309e+01 1.704675595199510507e+00
4.883471837902943236e+01 1.713372919664814198e+00
4.880844564629197890e+01 1.722070244130117889e+00
4.878155301737632499e+01 1.730767568595421357e+00
4.875405631489257985e+01 1.739464893060724826e+00
4.872597102095689081e+01 1.748162217526028295e+00
4.869731228382936905e+01 1.756859541991331763e+00
4.866809492444670582e+01 1.765556866456635232e+00
4.863833344284908833e+01 1.774254190921938701e+00
4.860804202450321299e+01 1.782951515387241948e+00
4.857723454652171569e+01 1.791648839852545416e+00
4.854592458377902631e+01 1.800346164317848885e+00
4.851412541492528874e+01 1.809043488783152354e+00
4.848185002829958279e+01 1.817740813248455822e+00
4.844911112774144613e+01 1.826438137713759291e+00
4.841592113830370181e+01 1.835135462179062538e+00
4.838229221186687568e+01 1.843832786644366006e+00
4.834823623265487669e+01 1.852530111109669475e+00
4.831376482265509509e+01 1.861227435574972944e+00
4.827888934694256307e+01 1.869924760040276412e+00
4.824362091890945692e+01 1.878622084505579881e+00
4.820797040540139733e+01 1.887319408970883128e+00
4.817194843176142172e+01 1.896016733436186597e+00
4.813556538678221841e+01 1.904714057901490065e+00
4.809883142756926588e+01 1.913411382366793534e+00
4.806175648431384673e+01 1.922108706832097003e+00
4.802435026497992965e+01 1.930806031297400471e+00
4.798662225990198493e+01 1.939503355762703940e+00
4.794858174629998615e+01 1.948200680228007187e+00
4.791023779270854988e+01 1.956898004693310655e+00
4.787159926332326165e+01 1.965595329158614124e+00
4.783267482226546008e+01 1.974292653623917593e+00
4.779347293776650218e+01 1.982989978089221061e+00
4.775400188627107667e+01 1.991687302554524530e+00
4.771426975646431856e+01 2.000384627019827999e+00
