1.507982202860765852e+01 0.000000000000000000e+00
1.486019573816898864e+00 1.014237117298727236e-03
8.961502088813065869e-01 2.028474234597454472e-03
6.737176366258544880e-01 3.042711351896182359e-03
5.357887126606181161e-01 4.056948469194908945e-03
4.389824951605030834e-01 5.071185586493636398e-03
3.687169972112458449e-01 6.085422703792362983e-03
3.166560315115679036e-01 7.099659821091090436e-03
2.773877334237260239e-01 8.113896938389817889e-03
2.472888638615964030e-01 9.128134055688543608e-03
2.238781880453138140e-01 1.014237117298727106e-02
2.054194496490428512e-01 1.115660829028599851e-02
1.906745771486511309e-01 1.217084540758472597e-02
1.787468078849639985e-01 1.318508252488345515e-02
1.689781024621108685e-01 1.419931964218218261e-02
1.608802336981451364e-01 1.521355675948091180e-02
1.540874392649281832e-01 1.622779387677963925e-02
1.483232919374101177e-01 1.724203099407837017e-02
1.433771739807207513e-01 1.825626811137709762e-02
1.390873671584452465e-01 1.927050522867582508e-02
1.353287723025645151e-01 2.028474234597455253e-02
1.320039110267978155e-01 2.129897946327328345e-02
1.290362799720941589e-01 2.231321658057201091e-02
1.263654072655440719e-01 2.332745369787073836e-02
1.239431509002728860e-01 2.434169081516946581e-02
1.217309099468141531e-01 2.535592793246819326e-02
1.196975112304562994e-01 2.637016504976692072e-02
1.178175989237852384e-01 2.738440216706564817e-02
1.160704007358002582e-01 2.839863928436437909e-02
1.144387776309915977e-01 2.941287640166310655e-02
1.129084881064093548e-01 3.042711351896183400e-02
1.114676156321756095e-01 3.144135063626056492e-02
1.101061207623171001e-01 3.245558775355929237e-02
1.088154889466587671e-01 3.346982487085801983e-02
1.075884521412455580e-01 3.448406198815674728e-02
1.064187675846614278e-01 3.549829910545547473e-02
1.053010410558377075e-01 3.651253622275420219e-02
1.042305848995933037e-01 3.752677334005292964e-02
1.032033033509665160e-01 3.854101045735166403e-02
1.022155993928360318e-01 3.955524757465039148e-02
1.012642986781499554e-01 4.056948469194911894e-02
1.003465870400720578e-01 4.158372180924784639e-02
9.945995887422863502e-02 4.259795892654657384e-02
9.860217426322009926e-02 4.361219604384530130e-02
9.777122316645740774e-02 4.462643316114402875e-02
9.696529534940537265e-02 4.564067027844275620e-02
9.618275499967016140e-02 4.665490739574149059e-02
9.542211919061784064e-02 4.766914451304021805e-02
9.468203952023657166e-02 4.868338163033893856e-02
9.396128638453034310e-02 4.969761874763765908e-02
9.325873544812855742e-02 5.071185586493638653e-02
9.257335595704077602e-02 5.172609298223510704e-02
9.190420060356035981e-02 5.274033009953383450e-02
9.125039670542343939e-02 5.375456721683255501e-02
9.061113850302002226e-02 5.476880433413127552e-02
8.998568041185472932e-02 5.578304145143000298e-02
8.937333109471391757e-02 5.679727856872872349e-02
8.877344823992219802e-02 5.781151568602744401e-02
8.818543394990538409e-02 5.882575280332617146e-02
8.760873065921601088e-02 5.983998992062489197e-02
8.704281751311898629e-02 6.085422703792361249e-02
8.648720714794799758e-02 6.186846415522233994e-02
8.594144282287023706e-02 6.288270127252106045e-02
8.540509585957627159e-02 6.389693838981978791e-02
8.487776335246662029e-02 6.491117550711850148e-02
8.435906611679841460e-02 6.592541262441722894e-02
8.384864684657428180e-02 6.693964974171595639e-02
8.334616845746714575e-02 6.795388685901466996e-02
8.285131259341846355e-02 6.896812397631339742e-02
8.236377827794405526e-02 6.998236109361212487e-02
8.188328069375649942e-02 7.099659821091083844e-02
8.140955007613809302e-02 7.201083532820956590e-02
8.094233070749928816e-02 7.302507244550829335e-02
8.048138000161511596e-02 7.403930956280702080e-02
8.002646766810690704e-02 7.505354668010573438e-02
7.957737494806151057e-02 7.606778379740446183e-02
7.913389391343765566e-02 7.708202091470318928e-02
7.869582682330668322e-02 7.809625803200190286e-02
7.826298553114693912e-02 7.911049514930063031e-02
7.783519093771565367e-02 8.012473226659935777e-02
7.741227248500937019e-02 8.113896938389807134e-02
7.699406768718691785e-02 8.215320650119679879e-02
7.658042169472394078e-02 8.316744361849552625e-02
7.617118688869005394e-02 8.418168073579423982e-02
7.576622250226699995e-02 8.519591785309296728e-02
7.536539426699807864e-02 8.621015497039169473e-02
7.496857408148747959e-02 8.722439208769040830e-02
7.457563970066798109e-02 8.823862920498913576e-02
7.418647444378083378e-02 8.925286632228786321e-02
7.380096691954675381e-02 9.026710343958657679e-02
7.341901076719083152e-02 9.128134055688530424e-02
7.304050441192194709e-02 9.229557767418403169e-02
7.266535083395823935e-02 9.330981479148274527e-02
7.229345734993079808e-02 9.432405190878147272e-02
7.192473540592854431e-02 9.533828902608020017e-02
7.155910038118484806e-02 9.635252614337891375e-02
7.119647140196042057e-02 9.736676326067764120e-02
7.083677116465976475e-02 9.838100037797636865e-02
7.047992576786994701e-02 9.939523749527509611e-02
7.012586455257177609e-02 1.004094746125738097e-01
6.977451995016396846e-02 1.014237117298725371e-01
6.942582733781539617e-02 1.024379488471712646e-01
6.907972490069121119e-02 1.034521859644699782e-01
6.873615350075786001e-02 1.044664230817687056e-01
6.839505655174625554e-02 1.054806601990674331e-01
6.805637989997291581e-02 1.064948973163661466e-01
6.772007171076957488e-02 1.075091344336648741e-01
6.738608236015224129e-02 1.085233715509636016e-01
6.705436433151719389e-02 1.095376086682623151e-01
6.672487211715372180e-02 1.105518457855610426e-01
6.639756212426292659e-02 1.115660829028597700e-01
6.607239258535475834e-02 1.125803200201584836e-01
6.574932347276192524e-02 1.135945571374572111e-01
6.542831641708600487e-02 1.146087942547559385e-01
6.510933462941585759e-02 1.156230313720546521e-01
6.479234282714052551e-02 1.166372684893533795e-01
6.447730716318136879e-02 1.176515056066521070e-01
6.416419515849616784e-02 1.186657427239508206e-01
6.385297563769140594e-02 1.196799798412495480e-01
6.354361866766664035e-02 1.206942169585482755e-01
6.323609549902940719e-02 1.217084540758469891e-01
6.293037851030920671e-02 1.227226911931457165e-01
6.262644115472601469e-02 1.237369283104444440e-01
6.232425790945013422e-02 1.247511654277431575e-01
6.202380422722807846e-02 1.257654025450418989e-01
6.172505649030975150e-02 1.267796396623405986e-01
6.142799196645901127e-02 1.277938767796393260e-01
6.113258876711679529e-02 1.288081138969380535e-01
6.083882580747215774e-02 1.298223510142367809e-01
6.054668276848521741e-02 1.308365881315355084e-01
6.025614006058432198e-02 1.318508252488342358e-01
5.996717878924801015e-02 1.328650623661329355e-01
5.967978072204147694e-02 1.338792994834316630e-01
5.939392825740792692e-02 1.348935366007303904e-01
5.910960439474797351e-02 1.359077737180291179e-01
5.882679270609895983e-02 1.369220108353278453e-01
5.854547730906332209e-02 1.379362479526265728e-01
5.826564284109409658e-02 1.389504850699253002e-01
5.798727443493231770e-02 1.399647221872239999e-01
5.771035769532378151e-02 1.409789593045227274e-01
5.743487867679238773e-02 1.419931964218214548e-01
5.716082386249379810e-02 1.430074335391201823e-01
5.688818014411663182e-02 1.440216706564189098e-01
5.661693480270355711e-02 1.450359077737176372e-01
5.634707549046508168e-02 1.460501448910163369e-01
5.607859021343085393e-02 1.470643820083150644e-01
5.581146731493802360e-02 1.480786191256137918e-01
5.554569545995655805e-02 1.490928562429125193e-01
5.528126362015658990e-02 1.501070933602112467e-01
5.501816105970194076e-02 1.511213304775099742e-01
5.475637732172745908e-02 1.521355675948086739e-01
5.449590221551381397e-02 1.531498047121074013e-01
5.423672580424799411e-02 1.541640418294061288e-01
5.397883839340086864e-02 1.551782789467048562e-01
5.372223051968681024e-02 1.561925160640035837e-01
5.346689294050832597e-02 1.572067531813023111e-01
5.321281662402001233e-02 1.582209902986010108e-01
5.295999273958588299e-02 1.592352274158997383e-01
5.270841264874087662e-02 1.602494645331984657e-01
5.245806789659685637e-02 1.612637016504971932e-01
5.220895020369561990e-02 1.622779387677959206e-01
5.196105145820034688e-02 1.632921758850946481e-01
5.171436370856349884e-02 1.643064130023933478e-01
5.146887915644546285e-02 1.653206501196920752e-01
5.122459015009762223e-02 1.663348872369908027e-01
5.098148917797229451e-02 1.673491243542895301e-01
5.073956886272380784e-02 1.683633614715882576e-01
5.049882195546372132e-02 1.693775985888869851e-01
5.025924133030190699e-02 1.703918357061857125e-01
5.002081997918194495e-02 1.714060728234844122e-01
4.978355100697022528e-02 1.724203099407831397e-01
4.954742762674169826e-02 1.734345470580818671e-01
4.931244315534375616e-02 1.744487841753805946e-01
4.907859100920847900e-02 1.754630212926793220e-01
4.884586470027939969e-02 1.764772584099780495e-01
4.861425783222409619e-02 1.774914955272767492e-01
4.838376409680765489e-02 1.785057326445754766e-01
4.815437727042722743e-02 1.795199697618742041e-01
4.792609121083368784e-02 1.805342068791729315e-01
4.769889985404395655e-02 1.815484439964716590e-01
4.747279721134960856e-02 1.825626811137703864e-01
4.724777736649616450e-02 1.835769182310690861e-01
4.702383447305197306e-02 1.845911553483678136e-01
4.680096275181067772e-02 1.856053924656665410e-01
4.657915648841769174e-02 1.866196295829652685e-01
4.635841003106057345e-02 1.876338667002639959e-01
4.613871778825422154e-02 1.886481038175627234e-01
4.592007422681024242e-02 1.896623409348614231e-01
4.570247386982827925e-02 1.906765780521601505e-01
4.548591129484482604e-02 1.916908151694588780e-01
4.527038113203950970e-02 1.927050522867576332e-01
4.505587806250809652e-02 1.937192894040563607e-01
4.484239681672477079e-02 1.947335265213551159e-01
4.462993217292478276e-02 1.957477636386538711e-01
4.441847895568262067e-02 1.967620007559525985e-01
4.420803203454413272e-02 1.977762378732513537e-01
4.399858632266701736e-02 1.987904749905500812e-01
4.379013677559371459e-02 1.998047121078488364e-01
4.358267839003845262e-02 2.008189492251475916e-01
4.337620620276155109e-02 2.018331863424463191e-01
4.317071528949140841e-02 2.028474234597450743e-01
4.296620076386746534e-02 2.038616605770438017e-01
4.276265777651566680e-02 2.048758976943425569e-01
4.256008151404765821e-02 2.058901348116413121e-01
4.235846719822336515e-02 2.069043719289400396e-01
4.215781008506579858e-02 2.079186090462387948e-01
4.195810546410158604e-02 2.089328461635375500e-01
4.175934865754945408e-02 2.099470832808362775e-01
4.156153501962814995e-02 2.109613203981350327e-01
4.136465993579546002e-02 2.119755575154337601e-01
4.116871882216633499e-02 2.129897946327325153e-01
4.097370712482347604e-02 2.140040317500312705e-01
4.077962031922236635e-02 2.150182688673299980e-01
4.058645390962419691e-02 2.160325059846287532e-01
4.039420342853303203e-02 2.170467431019274807e-01
4.020286443619332239e-02 2.180609802192262359e-01
4.001243252004751255e-02 2.190752173365249911e-01
3.982290329430208942e-02 2.200894544538237185e-01
3.963427239944570385e-02 2.211036915711224737e-01
3.944653550180585860e-02 2.221179286884212012e-01
3.925968829314775699e-02 2.231321658057199564e-01
3.907372649025731004e-02 2.241464029230187116e-01
3.888864583457304208e-02 2.251606400403174391e-01
3.870444209180938511e-02 2.261748771576161943e-01
3.852111105161092064e-02 2.271891142749149217e-01
3.833864852720453992e-02 2.282033513922136769e-01
3.815705035509207865e-02 2.292175885095124321e-01
3.797631239473649167e-02 2.302318256268111596e-01
3.779643052825255867e-02 2.312460627441099148e-01
3.761740066015656359e-02 2.322602998614086700e-01
3.743921871701941240e-02 2.332745369787073975e-01
3.726188064731709298e-02 2.342887740960061527e-01
3.708538242105394872e-02 2.353030112133048801e-01
3.690972002960395126e-02 2.363172483306036353e-01
3.673488948546264898e-02 2.373314854479023905e-01
3.656088682199037238e-02 2.383457225652011180e-01
3.638770809320965305e-02 2.393599596824998732e-01
3.621534937361785278e-02 2.403741967997986007e-01
3.604380675796067107e-02 2.413884339170973559e-01
3.587307636103410913e-02 2.424026710343961111e-01
3.570315431750891583e-02 2.434169081516948385e-01
3.553403678175288266e-02 2.444311452689935937e-01
3.536571992763075378e-02 2.454453823862923212e-01
3.519819994835073074e-02 2.464596195035910764e-01
3.503147305631044289e-02 2.474738566208898316e-01
3.486553548289993837e-02 2.484880937381885591e-01
3.470038347837100384e-02 2.495023308554873143e-01
3.453601331170571415e-02 2.505165679727860417e-01
3.437242127041780643e-02 2.515308050900847969e-01
3.420960366045368989e-02 2.525450422073835521e-01
3.404755680603065160e-02 2.535592793246823073e-01
3.388627704950946534e-02 2.545735164419810070e-01
3.372576075127709655e-02 2.555877535592797622e-01
3.356600428958991800e-02 2.566019906765785175e-01
3.340700406046025195e-02 2.576162277938772727e-01
3.324875647754795688e-02 2.586304649111760279e-01
3.309125797202273900e-02 2.596447020284747276e-01
3.293450499245430957e-02 2.606589391457734828e-01
3.277849400469921848e-02 2.616731762630722380e-01
3.262322149178991521e-02 2.626874133803709932e-01
3.246868395382295630e-02 2.637016504976697484e-01
3.231487790785408931e-02 2.647158876149685036e-01
3.216179988778822274e-02 2.657301247322672033e-01
3.200944644428196928e-02 2.667443618495659585e-01
3.185781414465037320e-02 2.677585989668647137e-01
3.170689957274035881e-02 2.687728360841634689e-01
3.155669932886671913e-02 2.697870732014622241e-01
3.140721002969019265e-02 2.708013103187609238e-01
3.125842830813384265e-02 2.718155474360596791e-01
3.111035081331077826e-02 2.728297845533584343e-01
3.096297421037450329e-02 2.738440216706571895e-01
3.081629518049860961e-02 2.748582587879559447e-01
3.067031042074047989e-02 2.758724959052546444e-01
3.052501664396337772e-02 2.768867330225533996e-01
3.038041057877363324e-02 2.779009701398521548e-01
3.023648896940900679e-02 2.789152072571509100e-01
3.009324857564353584e-02 2.799294443744496652e-01
2.995068617274970410e-02 2.809436814917483649e-01
2.980879855138524395e-02 2.819579186090471201e-01
2.966758251751234685e-02 2.829721557263458753e-01
2.952703489231799788e-02 2.839863928436446305e-01
2.938715251214271337e-02 2.850006299609433857e-01
2.924793222840254073e-02 2.860148670782420854e-01
2.910937090749899855e-02 2.870291041955408406e-01
2.897146543076241712e-02 2.880433413128395959e-01
2.883421269433874418e-02 2.890575784301383511e-01
2.869760960916166448e-02 2.900718155474371063e-01
2.856165310084944967e-02 2.910860526647358060e-01
2.842634010963223518e-02 2.921002897820345612e-01
2.829166759028033801e-02 2.931145268993333164e-01
2.815763251203938847e-02 2.941287640166320716e-01
2.802423185855077228e-02 2.951430011339308268e-01
2.789146262777766200e-02 2.961572382512295265e-01
2.775932183194049566e-02 2.971714753685282817e-01
2.762780649743969835e-02 2.981857124858270369e-01
2.749691366480354685e-02 2.991999496031257921e-01
2.736664038858372186e-02 3.002141867204245473e-01
2.723698373731355329e-02 3.012284238377232470e-01
2.710794079345027127e-02 3.022426609550220022e-01
2.697950865326793901e-02 3.032568980723207575e-01
2.685168442682634923e-02 3.042711351896195127e-01
2.672446523788102324e-02 3.052853723069182679e-01
2.659784822382711342e-02 3.062996094242169676e-01
2.647183053563382724e-02 3.073138465415157228e-01
2.634640933776805777e-02 3.083280836588144780e-01
2.622158180815338871e-02 3.093423207761132332e-01
2.609734513807275558e-02 3.103565578934119884e-01
2.597369653212134449e-02 3.113707950107107436e-01
2.585063320814441623e-02 3.123850321280094433e-01
2.572815239717281960e-02 3.133992692453081985e-01
2.560625134334423153e-02 3.144135063626069537e-01
2.548492730387846156e-02 3.154277434799057089e-01
2.536417754895683996e-02 3.164419805972044641e-01
2.524399936170014513e-02 3.174562177145031638e-01
2.512439003811240551e-02 3.184704548318019190e-01
2.500534688699822261e-02 3.194846919491006743e-01
2.488686722990010938e-02 3.204989290663994295e-01
2.476894840104894302e-02 3.215131661836981847e-01
2.465158774730778768e-02 3.225274033009968844e-01
2.453478262808470034e-02 3.235416404182956396e-01
2.441853041531372517e-02 3.245558775355943948e-01
2.430282849335250323e-02 3.255701146528931500e-01
2.418767425895653952e-02 3.265843517701919052e-01
2.407306512121335992e-02 3.275985888874906049e-01
2.395899850145174689e-02 3.286128260047893601e-01
2.384547183322713315e-02 3.296270631220881153e-01
2.373248256224209235e-02 3.306413002393868705e-01
2.362002814629079669e-02 3.316555373566856257e-01
2.350810605519735100e-02 3.326697744739843254e-01
2.339671377076917719e-02 3.336840115912830806e-01
2.328584878672777109e-02 3.346982487085818359e-01
2.317550860867018114e-02 3.357124858258805911e-01
2.306569075396835977e-02 3.367267229431793463e-01
2.295639275179053515e-02 3.377409600604780460e-01
2.284761214296099005e-02 3.387551971777768012e-01
2.273934647996746217e-02 3.397694342950755564e-01
2.263159332686508207e-02 3.407836714123743116e-01
2.252435025925077217e-02 3.417979085296730668e-01
2.241761486417883850e-02 3.428121456469717665e-01
2.231138474014116718e-02 3.438263827642705217e-01
2.220565749698772892e-02 3.448406198815692769e-01
2.210043075586196407e-02 3.458548569988680321e-01
2.199570214919270919e-02 3.468690941161667873e-01
2.189146932060040754e-02 3.478833312334654870e-01
2.178772992485013965e-02 3.488975683507642422e-01
2.168448162781555152e-02 3.499118054680629974e-01
2.158172210639502583e-02 3.509260425853617527e-01
2.147944904850575265e-02 3.519402797026605079e-01
2.137766015298913497e-02 3.529545168199592076e-01
2.127635312958105901e-02 3.539687539372579628e-01
2.117552569883154184e-02 3.549829910545567180e-01
2.107517559212351496e-02 3.559972281718554732e-01
2.097530055151905840e-02 3.570114652891542284e-01
2.087589832979890037e-02 3.580257024064529836e-01
2.077696669036889487e-02 3.590399395237516833e-01
2.067850340719680491e-02 3.600541766410504385e-01
2.058050626482035850e-02 3.610684137583491937e-01
2.048297305821298805e-02 3.620826508756479489e-01
2.038590159281718217e-02 3.630968879929467041e-01
2.028928968443975689e-02 3.641111251102454038e-01
2.019313515921553059e-02 3.651253622275441590e-01
2.009743585357412834e-02 3.661395993448429143e-01
2.000218961417392013e-02 3.671538364621416695e-01
1.990739429787641637e-02 3.681680735794404247e-01
1.981304777165047645e-02 3.691823106967391244e-01
1.971914791257327673e-02 3.701965478140378796e-01
1.962569260776415858e-02 3.712107849313366348e-01
1.953267975434179113e-02 3.722250220486353900e-01
1.944010725934652156e-02 3.732392591659341452e-01
1.934797303975820462e-02 3.742534962832328449e-01
1.925627502237279090e-02 3.752677334005316001e-01
1.916501114380919982e-02 3.762819705178303553e-01
1.907417935045033208e-02 3.772962076351291105e-01
1.898377759837750062e-02 3.783104447524278657e-01
1.889380385335452661e-02 3.793246818697265654e-01
1.880425609075572421e-02 3.803389189870253206e-01
1.871513229553518898e-02 3.813531561043240758e-01
1.862643046217798970e-02 3.823673932216228311e-01
1.853814859464969836e-02 3.833816303389215863e-01
1.845028470636560919e-02 3.843958674562202860e-01
1.836283682012987070e-02 3.854101045735189857e-01
1.827580296809405008e-02 3.864243416908177409e-01
1.818918119172440936e-02 3.874385788081164961e-01
1.810296954173993070e-02 3.884528159254152513e-01
1.801716607808592080e-02 3.894670530427140065e-01
1.793176886988164659e-02 3.904812901600127062e-01
1.784677599537752568e-02 3.914955272773114614e-01
1.776218554190587759e-02 3.925097643946102166e-01
1.767799560584787030e-02 3.935240015119089718e-01
1.759420429258893442e-02 3.945382386292077270e-01
1.751080971647454854e-02 3.955524757465064822e-01
1.742781000076521272e-02 3.965667128638051819e-01
1.734520327758401828e-02 3.975809499811039371e-01
1.726298768792067229e-02 3.985951870984026923e-01
1.718116138150616035e-02 3.996094242157014476e-01
1.709972251686421932e-02 4.006236613330002028e-01
1.701866926120212953e-02 4.016378984502989025e-01
1.693799979041058293e-02 4.026521355675976577e-01
1.685771228898569341e-02 4.036663726848964129e-01
1.677780495002226951e-02 4.046806098021951681e-01
1.669827597515154485e-02 4.056948469194939233e-01
1.661912357451715908e-02 4.067090840367926230e-01
1.654034596671559096e-02 4.077233211540913782e-01
1.646194137877075164e-02 4.087375582713901334e-01
1.638390804609326720e-02 4.097517953886888886e-01
1.630624421242468300e-02 4.107660325059876438e-01
1.622894812983202706e-02 4.117802696232863435e-01
1.615201805861715342e-02 4.127945067405850987e-01
1.607545226733939070e-02 4.138087438578838539e-01
1.599924903271833856e-02 4.148229809751826092e-01
1.592340663963687231e-02 4.158372180924813644e-01
1.584792338108371307e-02 4.168514552097800641e-01
1.577279755811203388e-02 4.178656923270788193e-01
1.569802747981188448e-02 4.188799294443775745e-01
1.562361146327201009e-02 4.198941665616763297e-01
1.554954783352884874e-02 4.209084036789750849e-01
1.547583492354415863e-02 4.219226407962737846e-01
1.540247107416544206e-02 4.229368779135725398e-01
1.532945463406704296e-02 4.239511150308712950e-01
1.525678395974986758e-02 4.249653521481700502e-01
1.518445741547785541e-02 4.259795892654688054e-01
1.511247337323983614e-02 4.269938263827675051e-01
1.504083021273376272e-02 4.280080635000662603e-01
1.496952632131426722e-02 4.290223006173650155e-01
1.489856009395029018e-02 4.300365377346637707e-01
1.482792993321496028e-02 4.310507748519625260e-01
1.475763424922284933e-02 4.320650119692612257e-01
1.468767145960958240e-02 4.330792490865599809e-01
1.461803998948386918e-02 4.340934862038587361e-01
1.454873827140842381e-02 4.351077233211574913e-01
1.447976474534888765e-02 4.361219604384562465e-01
1.441111785865963578e-02 4.371361975557550017e-01
1.434279606601297254e-02 4.381504346730537014e-01
1.427479782941150528e-02 4.391646717903524566e-01
1.420712161810705997e-02 4.401789089076512118e-01
1.413976590859510225e-02 4.411931460249499670e-01
1.407272918458402251e-02 4.422073831422487222e-01
1.400600993693932109e-02 4.432216202595474219e-01
1.393960666366457317e-02 4.442358573768461771e-01
1.387351786985586283e-02 4.452500944941449323e-01
1.380774206768551129e-02 4.462643316114436876e-01
1.374227777636350713e-02 4.472785687287424428e-01
1.367712352208903283e-02 4.482928058460411425e-01
1.361227783803009572e-02 4.493070429633398977e-01
1.354773926429314948e-02 4.503212800806386529e-01
1.348350634788484000e-02 4.513355171979374081e-01
1.341957764268215947e-02 4.523497543152361633e-01
1.335595170940178864e-02 4.533639914325348630e-01
1.329262711554847660e-02 4.543782285498336182e-01
1.322960243541060343e-02 4.553924656671323734e-01
1.316687625002123906e-02 4.564067027844311286e-01
1.310444714711460519e-02 4.574209399017298838e-01
1.304231372109752006e-02 4.584351770190285835e-01
1.298047457302917845e-02 4.594494141363273387e-01
1.291892831057941254e-02 4.604636512536260939e-01
1.285767354799430100e-02 4.614778883709248491e-01
1.279670890608396519e-02 4.624921254882236044e-01
1.273603301216303003e-02 4.635063626055223041e-01
1.267564450004866894e-02 4.645205997228210593e-01
1.261554201000065177e-02 4.655348368401198145e-01
1.255572418872803742e-02 4.665490739574185697e-01
1.249618968931579324e-02 4.675633110747173249e-01
1.243693717122746657e-02 4.685775481920160246e-01
1.237796530026865315e-02 4.695917853093147798e-01
1.231927274854053254e-02 4.706060224266135350e-01
1.226085819442093196e-02 4.716202595439122902e-01
1.220272032255441223e-02 4.726344966612110454e-01
1.214485782377926898e-02 4.736487337785097451e-01
1.208726939513586097e-02 4.746629708958085003e-01
1.202995373982455179e-02 4.756772080131072555e-01
1.197290956717090432e-02 4.766914451304060107e-01
1.191613559260634204e-02 4.777056822477047660e-01
1.185963053763108496e-02 4.787199193650034656e-01
1.180339312979201971e-02 4.797341564823022209e-01
1.174742210264989248e-02 4.807483935996009761e-01
1.169171619575399244e-02 4.817626307168997313e-01
1.163627415461026410e-02 4.827768678341984865e-01
1.158109473065913400e-02 4.837911049514972417e-01
1.152617668123531204e-02 4.848053420687959414e-01
1.147151876955472202e-02 4.858195791860946966e-01
1.141711976468349349e-02 4.868338163033934518e-01
1.136297844149437332e-02 4.878480534206922070e-01
1.130909358066639440e-02 4.888622905379909622e-01
1.125546396862488197e-02 4.898765276552896619e-01
1.120208839755634442e-02 4.908907647725884171e-01
1.114896566533456375e-02 4.919050018898871723e-01
1.109609457553134733e-02 4.929192390071859275e-01
1.104347393736544204e-02 4.939334761244846828e-01
1.099110256568977539e-02 4.949477132417833825e-01
1.093897928095844373e-02 4.959619503590821377e-01
1.088710290920194730e-02 4.969761874763808929e-01
1.083547228199975392e-02 4.979904245936796481e-01
1.078408623646064969e-02 4.990046617109784033e-01
1.073294361518075703e-02 5.000188988282771030e-01
1.068204326624000791e-02 5.010331359455758582e-01
1.063138404315780786e-02 5.020473730628746134e-01
1.058096480487017224e-02 5.030616101801733686e-01
1.053078441570627286e-02 5.040758472974721238e-01
1.048084174537928029e-02 5.050900844147708790e-01
1.043113566893347915e-02 5.061043215320696342e-01
1.038166506672851506e-02 5.071185586493683894e-01
1.033242882442702085e-02 5.081327957666670336e-01
1.028342583295504230e-02 5.091470328839657888e-01
1.023465498848564678e-02 5.101612700012645440e-01
1.018611519240168045e-02 5.111755071185632993e-01
1.013780535128910171e-02 5.121897442358620545e-01
1.008972437689641642e-02 5.132039813531608097e-01
1.004187118612557758e-02 5.142182184704595649e-01
9.994244700987996166e-03 5.152324555877583201e-01
9.946843848607667127e-03 5.162466927050570753e-01
9.899667561158962195e-03 5.172609298223558305e-01
9.852714775879588271e-03 5.182751669396544747e-01
9.805984435035216412e-03 5.192894040569532299e-01
9.759475485879390635e-03 5.203036411742519851e-01
9.713186880652714336e-03 5.213178782915507403e-01
9.667117576544339425e-03 5.223321154088494955e-01
9.621266535678638446e-03 5.233463525261482507e-01
9.575632725080981955e-03 5.243605896434470059e-01
9.530215116661249972e-03 5.253748267607457612e-01
9.485012687200027048e-03 5.263890638780445164e-01
9.440024418299943279e-03 5.274033009953432716e-01
9.395249296389639876e-03 5.284175381126419158e-01
9.350686312692032404e-03 5.294317752299406710e-01
9.306334463185976860e-03 5.304460123472394262e-01
9.262192748614766352e-03 5.314602494645381814e-01
9.218260174424102588e-03 5.324744865818369366e-01
9.174535750791483826e-03 5.334887236991356918e-01
9.131018492544969514e-03 5.345029608164344470e-01
9.087707419190564628e-03 5.355171979337332022e-01
9.044601554860375731e-03 5.365314350510319574e-01
9.001699928309410403e-03 5.375456721683307126e-01
8.959001572873119892e-03 5.385599092856293568e-01
8.916505526463894965e-03 5.395741464029281120e-01
8.874210831542446443e-03 5.405883835202268672e-01
8.832116535103696695e-03 5.416026206375256224e-01
8.790221688633833089e-03 5.426168577548243777e-01
8.748525348114828681e-03 5.436310948721231329e-01
8.707026573992582286e-03 5.446453319894218881e-01
8.665724431150259241e-03 5.456595691067206433e-01
8.624617988895615789e-03 5.466738062240193985e-01
8.583706320933985959e-03 5.476880433413181537e-01
8.542988505356084727e-03 5.487022804586167979e-01
8.502463624606403092e-03 5.497165175759155531e-01
8.462130765465831345e-03 5.507307546932143083e-01
8.421989019045183350e-03 5.517449918105130635e-01
8.382037480744565852e-03 5.527592289278118187e-01
8.342275250239495482e-03 5.537734660451105739e-01
8.302701431469843366e-03 5.547877031624093291e-01
8.263315132597605014e-03 5.558019402797080843e-01
8.224115466021685375e-03 5.568161773970068396e-01
8.185101548328741969e-03 5.578304145143055948e-01
8.146272500282467771e-03 5.588446516316043500e-01
8.107627446798137613e-03 5.598588887489029942e-01
8.069165516942592570e-03 5.608731258662017494e-01
8.030885843891022793e-03 5.618873629835005046e-01
7.992787564918724108e-03 5.629016001007992598e-01
7.954869821383808021e-03 5.639158372180980150e-01
7.917131758704785624e-03 5.649300743353967702e-01
7.879572526332959473e-03 5.659443114526955254e-01
7.842191277752638690e-03 5.669585485699942806e-01
7.804987170449065662e-03 5.679727856872930358e-01
7.767959365883521893e-03 5.689870228045917910e-01
7.731107029487799438e-03 5.700012599218904352e-01
7.694429330646632495e-03 5.710154970391891904e-01
7.657925442663413192e-03 5.720297341564879456e-01
7.621594542750468465e-03 5.730439712737867008e-01
7.585435812021316254e-03 5.740582083910854561e-01
7.549448435447005112e-03 5.750724455083842113e-01
7.513631601868709167e-03 5.760866826256829665e-01
7.477984503949601687e-03 5.771009197429817217e-01
7.442506338182323065e-03 5.781151568602804769e-01
7.407196304848888760e-03 5.791293939775792321e-01
7.372053608024582011e-03 5.801436310948778763e-01
7.337077455533380123e-03 5.811578682121766315e-01
7.302267058960515596e-03 5.821721053294753867e-01
7.267621633613197650e-03 5.831863424467741419e-01
7.233140398508748452e-03 5.842005795640728971e-01
7.198822576357845685e-03 5.852148166813716523e-01
7.164667393549113000e-03 5.862290537986704075e-01
7.130674080130869862e-03 5.872432909159691627e-01
7.096841869792490202e-03 5.882575280332679180e-01
7.063169999838202033e-03 5.892717651505666732e-01
7.029657711192607329e-03 5.902860022678653174e-01
6.996304248363063687e-03 5.913002393851640726e-01
6.963108859435888746e-03 5.923144765024628278e-01
6.930070796035381689e-03 5.933287136197615830e-01
6.897189313354210385e-03 5.943429507370603382e-01
6.864463670079839173e-03 5.953571878543590934e-01
6.831893128425512753e-03 5.963714249716578486e-01
6.799476954078722754e-03 5.973856620889566038e-01
6.767214416212953554e-03 5.983998992062553590e-01
6.735104787448664872e-03 5.994141363235541142e-01
6.703147343854460975e-03 6.004283734408528694e-01
6.671341364913279184e-03 6.014426105581515136e-01
6.639686133521944915e-03 6.024568476754502688e-01
6.608180935970238770e-03 6.034710847927490240e-01
6.576825061912880757e-03 6.044853219100477792e-01
6.545617804385972863e-03 6.054995590273465345e-01
6.514558459740964202e-03 6.065137961446452897e-01
6.483646327682731671e-03 6.075280332619440449e-01
6.452880711213349746e-03 6.085422703792428001e-01
6.422260916632871117e-03 6.095565074965415553e-01
6.391786253528164603e-03 6.105707446138403105e-01
6.361456034749902316e-03 6.115849817311389547e-01
6.331269576395469161e-03 6.125992188484377099e-01
6.301226197796317569e-03 6.136134559657364651e-01
6.271325221510609671e-03 6.146276930830352203e-01
6.241565973294842425e-03 6.156419302003339755e-01
6.211947782091925725e-03 6.166561673176327307e-01
6.182469980026341662e-03 6.176704044349314859e-01
6.153131902375722807e-03 6.186846415522302411e-01
6.123932887564039959e-03 6.196988786695289964e-01
6.094872277145887279e-03 6.207131157868277516e-01
6.065949415786862572e-03 6.217273529041263957e-01
6.037163651254211054e-03 6.227415900214251510e-01
6.008514334402166070e-03 6.237558271387239062e-01
5.980000819149475753e-03 6.247700642560226614e-01
5.951622462477489627e-03 6.257843013733214166e-01
5.923378624406817894e-03 6.267985384906201718e-01
5.895268667981623523e-03 6.278127756079189270e-01
5.867291959262927077e-03 6.288270127252176822e-01
5.839447867311991537e-03 6.298412498425164374e-01
5.811735764170624513e-03 6.308554869598151926e-01
5.784155024853235814e-03 6.318697240771138368e-01
5.756705027330183237e-03 6.328839611944125920e-01
5.729385152505365141e-03 6.338981983117113472e-01
5.702194784231768773e-03 6.349124354290101024e-01
5.675133309259964599e-03 6.359266725463088576e-01
5.648200117241923557e-03 6.369409096636076129e-01
5.621394600726761781e-03 6.379551467809063681e-01
5.594716155125040863e-03 6.389693838982051233e-01
5.568164178721913583e-03 6.399836210155038785e-01
5.541738072634687373e-03 6.409978581328026337e-01
5.515437240816724838e-03 6.420120952501013889e-01
5.489261090049695618e-03 6.430263323674000331e-01
5.463209029910122243e-03 6.440405694846987883e-01
5.437280472775809885e-03 6.450548066019975435e-01
5.411474833800771801e-03 6.460690437192962987e-01
5.385791530905347478e-03 6.470832808365950539e-01
5.360229984767469168e-03 6.480975179538938091e-01
5.334789618794130023e-03 6.491117550711925643e-01
5.309469859134823867e-03 6.501259921884913195e-01
5.284270134644775997e-03 6.511402293057900748e-01
5.259189876885459261e-03 6.521544664230888300e-01
5.234228520103779980e-03 6.531687035403874741e-01
5.209385501221462308e-03 6.541829406576862294e-01
5.184660259833200752e-03 6.551971777749849846e-01
5.160052238174650183e-03 6.562114148922837398e-01
5.135560881125700132e-03 6.572256520095824950e-01
5.111185636187688328e-03 6.582398891268812502e-01
5.086925953481953935e-03 6.592541262441800054e-01
5.062781285728490920e-03 6.602683633614787606e-01
5.038751088232856952e-03 6.612826004787775158e-01
5.014834818885457839e-03 6.622968375960762710e-01
4.991031938134686194e-03 6.633110747133749152e-01
4.967341908978124658e-03 6.643253118306736704e-01
4.943764196967926142e-03 6.653395489479724256e-01
4.920298270168667852e-03 6.663537860652711808e-01
4.896943599174121732e-03 6.673680231825699360e-01
4.873699657072608563e-03 6.683822602998686913e-01
4.850565919453997572e-03 6.693964974171674465e-01
4.827541864378931576e-03 6.704107345344662017e-01
4.804626972393834065e-03 6.714249716517649569e-01
4.781820726484804600e-03 6.724392087690637121e-01
4.759122612093351010e-03 6.734534458863623563e-01
4.736532117093593397e-03 6.744676830036611115e-01
4.714048731783372810e-03 6.754819201209598667e-01
4.691671948870768105e-03 6.764961572382586219e-01
4.669401263466062442e-03 6.775103943555573771e-01
4.647236173065022284e-03 6.785246314728561323e-01
4.625176177546706444e-03 6.795388685901548875e-01
4.603220779144575996e-03 6.805531057074536427e-01
4.581369482462912569e-03 6.815673428247523979e-01
4.559621794439940728e-03 6.825815799420511532e-01
4.537977224344576233e-03 6.835958170593497973e-01
4.516435283777441717e-03 6.846100541766485525e-01
4.494995486642139673e-03 6.856242912939473078e-01
4.473657349144322636e-03 6.866385284112460630e-01
4.452420389777221252e-03 6.876527655285448182e-01
4.431284129315515505e-03 6.886670026458435734e-01
4.410248090800443846e-03 6.896812397631423286e-01
4.389311799525385908e-03 6.906954768804410838e-01
4.368474783035411479e-03 6.917097139977398390e-01
4.347736571115727242e-03 6.927239511150385942e-01
4.327096695758888764e-03 6.937381882323373494e-01
4.306554691190001699e-03 6.947524253496359936e-01
4.286110093828877921e-03 6.957666624669347488e-01
4.265762442290117057e-03 6.967808995842335040e-01
4.245511277373870823e-03 6.977951367015322592e-01
4.225356142052189880e-03 6.988093738188310144e-01
4.205296581455663860e-03 6.998236109361297697e-01
4.185332142873240090e-03 7.008378480534285249e-01
4.165462375731978500e-03 7.018520851707272801e-01
4.145686831591684392e-03 7.028663222880260353e-01
4.126005064132697714e-03 7.038805594053247905e-01
4.106416629156029244e-03 7.048947965226234347e-01
4.086921084548856935e-03 7.059090336399221899e-01
4.067517990309066182e-03 7.069232707572209451e-01
4.048206908497882332e-03 7.079375078745197003e-01
4.028987403263083016e-03 7.089517449918184555e-01
4.009859040806185854e-03 7.099659821091172107e-01
3.990821389385839843e-03 7.109802192264159659e-01
3.971874019301952635e-03 7.119944563437147211e-01
3.953016502892381552e-03 7.130086934610134763e-01
3.934248414509517421e-03 7.140229305783122316e-01
3.915569330527424695e-03 7.150371676956108757e-01
3.896978829319695109e-03 7.160514048129096309e-01
3.878476491263996989e-03 7.170656419302083862e-01
3.860061898714075516e-03 7.180798790475071414e-01
3.841734636003694449e-03 7.190941161648058966e-01
3.823494289434478319e-03 7.201083532821046518e-01
3.805340447261310391e-03 7.211225903994034070e-01
3.787272699693527023e-03 7.221368275167021622e-01
3.769290638878203606e-03 7.231510646340009174e-01
3.751393858890787487e-03 7.241653017512996726e-01
3.733581955726540148e-03 7.251795388685983168e-01
3.715854527298522326e-03 7.261937759858970720e-01
3.698211173414745964e-03 7.272080131031958272e-01
3.680651495786149176e-03 7.282222502204945824e-01
3.663175097994129156e-03 7.292364873377933376e-01
3.645781585514341720e-03 7.302507244550920928e-01
3.628470565673359242e-03 7.312649615723908481e-01
3.611241647666815855e-03 7.322791986896896033e-01
3.594094442539368800e-03 7.332934358069883585e-01
3.577028563164376569e-03 7.343076729242871137e-01
3.560043624263944505e-03 7.353219100415858689e-01
3.543139242371645594e-03 7.363361471588845131e-01
3.526315035839502291e-03 7.373503842761832683e-01
3.509570624831197683e-03 7.383646213934820235e-01
3.492905631293927865e-03 7.393788585107807787e-01
3.476319678982396199e-03 7.403930956280795339e-01
3.459812393416519891e-03 7.414073327453782891e-01
3.443383401894467739e-03 7.424215698626770443e-01
3.427032333482463861e-03 7.434358069799757995e-01
3.410758818994440687e-03 7.444500440972745547e-01
3.394562490996677184e-03 7.454642812145733100e-01
3.378442983794765434e-03 7.464785183318719541e-01
3.362399933420696062e-03 7.474927554491707093e-01
3.346432977633444997e-03 7.485069925664694646e-01
3.330541755903895697e-03 7.495212296837682198e-01
3.314725909409908192e-03 7.505354668010669750e-01
3.298985081029816475e-03 7.515497039183657302e-01
3.283318915326283866e-03 7.525639410356644854e-01
3.267727058553362464e-03 7.535781781529632406e-01
3.252209158628764901e-03 7.545924152702619958e-01
3.236764865142812038e-03 7.556066523875607510e-01
3.221393829349847825e-03 7.566208895048593952e-01
3.206095704140891380e-03 7.576351266221581504e-01
3.190870144059704434e-03 7.586493637394569056e-01
3.175716805284619672e-03 7.596636008567556608e-01
3.160635345617702173e-03 7.606778379740544160e-01
3.145625424481659008e-03 7.616920750913531712e-01
3.130686702914042222e-03 7.627063122086519265e-01
3.115818843556278882e-03 7.637205493259506817e-01
3.101021510640655440e-03 7.647347864432494369e-01
3.086294369995169328e-03 7.657490235605481921e-01
3.071637089029326771e-03 7.667632606778468363e-01
3.057049336720615851e-03 7.677774977951455915e-01
3.042530783622226891e-03 7.687917349124443467e-01
3.028081101840156275e-03 7.698059720297431019e-01
3.013699965036925697e-03 7.708202091470417461e-01
2.999387048415077563e-03 7.718344462643403903e-01
2.985142028714977535e-03 7.728486833816391455e-01
2.970964584212260583e-03 7.738629204989377897e-01
2.956854394699326687e-03 7.748771576162364338e-01
2.942811141491669114e-03 7.758913947335350780e-01
2.928834507403878414e-03 7.769056318508337222e-01
2.914924176759254963e-03 7.779198689681323664e-01
2.901079835371059637e-03 7.789341060854310106e-01
2.887301170543634006e-03 7.799483432027297658e-01
2.873587871057841237e-03 7.809625803200284100e-01
2.859939627170115899e-03 7.819768174373270542e-01
2.846356130600014283e-03 7.829910545546256984e-01
2.832837074531177612e-03 7.840052916719243425e-01
2.819382153596310635e-03 7.850195287892229867e-01
2.805991063874091647e-03 7.860337659065216309e-01
2.792663502882546719e-03 7.870480030238202751e-01
2.779399169568000805e-03 7.880622401411190303e-01
2.766197764311903451e-03 7.890764772584176745e-01
2.753058988902538050e-03 7.900907143757163187e-01
2.739982546542933054e-03 7.911049514930149629e-01
2.726968141845174682e-03 7.921191886103136071e-01
2.714015480816854824e-03 7.931334257276122512e-01
2.701124270857847495e-03 7.941476628449108954e-01
2.688294220751355490e-03 7.951618999622096506e-01
2.675525040663928600e-03 7.961761370795082948e-01
2.662816442127322308e-03 7.971903741968069390e-01
2.650168138043351978e-03 7.982046113141055832e-01
2.637579842672816647e-03 7.992188484314042274e-01
2.625051271629371547e-03 8.002330855487028716e-01
2.612582141869668802e-03 8.012473226660015158e-01
2.600172171696972165e-03 8.022615597833001599e-01
2.587821080738696676e-03 8.032757969005989152e-01
2.575528589958641940e-03 8.042900340178975593e-01
2.563294421636296439e-03 8.053042711351962035e-01
2.551118299364786655e-03 8.063185082524948477e-01
2.538999948053741965e-03 8.073327453697934919e-01
2.526939093903559155e-03 8.083469824870921361e-01
2.514935464420494076e-03 8.093612196043907803e-01
2.502988788397780481e-03 8.103754567216895355e-01
2.491098795912730004e-03 8.113896938389881797e-01
2.479265218317463527e-03 8.124039309562868239e-01
2.467487788240866654e-03 8.134181680735854680e-01
2.455766239570778865e-03 8.144324051908841122e-01
2.444100307464303849e-03 8.154466423081827564e-01
2.432489728327845435e-03 8.164608794254814006e-01
2.420934239810768485e-03 8.174751165427800448e-01
2.409433580813126214e-03 8.184893536600788000e-01
2.397987491465942891e-03 8.195035907773774442e-01
2.386595713131880406e-03 8.205178278946760884e-01
2.375257988399259983e-03 8.215320650119747325e-01
2.363974061071598756e-03 8.225463021292733767e-01
2.352743676168629356e-03 8.235605392465720209e-01
2.341566579916977073e-03 8.245747763638706651e-01
2.330442519745172091e-03 8.255890134811694203e-01
2.319371244271487779e-03 8.266032505984680645e-01
2.308352503316197808e-03 8.276174877157667087e-01
2.297386047875669361e-03 8.286317248330653529e-01
2.286471630124410973e-03 8.296459619503639971e-01
2.275609003412927111e-03 8.306601990676626412e-01
2.264797922260776680e-03 8.316744361849612854e-01
2.254038142348598495e-03 8.326886733022599296e-01
2.243329420515004398e-03 8.337029104195586848e-01
2.232671514746098918e-03 8.347171475368573290e-01
2.222064184177750031e-03 8.357313846541559732e-01
2.211507189082826362e-03 8.367456217714546174e-01
2.201000290875292868e-03 8.377598588887532616e-01
2.190543252092599057e-03 8.387740960060519058e-01
2.180135836397942804e-03 8.397883331233505499e-01
2.169777808574936944e-03 8.408025702406491941e-01
2.159468934521390718e-03 8.418168073579479493e-01
2.149208981243006661e-03 8.428310444752465935e-01
2.138997716848181196e-03 8.438452815925452377e-01
2.128834910542981313e-03 8.448595187098438819e-01
2.118720332625134185e-03 8.458737558271425261e-01
2.108653754484692867e-03 8.468879929444411703e-01
2.098634948587323971e-03 8.479022300617398145e-01
2.088663688484908992e-03 8.489164671790385697e-01
2.078739748793489040e-03 8.499307042963372139e-01
2.068862905200340337e-03 8.509449414136358580e-01
2.059032934453686441e-03 8.519591785309345022e-01
2.049249614358092993e-03 8.529734156482331464e-01
2.039512723775281297e-03 8.539876527655317906e-01
2.029822042604443547e-03 8.550018898828304348e-01
2.020177351800429236e-03 8.560161270001290790e-01
2.010578433342875317e-03 8.570303641174278342e-01
2.001025070247768566e-03 8.580446012347264784e-01
1.991517046561558802e-03 8.590588383520251226e-01
1.982054147352019929e-03 8.600730754693237667e-01
1.972636158701690512e-03 8.610873125866224109e-01
1.963262867709017392e-03 8.621015497039210551e-01
1.953934062481814914e-03 8.631157868212196993e-01
1.944649532128349748e-03 8.641300239385184545e-01
1.935409066755427272e-03 8.651442610558170987e-01
1.926212457468109464e-03 8.661584981731157429e-01
1.917059496352814573e-03 8.671727352904143871e-01
1.907949976491177561e-03 8.681869724077130313e-01
1.898883691935447822e-03 8.692012095250116754e-01
1.889860437716165331e-03 8.702154466423103196e-01
1.880880009837483397e-03 8.712296837596089638e-01
1.871942205264105329e-03 8.722439208769077190e-01
1.863046821927991526e-03 8.732581579942063632e-01
1.854193658715439256e-03 8.742723951115050074e-01
1.845382515462299592e-03 8.752866322288036516e-01
1.836613192957182962e-03 8.763008693461022958e-01
1.827885492929851247e-03 8.773151064634009400e-01
1.819199218048773558e-03 8.783293435806995841e-01
1.810554171916797664e-03 8.793435806979983393e-01
1.801950159069989031e-03 8.803578178152969835e-01
1.793386984962994091e-03 8.813720549325956277e-01
1.784864455982957711e-03 8.823862920498942719e-01
1.776382379419769435e-03 8.834005291671929161e-01
1.767940563490110655e-03 8.844147662844915603e-01
1.759538817309820461e-03 8.854290034017902045e-01
1.751176950899888465e-03 8.864432405190888487e-01
1.742854775185289718e-03 8.874574776363876039e-01
1.734572101982683780e-03 8.884717147536862480e-01
1.726328743998276028e-03 8.894859518709848922e-01
1.718124514833313694e-03 8.905001889882835364e-01
1.709959228961406086e-03 8.915144261055821806e-01
1.701832701745742155e-03 8.925286632228808248e-01
1.693744749412270153e-03 8.935429003401794690e-01
1.685695189065525030e-03 8.945571374574782242e-01
1.677683838674781658e-03 8.955713745747768684e-01
1.669710517071420651e-03 8.965856116920755126e-01
1.661775043943158675e-03 8.975998488093741567e-01
1.653877239831723052e-03 8.986140859266728009e-01
1.646016926130882416e-03 8.996283230439714451e-01
1.638193925078741718e-03 9.006425601612700893e-01
1.630408059756402158e-03 9.016567972785687335e-01
1.622659154081991777e-03 9.026710343958674887e-01
1.614947032808813215e-03 9.036852715131661329e-01
1.607271521519965411e-03 9.046995086304647771e-01
1.599632446621482773e-03 9.057137457477634213e-01
1.592029635346390746e-03 9.067279828650620654e-01
1.584462915741743742e-03 9.077422199823607096e-01
1.576932116675269996e-03 9.087564570996593538e-01
1.569437067817006483e-03 9.097706942169581090e-01
1.561977599650339566e-03 9.107849313342567532e-01
1.554553543459323084e-03 9.117991684515553974e-01
1.547164731324449311e-03 9.128134055688540416e-01
1.539810996126918761e-03 9.138276426861526858e-01
1.532492171536058460e-03 9.148418798034513300e-01
1.525208092008805642e-03 9.158561169207499741e-01
1.517958592787527856e-03 9.168703540380486183e-01
1.510743509895313627e-03 9.178845911553473735e-01
1.503562680130990327e-03 9.188988282726460177e-01
1.496415941065892385e-03 9.199130653899446619e-01
1.489303131042486522e-03 9.209273025072433061e-01
1.482224089167580956e-03 9.219415396245419503e-01
1.475178655313688462e-03 9.229557767418405945e-01
1.468166670102762257e-03 9.239700138591392387e-01
1.461187974920727124e-03 9.249842509764379939e-01
1.454242411904750881e-03 9.259984880937366380e-01
1.447329823930711655e-03 9.270127252110352822e-01
1.440450054629807642e-03 9.280269623283339264e-01
1.433602948367476313e-03 9.290411994456325706e-01
1.426788350248607258e-03 9.300554365629312148e-01
1.420006106108861847e-03 9.310696736802298590e-01
1.413256062518774333e-03 9.320839107975285032e-01
1.406538066774053663e-03 9.330981479148272584e-01
1.399851966890557770e-03 9.341123850321259026e-01
1.393197611607933234e-03 9.351266221494245467e-01
1.386574850382969347e-03 9.361408592667231909e-01
1.379983533379722759e-03 9.371550963840218351e-01
1.373423511479798104e-03 9.381693335013204793e-01
1.366894636266604299e-03 9.391835706186191235e-01
1.360396760027259488e-03 9.401978077359178787e-01
1.353929735746815062e-03 9.412120448532165229e-01
1.347493417112208009e-03 9.422262819705151671e-01
1.341087658500143007e-03 9.432405190878138113e-01
1.334712314974329005e-03 9.442547562051124554e-01
1.328367242290498648e-03 9.452689933224110996e-01
1.322052296884102798e-03 9.462832304397097438e-01
1.315767335871338792e-03 9.472974675570083880e-01
1.309512217046704917e-03 9.483117046743071432e-01
1.303286798877320053e-03 9.493259417916057874e-01
1.297090940501041071e-03 9.503401789089044316e-01
1.290924501723053446e-03 9.513544160262030758e-01
1.284787343011117248e-03 9.523686531435017200e-01
1.278679325497300784e-03 9.533828902608003641e-01
1.272600310970669604e-03 9.543971273780990083e-01
1.266550161872002965e-03 9.554113644953977635e-01
1.260528741296588909e-03 9.564256016126964077e-01
1.254535912988425511e-03 9.574398387299950519e-01
1.248571541337068023e-03 9.584540758472936961e-01
1.242635491371844435e-03 9.594683129645923403e-01
1.236727628764984488e-03 9.604825500818909845e-01
1.230847819822225922e-03 9.614967871991896287e-01
1.224995931486468678e-03 9.625110243164882728e-01
1.219171831326750291e-03 9.635252614337870281e-01
1.213375387542154011e-03 9.645394985510856722e-01
1.207606468956825153e-03 9.655537356683843164e-01
1.201864945012928992e-03 9.665679727856829606e-01
1.196150685774115220e-03 9.675822099029816048e-01
1.190463561920284937e-03 9.685964470202802490e-01
1.184803444740586921e-03 9.696106841375788932e-01
1.179170206137836185e-03 9.706249212548776484e-01
1.173563718618764835e-03 9.716391583721762926e-01
1.167983855298620815e-03 9.726533954894749368e-01
1.162430489886434040e-03 9.736676326067735809e-01
1.156903496695671062e-03 9.746818697240722251e-01
1.151402750632835124e-03 9.756961068413708693e-01
1.145928127198548403e-03 9.767103439586695135e-01
1.140479502484924995e-03 9.777245810759681577e-01
1.135056753163183252e-03 9.787388181932669129e-01
1.129659756499763745e-03 9.797530553105655571e-01
1.124288390334677755e-03 9.807672924278642013e-01
1.118942533089909612e-03 9.817815295451628455e-01
1.113622063762953560e-03 9.827957666624614896e-01
1.108326861925670783e-03 9.838100037797601338e-01
1.103056807720103304e-03 9.848242408970587780e-01
1.097811781853400351e-03 9.858384780143575332e-01
1.092591665602063661e-03 9.868527151316561774e-01
1.087396340802940578e-03 9.878669522489548216e-01
1.082225689854598386e-03 9.888811893662534658e-01
1.077079595707141051e-03 9.898954264835521100e-01
1.071957941874997818e-03 9.909096636008507542e-01
1.066860612417774900e-03 9.919239007181493983e-01
1.061787491943648161e-03 9.929381378354480425e-01
1.056738465611650789e-03 9.939523749527467977e-01
1.051713419122797142e-03 9.949666120700454419e-01
1.046712238719700898e-03 9.959808491873440861e-01
1.041734811185364862e-03 9.969950863046427303e-01
1.036781023838887752e-03 9.980093234219413745e-01
1.031850764530102375e-03 9.990235605392400187e-01
1.026943921645072757e-03 1.000037797656538663e+00
