4.412029482209342213e+00 0.000000000000000000e+00
2.706327923041555450e-01 8.257914975563648841e-03
1.187586452520285746e-01 1.651582995112729768e-02
7.033847260489800579e-02 2.477374492669094999e-02
4.798261319186263030e-02 3.303165990225459536e-02
3.576796986486884683e-02 4.128957487781824420e-02
2.850162360390450303e-02 4.954748985338189304e-02
2.396255897008686686e-02 5.780540482894554882e-02
2.100411864268721465e-02 6.606331980450919072e-02
1.896895690427320702e-02 7.432123478007283957e-02
1.746739058629349917e-02 8.257914975563648841e-02
1.627042922964682184e-02 9.083706473120013725e-02
1.524746707688709457e-02 9.909497970676378609e-02
1.432707059735584786e-02 1.073528946823274488e-01
1.347220133880748169e-02 1.156108096578910976e-01
1.266495690983276273e-02 1.238687246334547465e-01
1.189750120807153526e-02 1.321266396090183814e-01
1.116688678667692933e-02 1.403845545845820442e-01
1.047223694595464383e-02 1.486424695601456791e-01
9.813306567661075203e-03 1.569003845357093418e-01
9.189816942375068562e-03 1.651582995112729768e-01
8.601204368559689159e-03 1.734162144868366395e-01
8.046575109821131611e-03 1.816741294624002745e-01
7.524751778628099158e-03 1.899320444379639372e-01
7.034350560004948641e-03 1.981899594135275722e-01
6.573859657821092342e-03 2.064478743890912349e-01
6.141706308091021693e-03 2.147057893646548976e-01
5.736308625100604817e-03 2.229637043402185603e-01
5.356112766228682612e-03 2.312216193157822508e-01
4.999617674219542646e-03 2.394795342913459135e-01
4.665390107475587619e-03 2.477374492669095762e-01
4.352072513540919223e-03 2.559953642424732667e-01
4.058385872007613977e-03 2.642532792180369294e-01
3.783129197081658377e-03 2.725111941936005922e-01
3.525176949140931305e-03 2.807691091691642549e-01
3.283475240651395621e-03 2.890270241447279176e-01
3.057037466016472669e-03 2.972849391202915803e-01
2.844939751241057097e-03 3.055428540958552985e-01
2.646316475252903991e-03 3.138007690714189613e-01
2.460356014247245659e-03 3.220586840469826240e-01
2.286296786194500288e-03 3.303165990225462867e-01
2.123423610076433966e-03 3.385745139981099494e-01
1.971064398795819520e-03 3.468324289736736121e-01
1.828587152475298020e-03 3.550903439492372748e-01
1.695397237864015990e-03 3.633482589248009931e-01
1.570934914326718029e-03 3.716061739003646558e-01
1.454673089205179562e-03 3.798640888759283185e-01
1.346115269196488827e-03 3.881220038514919812e-01
1.244793680869132890e-03 3.963799188270556439e-01
1.150267543781058549e-03 4.046378338026193067e-01
1.062121479127547605e-03 4.128957487781829694e-01
9.799640304321002512e-04 4.211536637537466876e-01
9.034262896840108623e-04 4.294115787293103503e-01
8.321606159125038071e-04 4.376694937048740131e-01
7.658394354463745257e-04 4.459274086804376758e-01
7.041541176777132982e-04 4.541853236560013385e-01
6.468139164784439052e-04 4.624432386315650012e-01
5.935449782087629010e-04 4.707011536071287194e-01
5.440894022270110174e-04 4.789590685826923822e-01
4.982043566625623610e-04 4.872169835582560449e-01
4.556612432062983622e-04 4.954748985338197076e-01
4.162449082265782217e-04 5.037328135093833703e-01
3.797528958477858381e-04 5.119907284849470885e-01
3.459947427066747743e-04 5.202486434605106957e-01
3.147913102429774419e-04 5.285065584360744140e-01
2.859741520937910493e-04 5.367644734116380212e-01
2.593849174181792755e-04 5.450223883872017394e-01
2.348747841729612268e-04 5.532803033627653466e-01
2.123039241585763831e-04 5.615382183383290648e-01
1.915409950998610180e-04 5.697961333138927831e-01
1.724626628737633562e-04 5.780540482894563903e-01
1.549531458326390066e-04 5.863119632650201085e-01
1.389037864527199045e-04 5.945698782405837157e-01
1.242126447862138244e-04 6.028277932161474340e-01
1.107841138384180370e-04 6.110857081917110412e-01
9.852855634232465581e-05 6.193436231672747594e-01
8.736196085065111151e-05 6.276015381428384776e-01
7.720561639585909487e-05 6.358594531184020848e-01
6.798580534679995676e-05 6.441173680939658031e-01
5.963351260159743637e-05 6.523752830695294103e-01
5.208415080527213083e-05 6.606331980450931285e-01
4.527730123164666230e-05 6.688911130206567357e-01
3.915646758206492060e-05 6.771490279962204539e-01
3.366884512686465954e-05 6.854069429717841722e-01
2.876510111526337559e-05 6.936648579473477794e-01
2.439916831839042264e-05 7.019227729229114976e-01
2.052804951406606905e-05 7.101806878984751048e-01
1.711163324902396384e-05 7.184386028740388230e-01
1.411251963715231258e-05 7.266965178496024302e-01
1.149585640658987455e-05 7.349544328251661485e-01
9.229183502977488044e-06 7.432123478007298667e-01
7.282286901924635093e-06 7.514702627762934739e-01
5.627060790899101913e-06 7.597281777518571921e-01
4.237377315082884984e-06 7.679860927274207993e-01
3.088963856505403124e-06 7.762440077029845176e-01
2.159287329053263027e-06 7.845019226785481248e-01
1.427445087876860213e-06 7.927598376541118430e-01
8.740623569824066557e-07 8.010177526296755612e-01
4.811951791823230240e-07 8.092756676052391684e-01
2.322392904677557462e-07 8.175335825808028867e-01
1.118442419272947118e-07 8.257914975563664939e-01
1.058324696362769340e-07 8.340494125319302121e-01
2.011231905502637523e-07 8.423073275074938193e-01
3.856607387023221898e-07 8.505652424830575375e-01
6.483471387217042580e-07 8.588231574586212558e-01
9.789787024488697565e-07 8.670810724341848630e-01
1.368186384865420163e-06 8.753389874097485812e-01
1.807379716342194909e-06 8.835969023853121884e-01
2.288694128501070050e-06 8.918548173608759067e-01
2.804941355653066440e-06 9.001127323364395139e-01
3.349563040726972645e-06 9.083706473120032321e-01
3.916587043867088591e-06 9.166285622875669503e-01
4.500586296850659942e-06 9.248864772631305575e-01
5.096640471427109161e-06 9.331443922386942758e-01
5.700299773343100224e-06 9.414023072142578830e-01
6.307551218484935933e-06 9.496602221898216012e-01
6.914786783874003612e-06 9.579181371653852084e-01
7.518773683089121683e-06 9.661760521409489266e-01
8.116626457790110719e-06 9.744339671165126449e-01
8.705781075961571073e-06 9.826918820920762521e-01
9.283970140295248649e-06 9.909497970676399703e-01
9.849200465441631931e-06 9.992077120432035775e-01
1.039973128127798775e-05 1.007465627018767185e+00
1.093405457905579717e-05 1.015723541994330903e+00
1.145087626846681660e-05 1.023981456969894621e+00
1.194909879959925131e-05 1.032239371945458339e+00
1.242780481529028670e-05 1.040497286921022058e+00
1.288624197678723007e-05 1.048755201896585554e+00
1.332380898726404379e-05 1.057013116872149272e+00
1.374004198188272129e-05 1.065271031847712990e+00
1.413460274224593109e-05 1.073528946823276708e+00
1.450726686457090621e-05 1.081786861798840427e+00
1.485791320569661770e-05 1.090044776774403923e+00
1.518651422259413550e-05 1.098302691749967641e+00
1.549312628552429677e-05 1.106560606725531359e+00
1.577788175277712482e-05 1.114818521701095078e+00
1.604098069848814540e-05 1.123076436676658574e+00
1.628268353190646803e-05 1.131334351652222292e+00
1.650330451471330518e-05 1.139592266627786010e+00
1.670320512370274815e-05 1.147850181603349728e+00
1.688278867398754581e-05 1.156108096578913447e+00
1.704249448050610915e-05 1.164366011554476943e+00
1.718279328989186783e-05 1.172623926530040661e+00
1.730418272089525735e-05 1.180881841505604379e+00
1.740718284788730439e-05 1.189139756481168098e+00
1.749233257275935508e-05 1.197397671456731816e+00
1.756018613405428033e-05 1.205655586432295312e+00
1.761130971026519343e-05 1.213913501407859030e+00
1.764627858292420226e-05 1.222171416383422748e+00
1.766567453774814479e-05 1.230429331358986467e+00
1.767008318389230866e-05 1.238687246334549963e+00
1.766009206209575021e-05 1.246945161310113681e+00
1.763628823487975247e-05 1.255203076285677399e+00
1.759925699615112133e-05 1.263460991261241118e+00
1.754957970676213774e-05 1.271718906236804836e+00
1.748783273193001923e-05 1.279976821212368332e+00
1.741458580246521765e-05 1.288234736187932050e+00
1.733040111941198290e-05 1.296492651163495768e+00
1.723583229195787709e-05 1.304750566139059487e+00
1.713142322586039645e-05 1.313008481114623205e+00
1.701770743406461951e-05 1.321266396090186701e+00
1.689520757839954099e-05 1.329524311065750419e+00
1.676443440140392091e-05 1.337782226041314138e+00
1.662588666935842978e-05 1.346040141016877856e+00
1.648005057530447441e-05 1.354298055992441352e+00
1.632739926522245449e-05 1.362555970968005070e+00
1.616839283485108273e-05 1.370813885943568788e+00
1.600347791389987678e-05 1.379071800919132507e+00
1.583308758507816615e-05 1.387329715894696225e+00
1.565764122979489148e-05 1.395587630870259721e+00
1.547754451911481348e-05 1.403845545845823439e+00
1.529318950276153323e-05 1.412103460821387158e+00
1.510495441675827325e-05 1.420361375796950876e+00
1.491320392246863393e-05 1.428619290772514594e+00
1.471828923399535644e-05 1.436877205748078090e+00
1.452054807424588587e-05 1.445135120723641808e+00
1.432030494015871074e-05 1.453393035699205527e+00
1.411787118341809476e-05 1.461650950674769245e+00
1.391354551931795617e-05 1.469908865650332741e+00
1.370761385459846384e-05 1.478166780625896459e+00
1.350034965479710635e-05 1.486424695601460177e+00
1.329201427018857606e-05 1.494682610577023896e+00
1.308285710612454833e-05 1.502940525552587614e+00
1.287311592846137526e-05 1.511198440528151110e+00
1.266301706982140058e-05 1.519456355503714828e+00
1.245277592640145776e-05 1.527714270479278547e+00
1.224259687674392998e-05 1.535972185454842265e+00
1.203267387871738049e-05 1.544230100430405983e+00
1.182319071795795005e-05 1.552488015405969479e+00
1.161432117213416669e-05 1.560745930381533197e+00
1.140622941261159561e-05 1.569003845357096916e+00
1.119907031449734360e-05 1.577261760332660634e+00
1.099298967095927121e-05 1.585519675308224130e+00
1.078812450402330447e-05 1.593777590283787848e+00
1.058460353079851252e-05 1.602035505259351567e+00
1.038254706633216097e-05 1.610293420234915285e+00
1.018206780480321677e-05 1.618551335210478781e+00
9.983270712574682468e-06 1.626809250186042499e+00
9.786253450410294422e-06 1.635067165161605995e+00
9.591106695114000254e-06 1.643325080137169714e+00
9.397914267586263297e-06 1.651582995112733432e+00
9.206753692457932941e-06 1.659840910088297150e+00
9.017695924758900976e-06 1.668098825063860868e+00
8.830806332154366570e-06 1.676356740039424364e+00
8.646144235169453765e-06 1.684614655014988083e+00
8.463763599268758425e-06 1.692872569990551801e+00
8.283713037941755535e-06 1.701130484966115519e+00
8.106036273259410355e-06 1.709388399941679015e+00
7.930772246000680867e-06 1.717646314917242734e+00
7.757955149347546008e-06 1.725904229892806452e+00
7.587614901342407719e-06 1.734162144868370170e+00
7.419777280413803810e-06 1.742420059843933888e+00
7.254464093172159277e-06 1.750677974819497384e+00
7.091693267666363826e-06 1.758935889795061103e+00
6.931479385503646332e-06 1.767193804770624821e+00
6.773833445825849008e-06 1.775451719746188539e+00
6.618763279493239507e-06 1.783709634721752257e+00
6.466273691797392364e-06 1.791967549697315754e+00
6.316366590678791377e-06 1.800225464672879472e+00
6.169041193051898943e-06 1.808483379648443190e+00
6.024294115545338452e-06 1.816741294624006908e+00
5.882119547329327942e-06 1.824999209599570404e+00
5.742509416085167397e-06 1.833257124575134123e+00
5.605453482643912305e-06 1.841515039550697841e+00
5.470939570332496610e-06 1.849772954526261559e+00
5.338953492188829374e-06 1.858030869501825277e+00
5.209479457708599145e-06 1.866288784477388774e+00
5.082499923116872628e-06 1.874546699452952492e+00
4.957995842410089901e-06 1.882804614428516210e+00
4.835946783479344123e-06 1.891062529404079928e+00
4.716330909900307351e-06 1.899320444379643646e+00
4.599125290681417450e-06 1.907578359355207143e+00
4.484305742292277471e-06 1.915836274330770861e+00
4.371847097407380780e-06 1.924094189306334579e+00
4.261723256254056389e-06 1.932352104281898297e+00
4.153907253312236778e-06 1.940610019257461794e+00
4.048371262780121797e-06 1.948867934233025512e+00
3.945086857636729706e-06 1.957125849208589230e+00
3.844024937605286457e-06 1.965383764184152948e+00
3.745155727218622345e-06 1.973641679159716666e+00
3.648449082418101857e-06 1.981899594135280163e+00
3.553874345181436553e-06 1.990157509110843881e+00
3.461400520910619491e-06 1.998415424086407599e+00
